113126527,=~=~=~=~=~=~=~=~=~=~=~= KiTTY log 2025.11.03 11:31:26 =~=~=~=~=~=~=~=~=~=~=~=
113126527,POS,0,C6AC,-0.12,0.83,0.88,76,x06
113126533,POS,1,0FAC,0.26,0.06,-0.19,62,x0E
113126626,POS,0,C6AC,-0.11,0.83,0.87,82,x06
113126633,POS,1,0FAC,0.27,0.07,-0.18,67,x0E
113126726,POS,0,C6AC,-0.11,0.83,0.85,83,x06
113126732,POS,1,0FAC,0.27,0.09,-0.18,66,x0E
113126826,POS,0,C6AC,-0.14,0.87,0.95,56,x06
113126832,POS,1,0FAC,0.28,0.08,-0.18,64,x0E
113126927,POS,0,C6AC,-0.15,0.84,0.94,82,x06
113126933,POS,1,0FAC,0.28,0.08,-0.18,64,x0E
113127026,POS,0,C6AC,-0.14,0.84,0.91,83,x06
113127032,POS,1,0FAC,0.28,0.08,-0.18,64,x0E
113127126,POS,0,C6AC,-0.13,0.83,0.92,80,x06
113127131,POS,1,0FAC,0.28,0.09,-0.18,66,x0E
113127226,POS,0,C6AC,-0.13,0.82,0.94,80,x06
113127232,POS,1,0FAC,0.28,0.10,-0.18,65,x0E
113127326,POS,0,C6AC,-0.12,0.81,0.93,83,x06
113127332,POS,1,0FAC,0.29,0.10,-0.19,62,x0E
113127426,POS,0,C6AC,-0.12,0.80,0.94,79,x06
113127432,POS,1,0FAC,0.28,0.09,-0.19,64,x0E
113127527,POS,0,C6AC,-0.12,0.80,0.96,78,x06
113127533,POS,1,0FAC,0.25,0.08,-0.18,66,x0E
113127626,POS,0,C6AC,-0.12,0.82,0.95,77,x06
113127632,POS,1,0FAC,0.27,0.08,-0.17,67,x0E
113127726,POS,0,C6AC,-0.11,0.81,0.96,81,x06
113127757,POS,1,0FAC,0.28,0.08,-0.18,62,x0E
113127827,POS,0,C6AC,-0.11,0.80,0.98,79,x06
113127830,POS,1,0FAC,0.29,0.08,-0.19,62,x0E
113127926,POS,0,C6AC,-0.11,0.80,0.91,85,x06
113127930,POS,1,0FAC,0.29,0.10,-0.18,68,x0E
113128027,POS,0,C6AC,-0.12,0.79,0.94,80,x06
113128030,POS,1,0FAC,0.30,0.10,-0.17,68,x0E
113128126,POS,0,C6AC,-0.12,0.80,0.99,71,x06
113128132,POS,1,0FAC,0.30,0.09,-0.19,61,x0E
113128227,POS,0,C6AC,-0.11,0.80,0.96,82,x06
113128232,POS,1,0FAC,0.29,0.11,-0.17,69,x0E
113128326,POS,0,C6AC,-0.12,0.80,0.94,82,x06
113128330,POS,1,0FAC,0.30,0.10,-0.18,63,x0E
113128426,POS,0,C6AC,-0.12,0.80,0.94,80,x06
113128429,POS,1,0FAC,0.27,0.08,-0.16,69,x0E
113128526,POS,0,C6AC,-0.12,0.80,0.94,81,x06
113128530,POS,1,0FAC,0.28,0.10,-0.16,68,x0E
113128627,POS,0,C6AC,-0.13,0.80,0.95,78,x06
113128630,POS,1,0FAC,0.28,0.10,-0.16,66,x0E
113128726,POS,0,C6AC,-0.12,0.79,0.92,87,x06
113128730,POS,1,0FAC,0.25,0.07,-0.15,66,x0E
113128827,POS,0,C6AC,-0.12,0.80,0.91,80,x06
113128830,POS,1,0FAC,0.26,0.07,-0.16,63,x0E
113128926,POS,0,C6AC,-0.12,0.83,0.97,68,x06
113128931,POS,1,0FAC,0.27,0.06,-0.16,65,x0E
113129027,POS,0,C6AC,-0.11,0.82,0.93,84,x06
113129032,POS,1,0FAC,0.29,0.07,-0.18,61,x0E
113129126,POS,0,C6AC,-0.11,0.81,0.94,80,x06
113129131,POS,1,0FAC,0.28,0.08,-0.19,63,x0E
113129226,POS,0,C6AC,-0.12,0.80,0.93,82,x06
113129230,POS,1,0FAC,0.29,0.08,-0.20,63,x0E
113129327,POS,0,C6AC,-0.12,0.82,0.94,77,x06
113129333,POS,1,0FAC,0.30,0.09,-0.19,66,x0E
113129426,POS,0,C6AC,-0.11,0.81,0.92,84,x06
113129430,POS,1,0FAC,0.29,0.08,-0.18,66,x0E
113129526,POS,0,C6AC,-0.11,0.81,0.89,84,x06
113129530,POS,1,0FAC,0.30,0.08,-0.18,64,x0E
113129625,POS,0,C6AC,-0.11,0.81,0.87,83,x06
113129629,POS,1,0FAC,0.31,0.08,-0.19,63,x0E
113129727,POS,0,C6AC,-0.12,0.84,0.91,71,x06
113129731,POS,1,0FAC,0.29,0.09,-0.19,66,x0E
113129826,POS,0,C6AC,-0.12,0.82,0.90,83,x06
113129830,POS,1,0FAC,0.28,0.08,-0.17,67,x0E
113129926,POS,0,C6AC,-0.12,0.81,0.90,82,x06
113129930,POS,1,0FAC,0.29,0.08,-0.18,64,x0E
113130026,POS,0,C6AC,-0.13,0.80,0.91,81,x06
113130031,POS,1,0FAC,0.30,0.05,-0.19,58,x0E
113130127,POS,0,C6AC,-0.13,0.80,0.92,79,x06
113130131,POS,1,0FAC,0.26,0.05,-0.18,66,x0E
113130226,POS,0,C6AC,-0.12,0.80,0.93,80,x06
113130231,POS,1,0FAC,0.27,0.06,-0.20,61,x0E
113130326,POS,0,C6AC,-0.13,0.80,0.93,80,x06
113130330,POS,1,0FAC,0.28,0.07,-0.19,67,x0E
113130426,POS,0,C6AC,-0.14,0.83,0.98,69,x06
113130430,POS,1,0FAC,0.29,0.11,-0.15,83,x0E
113130526,POS,0,C6AC,-0.13,0.82,0.93,84,x06
113130530,POS,1,0FAC,0.30,0.10,-0.15,66,x0E
113130626,POS,0,C6AC,-0.13,0.81,0.93,81,x06
113130629,POS,1,0FAC,0.26,0.07,-0.16,64,x0E
113130725,POS,0,C6AC,-0.14,0.80,0.99,72,x06
113130740,POS,1,0FAC,0.27,0.09,-0.17,64,x0E
113130826,POS,0,C6AC,-0.13,0.79,0.96,84,x06
113130830,POS,1,0FAC,0.24,0.08,-0.16,67,x0E
113130926,POS,0,C6AC,-0.13,0.79,0.95,81,x06
113130930,POS,1,0FAC,0.26,0.05,-0.18,58,x0E
113131026,POS,0,C6AC,-0.14,0.82,0.97,71,x06
113131030,POS,1,0FAC,0.26,0.07,-0.19,63,x0E
113131126,POS,0,C6AC,-0.14,0.84,1.00,71,x06
113131131,POS,1,0FAC,0.27,0.09,-0.19,66,x0E
113131227,POS,0,C6AC,-0.12,0.83,0.86,84,x06
113131231,POS,1,0FAC,0.28,0.07,-0.18,64,x0E
113131326,POS,0,C6AC,-0.12,0.82,0.90,77,x06
113131330,POS,1,0FAC,0.29,0.07,-0.19,62,x0E
113131426,POS,0,C6AC,-0.11,0.81,0.75,82,x06
113131431,POS,1,0FAC,0.29,0.08,-0.20,62,x0E
113131526,POS,0,C6AC,-0.11,0.81,0.81,79,x06
113131529,POS,1,0FAC,0.28,0.08,-0.19,67,x0E
113131627,POS,0,C6AC,-0.11,0.80,0.83,84,x06
113131631,POS,1,0FAC,0.29,0.08,-0.20,61,x0E
113131726,POS,0,C6AC,-0.10,0.80,0.82,85,x06
113131731,POS,1,0FAC,0.30,0.07,-0.20,61,x0E
113131826,POS,0,C6AC,-0.11,0.79,0.81,84,x06
113131830,POS,1,0FAC,0.30,0.08,-0.21,63,x0E
113131926,POS,0,C6AC,-0.12,0.79,0.84,81,x06
113131931,POS,1,0FAC,0.31,0.07,-0.20,64,x0E
113132025,POS,0,C6AC,-0.12,0.81,0.90,72,x06
113132030,POS,1,0FAC,0.31,0.06,-0.20,61,x0E
113132126,POS,0,C6AC,-0.12,0.81,0.87,83,x06
113132131,POS,1,0FAC,0.31,0.07,-0.20,64,x0E
113132226,POS,0,C6AC,-0.12,0.81,0.88,81,x06
113132230,POS,1,0FAC,0.31,0.08,-0.19,66,x0E
113132326,POS,0,C6AC,-0.12,0.80,0.91,80,x06
113132331,POS,1,0FAC,0.31,0.08,-0.21,60,x0E
113132425,POS,0,C6AC,-0.12,0.79,0.91,82,x06
113132430,POS,1,0FAC,0.31,0.10,-0.19,68,x0E
113132526,POS,0,C6AC,-0.15,0.84,1.00,57,x06
113132529,POS,1,0FAC,0.29,0.09,-0.18,67,x0E
113132626,POS,0,C6AC,-0.14,0.83,0.96,82,x06
113132630,POS,1,0FAC,0.29,0.10,-0.16,71,x0E
113132727,POS,0,C6AC,-0.13,0.82,0.94,83,x06
113132731,POS,1,0FAC,0.28,0.07,-0.16,63,x0E
113132826,POS,0,C6AC,-0.13,0.81,0.96,78,x06
113132830,POS,1,0FAC,0.28,0.06,-0.18,61,x0E
113132927,POS,0,C6AC,-0.13,0.79,1.02,72,x06
113132931,POS,1,0FAC,0.28,0.08,-0.17,68,x0E
113133026,POS,0,C6AC,-0.12,0.80,0.96,83,x06
113133031,POS,1,0FAC,0.29,0.09,-0.18,63,x0E
113133126,POS,0,C6AC,-0.13,0.83,0.99,70,x06
113133131,POS,1,0FAC,0.29,0.09,-0.18,66,x0E
113133226,POS,0,C6AC,-0.13,0.82,1.01,77,x06
113133230,POS,1,0FAC,0.30,0.09,-0.17,66,x0E
113133326,POS,0,C6AC,-0.12,0.81,0.87,84,x06
113133331,POS,1,0FAC,0.30,0.11,-0.16,70,x0E
113133426,POS,0,C6AC,-0.12,0.81,0.90,79,x06
113133429,POS,1,0FAC,0.29,0.11,-0.17,65,x0E
113133526,POS,0,C6AC,-0.11,0.80,0.90,82,x06
113133530,POS,1,0FAC,0.30,0.10,-0.18,61,x0E
113133626,POS,0,C6AC,-0.13,0.82,0.95,71,x06
113133630,POS,1,0FAC,0.28,0.09,-0.17,66,x0E
113133726,POS,0,C6AC,-0.13,0.81,0.95,81,x06
113133731,POS,1,0FAC,0.29,0.08,-0.18,62,x0E
113133827,POS,0,C6AC,-0.13,0.84,0.96,73,x06
113133831,POS,1,0FAC,0.30,0.08,-0.19,63,x0E
113133926,POS,0,C6AC,-0.13,0.84,0.92,82,x06
113133931,POS,1,0FAC,0.30,0.08,-0.19,63,x0E
113134026,POS,0,C6AC,-0.12,0.84,0.92,80,x06
113134031,POS,1,0FAC,0.27,0.07,-0.17,68,x0E
113134126,POS,0,C6AC,-0.12,0.83,0.92,81,x06
113134130,POS,1,0FAC,0.28,0.07,-0.17,65,x0E
113134226,POS,0,C6AC,-0.13,0.86,0.93,72,x06
113134230,POS,1,0FAC,0.27,0.06,-0.17,64,x0E
113134326,POS,0,C6AC,-0.14,0.88,0.96,68,x06
113134330,POS,1,0FAC,0.28,0.05,-0.18,61,x0E
113134425,POS,0,C6AC,-0.13,0.86,0.94,82,x06
113134429,POS,1,0FAC,0.28,0.05,-0.19,61,x0E
113134527,POS,0,C6AC,-0.13,0.84,0.94,80,x06
113134530,POS,1,0FAC,0.27,0.10,-0.21,61,x0E
113134626,POS,0,C6AC,-0.12,0.83,0.93,82,x06
113134630,POS,1,0FAC,0.29,0.09,-0.19,66,x0E
113134726,POS,0,C6AC,-0.12,0.87,0.95,71,x06
113134729,POS,1,0FAC,0.30,0.09,-0.20,62,x0E
113134825,POS,0,C6AC,-0.12,0.86,0.94,81,x06
113134829,POS,1,0FAC,0.27,0.07,-0.18,68,x0E
113134927,POS,0,C6AC,-0.13,0.87,0.98,69,x06
113134931,POS,1,0FAC,0.28,0.06,-0.18,64,x0E
113135026,POS,0,C6AC,-0.13,0.85,0.98,79,x06
113135030,POS,1,0FAC,0.25,0.05,-0.16,69,x0E
113135126,POS,0,C6AC,-0.13,0.87,0.97,75,x06
113135130,POS,1,0FAC,0.27,0.05,-0.18,60,x0E
113135226,POS,0,C6AC,-0.12,0.85,0.93,84,x06
113135229,POS,1,0FAC,0.27,0.08,-0.18,67,x0E
113135327,POS,0,C6AC,-0.13,0.83,0.94,79,x06
113135330,POS,1,0FAC,0.28,0.07,-0.18,63,x0E
113135426,POS,0,C6AC,-0.12,0.82,0.90,85,x06
113135430,POS,1,0FAC,0.27,0.06,-0.17,65,x0E
113135527,POS,0,C6AC,-0.11,0.82,0.90,82,x06
113135530,POS,1,0FAC,0.27,0.07,-0.19,63,x0E
113135626,POS,0,C6AC,-0.11,0.82,0.88,84,x06
113135630,POS,1,0FAC,0.28,0.07,-0.18,65,x0E
113135726,POS,0,C6AC,-0.11,0.80,0.89,83,x06
113135730,POS,1,0FAC,0.29,0.09,-0.18,65,x0E
113135826,POS,0,C6AC,-0.11,0.79,0.91,81,x06
113135830,POS,1,0FAC,0.30,0.07,-0.20,59,x0E
113135926,POS,0,C6AC,-0.10,0.79,0.86,85,x06
113135932,POS,1,0FAC,0.29,0.09,-0.18,69,x0E
113136026,POS,0,C6AC,-0.11,0.79,0.83,86,x06
113136030,POS,1,0FAC,0.29,0.08,-0.19,62,x0E
113136126,POS,0,C6AC,-0.11,0.79,0.85,80,x06
113136130,POS,1,0FAC,0.30,0.07,-0.19,63,x0E
113136227,POS,0,C6AC,-0.10,0.81,0.67,72,x06
113136232,POS,1,0FAC,0.30,0.07,-0.19,64,x0E
113136326,POS,0,C6AC,-0.13,0.81,0.78,72,x06
113136330,POS,1,0FAC,0.30,0.08,-0.19,64,x0E
113136426,POS,0,C6AC,-0.13,0.85,0.81,73,x06
113136431,POS,1,0FAC,0.29,0.09,-0.19,66,x0E
113136526,POS,0,C6AC,-0.14,0.86,0.83,76,x06
113136529,POS,1,0FAC,0.30,0.09,-0.18,66,x0E
113136627,POS,0,C6AC,-0.12,0.83,0.73,87,x06
113136629,POS,1,0FAC,0.30,0.08,-0.19,62,x0E
113136726,POS,0,C6AC,-0.12,0.82,0.78,81,x06
113136730,POS,1,0FAC,0.29,0.08,-0.20,62,x0E
113136827,POS,0,C6AC,-0.12,0.82,0.81,81,x06
113136831,POS,1,0FAC,0.30,0.07,-0.20,63,x0E
113136926,POS,0,C6AC,-0.12,0.83,0.84,77,x06
113136931,POS,1,0FAC,0.31,0.08,-0.19,65,x0E
113137026,POS,0,C6AC,-0.12,0.83,0.84,82,x06
113137031,POS,1,0FAC,0.29,0.06,-0.18,64,x0E
113137126,POS,0,C6AC,-0.12,0.83,0.87,79,x06
113137129,POS,1,0FAC,0.30,0.06,-0.17,66,x0E
113137226,POS,0,C6AC,-0.12,0.82,0.87,82,x06
113137230,POS,1,0FAC,0.29,0.07,-0.18,65,x0E
113137326,POS,0,C6AC,-0.12,0.85,0.89,74,x06
113137330,POS,1,0FAC,0.30,0.08,-0.16,69,x0E
113137426,POS,0,C6AC,-0.13,0.87,0.92,72,x06
113137430,POS,1,0FAC,0.30,0.09,-0.17,64,x0E
113137527,POS,0,C6AC,-0.13,0.85,0.89,84,x06
113137531,POS,1,0FAC,0.29,0.07,-0.17,65,x0E
113137626,POS,0,C6AC,-0.14,0.87,0.92,70,x06
113137630,POS,1,0FAC,0.29,0.08,-0.17,66,x0E
113137727,POS,0,C6AC,-0.13,0.88,0.96,73,x06
113137731,POS,1,0FAC,0.30,0.08,-0.17,64,x0E
113137826,POS,0,C6AC,-0.12,0.86,0.93,83,x06
113137830,POS,1,0FAC,0.29,0.09,-0.18,65,x0E
113137927,POS,0,C6AC,-0.13,0.88,0.96,70,x06
113137931,POS,1,0FAC,0.30,0.08,-0.18,63,x0E
113138026,POS,0,C6AC,-0.13,0.86,0.92,84,x06
113138030,POS,1,0FAC,0.26,0.05,-0.17,64,x0E
113138126,POS,0,C6AC,-0.12,0.85,0.90,82,x06
113138130,POS,1,0FAC,0.23,0.05,-0.16,67,x0E
113138226,POS,0,C6AC,-0.12,0.83,0.92,80,x06
113138230,POS,1,0FAC,0.25,0.06,-0.17,64,x0E
113138326,POS,0,C6AC,-0.11,0.81,0.90,86,x06
113138331,POS,1,0FAC,0.26,0.06,-0.17,64,x0E
113138426,POS,0,C6AC,-0.11,0.80,0.89,84,x06
113138430,POS,1,0FAC,0.27,0.07,-0.17,66,x0E
113138525,POS,0,C6AC,-0.12,0.81,0.92,76,x06
113138530,POS,1,0FAC,0.26,0.05,-0.17,64,x0E
113138627,POS,0,C6AC,-0.13,0.80,0.94,79,x06
113138631,POS,1,0FAC,0.26,0.07,-0.16,68,x0E
113138726,POS,0,C6AC,-0.12,0.79,0.93,82,x06
113138730,POS,1,0FAC,0.26,0.04,-0.15,65,x0E
113138827,POS,0,C6AC,-0.12,0.79,0.92,83,x06
113138830,POS,1,0FAC,0.26,0.06,-0.16,64,x0E
113138926,POS,0,C6AC,-0.11,0.79,0.93,82,x06
113138930,POS,1,0FAC,0.26,0.06,-0.16,67,x0E
113139027,POS,0,C6AC,-0.10,0.79,0.90,84,x06
113139030,POS,1,0FAC,0.25,0.06,-0.16,65,x0E
113139126,POS,0,C6AC,-0.10,0.78,0.93,81,x06
113139130,POS,1,0FAC,0.27,0.05,-0.16,64,x0E
113139226,POS,0,C6AC,-0.11,0.82,0.91,76,x06
113139231,POS,1,0FAC,0.27,0.07,-0.15,70,x0E
113139326,POS,0,C6AC,-0.12,0.82,0.98,70,x06
113139330,POS,1,0FAC,0.23,0.02,-0.13,68,x0E
113139427,POS,0,C6AC,-0.12,0.81,1.02,74,x06
113139429,POS,1,0FAC,0.24,0.03,-0.13,67,x0E
113139526,POS,0,C6AC,-0.12,0.81,1.02,77,x06
113139530,POS,1,0FAC,0.22,0.04,-0.10,74,x0E
113139626,POS,0,C6AC,-0.09,0.83,0.99,80,x06
113139629,POS,1,0FAC,0.17,-0.02,0.23,62,x0E
113139726,POS,0,C6AC,-0.09,0.83,1.00,78,x06
113139731,POS,1,0FAC,0.12,-0.01,0.47,69,x0E
113139825,POS,0,C6AC,-0.08,0.81,0.98,85,x06
113139830,POS,1,0FAC,0.11,-0.08,0.61,66,x0E
113139927,POS,0,C6AC,-0.08,0.79,1.00,80,x06
113139930,POS,1,0FAC,0.09,-0.09,0.74,64,x0E
113140026,POS,0,C6AC,-0.09,0.87,0.84,67,x06
113140030,POS,1,0FAC,0.08,-0.05,0.82,77,x0E
113140126,POS,0,C6AC,-0.06,0.84,0.90,80,x06
113140129,POS,1,0FAC,0.09,-0.13,0.91,62,x0E
113140226,POS,0,C6AC,-0.08,0.92,0.70,69,x06
113140230,POS,1,0FAC,0.07,-0.10,0.97,68,x0E
113140327,POS,0,C6AC,-0.07,0.87,0.76,86,x06
113140330,POS,1,0FAC,0.05,-0.15,1.02,64,x0E
113140426,POS,0,C6AC,-0.06,0.87,0.83,77,x06
113140432,POS,1,0FAC,0.04,-0.11,0.97,80,x0E
113140526,POS,0,C6AC,-0.05,0.86,0.92,71,x06
113140531,POS,1,0FAC,0.03,-0.07,0.96,80,x0E
113140626,POS,0,C6AC,-0.04,0.82,0.99,75,x06
113140629,POS,1,0FAC,0.01,-0.04,0.94,80,x0E
113140726,POS,0,C6AC,-0.02,0.81,0.75,72,x06
113140729,POS,1,0FAC,0.03,-0.05,0.73,78,x0E
113140826,POS,0,C6AC,-0.02,0.80,0.79,84,x06
113140833,POS,1,0FAC,0.06,-0.03,0.57,81,x0E
113140926,POS,0,C6AC,-0.06,0.87,0.90,59,x06
113140930,POS,1,0FAC,0.09,-0.03,0.47,81,x0E
113141027,POS,0,C6AC,-0.09,0.93,0.99,58,x06
113141031,POS,1,0FAC,0.09,-0.00,0.62,77,x0E
113141125,POS,0,C6AC,-0.11,0.97,1.06,57,x06
113141130,POS,1,0FAC,0.09,0.02,0.76,73,x0E
113141226,POS,0,C6AC,-0.13,1.02,1.08,69,x06
113141231,POS,1,0FAC,0.10,0.05,0.85,77,x0E
113141326,POS,0,C6AC,-0.15,1.07,1.06,70,x06
113141330,POS,1,0FAC,0.12,0.04,0.69,86,x0E
113141427,POS,0,C6AC,-0.17,1.07,1.11,56,x06
113141431,POS,1,0FAC,0.12,0.04,0.65,90,x0E
113141526,POS,0,C6AC,-0.13,1.03,1.13,70,x06
113141530,POS,1,0FAC,0.14,0.03,0.53,81,x0E
113141627,POS,0,C6AC,-0.12,0.97,1.14,73,x06
113141631,POS,1,0FAC,0.13,0.03,0.61,84,x0E
113141726,POS,0,C6AC,-0.09,0.93,1.16,73,x06
113141732,POS,1,0FAC,0.13,0.05,0.49,83,x0E
113141826,POS,0,C6AC,-0.08,0.93,1.09,78,x06
113141830,POS,1,0FAC,0.13,0.05,0.64,75,x0E
113141927,POS,0,C6AC,-0.07,0.87,1.09,80,x06
113141930,POS,1,0FAC,0.13,0.06,0.69,86,x0E
113142026,POS,0,C6AC,-0.07,0.87,1.08,75,x06
113142031,POS,1,0FAC,0.13,0.06,0.76,82,x0E
113142126,POS,0,C6AC,-0.09,0.88,1.12,63,x06
113142130,POS,1,0FAC,0.12,0.07,0.84,77,x0E
113142226,POS,0,C6AC,-0.07,0.89,0.88,70,x06
113142230,POS,1,0FAC,0.12,0.08,0.88,82,x0E
113142327,POS,0,C6AC,-0.09,0.94,0.77,70,x06
113142330,POS,1,0FAC,0.13,0.09,0.86,90,x0E
113142426,POS,0,C6AC,-0.10,0.94,0.82,73,x06
113142430,POS,1,0FAC,0.13,0.05,0.88,78,x0E
113142527,POS,0,C6AC,-0.11,0.94,0.83,75,x06
113142531,POS,1,0FAC,0.13,0.04,0.90,80,x0E
113142626,POS,0,C6AC,-0.12,0.93,0.85,76,x06
113142631,POS,1,0FAC,0.13,0.05,0.69,80,x0E
113142727,POS,0,C6AC,-0.15,0.91,0.86,77,x06
113142732,POS,1,0FAC,0.14,0.05,0.56,83,x0E
113142826,POS,0,C6AC,-0.15,0.90,0.86,77,x06
113142829,POS,1,0FAC,0.14,0.08,0.43,82,x0E
113142927,POS,0,C6AC,-0.14,0.94,0.71,67,x06
113142932,POS,1,0FAC,0.14,0.09,0.33,79,x0E
113143026,POS,0,C6AC,-0.17,1.00,0.57,71,x06
113143031,POS,1,0FAC,0.13,0.08,0.53,75,x0E
113143126,POS,0,C6AC,-0.16,1.01,0.51,68,x06
113143130,POS,1,0FAC,0.14,0.06,0.43,82,x0E
113143225,POS,0,C6AC,-0.18,1.05,0.44,70,x06
113143229,POS,1,0FAC,0.13,0.06,0.36,83,x0E
113143325,POS,0,C6AC,-0.18,1.08,0.35,70,x06
113143330,POS,1,0FAC,0.14,0.04,0.31,83,x0E
113143426,POS,0,C6AC,-0.16,1.09,0.37,68,x06
113143430,POS,1,0FAC,0.14,0.05,0.26,81,x0E
113143526,POS,0,C6AC,-0.13,1.05,0.29,67,x06
113143530,POS,1,0FAC,0.15,0.04,0.25,85,x0E
113143626,POS,0,C6AC,-0.13,1.07,0.24,68,x06
113143631,POS,1,0FAC,0.16,0.04,0.24,87,x0E
113143726,POS,0,C6AC,-0.14,1.10,0.25,69,x06
113143729,POS,1,0FAC,0.14,0.05,0.47,74,x0E
113143827,POS,0,C6AC,-0.14,1.07,0.41,73,x06
113143831,POS,1,0FAC,0.15,0.06,0.37,81,x0E
113143925,POS,0,C6AC,-0.13,1.03,0.36,74,x06
113143930,POS,1,0FAC,0.13,0.06,0.56,74,x0E
113144027,POS,0,C6AC,-0.14,1.06,0.32,69,x06
113144032,POS,1,0FAC,0.12,0.11,0.46,86,x0E
113144126,POS,0,C6AC,-0.14,1.04,0.46,73,x06
113144130,POS,1,0FAC,0.11,0.13,0.59,83,x0E
113144226,POS,0,C6AC,-0.14,1.05,0.46,69,x06
113144230,POS,1,0FAC,0.11,0.12,0.72,76,x0E
113144326,POS,0,C6AC,-0.12,1.01,0.39,73,x06
113144330,POS,1,0FAC,0.12,0.09,0.60,86,x0E
113144425,POS,0,C6AC,-0.11,0.98,0.30,68,x06
113144430,POS,1,0FAC,0.11,0.08,0.73,75,x0E
113144526,POS,0,C6AC,-0.10,0.96,0.27,71,x06
113144530,POS,1,0FAC,0.11,0.10,0.82,79,x0E
113144626,POS,0,C6AC,-0.11,0.95,0.40,77,x06
113144630,POS,1,0FAC,0.11,0.08,0.89,74,x0E
113144726,POS,0,C6AC,-0.13,1.01,0.34,70,x06
113144730,POS,1,0FAC,0.11,0.08,0.95,73,x0E
113144826,POS,0,C6AC,-0.14,1.04,0.40,68,x06
113144830,POS,1,0FAC,0.10,0.06,1.00,72,x0E
113144926,POS,0,C6AC,-0.14,1.05,0.56,67,x06
113144930,POS,1,0FAC,0.11,0.06,0.96,85,x0E
113145026,POS,0,C6AC,-0.12,1.06,0.51,69,x06
113145031,POS,1,0FAC,0.11,0.05,0.95,83,x0E
113145126,POS,0,C6AC,-0.09,1.03,0.48,79,x06
113145131,POS,1,0FAC,0.11,0.07,0.96,82,x0E
113145226,POS,0,C6AC,-0.06,0.99,0.46,83,x06
113145229,POS,1,0FAC,0.11,0.06,0.94,83,x0E
113145327,POS,0,C6AC,-0.05,0.94,0.62,77,x06
113145330,POS,1,0FAC,0.11,0.06,0.99,74,x0E
113145426,POS,0,C6AC,-0.02,0.91,0.47,72,x06
113145430,POS,1,0FAC,0.10,0.06,0.96,84,x0E
113145526,POS,0,C6AC,-0.00,0.89,0.38,74,x06
113145530,POS,1,0FAC,0.09,0.12,0.77,90,x0E
113145626,POS,0,C6AC,-0.03,0.94,0.51,69,x06
113145630,POS,1,0FAC,0.10,0.10,0.61,83,x0E
113145726,POS,0,C6AC,-0.02,0.91,0.38,71,x06
113145731,POS,1,0FAC,0.10,0.07,0.72,76,x0E
113145826,POS,0,C6AC,0.02,0.79,0.54,86,x06
113145830,POS,1,0FAC,0.09,0.05,0.80,76,x0E
113145926,POS,0,C6AC,0.05,0.72,0.68,82,x06
113145931,POS,1,0FAC,0.09,0.04,0.87,75,x0E
113146026,POS,0,C6AC,0.07,0.65,0.79,83,x06
113146032,POS,1,0FAC,0.10,0.06,0.92,78,x0E
113146126,POS,0,C6AC,0.09,0.61,0.86,84,x06
113146130,POS,1,0FAC,0.12,0.04,0.72,81,x0E
113146226,POS,0,C6AC,0.08,0.62,0.68,84,x06
113146230,POS,1,0FAC,0.13,0.01,0.85,67,x0E
113146326,POS,0,C6AC,0.10,0.56,0.78,84,x06
113146330,POS,1,0FAC,0.12,0.05,0.93,75,x0E
113146426,POS,0,C6AC,0.03,0.54,0.92,66,x06
113146430,POS,1,0FAC,0.12,0.07,0.92,84,x0E
113146525,POS,0,C6AC,0.01,0.60,0.92,82,x06
113146529,POS,1,0FAC,0.11,0.04,0.93,79,x0E
113146627,POS,0,C6AC,-0.01,0.64,0.91,84,x06
113146631,POS,1,0FAC,0.11,0.05,0.96,79,x0E
113146726,POS,0,C6AC,-0.03,0.71,0.95,73,x06
113146731,POS,1,0FAC,0.11,0.07,0.95,85,x0E
113146826,POS,0,C6AC,-0.05,0.73,0.93,83,x06
113146830,POS,1,0FAC,0.12,0.08,0.98,79,x0E
113146925,POS,0,C6AC,-0.07,0.73,0.95,80,x06
113146930,POS,1,0FAC,0.12,0.07,0.95,86,x0E
113147026,POS,0,C6AC,-0.09,0.77,1.00,68,x06
113147030,POS,1,0FAC,0.11,0.06,0.94,82,x0E
113147126,POS,0,C6AC,-0.08,0.75,0.98,87,x06
113147130,POS,1,0FAC,0.11,0.05,0.95,79,x0E
113147226,POS,0,C6AC,-0.09,0.74,0.98,84,x06
113147231,POS,1,0FAC,0.11,0.06,0.92,87,x0E
113147325,POS,0,C6AC,-0.08,0.73,1.03,76,x06
113147330,POS,1,0FAC,0.12,0.06,0.89,88,x0E
113147426,POS,0,C6AC,-0.08,0.75,1.07,72,x06
113147430,POS,1,0FAC,0.12,0.04,0.95,73,x0E
113147526,POS,0,C6AC,-0.11,0.81,1.05,67,x06
113147529,POS,1,0FAC,0.11,0.03,0.99,72,x0E
113147626,POS,0,C6AC,-0.15,0.87,1.11,52,x06
113147630,POS,1,0FAC,0.11,0.03,1.03,73,x0E
113147727,POS,0,C6AC,-0.13,0.84,1.13,74,x06
113147732,POS,1,0FAC,0.11,0.05,0.99,86,x0E
113147826,POS,0,C6AC,-0.12,0.82,1.07,84,x06
113147831,POS,1,0FAC,0.11,0.04,1.02,74,x0E
113147926,POS,0,C6AC,-0.14,0.85,1.07,67,x06
113147930,POS,1,0FAC,0.11,0.05,0.98,85,x0E
113148026,POS,0,C6AC,-0.13,0.81,1.10,76,x06
113148031,POS,1,0FAC,0.12,0.06,0.81,90,x0E
113148126,POS,0,C6AC,-0.11,0.77,1.10,82,x06
113148131,POS,1,0FAC,0.12,0.06,0.81,87,x0E
113148226,POS,0,C6AC,-0.09,0.72,1.10,81,x06
113148230,POS,1,0FAC,0.13,0.07,0.83,85,x0E
113148326,POS,0,C6AC,-0.09,0.69,1.12,75,x06
113148330,POS,1,0FAC,0.12,0.08,0.83,88,x0E
113148426,POS,0,C6AC,-0.08,0.66,1.12,80,x06
113148430,POS,1,0FAC,0.13,0.07,0.64,79,x0E
113148527,POS,0,C6AC,-0.14,0.73,1.15,59,x06
113148531,POS,1,0FAC,0.13,0.06,0.76,75,x0E
113148626,POS,0,C6AC,-0.13,0.72,1.12,80,x06
113148631,POS,1,0FAC,0.13,0.05,0.59,79,x0E
113148727,POS,0,C6AC,-0.12,0.67,1.08,87,x06
113148731,POS,1,0FAC,0.13,0.07,0.63,90,x0E
113148826,POS,0,C6AC,-0.14,0.68,1.08,76,x06
113148831,POS,1,0FAC,0.13,0.08,0.68,89,x0E
113148926,POS,0,C6AC,-0.10,0.61,1.05,87,x06
113148932,POS,1,0FAC,0.13,0.08,0.71,87,x0E
113149026,POS,0,C6AC,-0.07,0.52,1.09,75,x06
113149029,POS,1,0FAC,0.13,0.09,0.76,86,x0E
113149126,POS,0,C6AC,-0.07,0.47,1.07,81,x06
113149130,POS,1,0FAC,0.14,0.10,0.62,87,x0E
113149226,POS,0,C6AC,-0.11,0.41,1.05,77,x06
113149230,POS,1,0FAC,0.14,0.09,0.72,79,x0E
113149326,POS,0,C6AC,-0.10,0.35,0.79,79,x06
113149331,POS,1,0FAC,0.13,0.10,0.76,87,x0E
113149426,POS,0,C6AC,-0.12,0.37,0.89,72,x06
113149430,POS,1,0FAC,0.12,0.10,0.77,88,x0E
113149526,POS,0,C6AC,-0.12,0.37,0.91,83,x06
113149530,POS,1,0FAC,0.14,0.08,0.62,83,x0E
113149626,POS,0,C6AC,-0.10,0.32,0.76,89,x06
113149630,POS,1,0FAC,0.13,0.07,0.67,85,x0E
113149726,POS,0,C6AC,-0.09,0.32,0.64,92,x06
113149730,POS,1,0FAC,0.13,0.08,0.79,74,x0E
113149826,POS,0,C6AC,-0.11,0.32,0.78,70,x06
113149831,POS,1,0FAC,0.12,0.08,0.67,90,x0E
113149926,POS,0,C6AC,-0.11,0.29,0.80,84,x06
113149930,POS,1,0FAC,0.12,0.08,0.70,88,x0E
113150026,POS,0,C6AC,-0.11,0.23,0.67,83,x06
113150031,POS,1,0FAC,0.12,0.10,0.79,80,x0E
113150125,POS,0,C6AC,-0.12,0.21,0.78,71,x06
113150130,POS,1,0FAC,0.11,0.10,0.80,86,x0E
113150227,POS,0,C6AC,-0.12,0.17,0.68,83,x06
113150231,POS,1,0FAC,0.09,0.07,0.88,71,x0E
113150326,POS,0,C6AC,-0.10,0.12,0.54,77,x06
113150330,POS,1,0FAC,0.09,0.10,0.93,80,x0E
113150426,POS,0,C6AC,-0.11,0.09,0.66,70,x06
113150430,POS,1,0FAC,0.09,0.08,0.98,72,x0E
113150526,POS,0,C6AC,-0.10,0.03,0.79,63,x06
113150530,POS,1,0FAC,0.09,0.06,1.01,73,x0E
113150625,POS,0,C6AC,-0.10,0.04,0.61,78,x06
113150629,POS,1,0FAC,0.09,0.09,1.03,79,x0E
113150726,POS,0,C6AC,-0.09,0.04,0.60,86,x06
113150730,POS,1,0FAC,0.10,0.09,0.97,88,x0E
113150825,POS,0,C6AC,-0.06,-0.00,0.50,77,x06
113150830,POS,1,0FAC,0.09,0.08,1.01,73,x0E
113150926,POS,0,C6AC,-0.06,-0.00,0.57,80,x06
113150931,POS,1,0FAC,0.10,0.07,1.04,74,x0E
113151026,POS,0,C6AC,-0.06,-0.00,0.62,81,x06
113151030,POS,1,0FAC,0.10,0.06,1.06,74,x0E
113151126,POS,0,C6AC,-0.06,0.03,0.67,85,x06
113151131,POS,1,0FAC,0.12,0.05,0.82,80,x0E
113151226,POS,0,C6AC,-0.06,0.02,0.75,73,x06
113151231,POS,1,0FAC,0.12,0.04,0.85,80,x0E
113151326,POS,0,C6AC,-0.06,0.05,0.78,83,x06
113151331,POS,1,0FAC,0.13,0.06,0.92,77,x0E
113151426,POS,0,C6AC,-0.07,0.02,0.84,70,x06
113151429,POS,1,0FAC,0.14,0.01,0.98,68,x0E
113151527,POS,0,C6AC,-0.08,0.05,0.85,82,x06
113151532,POS,1,0FAC,0.15,-0.01,1.00,75,x0E
113151626,POS,0,C6AC,-0.09,0.06,0.87,78,x06
113151630,POS,1,0FAC,0.15,-0.01,1.01,78,x0E
113151726,POS,0,C6AC,-0.10,0.04,0.73,79,x06
113151730,POS,1,0FAC,0.18,-0.00,0.72,65,x0E
113151826,POS,0,C6AC,-0.10,0.08,0.77,84,x06
113151831,POS,1,0FAC,0.22,0.01,0.48,59,x0E
113151925,POS,0,C6AC,-0.11,0.10,0.80,82,x06
113151932,POS,1,0FAC,0.15,-0.02,0.63,66,x0E
113152026,POS,0,C6AC,-0.13,0.10,0.85,73,x06
113152030,POS,1,0FAC,0.16,-0.03,0.77,70,x0E
113152126,POS,0,C6AC,-0.15,0.11,0.86,79,x06
113152131,POS,1,0FAC,0.15,-0.06,0.84,71,x0E
113152226,POS,0,C6AC,-0.15,0.13,0.87,81,x06
113152230,POS,1,0FAC,0.16,-0.12,0.88,69,x0E
113152325,POS,0,C6AC,-0.14,0.11,0.76,83,x06
113152330,POS,1,0FAC,0.17,-0.15,0.88,77,x0E
113152426,POS,0,C6AC,-0.15,0.14,0.79,82,x06
113152430,POS,1,0FAC,0.18,-0.18,0.90,70,x0E
113152526,POS,0,C6AC,-0.15,0.13,0.79,81,x06
113152530,POS,1,0FAC,0.19,-0.22,0.90,72,x0E
113152626,POS,0,C6AC,-0.15,0.15,0.83,80,x06
113152630,POS,1,0FAC,0.19,-0.25,0.89,71,x0E
113152726,POS,0,C6AC,-0.15,0.12,0.84,78,x06
113152730,POS,1,0FAC,0.20,-0.26,0.94,66,x0E
113152827,POS,0,C6AC,-0.16,0.14,0.88,77,x06
113152832,POS,1,0FAC,0.20,-0.30,0.95,65,x0E
113152926,POS,0,C6AC,-0.15,0.12,0.68,78,x06
113152931,POS,1,0FAC,0.20,-0.30,0.77,72,x0E
113153027,POS,0,C6AC,-0.15,0.12,0.53,77,x06
113153030,POS,1,0FAC,0.20,-0.29,0.58,64,x0E
113153126,POS,0,C6AC,-0.16,0.12,0.50,85,x06
113153131,POS,1,0FAC,0.20,-0.29,0.70,68,x0E
113153226,POS,0,C6AC,-0.16,0.10,0.59,76,x06
113153230,POS,1,0FAC,0.21,-0.33,0.76,64,x0E
113153326,POS,0,C6AC,-0.17,0.10,0.70,72,x06
113153331,POS,1,0FAC,0.21,-0.31,0.59,66,x0E
113153426,POS,0,C6AC,-0.17,0.10,0.61,82,x06
113153429,POS,1,0FAC,0.21,-0.37,0.70,63,x0E
113153526,POS,0,C6AC,-0.16,0.11,0.51,84,x06
113153530,POS,1,0FAC,0.20,-0.35,0.81,62,x0E
113153626,POS,0,C6AC,-0.17,0.13,0.62,77,x06
113153629,POS,1,0FAC,0.21,-0.42,0.88,63,x0E
113153726,POS,0,C6AC,-0.17,0.13,0.73,72,x06
113153731,POS,1,0FAC,0.21,-0.41,0.94,61,x0E
113153826,POS,0,C6AC,-0.18,0.14,0.78,80,x06
113153831,POS,1,0FAC,0.20,-0.41,0.99,60,x0E
113153926,POS,0,C6AC,-0.16,0.12,0.61,78,x06
113153931,POS,1,0FAC,0.21,-0.43,1.01,61,x0E
113154025,POS,0,C6AC,-0.15,0.16,0.66,87,x06
113154031,POS,1,0FAC,0.23,-0.49,1.05,64,x0E
113154126,POS,0,C6AC,-0.16,0.12,0.73,73,x06
113154131,POS,1,0FAC,0.25,-0.51,1.07,61,x0E
113154226,POS,0,C6AC,-0.17,0.14,0.80,75,x06
113154230,POS,1,0FAC,0.24,-0.52,1.02,62,x0E
113154326,POS,0,C6AC,-0.18,0.13,0.79,81,x06
113154330,POS,1,0FAC,0.22,-0.48,1.04,61,x0E
113154425,POS,0,C6AC,-0.18,0.15,0.84,77,x06
113154430,POS,1,0FAC,0.22,-0.44,0.78,62,x0E
113154526,POS,0,C6AC,-0.18,0.14,0.89,72,x06
113154530,POS,1,0FAC,0.22,-0.42,0.84,66,x0E
113154626,POS,0,C6AC,-0.18,0.13,0.68,75,x06
113154631,POS,1,0FAC,0.22,-0.40,0.91,62,x0E
113154726,POS,0,C6AC,-0.17,0.14,0.54,82,x06
113154730,POS,1,0FAC,0.20,-0.40,0.91,65,x0E
113154826,POS,0,C6AC,-0.15,0.13,0.47,84,x06
113154832,POS,1,0FAC,0.22,-0.42,0.91,65,x0E
113154926,POS,0,C6AC,-0.15,0.11,0.58,76,x06
113154931,POS,1,0FAC,0.20,-0.41,0.97,61,x0E
113155026,POS,0,C6AC,-0.14,0.10,0.44,76,x06
113155030,POS,1,0FAC,0.20,-0.41,1.01,61,x0E
113155126,POS,0,C6AC,-0.14,0.12,0.37,82,x06
113155131,POS,1,0FAC,0.19,-0.39,1.04,61,x0E
113155226,POS,0,C6AC,-0.16,0.11,0.51,75,x06
113155231,POS,1,0FAC,0.19,-0.38,1.00,71,x0E
113155326,POS,0,C6AC,-0.16,0.11,0.64,73,x06
113155331,POS,1,0FAC,0.20,-0.36,0.97,74,x0E
113155426,POS,0,C6AC,-0.17,0.13,0.74,75,x06
113155430,POS,1,0FAC,0.21,-0.37,1.01,60,x0E
113155525,POS,0,C6AC,-0.18,0.15,0.79,80,x06
113155529,POS,1,0FAC,0.22,-0.39,1.01,62,x0E
113155626,POS,0,C6AC,-0.17,0.14,0.63,81,x06
113155630,POS,1,0FAC,0.22,-0.40,0.96,70,x0E
113155726,POS,0,C6AC,-0.16,0.18,0.68,87,x06
113155731,POS,1,0FAC,0.22,-0.38,0.93,72,x0E
113155827,POS,0,C6AC,-0.15,0.17,0.81,67,x06
113155832,POS,1,0FAC,0.22,-0.35,0.92,76,x0E
113155926,POS,0,C6AC,-0.13,0.15,0.72,89,x06
113155931,POS,1,0FAC,0.22,-0.34,0.98,62,x0E
113156027,POS,0,C6AC,-0.11,0.15,0.68,89,x06
113156031,POS,1,0FAC,0.22,-0.36,0.97,67,x0E
113156126,POS,0,C6AC,-0.12,0.17,0.72,85,x06
113156130,POS,1,0FAC,0.22,-0.35,0.95,72,x0E
113156226,POS,0,C6AC,-0.11,0.19,0.75,85,x06
113156230,POS,1,0FAC,0.22,-0.34,0.99,64,x0E
113156325,POS,0,C6AC,-0.12,0.19,0.76,85,x06
113156332,POS,1,0FAC,0.23,-0.37,1.00,63,x0E
113156426,POS,0,C6AC,-0.13,0.15,0.85,68,x06
113156430,POS,1,0FAC,0.21,-0.37,1.01,62,x0E
113156525,POS,0,C6AC,-0.12,0.13,0.88,76,x06
113156529,POS,1,0FAC,0.20,-0.35,1.04,62,x0E
113156626,POS,0,C6AC,-0.13,0.10,0.92,70,x06
113156640,POS,1,0FAC,0.22,-0.40,1.07,62,x0E
113156726,POS,0,C6AC,-0.14,0.07,0.97,65,x06
113156730,POS,1,0FAC,0.21,-0.42,1.01,64,x0E
113156826,POS,0,C6AC,-0.15,0.08,0.96,77,x06
113156831,POS,1,0FAC,0.21,-0.41,0.99,70,x0E
113156926,POS,0,C6AC,-0.13,0.06,0.73,74,x06
113156931,POS,1,0FAC,0.22,-0.38,1.03,63,x0E
113157026,POS,0,C6AC,-0.12,0.07,0.68,87,x06
113157030,POS,1,0FAC,0.22,-0.40,1.01,63,x0E
113157127,POS,0,C6AC,-0.13,0.07,0.76,74,x06
113157131,POS,1,0FAC,0.22,-0.42,1.02,61,x0E
113157225,POS,0,C6AC,-0.14,0.10,0.80,80,x06
113157230,POS,1,0FAC,0.22,-0.46,1.04,63,x0E
113157326,POS,0,C6AC,-0.15,0.12,0.86,73,x06
113157330,POS,1,0FAC,0.22,-0.42,0.90,77,x0E
113157426,POS,0,C6AC,-0.16,0.14,0.88,80,x06
113157430,POS,1,0FAC,0.24,-0.44,0.80,65,x0E
113157526,POS,0,C6AC,-0.16,0.14,0.69,81,x06
113157530,POS,1,0FAC,0.23,-0.43,0.86,62,x0E
113157626,POS,0,C6AC,-0.15,0.14,0.63,86,x06
113157630,POS,1,0FAC,0.22,-0.39,0.64,63,x0E
113157726,POS,0,C6AC,-0.15,0.13,0.50,79,x06
113157730,POS,1,0FAC,0.22,-0.39,0.69,70,x0E
113157826,POS,0,C6AC,-0.15,0.17,0.62,80,x06
113157831,POS,1,0FAC,0.22,-0.35,0.52,64,x0E
113157926,POS,0,C6AC,-0.16,0.18,0.71,78,x06
113157931,POS,1,0FAC,0.23,-0.39,0.69,62,x0E
113158026,POS,0,C6AC,-0.17,0.17,0.80,72,x06
113158031,POS,1,0FAC,0.24,-0.44,0.81,63,x0E
113158125,POS,0,C6AC,-0.17,0.14,0.80,79,x06
113158129,POS,1,0FAC,0.24,-0.40,0.90,64,x0E
113158226,POS,0,C6AC,-0.16,0.11,0.82,77,x06
113158232,POS,1,0FAC,0.23,-0.41,0.93,61,x0E
113158325,POS,0,C6AC,-0.16,0.11,0.64,80,x06
113158329,POS,1,0FAC,0.22,-0.43,0.93,62,x0E
113158427,POS,0,C6AC,-0.17,0.13,0.73,75,x06
113158431,POS,1,0FAC,0.23,-0.43,0.92,67,x0E
113158526,POS,0,C6AC,-0.18,0.12,0.78,75,x06
113158529,POS,1,0FAC,0.22,-0.40,0.97,63,x0E
113158626,POS,0,C6AC,-0.17,0.11,0.81,77,x06
113158630,POS,1,0FAC,0.22,-0.38,0.85,77,x0E
113158726,POS,0,C6AC,-0.15,0.09,0.71,84,x06
113158730,POS,1,0FAC,0.22,-0.40,0.67,63,x0E
113158827,POS,0,C6AC,-0.14,0.06,0.75,77,x06
113158832,POS,1,0FAC,0.23,-0.39,0.53,63,x0E
113158926,POS,0,C6AC,-0.14,0.05,0.76,79,x06
113158931,POS,1,0FAC,0.22,-0.38,0.69,61,x0E
113159026,POS,0,C6AC,-0.13,0.09,0.77,86,x06
113159031,POS,1,0FAC,0.22,-0.38,0.78,63,x0E
113159126,POS,0,C6AC,-0.14,0.08,0.82,74,x06
113159130,POS,1,0FAC,0.20,-0.40,0.81,64,x0E
113159226,POS,0,C6AC,-0.14,0.11,0.86,79,x06
113159231,POS,1,0FAC,0.20,-0.39,0.84,69,x0E
113159326,POS,0,C6AC,-0.15,0.13,0.92,72,x06
113159330,POS,1,0FAC,0.21,-0.41,0.87,62,x0E
113159426,POS,0,C6AC,-0.15,0.09,0.98,63,x06
113159430,POS,1,0FAC,0.22,-0.38,0.75,76,x0E
113159526,POS,0,C6AC,-0.14,0.07,0.96,78,x06
113159531,POS,1,0FAC,0.22,-0.39,0.83,61,x0E
113159626,POS,0,C6AC,-0.14,0.10,0.96,79,x06
113159629,POS,1,0FAC,0.22,-0.35,0.72,79,x0E
113159725,POS,0,C6AC,-0.13,0.06,1.01,64,x06
113159730,POS,1,0FAC,0.21,-0.34,0.64,76,x0E
113159826,POS,0,C6AC,-0.12,0.06,0.81,83,x06
113159830,POS,1,0FAC,0.21,-0.34,0.75,64,x0E
113159926,POS,0,C6AC,-0.11,0.08,0.84,79,x06
113159931,POS,1,0FAC,0.21,-0.35,0.80,66,x0E
113200025,POS,0,C6AC,-0.12,0.10,0.88,77,x06
113200029,POS,1,0FAC,0.21,-0.37,0.87,61,x0E
113200126,POS,0,C6AC,-0.12,0.07,0.94,68,x06
113200130,POS,1,0FAC,0.21,-0.36,0.86,72,x0E
113200226,POS,0,C6AC,-0.12,0.06,0.98,68,x06
113200229,POS,1,0FAC,0.21,-0.33,0.85,78,x0E
113200326,POS,0,C6AC,-0.12,0.04,1.03,65,x06
113200329,POS,1,0FAC,0.21,-0.31,0.64,64,x0E
113200426,POS,0,C6AC,-0.10,0.07,0.99,84,x06
113200430,POS,1,0FAC,0.21,-0.32,0.75,63,x0E
113200526,POS,0,C6AC,-0.08,0.09,0.99,81,x06
113200530,POS,1,0FAC,0.21,-0.34,0.84,60,x0E
113200625,POS,0,C6AC,-0.06,0.09,0.98,80,x06
113200629,POS,1,0FAC,0.22,-0.33,0.92,64,x0E
113200726,POS,0,C6AC,-0.03,0.07,1.00,75,x06
113200731,POS,1,0FAC,0.22,-0.36,0.91,65,x0E
113200825,POS,0,C6AC,-0.01,0.07,1.00,79,x06
113200829,POS,1,0FAC,0.21,-0.35,0.97,62,x0E
113200926,POS,0,C6AC,0.03,0.11,0.87,96,x06
113200930,POS,1,0FAC,0.21,-0.37,0.97,63,x0E
113201026,POS,0,C6AC,0.02,0.14,0.94,75,x06
113201030,POS,1,0FAC,0.20,-0.36,1.01,62,x0E
113201127,POS,0,C6AC,0.09,0.08,0.77,80,x06
113201131,POS,1,0FAC,0.21,-0.36,1.02,64,x0E
113201226,POS,0,C6AC,0.11,0.05,0.86,72,x06
113201230,POS,1,0FAC,0.22,-0.36,0.97,74,x0E
113201327,POS,0,C6AC,0.15,0.05,0.86,88,x06
113201330,POS,1,0FAC,0.22,-0.39,0.94,65,x0E
113201426,POS,0,C6AC,0.19,0.01,0.92,75,x06
113201429,POS,1,0FAC,0.22,-0.38,0.87,76,x0E
113201526,POS,0,C6AC,0.21,0.05,0.90,91,x06
113201529,POS,1,0FAC,0.23,-0.40,0.90,63,x0E
113201626,POS,0,C6AC,0.25,0.10,0.68,78,x06
113201630,POS,1,0FAC,0.23,-0.37,0.68,64,x0E
113201725,POS,0,C6AC,0.27,0.06,0.79,75,x06
113201730,POS,1,0FAC,0.23,-0.37,0.72,70,x0E
113201826,POS,0,C6AC,0.30,0.05,0.84,84,x06
113201830,POS,1,0FAC,0.24,-0.37,0.83,61,x0E
113201926,POS,0,C6AC,0.32,0.02,0.88,80,x06
113201932,POS,1,0FAC,0.23,-0.37,0.91,60,x0E
113202026,POS,0,C6AC,0.34,0.08,0.67,79,x06
113202030,POS,1,0FAC,0.23,-0.35,0.97,64,x0E
113202126,POS,0,C6AC,0.39,0.05,0.57,79,x06
113202130,POS,1,0FAC,0.22,-0.39,0.97,61,x0E
113202226,POS,0,C6AC,0.40,0.06,0.64,91,x06
113202231,POS,1,0FAC,0.22,-0.37,0.73,63,x0E
113202326,POS,0,C6AC,0.43,0.06,0.51,77,x06
113202329,POS,1,0FAC,0.23,-0.40,0.84,61,x0E
113202426,POS,0,C6AC,0.43,0.08,0.60,91,x06
113202432,POS,1,0FAC,0.23,-0.40,0.90,61,x0E
113202525,POS,0,C6AC,0.43,0.07,0.68,88,x06
113202530,POS,1,0FAC,0.23,-0.40,0.95,62,x0E
113202626,POS,0,C6AC,0.44,0.08,0.59,88,x06
113202632,POS,1,0FAC,0.22,-0.41,0.96,63,x0E
113202725,POS,0,C6AC,0.44,0.09,0.57,92,x06
113202729,POS,1,0FAC,0.21,-0.41,0.96,64,x0E
113202826,POS,0,C6AC,0.45,0.10,0.67,87,x06
113202830,POS,1,0FAC,0.23,-0.45,1.03,63,x0E
113202926,POS,0,C6AC,0.45,0.09,0.79,78,x06
113202930,POS,1,0FAC,0.22,-0.46,0.99,64,x0E
113203027,POS,0,C6AC,0.46,0.09,0.86,83,x06
113203032,POS,1,0FAC,0.22,-0.44,1.02,61,x0E
113203126,POS,0,C6AC,0.46,0.08,0.86,88,x06
113203130,POS,1,0FAC,0.23,-0.44,1.01,64,x0E
113203226,POS,0,C6AC,0.46,0.06,0.86,88,x06
113203230,POS,1,0FAC,0.24,-0.46,0.99,62,x0E
113203326,POS,0,C6AC,0.46,0.06,0.75,89,x06
113203329,POS,1,0FAC,0.24,-0.43,0.84,72,x0E
113203425,POS,0,C6AC,0.45,0.01,0.84,74,x06
113203430,POS,1,0FAC,0.25,-0.43,0.85,68,x0E
113203526,POS,0,C6AC,0.45,0.03,0.86,88,x06
113203530,POS,1,0FAC,0.27,-0.40,0.86,73,x0E
113203626,POS,0,C6AC,0.45,0.02,0.74,87,x06
113203630,POS,1,0FAC,0.29,-0.38,0.64,62,x0E
113203726,POS,0,C6AC,0.44,0.03,0.79,87,x06
113203730,POS,1,0FAC,0.30,-0.35,0.71,74,x0E
113203826,POS,0,C6AC,0.45,0.03,0.69,87,x06
113203829,POS,1,0FAC,0.32,-0.35,0.75,70,x0E
113203926,POS,0,C6AC,0.42,0.00,0.77,80,x06
113203930,POS,1,0FAC,0.35,-0.34,0.68,73,x0E
113204026,POS,0,C6AC,0.43,0.02,0.66,87,x06
113204029,POS,1,0FAC,0.40,-0.31,0.57,70,x0E
113204126,POS,0,C6AC,0.43,0.02,0.68,90,x06
113204130,POS,1,0FAC,0.43,-0.34,0.67,69,x0E
113204225,POS,0,C6AC,0.45,0.03,0.60,87,x06
113204230,POS,1,0FAC,0.46,-0.34,0.48,68,x0E
113204326,POS,0,C6AC,0.45,0.04,0.69,85,x06
113204331,POS,1,0FAC,0.49,-0.37,0.62,68,x0E
113204425,POS,0,C6AC,0.45,0.04,0.77,84,x06
113204430,POS,1,0FAC,0.52,-0.35,0.65,70,x0E
113204525,POS,0,C6AC,0.46,0.03,0.84,80,x06
113204530,POS,1,0FAC,0.54,-0.32,0.68,74,x0E
113204626,POS,0,C6AC,0.47,0.04,0.83,90,x06
113204630,POS,1,0FAC,0.56,-0.30,0.73,71,x0E
113204726,POS,0,C6AC,0.49,0.03,0.70,82,x06
113204731,POS,1,0FAC,0.61,-0.29,0.53,65,x0E
113204825,POS,0,C6AC,0.49,0.05,0.80,82,x06
113204830,POS,1,0FAC,0.66,-0.26,0.44,69,x0E
113204926,POS,0,C6AC,0.50,0.05,0.64,79,x06
113204931,POS,1,0FAC,0.71,-0.23,0.34,63,x0E
113205026,POS,0,C6AC,0.50,0.04,0.76,80,x06
113205030,POS,1,0FAC,0.77,-0.22,0.25,59,x0E
113205126,POS,0,C6AC,0.51,0.04,0.64,83,x06
113205129,POS,1,0FAC,0.75,-0.29,0.42,72,x0E
113205226,POS,0,C6AC,0.51,0.06,0.68,91,x06
113205230,POS,1,0FAC,0.74,-0.33,0.60,64,x0E
113205325,POS,0,C6AC,0.49,0.08,0.75,89,x06
113205329,POS,1,0FAC,0.79,-0.43,0.74,50,x0E
113205425,POS,0,C6AC,0.48,0.09,0.78,90,x06
113205429,POS,1,0FAC,0.76,-0.38,0.65,70,x0E
113205525,POS,0,C6AC,0.49,0.08,0.62,78,x06
113205529,POS,1,0FAC,0.75,-0.37,0.75,71,x0E
113205626,POS,0,C6AC,0.49,0.08,0.72,84,x06
113205630,POS,1,0FAC,0.76,-0.41,0.85,60,x0E
113205726,POS,0,C6AC,0.49,0.06,0.80,82,x06
113205730,POS,1,0FAC,0.78,-0.45,0.92,60,x0E
113205827,POS,0,C6AC,0.48,0.07,0.87,81,x06
113205831,POS,1,0FAC,0.77,-0.40,0.93,70,x0E
113205926,POS,0,C6AC,0.50,0.06,0.69,77,x06
113205930,POS,1,0FAC,0.76,-0.37,0.95,71,x0E
113206027,POS,0,C6AC,0.49,0.07,0.70,92,x06
113206031,POS,1,0FAC,0.76,-0.35,0.96,70,x0E
113206126,POS,0,C6AC,0.49,0.07,0.79,83,x06
113206130,POS,1,0FAC,0.79,-0.32,0.76,71,x0E
113206226,POS,0,C6AC,0.49,0.06,0.85,82,x06
113206230,POS,1,0FAC,0.79,-0.32,0.84,71,x0E
113206326,POS,0,C6AC,0.49,0.05,0.69,80,x06
113206330,POS,1,0FAC,0.79,-0.29,0.74,70,x0E
113206426,POS,0,C6AC,0.49,0.04,0.56,79,x06
113206430,POS,1,0FAC,0.80,-0.26,0.63,69,x0E
113206525,POS,0,C6AC,0.50,0.05,0.50,86,x06
113206529,POS,1,0FAC,0.81,-0.23,0.46,60,x0E
113206625,POS,0,C6AC,0.49,0.05,0.64,82,x06
113206630,POS,1,0FAC,0.81,-0.22,0.36,69,x0E
113206726,POS,0,C6AC,0.49,0.06,0.50,78,x06
113206731,POS,1,0FAC,0.83,-0.21,0.26,59,x0E
113206825,POS,0,C6AC,0.49,0.04,0.45,82,x06
113206830,POS,1,0FAC,0.83,-0.23,0.21,72,x0E
113206926,POS,0,C6AC,0.47,0.01,0.35,82,x06
113206931,POS,1,0FAC,0.85,-0.20,0.15,57,x0E
113207026,POS,0,C6AC,0.47,0.01,0.52,81,x06
113207031,POS,1,0FAC,0.85,-0.19,0.11,60,x0E
113207126,POS,0,C6AC,0.47,0.01,0.46,83,x06
113207130,POS,1,0FAC,0.85,-0.21,0.10,72,x0E
113207225,POS,0,C6AC,0.47,0.03,0.56,91,x06
113207230,POS,1,0FAC,0.86,-0.20,0.07,58,x0E
113207326,POS,0,C6AC,0.46,0.01,0.72,72,x06
113207330,POS,1,0FAC,0.87,-0.21,0.06,67,x0E
113207426,POS,0,C6AC,0.45,0.03,0.74,91,x06
113207430,POS,1,0FAC,0.87,-0.21,0.03,62,x0E
113207526,POS,0,C6AC,0.45,0.04,0.67,91,x06
113207529,POS,1,0FAC,0.86,-0.22,0.02,64,x0E
113207626,POS,0,C6AC,0.46,0.06,0.57,85,x06
113207629,POS,1,0FAC,0.86,-0.22,0.01,67,x0E
113207727,POS,0,C6AC,0.46,0.06,0.69,83,x06
113207731,POS,1,0FAC,0.86,-0.23,-0.00,62,x0E
113207825,POS,0,C6AC,0.45,0.06,0.79,82,x06
113207830,POS,1,0FAC,0.87,-0.24,-0.00,67,x0E
113207925,POS,0,C6AC,0.46,0.06,0.69,87,x06
113207930,POS,1,0FAC,0.88,-0.22,0.03,69,x0E
113208026,POS,0,C6AC,0.47,0.05,0.56,90,x06
113208031,POS,1,0FAC,0.89,-0.23,0.01,61,x0E
113208126,POS,0,C6AC,0.47,0.06,0.65,88,x06
113208131,POS,1,0FAC,0.86,-0.23,0.13,70,x0E
113208225,POS,0,C6AC,0.47,0.06,0.70,89,x06
113208230,POS,1,0FAC,0.84,-0.25,0.37,72,x0E
113208325,POS,0,C6AC,0.47,0.06,0.73,88,x06
113208329,POS,1,0FAC,0.83,-0.24,0.31,70,x0E
113208426,POS,0,C6AC,0.48,0.08,0.76,91,x06
113208430,POS,1,0FAC,0.83,-0.27,0.48,73,x0E
113208526,POS,0,C6AC,0.47,0.07,0.77,90,x06
113208530,POS,1,0FAC,0.82,-0.27,0.59,71,x0E
113208626,POS,0,C6AC,0.48,0.06,0.63,81,x06
113208630,POS,1,0FAC,0.82,-0.26,0.70,71,x0E
113208726,POS,0,C6AC,0.48,0.06,0.72,86,x06
113208731,POS,1,0FAC,0.81,-0.27,0.79,72,x0E
113208826,POS,0,C6AC,0.48,0.04,0.59,79,x06
113208830,POS,1,0FAC,0.80,-0.27,0.68,70,x0E
113208926,POS,0,C6AC,0.49,0.03,0.49,78,x06
113208931,POS,1,0FAC,0.79,-0.27,0.73,70,x0E
113209026,POS,0,C6AC,0.49,0.03,0.65,79,x06
113209031,POS,1,0FAC,0.78,-0.26,0.64,68,x0E
113209126,POS,0,C6AC,0.49,0.05,0.73,87,x06
113209130,POS,1,0FAC,0.77,-0.28,0.72,71,x0E
113209226,POS,0,C6AC,0.50,0.06,0.74,90,x06
113209231,POS,1,0FAC,0.76,-0.27,0.78,69,x0E
113209326,POS,0,C6AC,0.50,0.07,0.78,89,x06
113209330,POS,1,0FAC,0.75,-0.28,0.85,71,x0E
113209426,POS,0,C6AC,0.51,0.05,0.81,85,x06
113209430,POS,1,0FAC,0.75,-0.27,0.88,70,x0E
113209526,POS,0,C6AC,0.51,0.06,0.83,88,x06
113209531,POS,1,0FAC,0.74,-0.28,0.91,71,x0E
113209625,POS,0,C6AC,0.51,0.07,0.83,90,x06
113209629,POS,1,0FAC,0.74,-0.28,0.91,70,x0E
113209726,POS,0,C6AC,0.51,0.07,0.68,82,x06
113209730,POS,1,0FAC,0.76,-0.24,0.72,69,x0E
113209826,POS,0,C6AC,0.50,0.08,0.72,91,x06
113209829,POS,1,0FAC,0.76,-0.23,0.80,70,x0E
113209925,POS,0,C6AC,0.50,0.10,0.79,88,x06
113209929,POS,1,0FAC,0.78,-0.23,0.86,70,x0E
113210026,POS,0,C6AC,0.50,0.10,0.80,91,x06
113210030,POS,1,0FAC,0.78,-0.24,0.71,70,x0E
113210126,POS,0,C6AC,0.48,0.07,0.85,82,x06
113210131,POS,1,0FAC,0.78,-0.25,0.77,71,x0E
113210226,POS,0,C6AC,0.49,0.10,0.84,92,x06
113210230,POS,1,0FAC,0.77,-0.25,0.83,70,x0E
113210326,POS,0,C6AC,0.48,0.11,0.83,93,x06
113210330,POS,1,0FAC,0.78,-0.25,0.87,71,x0E
113210426,POS,0,C6AC,0.49,0.11,0.72,90,x06
113210429,POS,1,0FAC,0.79,-0.22,0.92,67,x0E
113210526,POS,0,C6AC,0.49,0.11,0.73,92,x06
113210529,POS,1,0FAC,0.82,-0.18,0.69,58,x0E
113210625,POS,0,C6AC,0.48,0.11,0.78,89,x06
113210629,POS,1,0FAC,0.82,-0.20,0.77,71,x0E
113210726,POS,0,C6AC,0.48,0.10,0.82,86,x06
113210730,POS,1,0FAC,0.83,-0.17,0.57,57,x0E
113210826,POS,0,C6AC,0.47,0.11,0.89,82,x06
113210830,POS,1,0FAC,0.85,-0.16,0.43,59,x0E
113210927,POS,0,C6AC,0.47,0.09,0.78,88,x06
113210931,POS,1,0FAC,0.86,-0.15,0.37,70,x0E
113211026,POS,0,C6AC,0.47,0.09,0.68,89,x06
113211032,POS,1,0FAC,0.87,-0.15,0.33,70,x0E
113211126,POS,0,C6AC,0.47,0.09,0.62,90,x06
113211131,POS,1,0FAC,0.87,-0.14,0.24,56,x0E
113211225,POS,0,C6AC,0.47,0.07,0.68,87,x06
113211230,POS,1,0FAC,0.86,-0.14,0.25,69,x0E
113211325,POS,0,C6AC,0.46,0.07,0.73,89,x06
113211329,POS,1,0FAC,0.86,-0.14,0.28,70,x0E
113211426,POS,0,C6AC,0.46,0.07,0.65,89,x06
113211432,POS,1,0FAC,0.86,-0.15,0.20,61,x0E
113211525,POS,0,C6AC,0.46,0.06,0.70,88,x06
113211529,POS,1,0FAC,0.87,-0.14,0.15,59,x0E
113211626,POS,0,C6AC,0.45,0.06,0.76,87,x06
113211641,POS,1,0FAC,0.88,-0.12,0.14,64,x0E
113211726,POS,0,C6AC,0.46,0.06,0.68,89,x06
113211730,POS,1,0FAC,0.86,-0.17,0.35,72,x0E
113211826,POS,0,C6AC,0.46,0.07,0.59,88,x06
113211832,POS,1,0FAC,0.85,-0.16,0.30,70,x0E
113211925,POS,0,C6AC,0.47,0.06,0.46,75,x06
113211930,POS,1,0FAC,0.86,-0.17,0.24,66,x0E
113212026,POS,0,C6AC,0.46,0.08,0.56,91,x06
113212031,POS,1,0FAC,0.87,-0.19,0.21,72,x0E
113212126,POS,0,C6AC,0.45,0.08,0.54,92,x06
113212129,POS,1,0FAC,0.86,-0.18,0.23,70,x0E
113212226,POS,0,C6AC,0.45,0.10,0.69,80,x06
113212230,POS,1,0FAC,0.88,-0.14,0.18,59,x0E
113212326,POS,0,C6AC,0.46,0.08,0.55,78,x06
113212330,POS,1,0FAC,0.88,-0.15,0.14,65,x0E
113212426,POS,0,C6AC,0.46,0.08,0.64,89,x06
113212430,POS,1,0FAC,0.88,-0.14,0.13,63,x0E
113212525,POS,0,C6AC,0.45,0.10,0.71,90,x06
113212529,POS,1,0FAC,0.88,-0.14,0.09,60,x0E
113212626,POS,0,C6AC,0.44,0.13,0.53,76,x06
113212629,POS,1,0FAC,0.88,-0.14,0.13,70,x0E
113212726,POS,0,C6AC,0.43,0.13,0.68,79,x06
113212730,POS,1,0FAC,0.88,-0.15,0.17,70,x0E
113212825,POS,0,C6AC,0.46,0.10,0.55,76,x06
113212829,POS,1,0FAC,0.88,-0.15,0.13,63,x0E
113212925,POS,0,C6AC,0.46,0.08,0.43,76,x06
113212929,POS,1,0FAC,0.88,-0.14,0.10,59,x0E
113213026,POS,0,C6AC,0.46,0.09,0.34,77,x06
113213031,POS,1,0FAC,0.88,-0.13,0.08,60,x0E
113213126,POS,0,C6AC,0.47,0.07,0.30,81,x06
113213130,POS,1,0FAC,0.88,-0.12,0.06,58,x0E
113213226,POS,0,C6AC,0.46,0.09,0.45,92,x06
113213230,POS,1,0FAC,0.89,-0.11,0.03,57,x0E
113213326,POS,0,C6AC,0.45,0.13,0.34,78,x06
113213330,POS,1,0FAC,0.88,-0.10,0.04,62,x0E
113213425,POS,0,C6AC,0.47,0.10,0.29,77,x06
113213429,POS,1,0FAC,0.87,-0.11,0.08,70,x0E
113213526,POS,0,C6AC,0.44,0.13,0.43,93,x06
113213531,POS,1,0FAC,0.87,-0.12,0.05,57,x0E
113213625,POS,0,C6AC,0.42,0.11,0.62,75,x06
113213629,POS,1,0FAC,0.88,-0.13,0.07,69,x0E
113213726,POS,0,C6AC,0.40,0.13,0.60,96,x06
113213730,POS,1,0FAC,0.88,-0.13,0.04,57,x0E
113213825,POS,0,C6AC,0.40,0.16,0.50,88,x06
113213831,POS,1,0FAC,0.86,-0.15,0.05,70,x0E
113213926,POS,0,C6AC,0.40,0.16,0.60,91,x06
113213931,POS,1,0FAC,0.86,-0.14,0.04,60,x0E
113214026,POS,0,C6AC,0.38,0.17,0.68,89,x06
113214029,POS,1,0FAC,0.86,-0.13,0.04,62,x0E
113214125,POS,0,C6AC,0.39,0.18,0.60,93,x06
113214130,POS,1,0FAC,0.84,-0.14,0.31,65,x0E
113214225,POS,0,C6AC,0.39,0.20,0.55,95,x06
113214230,POS,1,0FAC,0.83,-0.16,0.50,67,x0E
113214326,POS,0,C6AC,0.39,0.21,0.47,89,x06
113214330,POS,1,0FAC,0.84,-0.16,0.38,62,x0E
113214426,POS,0,C6AC,0.37,0.22,0.62,84,x06
113214430,POS,1,0FAC,0.84,-0.15,0.28,62,x0E
113214526,POS,0,C6AC,0.36,0.23,0.73,83,x06
113214530,POS,1,0FAC,0.84,-0.18,0.21,65,x0E
113214625,POS,0,C6AC,0.34,0.28,0.81,86,x06
113214630,POS,1,0FAC,0.85,-0.17,0.21,70,x0E
113214726,POS,0,C6AC,0.35,0.30,0.60,78,x06
113214730,POS,1,0FAC,0.85,-0.17,0.22,69,x0E
113214826,POS,0,C6AC,0.35,0.33,0.46,81,x06
113214830,POS,1,0FAC,0.85,-0.16,0.17,61,x0E
113214926,POS,0,C6AC,0.34,0.37,0.47,98,x06
113214930,POS,1,0FAC,0.85,-0.16,0.12,62,x0E
113215026,POS,0,C6AC,0.32,0.38,0.40,90,x06
113215030,POS,1,0FAC,0.85,-0.18,0.07,74,x0E
113215126,POS,0,C6AC,0.33,0.40,0.33,86,x06
113215130,POS,1,0FAC,0.85,-0.18,0.17,70,x0E
113215225,POS,0,C6AC,0.32,0.42,0.53,81,x06
113215229,POS,1,0FAC,0.85,-0.15,0.14,64,x0E
113215326,POS,0,C6AC,0.36,0.44,0.63,91,x06
113215330,POS,1,0FAC,0.85,-0.16,0.16,70,x0E
113215425,POS,0,C6AC,0.36,0.44,0.59,98,x06
113215428,POS,1,0FAC,0.85,-0.16,0.20,70,x0E
113215525,POS,0,C6AC,0.37,0.47,0.67,90,x06
113215528,POS,1,0FAC,0.85,-0.17,0.23,70,x0E
113215626,POS,0,C6AC,0.41,0.47,0.81,77,x06
113215629,POS,1,0FAC,0.84,-0.18,0.28,70,x0E
113215725,POS,0,C6AC,0.39,0.54,0.90,76,x06
113215729,POS,1,0FAC,0.84,-0.18,0.21,60,x0E
113215826,POS,0,C6AC,0.41,0.59,0.90,86,x06
113215830,POS,1,0FAC,0.84,-0.15,0.18,66,x0E
113215925,POS,0,C6AC,0.40,0.66,0.70,79,x06
113215930,POS,1,0FAC,0.82,-0.17,0.39,69,x0E
113216026,POS,0,C6AC,0.42,0.60,0.83,76,x06
113216030,POS,1,0FAC,0.82,-0.17,0.43,72,x0E
113216125,POS,0,C6AC,0.38,0.55,0.87,89,x06
113216130,POS,1,0FAC,0.81,-0.17,0.59,65,x0E
113216225,POS,0,C6AC,0.34,0.54,0.65,79,x06
113216231,POS,1,0FAC,0.83,-0.16,0.44,58,x0E
113216325,POS,0,C6AC,0.31,0.53,0.48,77,x06
113216328,POS,1,0FAC,0.83,-0.15,0.32,59,x0E
113216426,POS,0,C6AC,0.31,0.53,0.62,86,x06
113216430,POS,1,0FAC,0.86,-0.14,0.22,54,x0E
113216525,POS,0,C6AC,0.31,0.53,0.49,84,x06
113216530,POS,1,0FAC,0.88,-0.12,0.18,61,x0E
113216626,POS,0,C6AC,0.31,0.50,0.39,85,x06
113216630,POS,1,0FAC,0.88,-0.09,0.12,60,x0E
113216726,POS,0,C6AC,0.31,0.49,0.39,96,x06
113216730,POS,1,0FAC,0.88,-0.05,0.08,60,x0E
113216826,POS,0,C6AC,0.30,0.45,0.57,83,x06
113216831,POS,1,0FAC,0.87,-0.03,0.33,74,x0E
113216926,POS,0,C6AC,0.30,0.43,0.47,88,x06
113216930,POS,1,0FAC,0.83,-0.04,0.47,77,x0E
113217026,POS,0,C6AC,0.30,0.41,0.43,94,x06
113217031,POS,1,0FAC,0.81,-0.04,0.61,75,x0E
113217126,POS,0,C6AC,0.29,0.40,0.52,95,x06
113217130,POS,1,0FAC,0.80,-0.04,0.55,75,x0E
113217226,POS,0,C6AC,0.30,0.39,0.40,82,x06
113217231,POS,1,0FAC,0.79,-0.06,0.72,65,x0E
113217326,POS,0,C6AC,0.30,0.39,0.48,97,x06
113217329,POS,1,0FAC,0.76,-0.02,0.75,86,x0E
113217426,POS,0,C6AC,0.32,0.38,0.40,87,x06
113217430,POS,1,0FAC,0.75,0.01,0.64,82,x0E
113217526,POS,0,C6AC,0.32,0.38,0.54,90,x06
113217531,POS,1,0FAC,0.75,0.03,0.59,85,x0E
113217625,POS,0,C6AC,0.32,0.36,0.66,86,x06
113217630,POS,1,0FAC,0.74,0.05,0.52,82,x0E
113217726,POS,0,C6AC,0.33,0.35,0.53,85,x06
113217731,POS,1,0FAC,0.74,0.07,0.44,95,x0E
113217825,POS,0,C6AC,0.34,0.35,0.44,88,x06
113217831,POS,1,0FAC,0.74,0.10,0.42,86,x0E
113217925,POS,0,C6AC,0.32,0.33,0.56,90,x06
113217930,POS,1,0FAC,0.72,0.13,0.53,90,x0E
113218026,POS,0,C6AC,0.33,0.34,0.69,83,x06
113218030,POS,1,0FAC,0.72,0.14,0.52,89,x0E
113218126,POS,0,C6AC,0.32,0.32,0.75,90,x06
113218130,POS,1,0FAC,0.72,0.14,0.65,83,x0E
113218225,POS,0,C6AC,0.32,0.33,0.81,88,x06
113218229,POS,1,0FAC,0.72,0.16,0.70,90,x0E
113218325,POS,0,C6AC,0.33,0.33,0.90,81,x06
113218329,POS,1,0FAC,0.73,0.16,0.63,85,x0E
113218425,POS,0,C6AC,0.34,0.32,0.69,81,x06
113218429,POS,1,0FAC,0.73,0.16,0.71,86,x0E
113218526,POS,0,C6AC,0.34,0.33,0.77,86,x06
113218529,POS,1,0FAC,0.73,0.17,0.78,85,x0E
113218625,POS,0,C6AC,0.34,0.31,0.86,81,x06
113218629,POS,1,0FAC,0.74,0.16,0.85,81,x0E
113218726,POS,0,C6AC,0.35,0.35,0.69,88,x06
113218729,POS,1,0FAC,0.73,0.17,0.88,88,x0E
113218825,POS,0,C6AC,0.35,0.35,0.54,85,x06
113218830,POS,1,0FAC,0.73,0.16,0.92,82,x0E
113218926,POS,0,C6AC,0.34,0.35,0.66,87,x06
113218931,POS,1,0FAC,0.73,0.16,0.73,78,x0E
113219026,POS,0,C6AC,0.35,0.35,0.54,87,x06
113219030,POS,1,0FAC,0.73,0.17,0.80,85,x0E
113219126,POS,0,C6AC,0.35,0.34,0.48,94,x06
113219129,POS,1,0FAC,0.74,0.16,0.66,80,x0E
113219225,POS,0,C6AC,0.35,0.35,0.64,82,x06
113219229,POS,1,0FAC,0.75,0.10,0.78,67,x0E
113219327,POS,0,C6AC,0.34,0.36,0.74,87,x06
113219329,POS,1,0FAC,0.74,0.10,0.78,87,x0E
113219426,POS,0,C6AC,0.35,0.35,0.60,88,x06
113219429,POS,1,0FAC,0.74,0.11,0.82,86,x0E
113219525,POS,0,C6AC,0.36,0.36,0.46,81,x06
113219530,POS,1,0FAC,0.71,0.11,0.89,78,x0E
113219626,POS,0,C6AC,0.35,0.36,0.59,88,x06
113219630,POS,1,0FAC,0.69,0.10,0.96,77,x0E
113219725,POS,0,C6AC,0.35,0.36,0.48,86,x06
113219729,POS,1,0FAC,0.68,0.08,1.00,77,x0E
113219826,POS,0,C6AC,0.36,0.37,0.39,85,x06
113219829,POS,1,0FAC,0.67,0.06,1.04,72,x0E
113219925,POS,0,C6AC,0.35,0.36,0.55,87,x06
113219930,POS,1,0FAC,0.67,0.05,1.04,79,x0E
113220025,POS,0,C6AC,0.36,0.37,0.45,88,x06
113220030,POS,1,0FAC,0.66,0.05,1.05,79,x0E
113220125,POS,0,C6AC,0.37,0.37,0.36,82,x06
113220129,POS,1,0FAC,0.68,0.05,1.06,77,x0E
113220226,POS,0,C6AC,0.37,0.35,0.29,84,x06
113220230,POS,1,0FAC,0.72,-0.06,1.12,58,x0E
113220325,POS,0,C6AC,0.36,0.36,0.46,89,x06
113220329,POS,1,0FAC,0.72,-0.05,1.14,69,x0E
113220426,POS,0,C6AC,0.36,0.36,0.55,96,x06
113220429,POS,1,0FAC,0.74,-0.06,1.18,60,x0E
113220525,POS,0,C6AC,0.35,0.35,0.65,88,x06
113220529,POS,1,0FAC,0.72,-0.06,1.19,69,x0E
113220626,POS,0,C6AC,0.36,0.36,0.52,85,x06
113220630,POS,1,0FAC,0.70,-0.04,1.16,78,x0E
113220726,POS,0,C6AC,0.37,0.36,0.51,98,x06
113220729,POS,1,0FAC,0.69,-0.02,1.14,79,x0E
113220826,POS,0,C6AC,0.36,0.34,0.64,87,x06
113220829,POS,1,0FAC,0.70,-0.04,1.17,63,x0E
113220925,POS,0,C6AC,0.35,0.32,0.73,88,x06
113220930,POS,1,0FAC,0.70,-0.05,1.10,77,x0E
113221025,POS,0,C6AC,0.35,0.33,0.82,83,x06
113221029,POS,1,0FAC,0.71,-0.06,1.11,69,x0E
113221126,POS,0,C6AC,0.36,0.35,0.65,85,x06
113221129,POS,1,0FAC,0.70,-0.01,1.03,90,x0E
113221225,POS,0,C6AC,0.35,0.36,0.75,85,x06
113221229,POS,1,0FAC,0.70,0.03,1.02,84,x0E
113221325,POS,0,C6AC,0.36,0.38,0.56,78,x06
113221330,POS,1,0FAC,0.70,0.02,1.05,74,x0E
113221425,POS,0,C6AC,0.36,0.37,0.69,83,x06
113221429,POS,1,0FAC,0.70,0.04,1.08,76,x0E
113221526,POS,0,C6AC,0.36,0.38,0.53,81,x06
113221531,POS,1,0FAC,0.69,0.01,1.09,70,x0E
113221625,POS,0,C6AC,0.37,0.37,0.51,97,x06
113221630,POS,1,0FAC,0.69,0.04,1.05,87,x0E
113221726,POS,0,C6AC,0.37,0.37,0.47,95,x06
113221732,POS,1,0FAC,0.69,0.06,1.02,84,x0E
113221826,POS,0,C6AC,0.37,0.37,0.43,93,x06
113221830,POS,1,0FAC,0.70,0.08,1.04,80,x0E
113221926,POS,0,C6AC,0.36,0.38,0.57,89,x06
113221931,POS,1,0FAC,0.71,0.09,1.04,82,x0E
113222026,POS,0,C6AC,0.37,0.36,0.50,92,x06
113222031,POS,1,0FAC,0.71,0.11,1.04,84,x0E
113222126,POS,0,C6AC,0.37,0.36,0.39,83,x06
113222130,POS,1,0FAC,0.72,0.12,0.86,85,x0E
113222225,POS,0,C6AC,0.37,0.35,0.38,94,x06
113222229,POS,1,0FAC,0.72,0.16,0.87,91,x0E
113222326,POS,0,C6AC,0.36,0.34,0.35,92,x06
113222329,POS,1,0FAC,0.72,0.16,0.87,88,x0E
113222426,POS,0,C6AC,0.35,0.34,0.48,93,x06
113222432,POS,1,0FAC,0.72,0.16,0.90,84,x0E
113222526,POS,0,C6AC,0.35,0.34,0.57,93,x06
113222542,POS,1,0FAC,0.72,0.14,0.97,75,x0E
113222626,POS,0,C6AC,0.34,0.35,0.71,82,x06
113222630,POS,1,0FAC,0.72,0.15,0.99,83,x0E
113222725,POS,0,C6AC,0.34,0.36,0.82,82,x06
113222729,POS,1,0FAC,0.74,0.15,0.83,84,x0E
113222826,POS,0,C6AC,0.34,0.36,0.64,84,x06
113222830,POS,1,0FAC,0.73,0.17,0.74,91,x0E
113222925,POS,0,C6AC,0.34,0.37,0.70,92,x06
113222930,POS,1,0FAC,0.73,0.20,0.57,77,x0E
113223026,POS,0,C6AC,0.35,0.37,0.62,95,x06
113223030,POS,1,0FAC,0.73,0.19,0.54,88,x0E
113223126,POS,0,C6AC,0.35,0.37,0.74,82,x06
113223130,POS,1,0FAC,0.74,0.19,0.51,88,x0E
113223226,POS,0,C6AC,0.36,0.37,0.74,97,x06
113223228,POS,1,0FAC,0.74,0.16,0.67,75,x0E
113223325,POS,0,C6AC,0.36,0.34,0.83,82,x06
113223329,POS,1,0FAC,0.74,0.18,0.70,92,x0E
113223426,POS,0,C6AC,0.36,0.34,0.74,97,x06
113223430,POS,1,0FAC,0.74,0.18,0.76,87,x0E
113223526,POS,0,C6AC,0.38,0.37,0.60,88,x06
113223530,POS,1,0FAC,0.74,0.16,0.84,78,x0E
113223626,POS,0,C6AC,0.38,0.38,0.59,99,x06
113223630,POS,1,0FAC,0.73,0.15,0.87,85,x0E
113223726,POS,0,C6AC,0.38,0.39,0.72,83,x06
113223730,POS,1,0FAC,0.75,0.15,0.76,86,x0E
113223826,POS,0,C6AC,0.38,0.39,0.76,93,x06
113223832,POS,1,0FAC,0.75,0.17,0.82,86,x0E
113223925,POS,0,C6AC,0.38,0.40,0.61,88,x06
113223929,POS,1,0FAC,0.75,0.18,0.74,90,x0E
113224026,POS,0,C6AC,0.38,0.40,0.74,82,x06
113224031,POS,1,0FAC,0.75,0.18,0.70,89,x0E
113224126,POS,0,C6AC,0.39,0.38,0.65,95,x06
113224130,POS,1,0FAC,0.76,0.19,0.61,87,x0E
113224225,POS,0,C6AC,0.38,0.39,0.75,86,x06
113224229,POS,1,0FAC,0.75,0.20,0.65,91,x0E
113224326,POS,0,C6AC,0.38,0.38,0.80,89,x06
113224330,POS,1,0FAC,0.75,0.20,0.71,88,x0E
113224425,POS,0,C6AC,0.38,0.39,0.62,82,x06
113224428,POS,1,0FAC,0.75,0.21,0.82,80,x0E
113224526,POS,0,C6AC,0.37,0.42,0.57,97,x06
113224531,POS,1,0FAC,0.76,0.20,0.70,86,x0E
113224626,POS,0,C6AC,0.37,0.40,0.44,81,x06
113224629,POS,1,0FAC,0.76,0.20,0.78,84,x0E
113224726,POS,0,C6AC,0.37,0.42,0.36,87,x06
113224730,POS,1,0FAC,0.77,0.20,0.69,88,x0E
113224825,POS,0,C6AC,0.36,0.43,0.41,99,x06
113224828,POS,1,0FAC,0.77,0.21,0.62,87,x0E
113224926,POS,0,C6AC,0.37,0.44,0.31,81,x06
113224930,POS,1,0FAC,0.77,0.20,0.53,82,x0E
113225025,POS,0,C6AC,0.37,0.40,0.22,75,x06
113225030,POS,1,0FAC,0.77,0.20,0.58,91,x0E
113225125,POS,0,C6AC,0.36,0.40,0.26,96,x06
113225131,POS,1,0FAC,0.77,0.20,0.52,85,x0E
113225226,POS,0,C6AC,0.36,0.40,0.28,94,x06
113225230,POS,1,0FAC,0.76,0.22,0.60,92,x0E
113225326,POS,0,C6AC,0.35,0.38,0.30,95,x06
113225330,POS,1,0FAC,0.77,0.22,0.53,86,x0E
113225426,POS,0,C6AC,0.35,0.35,0.20,74,x06
113225429,POS,1,0FAC,0.77,0.23,0.59,93,x0E
113225526,POS,0,C6AC,0.36,0.38,0.19,87,x06
113225530,POS,1,0FAC,0.76,0.22,0.68,87,x0E
113225626,POS,0,C6AC,0.37,0.40,0.16,83,x06
113225629,POS,1,0FAC,0.75,0.23,0.62,91,x0E
113225726,POS,0,C6AC,0.36,0.43,0.40,82,x06
113225730,POS,1,0FAC,0.75,0.22,0.57,88,x0E
113225826,POS,0,C6AC,0.35,0.50,0.60,77,x06
113225830,POS,1,0FAC,0.75,0.22,0.64,91,x0E
113225926,POS,0,C6AC,0.36,0.46,0.74,80,x06
113225930,POS,1,0FAC,0.75,0.20,0.57,84,x0E
113226026,POS,0,C6AC,0.37,0.45,0.85,79,x06
113226029,POS,1,0FAC,0.74,0.20,0.66,87,x0E
113226125,POS,0,C6AC,0.37,0.42,0.95,76,x06
113226129,POS,1,0FAC,0.74,0.20,0.61,89,x0E
113226225,POS,0,C6AC,0.31,0.49,1.01,76,x06
113226229,POS,1,0FAC,0.73,0.19,0.70,87,x0E
113226326,POS,0,C6AC,0.32,0.43,1.04,81,x06
113226330,POS,1,0FAC,0.74,0.19,0.64,89,x0E
113226426,POS,0,C6AC,0.29,0.42,1.02,90,x06
113226429,POS,1,0FAC,0.73,0.19,0.71,88,x0E
113226525,POS,0,C6AC,0.23,0.50,1.06,77,x06
113226529,POS,1,0FAC,0.73,0.20,0.72,92,x0E
113226626,POS,0,C6AC,0.17,0.54,1.10,74,x06
113226631,POS,1,0FAC,0.73,0.19,0.77,85,x0E
113226725,POS,0,C6AC,0.11,0.58,1.13,75,x06
113226730,POS,1,0FAC,0.73,0.18,0.81,87,x0E
113226826,POS,0,C6AC,0.06,0.63,1.14,73,x06
113226832,POS,1,0FAC,0.74,0.20,0.73,90,x0E
113226926,POS,0,C6AC,0.01,0.68,1.09,79,x06
113226930,POS,1,0FAC,0.74,0.17,0.80,81,x0E
113227026,POS,0,C6AC,-0.01,0.61,1.07,85,x06
113227030,POS,1,0FAC,0.74,0.18,0.82,89,x0E
113227125,POS,0,C6AC,0.01,0.55,0.94,97,x06
113227131,POS,1,0FAC,0.74,0.19,0.82,90,x0E
113227226,POS,0,C6AC,-0.01,0.51,0.96,84,x06
113227229,POS,1,0FAC,0.73,0.17,0.83,86,x0E
113227325,POS,0,C6AC,-0.06,0.56,1.01,73,x06
113227329,POS,1,0FAC,0.75,0.17,0.74,87,x0E
113227426,POS,0,C6AC,-0.03,0.51,0.99,88,x06
113227429,POS,1,0FAC,0.74,0.16,0.80,83,x0E
113227525,POS,0,C6AC,-0.05,0.48,1.00,82,x06
113227530,POS,1,0FAC,0.73,0.15,0.82,87,x0E
113227626,POS,0,C6AC,-0.08,0.54,1.05,72,x06
113227631,POS,1,0FAC,0.74,0.14,0.89,79,x0E
113227726,POS,0,C6AC,-0.08,0.50,1.04,83,x06
113227729,POS,1,0FAC,0.74,0.15,0.77,88,x0E
113227826,POS,0,C6AC,-0.09,0.47,1.03,84,x06
113227831,POS,1,0FAC,0.74,0.16,0.80,88,x0E
113227926,POS,0,C6AC,-0.10,0.52,1.07,75,x06
113227930,POS,1,0FAC,0.74,0.15,0.82,86,x0E
113228026,POS,0,C6AC,-0.12,0.56,1.08,76,x06
113228030,POS,1,0FAC,0.74,0.16,0.86,86,x0E
113228126,POS,0,C6AC,-0.14,0.60,1.07,78,x06
113228129,POS,1,0FAC,0.74,0.15,0.90,82,x0E
113228225,POS,0,C6AC,-0.11,0.54,1.11,73,x06
113228229,POS,1,0FAC,0.73,0.13,0.91,83,x0E
113228325,POS,0,C6AC,-0.08,0.51,1.05,91,x06
113228329,POS,1,0FAC,0.74,0.09,0.97,69,x0E
113228425,POS,0,C6AC,-0.07,0.47,1.08,76,x06
113228429,POS,1,0FAC,0.73,0.08,0.86,86,x0E
113228526,POS,0,C6AC,-0.12,0.56,1.12,62,x06
113228530,POS,1,0FAC,0.71,0.08,0.88,83,x0E
113228625,POS,0,C6AC,-0.11,0.52,1.07,86,x06
113228629,POS,1,0FAC,0.72,0.09,0.75,85,x0E
113228726,POS,0,C6AC,-0.08,0.48,1.02,90,x06
113228730,POS,1,0FAC,0.70,0.09,0.82,83,x0E
113228825,POS,0,C6AC,-0.12,0.52,1.04,75,x06
113228830,POS,1,0FAC,0.70,0.13,0.69,88,x0E
113228926,POS,0,C6AC,-0.09,0.48,1.01,89,x06
113228931,POS,1,0FAC,0.68,0.13,0.75,88,x0E
113229026,POS,0,C6AC,-0.11,0.45,1.02,78,x06
113229030,POS,1,0FAC,0.66,0.16,0.77,92,x0E
113229126,POS,0,C6AC,-0.11,0.48,0.99,89,x06
113229130,POS,1,0FAC,0.65,0.18,0.82,90,x0E
113229225,POS,0,C6AC,-0.09,0.45,0.97,88,x06
113229230,POS,1,0FAC,0.63,0.16,0.88,83,x0E
113229326,POS,0,C6AC,-0.13,0.49,1.02,74,x06
113229330,POS,1,0FAC,0.61,0.13,0.71,80,x0E
113229425,POS,0,C6AC,-0.10,0.46,1.02,84,x06
113229429,POS,1,0FAC,0.59,0.12,0.81,81,x0E
113229525,POS,0,C6AC,-0.09,0.43,1.01,85,x06
113229529,POS,1,0FAC,0.56,0.05,0.90,70,x0E
113229626,POS,0,C6AC,-0.10,0.49,1.04,78,x06
113229631,POS,1,0FAC,0.54,0.09,0.87,94,x0E
113229725,POS,0,C6AC,-0.08,0.46,1.02,86,x06
113229729,POS,1,0FAC,0.52,0.08,0.85,90,x0E
113229826,POS,0,C6AC,-0.12,0.51,1.04,76,x06
113229831,POS,1,0FAC,0.50,0.10,0.66,80,x0E
113229925,POS,0,C6AC,-0.14,0.45,0.83,86,x06
113229930,POS,1,0FAC,0.47,0.09,0.76,83,x0E
113230026,POS,0,C6AC,-0.13,0.43,0.88,81,x06
113230030,POS,1,0FAC,0.46,0.10,0.58,77,x0E
113230125,POS,0,C6AC,-0.11,0.40,0.96,73,x06
113230131,POS,1,0FAC,0.43,0.11,0.45,81,x0E
113230226,POS,0,C6AC,-0.10,0.39,0.98,82,x06
113230230,POS,1,0FAC,0.40,0.12,0.35,79,x0E
113230325,POS,0,C6AC,-0.13,0.48,0.99,78,x06
113230329,POS,1,0FAC,0.37,0.11,0.57,74,x0E
113230426,POS,0,C6AC,-0.11,0.44,1.04,73,x06
113230430,POS,1,0FAC,0.33,0.08,0.70,76,x0E
113230525,POS,0,C6AC,-0.12,0.50,1.04,78,x06
113230530,POS,1,0FAC,0.31,0.06,0.78,80,x0E
113230626,POS,0,C6AC,-0.15,0.56,1.03,79,x06
113230630,POS,1,0FAC,0.30,0.05,0.84,81,x0E
113230726,POS,0,C6AC,-0.17,0.58,1.07,73,x06
113230729,POS,1,0FAC,0.27,0.06,0.90,78,x0E
113230826,POS,0,C6AC,-0.16,0.52,1.06,80,x06
113230830,POS,1,0FAC,0.27,0.08,0.96,80,x0E
113230926,POS,0,C6AC,-0.15,0.48,1.06,80,x06
113230930,POS,1,0FAC,0.27,0.10,1.01,78,x0E
113231026,POS,0,C6AC,-0.17,0.53,1.06,77,x06
113231031,POS,1,0FAC,0.28,0.12,0.77,81,x0E
113231125,POS,0,C6AC,-0.16,0.53,1.02,89,x06
113231129,POS,1,0FAC,0.29,0.13,0.84,85,x0E
113231225,POS,0,C6AC,-0.16,0.52,1.04,78,x06
113231228,POS,1,0FAC,0.29,0.11,0.85,87,x0E
113231326,POS,0,C6AC,-0.16,0.47,1.06,76,x06
113231329,POS,1,0FAC,0.29,0.07,0.90,79,x0E
113231424,POS,0,C6AC,-0.15,0.45,1.09,73,x06
113231429,POS,1,0FAC,0.28,0.08,0.97,75,x0E
113231525,POS,0,C6AC,-0.12,0.42,1.07,84,x06
113231531,POS,1,0FAC,0.30,0.07,0.75,79,x0E
113231625,POS,0,C6AC,-0.13,0.42,1.08,76,x06
113231629,POS,1,0FAC,0.30,0.11,0.58,82,x0E
113231726,POS,0,C6AC,-0.12,0.40,1.11,74,x06
113231731,POS,1,0FAC,0.29,0.11,0.71,80,x0E
113231825,POS,0,C6AC,-0.13,0.39,1.12,75,x06
113231830,POS,1,0FAC,0.30,0.10,0.56,80,x0E
113231926,POS,0,C6AC,-0.14,0.39,1.12,77,x06
113231932,POS,1,0FAC,0.30,0.08,0.64,87,x0E
113232025,POS,0,C6AC,-0.13,0.43,1.08,86,x06
113232029,POS,1,0FAC,0.28,0.10,0.75,81,x0E
113232126,POS,0,C6AC,-0.13,0.43,1.10,76,x06
113232130,POS,1,0FAC,0.28,0.08,0.84,77,x0E
113232225,POS,0,C6AC,-0.13,0.46,1.09,81,x06
113232229,POS,1,0FAC,0.29,0.08,0.91,78,x0E
113232326,POS,0,C6AC,-0.13,0.45,1.08,82,x06
113232330,POS,1,0FAC,0.30,0.07,0.89,91,x0E
113232426,POS,0,C6AC,-0.13,0.45,1.10,75,x06
113232429,POS,1,0FAC,0.30,0.11,0.69,82,x0E
113232526,POS,0,C6AC,-0.12,0.46,1.09,83,x06
113232531,POS,1,0FAC,0.31,0.11,0.73,91,x0E
113232626,POS,0,C6AC,-0.13,0.48,1.09,79,x06
113232631,POS,1,0FAC,0.31,0.10,0.79,85,x0E
113232725,POS,0,C6AC,-0.13,0.52,1.09,80,x06
113232730,POS,1,0FAC,0.31,0.09,0.88,76,x0E
113232826,POS,0,C6AC,-0.15,0.51,1.10,77,x06
113232829,POS,1,0FAC,0.32,0.08,0.96,75,x0E
113232925,POS,0,C6AC,-0.14,0.50,1.08,84,x06
113232930,POS,1,0FAC,0.31,0.06,0.99,77,x0E
113233026,POS,0,C6AC,-0.14,0.54,1.07,80,x06
113233031,POS,1,0FAC,0.32,0.07,0.96,91,x0E
113233125,POS,0,C6AC,-0.16,0.52,1.10,73,x06
113233130,POS,1,0FAC,0.33,0.09,0.92,92,x0E
113233226,POS,0,C6AC,-0.17,0.53,1.11,75,x06
113233229,POS,1,0FAC,0.32,0.07,0.93,85,x0E
113233325,POS,0,C6AC,-0.17,0.52,1.12,76,x06
113233329,POS,1,0FAC,0.32,0.07,0.90,90,x0E
113233426,POS,0,C6AC,-0.18,0.51,1.13,75,x06
113233430,POS,1,0FAC,0.31,0.07,0.98,73,x0E
113233524,POS,0,C6AC,-0.17,0.50,1.13,77,x06
113233530,POS,1,0FAC,0.30,0.07,0.98,84,x0E
113233626,POS,0,C6AC,-0.18,0.49,1.11,81,x06
113233629,POS,1,0FAC,0.31,0.11,1.01,82,x0E
113233725,POS,0,C6AC,-0.14,0.48,1.06,89,x06
113233730,POS,1,0FAC,0.31,0.09,1.01,82,x0E
113233826,POS,0,C6AC,-0.17,0.54,1.04,77,x06
113233830,POS,1,0FAC,0.32,0.06,0.82,83,x0E
113233925,POS,0,C6AC,-0.13,0.50,1.03,85,x06
113233929,POS,1,0FAC,0.32,0.04,0.86,83,x0E
113234026,POS,0,C6AC,-0.10,0.48,0.90,98,x06
113234030,POS,1,0FAC,0.33,0.02,0.70,81,x0E
113234125,POS,0,C6AC,-0.08,0.46,0.97,74,x06
113234130,POS,1,0FAC,0.33,0.02,0.74,87,x0E
113234226,POS,0,C6AC,-0.06,0.45,0.94,92,x06
113234230,POS,1,0FAC,0.34,0.02,0.62,84,x0E
113234327,POS,0,C6AC,-0.04,0.43,0.99,79,x06
113234331,POS,1,0FAC,0.33,0.02,0.52,83,x0E
113234426,POS,0,C6AC,-0.01,0.41,0.85,97,x06
113234431,POS,1,0FAC,0.34,0.01,0.42,79,x0E
113234525,POS,0,C6AC,-0.07,0.48,0.93,73,x06
113234529,POS,1,0FAC,0.33,0.02,0.53,89,x0E
113234626,POS,0,C6AC,-0.08,0.51,0.97,80,x06
113234630,POS,1,0FAC,0.33,0.04,0.66,83,x0E
113234725,POS,0,C6AC,-0.11,0.53,1.02,76,x06
113234729,POS,1,0FAC,0.32,0.07,0.69,93,x0E
113234825,POS,0,C6AC,-0.13,0.50,1.03,79,x06
113234829,POS,1,0FAC,0.32,0.07,0.79,80,x0E
113234925,POS,0,C6AC,-0.13,0.48,1.05,78,x06
113234931,POS,1,0FAC,0.32,0.07,0.86,81,x0E
113235026,POS,0,C6AC,-0.11,0.47,1.03,85,x06
113235030,POS,1,0FAC,0.30,0.07,0.90,83,x0E
113235126,POS,0,C6AC,-0.11,0.47,1.04,80,x06
113235129,POS,1,0FAC,0.30,0.06,0.93,81,x0E
113235226,POS,0,C6AC,-0.11,0.47,1.06,80,x06
113235230,POS,1,0FAC,0.30,0.04,0.95,81,x0E
113235326,POS,0,C6AC,-0.10,0.51,1.04,85,x06
113235330,POS,1,0FAC,0.29,0.05,0.98,81,x0E
113235426,POS,0,C6AC,-0.10,0.50,1.04,84,x06
113235430,POS,1,0FAC,0.29,0.04,0.97,84,x0E
113235525,POS,0,C6AC,-0.10,0.55,1.05,77,x06
113235530,POS,1,0FAC,0.30,0.02,0.99,79,x0E
113235626,POS,0,C6AC,-0.10,0.53,1.05,84,x06
113235631,POS,1,0FAC,0.29,0.03,1.03,77,x0E
113235726,POS,0,C6AC,-0.07,0.51,1.07,80,x06
113235729,POS,1,0FAC,0.30,0.06,0.79,81,x0E
113235825,POS,0,C6AC,-0.07,0.50,1.06,83,x06
113235829,POS,1,0FAC,0.31,0.07,0.59,76,x0E
113235926,POS,0,C6AC,-0.07,0.48,1.06,81,x06
113235930,POS,1,0FAC,0.31,0.08,0.47,81,x0E
113236025,POS,0,C6AC,-0.08,0.47,1.06,81,x06
113236030,POS,1,0FAC,0.31,0.06,0.37,77,x0E
113236126,POS,0,C6AC,-0.09,0.47,1.06,81,x06
113236130,POS,1,0FAC,0.32,0.03,0.54,79,x0E
113236225,POS,0,C6AC,-0.09,0.46,1.06,81,x06
113236230,POS,1,0FAC,0.31,0.02,0.67,79,x0E
113236326,POS,0,C6AC,-0.07,0.45,1.09,78,x06
113236329,POS,1,0FAC,0.30,0.03,0.77,80,x0E
113236425,POS,0,C6AC,-0.07,0.45,1.10,78,x06
113236428,POS,1,0FAC,0.30,0.02,0.81,85,x0E
113236526,POS,0,C6AC,-0.07,0.44,1.11,77,x06
113236530,POS,1,0FAC,0.31,0.04,0.64,82,x0E
113236625,POS,0,C6AC,-0.06,0.43,1.13,75,x06
113236631,POS,1,0FAC,0.29,0.04,0.74,82,x0E
113236726,POS,0,C6AC,-0.07,0.43,1.13,78,x06
113236731,POS,1,0FAC,0.30,0.03,0.82,79,x0E
113236825,POS,0,C6AC,-0.09,0.45,1.15,74,x06
113236829,POS,1,0FAC,0.31,0.06,0.63,80,x0E
113236926,POS,0,C6AC,-0.08,0.45,1.08,90,x06
113236930,POS,1,0FAC,0.30,0.05,0.72,82,x0E
113237026,POS,0,C6AC,-0.07,0.43,1.12,72,x06
113237030,POS,1,0FAC,0.31,0.07,0.65,93,x0E
113237125,POS,0,C6AC,-0.05,0.43,0.97,98,x06
113237132,POS,1,0FAC,0.30,0.10,0.50,80,x0E
113237225,POS,0,C6AC,-0.05,0.48,0.97,87,x06
113237229,POS,1,0FAC,0.31,0.10,0.46,91,x0E
113237326,POS,0,C6AC,-0.06,0.47,1.03,74,x06
113237329,POS,1,0FAC,0.30,0.09,0.54,91,x0E
113237425,POS,0,C6AC,-0.07,0.48,1.07,75,x06
113237429,POS,1,0FAC,0.29,0.09,0.63,88,x0E
113237526,POS,0,C6AC,-0.07,0.47,1.09,77,x06
113237541,POS,1,0FAC,0.30,0.09,0.66,93,x0E
113237625,POS,0,C6AC,-0.07,0.50,1.09,81,x06
113237629,POS,1,0FAC,0.30,0.09,0.76,82,x0E
113237726,POS,0,C6AC,-0.04,0.48,0.84,84,x06
113237730,POS,1,0FAC,0.30,0.09,0.77,91,x0E
113237825,POS,0,C6AC,-0.06,0.46,0.92,75,x06
113237829,POS,1,0FAC,0.31,0.11,0.59,79,x0E
113237925,POS,0,C6AC,-0.06,0.45,0.99,75,x06
113237930,POS,1,0FAC,0.30,0.12,0.72,80,x0E
113238026,POS,0,C6AC,-0.07,0.44,1.03,77,x06
113238030,POS,1,0FAC,0.30,0.10,0.80,80,x0E
113238125,POS,0,C6AC,-0.08,0.42,1.05,77,x06
113238129,POS,1,0FAC,0.31,0.12,0.60,76,x0E
113238225,POS,0,C6AC,-0.09,0.50,1.08,74,x06
113238229,POS,1,0FAC,0.31,0.10,0.73,77,x0E
113238325,POS,0,C6AC,-0.12,0.60,1.12,62,x06
113238328,POS,1,0FAC,0.31,0.10,0.77,89,x0E
113238425,POS,0,C6AC,-0.13,0.59,1.09,85,x06
113238429,POS,1,0FAC,0.32,0.09,0.79,90,x0E
113238525,POS,0,C6AC,-0.08,0.56,0.94,98,x06
113238528,POS,1,0FAC,0.33,0.12,0.60,78,x0E
113238626,POS,0,C6AC,-0.07,0.52,1.01,74,x06
113238630,POS,1,0FAC,0.33,0.10,0.68,87,x0E
113238726,POS,0,C6AC,-0.08,0.51,1.04,77,x06
113238730,POS,1,0FAC,0.34,0.10,0.54,81,x0E
113238826,POS,0,C6AC,-0.10,0.52,1.08,73,x06
113238830,POS,1,0FAC,0.33,0.08,0.69,76,x0E
113238925,POS,0,C6AC,-0.08,0.49,1.02,91,x06
113238932,POS,1,0FAC,0.34,0.09,0.71,94,x0E
113239025,POS,0,C6AC,-0.11,0.55,1.08,69,x06
113239030,POS,1,0FAC,0.33,0.07,0.82,75,x0E
113239125,POS,0,C6AC,-0.06,0.56,0.81,86,x06
113239130,POS,1,0FAC,0.33,0.09,0.83,91,x0E
113239225,POS,0,C6AC,-0.06,0.57,0.84,89,x06
113239230,POS,1,0FAC,0.33,0.10,0.83,92,x0E
113239325,POS,0,C6AC,-0.08,0.53,0.90,79,x06
113239329,POS,1,0FAC,0.33,0.10,0.79,94,x0E
113239426,POS,0,C6AC,-0.10,0.52,0.93,83,x06
113239430,POS,1,0FAC,0.33,0.10,0.80,91,x0E
113239525,POS,0,C6AC,-0.10,0.53,0.96,82,x06
113239529,POS,1,0FAC,0.33,0.09,0.82,88,x0E
113239625,POS,0,C6AC,-0.11,0.50,0.96,85,x06
113239630,POS,1,0FAC,0.33,0.10,0.82,92,x0E
113239726,POS,0,C6AC,-0.11,0.48,1.00,77,x06
113239729,POS,1,0FAC,0.33,0.11,0.81,93,x0E
113239825,POS,0,C6AC,-0.11,0.46,1.03,79,x06
113239828,POS,1,0FAC,0.32,0.09,0.87,81,x0E
113239926,POS,0,C6AC,-0.11,0.46,1.02,83,x06
113239931,POS,1,0FAC,0.31,0.10,0.92,82,x0E
113240025,POS,0,C6AC,-0.12,0.45,1.04,78,x06
113240030,POS,1,0FAC,0.29,0.09,0.96,80,x0E
113240125,POS,0,C6AC,-0.11,0.49,1.04,84,x06
113240129,POS,1,0FAC,0.29,0.08,0.99,80,x0E
113240225,POS,0,C6AC,-0.11,0.47,1.04,82,x06
113240229,POS,1,0FAC,0.30,0.06,0.79,82,x0E
113240326,POS,0,C6AC,-0.11,0.45,1.04,81,x06
113240329,POS,1,0FAC,0.30,0.09,0.61,82,x0E
113240426,POS,0,C6AC,-0.10,0.45,1.03,84,x06
113240431,POS,1,0FAC,0.30,0.10,0.69,89,x0E
113240526,POS,0,C6AC,-0.11,0.44,1.07,74,x06
113240530,POS,1,0FAC,0.30,0.09,0.80,77,x0E
113240625,POS,0,C6AC,-0.10,0.44,1.05,85,x06
113240629,POS,1,0FAC,0.31,0.09,0.62,79,x0E
113240725,POS,0,C6AC,-0.11,0.46,1.06,80,x06
113240730,POS,1,0FAC,0.31,0.08,0.71,83,x0E
113240825,POS,0,C6AC,-0.10,0.45,1.04,85,x06
113240829,POS,1,0FAC,0.31,0.10,0.56,82,x0E
113240926,POS,0,C6AC,-0.11,0.44,1.08,74,x06
113240930,POS,1,0FAC,0.30,0.09,0.69,79,x0E
113241026,POS,0,C6AC,-0.11,0.43,1.07,81,x06
113241030,POS,1,0FAC,0.31,0.11,0.54,82,x0E
113241125,POS,0,C6AC,-0.10,0.45,1.09,79,x06
113241131,POS,1,0FAC,0.29,0.08,0.67,79,x0E
113241225,POS,0,C6AC,-0.06,0.49,0.83,90,x06
113241230,POS,1,0FAC,0.28,0.06,0.77,78,x0E
113241326,POS,0,C6AC,-0.07,0.52,0.90,79,x06
113241330,POS,1,0FAC,0.28,0.07,0.86,78,x0E
113241425,POS,0,C6AC,-0.08,0.48,0.95,79,x06
113241429,POS,1,0FAC,0.28,0.07,0.93,76,x0E
113241526,POS,0,C6AC,-0.10,0.46,1.00,74,x06
113241530,POS,1,0FAC,0.29,0.08,0.73,83,x0E
113241625,POS,0,C6AC,-0.12,0.51,1.05,73,x06
113241632,POS,1,0FAC,0.30,0.04,0.85,71,x0E
113241725,POS,0,C6AC,-0.12,0.53,1.03,86,x06
113241730,POS,1,0FAC,0.29,0.07,0.90,83,x0E
113241826,POS,0,C6AC,-0.11,0.55,1.02,86,x06
113241830,POS,1,0FAC,0.29,0.07,0.91,86,x0E
113241925,POS,0,C6AC,-0.11,0.56,1.00,88,x06
113241931,POS,1,0FAC,0.29,0.07,0.77,90,x0E
113242026,POS,0,C6AC,-0.11,0.57,1.01,85,x06
113242030,POS,1,0FAC,0.26,0.10,0.84,82,x0E
113242125,POS,0,C6AC,-0.10,0.54,0.83,95,x06
113242130,POS,1,0FAC,0.26,0.09,0.87,85,x0E
113242226,POS,0,C6AC,-0.10,0.50,0.88,82,x06
113242230,POS,1,0FAC,0.24,0.12,0.67,83,x0E
113242326,POS,0,C6AC,-0.10,0.48,0.92,81,x06
113242329,POS,1,0FAC,0.23,0.12,0.79,77,x0E
113242426,POS,0,C6AC,-0.10,0.46,0.97,79,x06
113242431,POS,1,0FAC,0.24,0.11,0.84,85,x0E
113242525,POS,0,C6AC,-0.10,0.46,1.01,78,x06
113242530,POS,1,0FAC,0.23,0.12,0.93,73,x0E
113242626,POS,0,C6AC,-0.09,0.49,1.00,87,x06
113242630,POS,1,0FAC,0.24,0.08,0.97,76,x0E
113242725,POS,0,C6AC,-0.09,0.51,0.96,91,x06
113242729,POS,1,0FAC,0.18,0.21,1.00,82,x0E
113242826,POS,0,C6AC,-0.09,0.48,1.01,77,x06
113242832,POS,1,0FAC,0.21,0.18,0.80,85,x0E
113242926,POS,0,C6AC,-0.09,0.52,1.01,85,x06
113242931,POS,1,0FAC,0.21,0.13,0.89,73,x0E
113243025,POS,0,C6AC,-0.10,0.50,1.02,80,x06
113243029,POS,1,0FAC,0.21,0.15,0.91,87,x0E
113243126,POS,0,C6AC,-0.09,0.48,1.02,85,x06
113243129,POS,1,0FAC,0.23,0.13,0.78,92,x0E
113243225,POS,0,C6AC,-0.09,0.50,1.00,87,x06
113243228,POS,1,0FAC,0.25,0.13,0.65,88,x0E
113243326,POS,0,C6AC,-0.09,0.53,1.00,86,x06
113243329,POS,1,0FAC,0.25,0.11,0.67,92,x0E
113243425,POS,0,C6AC,-0.08,0.49,1.00,85,x06
113243429,POS,1,0FAC,0.27,0.11,0.51,76,x0E
113243526,POS,0,C6AC,-0.09,0.53,0.99,86,x06
113243530,POS,1,0FAC,0.26,0.08,0.62,83,x0E
113243624,POS,0,C6AC,-0.10,0.55,1.02,80,x06
113243629,POS,1,0FAC,0.26,0.08,0.65,91,x0E
113243726,POS,0,C6AC,-0.10,0.52,1.06,75,x06
113243730,POS,1,0FAC,0.26,0.06,0.76,78,x0E
113243825,POS,0,C6AC,-0.10,0.53,1.06,83,x06
113243830,POS,1,0FAC,0.26,0.06,0.78,89,x0E
113243926,POS,0,C6AC,-0.09,0.54,1.02,89,x06
113243931,POS,1,0FAC,0.26,0.06,0.68,91,x0E
113244025,POS,0,C6AC,-0.09,0.51,1.03,82,x06
113244031,POS,1,0FAC,0.26,0.08,0.68,94,x0E
113244126,POS,0,C6AC,-0.10,0.49,1.05,78,x06
113244129,POS,1,0FAC,0.26,0.08,0.64,94,x0E
113244225,POS,0,C6AC,-0.10,0.47,1.06,80,x06
113244229,POS,1,0FAC,0.26,0.06,0.77,74,x0E
113244326,POS,0,C6AC,-0.10,0.49,1.04,85,x06
113244329,POS,1,0FAC,0.27,0.07,0.59,79,x0E
113244425,POS,0,C6AC,-0.10,0.47,1.08,75,x06
113244428,POS,1,0FAC,0.26,0.07,0.68,85,x0E
113244524,POS,0,C6AC,-0.11,0.48,1.09,78,x06
113244528,POS,1,0FAC,0.27,0.06,0.63,92,x0E
113244625,POS,0,C6AC,-0.11,0.48,1.10,77,x06
113244629,POS,1,0FAC,0.26,0.06,0.68,89,x0E
113244725,POS,0,C6AC,-0.11,0.50,1.11,78,x06
113244730,POS,1,0FAC,0.27,0.08,0.53,81,x0E
113244825,POS,0,C6AC,-0.11,0.51,1.09,83,x06
113244830,POS,1,0FAC,0.28,0.06,0.60,89,x0E
113244925,POS,0,C6AC,-0.11,0.53,1.07,86,x06
113244930,POS,1,0FAC,0.27,0.06,0.66,88,x0E
113245026,POS,0,C6AC,-0.11,0.50,1.07,79,x06
113245031,POS,1,0FAC,0.28,0.04,0.51,75,x0E
113245125,POS,0,C6AC,-0.10,0.52,1.04,88,x06
113245129,POS,1,0FAC,0.28,0.05,0.40,79,x0E
113245226,POS,0,C6AC,-0.11,0.53,1.04,84,x06
113245231,POS,1,0FAC,0.27,0.06,0.50,90,x0E
113245325,POS,0,C6AC,-0.10,0.53,1.05,82,x06
113245328,POS,1,0FAC,0.27,0.06,0.51,94,x0E
113245426,POS,0,C6AC,-0.10,0.54,1.04,84,x06
113245431,POS,1,0FAC,0.27,0.06,0.61,87,x0E
113245525,POS,0,C6AC,-0.11,0.57,1.03,84,x06
113245529,POS,1,0FAC,0.27,0.06,0.64,91,x0E
113245626,POS,0,C6AC,-0.10,0.53,1.03,83,x06
113245629,POS,1,0FAC,0.27,0.08,0.51,82,x0E
113245725,POS,0,C6AC,-0.11,0.51,1.03,82,x06
113245730,POS,1,0FAC,0.27,0.07,0.58,90,x0E
113245826,POS,0,C6AC,-0.11,0.49,1.03,82,x06
113245831,POS,1,0FAC,0.26,0.07,0.62,92,x0E
113245925,POS,0,C6AC,-0.11,0.51,1.02,86,x06
113245930,POS,1,0FAC,0.27,0.06,0.48,77,x0E
113246026,POS,0,C6AC,-0.10,0.53,1.00,88,x06
113246029,POS,1,0FAC,0.27,0.06,0.56,90,x0E
113246125,POS,0,C6AC,-0.11,0.54,1.00,85,x06
113246130,POS,1,0FAC,0.26,0.07,0.61,92,x0E
113246224,POS,0,C6AC,-0.11,0.50,1.03,78,x06
113246228,POS,1,0FAC,0.26,0.09,0.47,80,x0E
113246325,POS,0,C6AC,-0.12,0.51,1.05,79,x06
113246329,POS,1,0FAC,0.26,0.08,0.59,85,x0E
113246425,POS,0,C6AC,-0.12,0.53,1.06,80,x06
113246429,POS,1,0FAC,0.27,0.05,0.71,78,x0E
113246525,POS,0,C6AC,-0.11,0.51,1.05,83,x06
113246529,POS,1,0FAC,0.27,0.05,0.74,89,x0E
113246625,POS,0,C6AC,-0.11,0.51,1.06,81,x06
113246628,POS,1,0FAC,0.27,0.07,0.55,77,x0E
113246725,POS,0,C6AC,-0.11,0.49,1.08,78,x06
113246732,POS,1,0FAC,0.27,0.07,0.64,86,x0E
113246825,POS,0,C6AC,-0.11,0.48,1.10,76,x06
113246830,POS,1,0FAC,0.28,0.09,0.49,78,x0E
113246926,POS,0,C6AC,-0.12,0.50,1.11,78,x06
113246930,POS,1,0FAC,0.28,0.08,0.46,91,x0E
113247025,POS,0,C6AC,-0.12,0.48,1.11,76,x06
113247031,POS,1,0FAC,0.28,0.08,0.54,91,x0E
113247126,POS,0,C6AC,-0.11,0.50,1.09,85,x06
113247130,POS,1,0FAC,0.28,0.09,0.41,76,x0E
113247225,POS,0,C6AC,-0.11,0.49,1.08,82,x06
113247229,POS,1,0FAC,0.28,0.08,0.51,90,x0E
113247325,POS,0,C6AC,-0.11,0.47,1.10,77,x06
113247328,POS,1,0FAC,0.28,0.06,0.44,88,x0E
113247425,POS,0,C6AC,-0.10,0.47,1.03,91,x06
113247429,POS,1,0FAC,0.27,0.06,0.53,90,x0E
113247526,POS,0,C6AC,-0.10,0.45,1.03,82,x06
113247530,POS,1,0FAC,0.28,0.04,0.41,76,x0E
113247624,POS,0,C6AC,-0.12,0.47,1.05,79,x06
113247629,POS,1,0FAC,0.28,0.04,0.60,75,x0E
113247726,POS,0,C6AC,-0.11,0.50,1.01,90,x06
113247730,POS,1,0FAC,0.28,0.04,0.47,78,x0E
113247825,POS,0,C6AC,-0.11,0.48,1.01,83,x06
113247830,POS,1,0FAC,0.28,0.04,0.55,91,x0E
113247926,POS,0,C6AC,-0.11,0.47,1.05,75,x06
113247929,POS,1,0FAC,0.28,0.07,0.42,80,x0E
113248025,POS,0,C6AC,-0.11,0.45,1.05,80,x06
113248029,POS,1,0FAC,0.27,0.05,0.54,86,x0E
113248126,POS,0,C6AC,-0.10,0.46,1.06,81,x06
113248130,POS,1,0FAC,0.27,0.07,0.42,79,x0E
113248225,POS,0,C6AC,-0.11,0.50,1.05,83,x06
113248231,POS,1,0FAC,0.26,0.07,0.51,89,x0E
113248325,POS,0,C6AC,-0.11,0.49,1.06,80,x06
113248332,POS,1,0FAC,0.26,0.05,0.67,75,x0E
113248425,POS,0,C6AC,-0.12,0.47,1.06,80,x06
113248431,POS,1,0FAC,0.27,0.04,0.77,79,x0E
113248525,POS,0,C6AC,-0.14,0.53,1.08,72,x06
113248528,POS,1,0FAC,0.27,0.06,0.58,76,x0E
113248625,POS,0,C6AC,-0.13,0.55,1.04,90,x06
113248627,POS,1,0FAC,0.28,0.07,0.45,80,x0E
113248726,POS,0,C6AC,-0.12,0.55,1.03,84,x06
113248730,POS,1,0FAC,0.28,0.06,0.59,82,x0E
113248825,POS,0,C6AC,-0.12,0.52,1.04,81,x06
113248828,POS,1,0FAC,0.27,0.05,0.64,89,x0E
113248925,POS,0,C6AC,-0.12,0.50,1.05,79,x06
113248931,POS,1,0FAC,0.27,0.07,0.49,79,x0E
113249025,POS,0,C6AC,-0.12,0.48,1.06,78,x06
113249031,POS,1,0FAC,0.27,0.07,0.57,90,x0E
113249125,POS,0,C6AC,-0.11,0.51,1.06,83,x06
113249129,POS,1,0FAC,0.27,0.06,0.63,89,x0E
113249225,POS,0,C6AC,-0.10,0.48,1.04,85,x06
113249230,POS,1,0FAC,0.27,0.05,0.67,89,x0E
113249326,POS,0,C6AC,-0.10,0.48,1.05,81,x06
113249333,POS,1,0FAC,0.26,0.07,0.51,78,x0E
113249425,POS,0,C6AC,-0.11,0.47,1.04,82,x06
113249431,POS,1,0FAC,0.26,0.06,0.66,77,x0E
113249524,POS,0,C6AC,-0.12,0.49,1.04,83,x06
113249531,POS,1,0FAC,0.26,0.08,0.51,81,x0E
113249626,POS,0,C6AC,-0.12,0.52,1.04,84,x06
113249631,POS,1,0FAC,0.26,0.06,0.67,74,x0E
113249725,POS,0,C6AC,-0.11,0.54,1.02,87,x06
113249731,POS,1,0FAC,0.26,0.05,0.70,90,x0E
113249825,POS,0,C6AC,-0.10,0.51,0.95,94,x06
113249828,POS,1,0FAC,0.28,0.04,0.55,79,x0E
113249925,POS,0,C6AC,-0.10,0.54,0.97,84,x06
113249929,POS,1,0FAC,0.27,0.04,0.68,78,x0E
113250026,POS,0,C6AC,-0.11,0.51,1.00,79,x06
113250028,POS,1,0FAC,0.27,0.05,0.70,92,x0E
113250125,POS,0,C6AC,-0.11,0.51,1.03,78,x06
113250129,POS,1,0FAC,0.28,0.06,0.53,76,x0E
113250225,POS,0,C6AC,-0.11,0.49,1.05,78,x06
113250232,POS,1,0FAC,0.27,0.05,0.63,85,x0E
113250324,POS,0,C6AC,-0.12,0.48,1.03,85,x06
113250329,POS,1,0FAC,0.27,0.06,0.55,89,x0E
113250426,POS,0,C6AC,-0.12,0.50,1.05,80,x06
113250429,POS,1,0FAC,0.27,0.06,0.54,93,x0E
113250525,POS,0,C6AC,-0.11,0.47,1.04,84,x06
113250531,POS,1,0FAC,0.27,0.06,0.61,89,x0E
113250626,POS,0,C6AC,-0.11,0.51,1.00,89,x06
113250633,POS,1,0FAC,0.26,0.07,0.68,88,x0E
113250725,POS,0,C6AC,-0.12,0.48,1.03,77,x06
113250732,POS,1,0FAC,0.26,0.07,0.64,94,x0E
113250826,POS,0,C6AC,-0.11,0.46,1.01,86,x06
113250831,POS,1,0FAC,0.27,0.06,0.67,90,x0E
113250925,POS,0,C6AC,-0.11,0.49,1.02,83,x06
113250930,POS,1,0FAC,0.27,0.07,0.74,87,x0E
113252066,P