
115130976,POS,0,0FAC,0.08,-0.19,0.30,51,x0C
115130992,POS,1,C6AC,0.09,0.69,0.30,73,x0E
115131085,POS,0,0FAC,0.07,-0.24,0.38,51,x0C
115131092,POS,1,C6AC,0.10,0.70,0.25,64,x0E
115131185,POS,0,0FAC,0.07,-0.27,0.46,48,x0C
115131190,POS,1,C6AC,0.09,0.73,0.23,63,x0E
115131276,POS,0,0FAC,0.07,-0.23,0.40,63,x0C
115131293,POS,1,C6AC,0.10,0.70,0.25,70,x0E
115131385,POS,0,0FAC,0.07,-0.10,0.21,67,x0C
115131385,POS,1,C6AC,0.09,0.69,0.29,72,x0E
115131485,POS,0,0FAC,0.07,-0.02,0.05,64,x0C
115131485,POS,1,C6AC,0.09,0.70,0.29,70,x0E
115131580,POS,0,0FAC,0.06,-0.10,0.20,49,x0C
115131580,POS,1,C6AC,0.10,0.72,0.29,70,x0E
115131684,POS,0,0FAC,0.07,-0.16,0.28,54,x0C
115131684,POS,1,C6AC,0.09,0.75,0.25,63,x0E
115131776,POS,0,0FAC,0.07,-0.13,0.24,66,x0C
115131792,POS,1,C6AC,0.08,0.74,0.27,71,x0E
115131883,POS,0,0FAC,0.07,-0.05,0.09,65,x0C
115131883,POS,1,C6AC,0.08,0.76,0.22,64,x0E
115131984,POS,0,0FAC,0.06,-0.00,0.04,73,x0C
115131984,POS,1,C6AC,0.09,0.69,0.27,69,x0E
115132080,POS,0,0FAC,0.06,-0.02,0.06,62,x0C
115132080,POS,1,C6AC,0.10,0.70,0.24,64,x0E
115132176,POS,0,0FAC,0.05,-0.10,0.19,49,x0C
115132191,POS,1,C6AC,0.09,0.72,0.20,64,x0E
115132276,POS,0,0FAC,0.06,-0.17,0.30,51,x0C
115132293,POS,1,C6AC,0.09,0.72,0.23,70,x0E
115132376,POS,0,0FAC,0.07,-0.16,0.31,61,x0C
115132387,POS,1,C6AC,0.08,0.71,0.26,70,x0E
115132482,POS,0,0FAC,0.08,-0.21,0.37,52,x0C
115132482,POS,1,C6AC,0.10,0.65,0.29,67,x0E
115132583,POS,0,0FAC,0.08,-0.20,0.36,58,x0C
115132583,POS,1,C6AC,0.10,0.67,0.28,69,x0E
115132678,POS,0,0FAC,0.06,-0.23,0.43,47,x0C
115132678,POS,1,C6AC,0.09,0.70,0.24,64,x0E
115132778,POS,0,0FAC,0.06,-0.11,0.23,66,x0C
115132778,POS,1,C6AC,0.10,0.72,0.21,63,x0E
115132876,POS,0,0FAC,0.06,-0.17,0.36,48,x0C
115132889,POS,1,C6AC,0.10,0.71,0.26,74,x0E
115132986,POS,0,0FAC,0.05,-0.05,0.19,71,x0C
115132993,POS,1,C6AC,0.10,0.68,0.29,70,x0E
115133081,POS,0,0FAC,0.05,-0.13,0.30,49,x0C
115133081,POS,1,C6AC,0.10,0.66,0.29,67,x0E
115133176,POS,0,0FAC,0.05,-0.18,0.40,48,x0C
115133193,POS,1,C6AC,0.11,0.67,0.28,68,x0E
115133277,POS,0,0FAC,0.05,-0.07,0.23,71,x0C
115133292,POS,1,C6AC,0.09,0.69,0.24,65,x0E
115133378,POS,0,0FAC,0.05,-0.14,0.33,49,x0C
115133392,POS,1,C6AC,0.11,0.68,0.24,65,x0E
115133484,POS,0,0FAC,0.07,-0.21,0.36,57,x0C
115133492,POS,1,C6AC,0.11,0.70,0.21,64,x0E
115133578,POS,0,0FAC,0.06,-0.24,0.44,48,x0C
115133591,POS,1,C6AC,0.12,0.62,0.29,72,x0E
115133686,POS,0,0FAC,0.06,-0.25,0.48,49,x0C
115133695,POS,1,C6AC,0.11,0.66,0.24,64,x0E
115133785,POS,0,0FAC,0.06,-0.27,0.53,47,x0C
115133791,POS,1,C6AC,0.11,0.64,0.29,74,x0E
115133885,POS,0,0FAC,0.05,-0.29,0.58,47,x0C
115133885,POS,1,C6AC,0.10,0.68,0.24,64,x0E
115133985,POS,0,0FAC,0.05,-0.30,0.59,49,x0C
115133985,POS,1,C6AC,0.09,0.68,0.27,71,x0E
115134080,POS,0,0FAC,0.06,-0.24,0.47,96,x0C
115134080,POS,1,C6AC,0.09,0.69,0.28,70,x0E
115134178,POS,0,0FAC,0.05,-0.25,0.53,46,x0C
115134190,POS,1,C6AC,0.09,0.73,0.23,62,x0E
115134286,POS,0,0FAC,0.05,-0.18,0.40,68,x0C
115134286,POS,1,C6AC,0.09,0.71,0.26,71,x0E
115134378,POS,0,0FAC,0.07,-0.12,0.23,63,x0C
115134389,POS,1,C6AC,0.09,0.74,0.22,63,x0E
115134480,POS,0,0FAC,0.05,-0.18,0.36,47,x0C
115134480,POS,1,C6AC,0.11,0.66,0.31,75,x0E
115134578,POS,0,0FAC,0.04,-0.22,0.44,47,x0C
115134578,POS,1,C6AC,0.11,0.68,0.30,67,x0E
115134681,POS,0,0FAC,0.05,-0.12,0.24,65,x0C
115134681,POS,1,C6AC,0.10,0.69,0.25,65,x0E
115134784,POS,0,0FAC,0.04,-0.17,0.35,48,x0C
115134790,POS,1,C6AC,0.09,0.69,0.29,73,x0E
115134881,POS,0,0FAC,0.04,-0.22,0.41,51,x0C
115134889,POS,1,C6AC,0.10,0.68,0.30,71,x0E
115134978,POS,0,0FAC,0.04,-0.26,0.44,52,x0C
115134989,POS,1,C6AC,0.09,0.71,0.25,64,x0E
115135081,POS,0,0FAC,0.04,-0.28,0.50,48,x0C
115135090,POS,1,C6AC,0.11,0.63,0.30,69,x0E
115135185,POS,0,0FAC,0.04,-0.25,0.46,59,x0C
115135189,POS,1,C6AC,0.12,0.62,0.29,65,x0E
115135282,POS,0,0FAC,0.04,-0.29,0.53,49,x0C
115135290,POS,1,C6AC,0.11,0.67,0.23,63,x0E
115135385,POS,0,0FAC,0.06,-0.31,0.54,53,x0C
115135391,POS,1,C6AC,0.10,0.69,0.19,65,x0E
115135479,POS,0,0FAC,0.05,-0.32,0.57,49,x0C
115135491,POS,1,C6AC,0.10,0.68,0.23,71,x0E
115135578,POS,0,0FAC,0.05,-0.32,0.60,48,x0C
115135578,POS,1,C6AC,0.09,0.71,0.19,63,x0E
115135684,POS,0,0FAC,0.05,-0.33,0.58,52,x0C
115135684,POS,1,C6AC,0.09,0.71,0.22,68,x0E
115135778,POS,0,0FAC,0.06,-0.31,0.51,54,x0C
115135789,POS,1,C6AC,0.08,0.73,0.20,63,x0E
115135879,POS,0,0FAC,0.06,-0.33,0.54,52,x0C
115135890,POS,1,C6AC,0.08,0.75,0.18,63,x0E
115135981,POS,0,0FAC,0.06,-0.18,0.30,67,x0C
115135988,POS,1,C6AC,0.08,0.75,0.22,70,x0E
115136080,POS,0,0FAC,0.06,-0.21,0.39,48,x0C
115136080,POS,1,C6AC,0.09,0.73,0.19,65,x0E
115136186,POS,0,0FAC,0.06,-0.25,0.44,52,x0C
115136186,POS,1,C6AC,0.11,0.65,0.28,74,x0E
115136281,POS,0,0FAC,0.08,-0.28,0.47,54,x0C
115136281,POS,1,C6AC,0.10,0.66,0.31,73,x0E
115136381,POS,0,0FAC,0.09,-0.31,0.48,55,x0C
115136381,POS,1,C6AC,0.10,0.68,0.32,73,x0E
115136479,POS,0,0FAC,0.09,-0.32,0.50,53,x0C
115136479,POS,1,C6AC,0.08,0.71,0.27,63,x0E
115136579,POS,0,0FAC,0.10,-0.35,0.49,58,x0C
115136591,POS,1,C6AC,0.09,0.71,0.28,71,x0E
115136686,POS,0,0FAC,0.09,-0.35,0.51,50,x0C
115136686,POS,1,C6AC,0.09,0.70,0.31,73,x0E
115136781,POS,0,0FAC,0.07,-0.34,0.55,47,x0C
115136781,POS,1,C6AC,0.09,0.71,0.31,71,x0E
115136881,POS,0,0FAC,0.07,-0.19,0.31,64,x0C
115136881,POS,1,C6AC,0.08,0.74,0.27,64,x0E
115136980,POS,0,0FAC,0.09,-0.25,0.30,80,x0C
115136980,POS,1,C6AC,0.09,0.70,0.35,81,x0E
115137080,POS,0,0FAC,0.09,-0.29,0.36,54,x0C
115137087,POS,1,C6AC,0.08,0.71,0.34,68,x0E
115137180,POS,0,0FAC,0.07,-0.30,0.42,49,x0C
115137180,POS,1,C6AC,0.09,0.72,0.32,70,x0E
115137286,POS,0,0FAC,0.08,-0.18,0.22,63,x0C
115137290,POS,1,C6AC,0.09,0.75,0.26,63,x0E
115137385,POS,0,0FAC,0.08,-0.16,0.19,63,x0C
115137388,POS,1,C6AC,0.09,0.77,0.22,63,x0E
115137485,POS,0,0FAC,0.06,-0.10,0.15,72,x0C
115137485,POS,1,C6AC,0.09,0.75,0.27,74,x0E
115137580,POS,0,0FAC,0.06,-0.17,0.26,51,x0C
115137580,POS,1,C6AC,0.09,0.75,0.22,64,x0E
115137686,POS,0,0FAC,0.07,-0.14,0.22,64,x0C
115137690,POS,1,C6AC,0.09,0.73,0.24,68,x0E
115137780,POS,0,0FAC,0.08,-0.21,0.33,52,x0C
115137780,POS,1,C6AC,0.09,0.75,0.19,64,x0E
115137880,POS,0,0FAC,0.08,-0.09,0.15,67,x0C
115137880,POS,1,C6AC,0.11,0.66,0.31,76,x0E
115137982,POS,0,0FAC,0.07,-0.16,0.26,52,x0C
115137989,POS,1,C6AC,0.12,0.61,0.35,72,x0E
115138085,POS,0,0FAC,0.08,-0.21,0.34,53,x0C
115138088,POS,1,C6AC,0.10,0.65,0.29,64,x0E
115138184,POS,0,0FAC,0.07,-0.15,0.25,69,x0C
115138184,POS,1,C6AC,0.10,0.69,0.24,63,x0E
115138286,POS,0,0FAC,0.06,-0.20,0.33,51,x0C
115138286,POS,1,C6AC,0.10,0.73,0.21,63,x0E
115138385,POS,0,0FAC,0.06,-0.25,0.40,51,x0C
115138385,POS,1,C6AC,0.09,0.76,0.18,62,x0E
115138485,POS,0,0FAC,0.06,-0.11,0.20,67,x0C
115138485,POS,1,C6AC,0.10,0.74,0.22,71,x0E
115138584,POS,0,0FAC,0.06,-0.17,0.32,48,x0C
115138584,POS,1,C6AC,0.10,0.71,0.25,69,x0E
115138683,POS,0,0FAC,0.06,-0.18,0.32,56,x0C
115138683,POS,1,C6AC,0.09,0.73,0.23,63,x0E
115138783,POS,0,0FAC,0.06,-0.22,0.38,52,x0C
115138783,POS,1,C6AC,0.11,0.67,0.27,69,x0E
115138885,POS,0,0FAC,0.05,-0.24,0.44,47,x0C
115138889,POS,1,C6AC,0.10,0.70,0.23,63,x0E
115138981,POS,0,0FAC,0.07,-0.29,0.46,56,x0C
115138989,POS,1,C6AC,0.10,0.74,0.20,63,x0E
115139082,POS,0,0FAC,0.07,-0.15,0.27,69,x0C
115139088,POS,1,C6AC,0.09,0.74,0.22,69,x0E
115139180,POS,0,0FAC,0.07,-0.15,0.27,62,x0C
115139180,POS,1,C6AC,0.09,0.76,0.19,63,x0E
115139280,POS,0,0FAC,0.07,-0.05,0.10,64,x0C
115139280,POS,1,C6AC,0.08,0.77,0.18,64,x0E
115139380,POS,0,0FAC,0.07,-0.14,0.22,53,x0C
115139380,POS,1,C6AC,0.09,0.77,0.15,63,x0E
115139480,POS,0,0FAC,0.07,-0.10,0.17,68,x0C
115139480,POS,1,C6AC,0.09,0.79,0.14,62,x0E
115139584,POS,0,0FAC,0.07,-0.02,0.04,66,x0C
115139589,POS,1,C6AC,0.09,0.79,0.15,63,x0E
115139680,POS,0,0FAC,0.07,-0.03,0.07,65,x0C
115139689,POS,1,C6AC,0.08,0.77,0.17,66,x0E
115139783,POS,0,0FAC,0.07,-0.04,0.06,63,x0C
115139783,POS,1,C6AC,0.09,0.69,0.24,68,x0E
115139880,POS,0,0FAC,0.08,0.01,-0.04,64,x0C
115139880,POS,1,C6AC,0.09,0.70,0.27,73,x0E
115139980,POS,0,0FAC,0.08,0.08,-0.12,69,x0C
115139980,POS,1,C6AC,0.09,0.71,0.27,69,x0E
115140081,POS,0,0FAC,0.08,-0.03,0.04,54,x0C
115140081,POS,1,C6AC,0.08,0.71,0.29,71,x0E
115140184,POS,0,0FAC,0.08,-0.12,0.19,52,x0C
115140189,POS,1,C6AC,0.10,0.65,0.34,73,x0E
115140284,POS,0,0FAC,0.08,-0.10,0.13,63,x0C
115140288,POS,1,C6AC,0.09,0.69,0.27,64,x0E
115140380,POS,0,0FAC,0.09,-0.11,0.18,62,x0C
115140389,POS,1,C6AC,0.11,0.63,0.32,71,x0E
115140481,POS,0,0FAC,0.07,-0.06,0.13,72,x0C
115140481,POS,1,C6AC,0.09,0.67,0.27,64,x0E
115140580,POS,0,0FAC,0.06,-0.12,0.26,47,x0C
115140587,POS,1,C6AC,0.11,0.63,0.31,71,x0E
115140685,POS,0,0FAC,0.06,-0.08,0.20,70,x0C
115140686,POS,1,C6AC,0.11,0.66,0.26,63,x0E
115140782,POS,0,0FAC,0.06,-0.10,0.17,58,x0C
115140782,POS,1,C6AC,0.10,0.65,0.28,69,x0E
115140882,POS,0,0FAC,0.05,-0.04,0.10,73,x0C
115140889,POS,1,C6AC,0.09,0.70,0.25,63,x0E
115140985,POS,0,0FAC,0.06,-0.06,0.13,62,x0C
115140988,POS,1,C6AC,0.09,0.69,0.27,71,x0E
115141081,POS,0,0FAC,0.06,-0.14,0.25,51,x0C
115141089,POS,1,C6AC,0.10,0.68,0.30,72,x0E
115141181,POS,0,0FAC,0.05,-0.10,0.18,68,x0C
115141188,POS,1,C6AC,0.10,0.69,0.31,71,x0E
115141281,POS,0,0FAC,0.05,-0.15,0.29,48,x0C
115141281,POS,1,C6AC,0.11,0.62,0.36,73,x0E
115141385,POS,0,0FAC,0.05,-0.04,0.13,67,x0C
115141385,POS,1,C6AC,0.11,0.65,0.34,68,x0E
115141485,POS,0,0FAC,0.07,-0.08,0.17,57,x0C
115141497,POS,1,C6AC,0.11,0.67,0.31,65,x0E
115141584,POS,0,0FAC,0.06,0.02,0.04,69,x0C
115141584,POS,1,C6AC,0.10,0.68,0.31,69,x0E
115141683,POS,0,0FAC,0.05,-0.07,0.18,48,x0C
115141690,POS,1,C6AC,0.09,0.72,0.25,63,x0E
115141783,POS,0,0FAC,0.05,-0.14,0.30,49,x0C
115141789,POS,1,C6AC,0.08,0.74,0.21,64,x0E
115141883,POS,0,0FAC,0.05,-0.20,0.39,51,x0C
115141889,POS,1,C6AC,0.09,0.66,0.26,69,x0E
115141981,POS,0,0FAC,0.07,-0.19,0.38,60,x0C
115141988,POS,1,C6AC,0.08,0.69,0.24,64,x0E
115142081,POS,0,0FAC,0.06,-0.12,0.27,71,x0C
115142088,POS,1,C6AC,0.06,0.67,0.22,68,x0E
115142181,POS,0,0FAC,0.06,-0.14,0.28,57,x0C
115142181,POS,1,C6AC,0.09,0.58,0.29,71,x0E
115142282,POS,0,0FAC,0.08,-0.20,0.36,55,x0C
115142282,POS,1,C6AC,0.11,0.52,0.33,70,x0E
115142383,POS,0,0FAC,0.08,-0.11,0.19,64,x0C
115142383,POS,1,C6AC,0.14,0.48,0.36,68,x0E
115142484,POS,0,0FAC,0.08,-0.16,0.28,50,x0C
115142484,POS,1,C6AC,0.12,0.50,0.41,77,x0E
115142582,POS,0,0FAC,0.08,-0.21,0.35,52,x0C
115142582,POS,1,C6AC,0.14,0.45,0.44,70,x0E
115142683,POS,0,0FAC,0.08,-0.12,0.18,65,x0C
115142683,POS,1,C6AC,0.12,0.48,0.49,80,x0E
115142782,POS,0,0FAC,0.08,-0.06,0.04,64,x0C
115142782,POS,1,C6AC,0.10,0.51,0.55,85,x0E
115142883,POS,0,0FAC,0.06,-0.01,-0.01,71,x0C
115142886,POS,1,C6AC,0.09,0.57,0.58,87,x0E
115142985,POS,0,0FAC,0.05,-0.06,0.10,57,x0C
115142986,POS,1,C6AC,0.08,0.58,0.67,83,x0E
115143083,POS,0,0FAC,0.06,-0.05,0.09,66,x0C
115143083,POS,1,C6AC,0.09,0.62,0.74,82,x0E
115143183,POS,0,0FAC,0.05,-0.09,0.17,56,x0C
115143190,POS,1,C6AC,0.07,0.65,0.73,87,x0E
115143283,POS,0,0FAC,0.06,-0.10,0.22,61,x0C
115143283,POS,1,C6AC,0.06,0.64,0.79,81,x0E
115143383,POS,0,0FAC,0.04,-0.05,0.22,76,x0C
115143387,POS,1,C6AC,0.05,0.63,0.81,85,x0E
115143483,POS,0,0FAC,0.05,-0.11,0.32,49,x0C
115143483,POS,1,C6AC,0.05,0.64,0.81,86,x0E
115143583,POS,0,0FAC,0.05,-0.08,0.33,71,x0C
115143588,POS,1,C6AC,0.03,0.65,0.75,79,x0E
115143683,POS,0,0FAC,0.04,-0.09,0.37,62,x0C
115143683,POS,1,C6AC,0.03,0.67,0.74,87,x0E
115143786,POS,0,0FAC,0.05,-0.10,0.40,58,x0C
115143786,POS,1,C6AC,0.03,0.66,0.77,84,x0E
115143884,POS,0,0FAC,0.05,-0.06,0.39,73,x0C
115143884,POS,1,C6AC,0.03,0.66,0.73,82,x0E
115143984,POS,0,0FAC,0.03,-0.01,0.37,76,x0C
115143984,POS,1,C6AC,0.03,0.65,0.77,84,x0E
115144085,POS,0,0FAC,0.01,-0.01,0.41,69,x0C
115144090,POS,1,C6AC,0.01,0.72,0.69,77,x0E
115144184,POS,0,0FAC,0.01,0.02,0.42,75,x0C
115144184,POS,1,C6AC,0.02,0.69,0.74,82,x0E
115144284,POS,0,0FAC,-0.00,0.05,0.42,76,x0C
115144284,POS,1,C6AC,0.04,0.66,0.79,81,x0E
115144384,POS,0,0FAC,-0.00,0.08,0.40,76,x0C
115144384,POS,1,C6AC,0.04,0.66,0.82,83,x0E
115144484,POS,0,0FAC,-0.01,0.07,0.44,70,x0C
115144487,POS,1,C6AC,0.04,0.67,0.78,85,x0E
115144584,POS,0,0FAC,0.01,0.04,0.52,60,x0C
115144587,POS,1,C6AC,0.04,0.68,0.82,83,x0E
115144684,POS,0,0FAC,0.02,-0.00,0.54,59,x0C
115144684,POS,1,C6AC,0.04,0.71,0.81,91,x0E
115144785,POS,0,0FAC,0.02,-0.03,0.56,61,x0C
115144785,POS,1,C6AC,0.02,0.74,0.81,90,x0E
115144885,POS,0,0FAC,0.02,0.01,0.55,74,x0C
115144885,POS,1,C6AC,0.04,0.74,0.78,88,x0E
115144985,POS,0,0FAC,0.03,0.03,0.51,76,x0C
115144988,POS,1,C6AC,0.06,0.73,0.76,87,x0E
115145085,POS,0,0FAC,0.01,0.05,0.50,75,x0C
115145088,POS,1,C6AC,0.05,0.72,0.72,81,x0E
115145185,POS,0,0FAC,0.01,0.06,0.49,76,x0C
115145185,POS,1,C6AC,0.05,0.78,0.64,78,x0E
115145285,POS,0,0FAC,0.01,0.10,0.46,74,x0C
115145288,POS,1,C6AC,0.04,0.82,0.62,82,x0E
115145385,POS,0,0FAC,0.00,0.12,0.45,75,x0C
115145389,POS,1,C6AC,0.05,0.77,0.68,84,x0E
115145485,POS,0,0FAC,0.01,0.13,0.44,75,x0C
115145485,POS,1,C6AC,0.05,0.76,0.71,89,x0E
115145583,POS,0,0FAC,0.01,0.12,0.45,74,x0C
115145593,POS,1,C6AC,0.04,0.79,0.68,86,x0E
115145683,POS,0,0FAC,0.01,0.12,0.47,75,x0C
115145686,POS,1,C6AC,0.03,0.85,0.63,80,x0E
115145783,POS,0,0FAC,0.00,0.12,0.48,76,x0C
115145788,POS,1,C6AC,0.04,0.82,0.71,84,x0E
115145883,POS,0,0FAC,0.01,0.08,0.48,67,x0C
115145888,POS,1,C6AC,0.03,0.84,0.65,79,x0E
115145984,POS,0,0FAC,0.03,0.05,0.54,61,x0C
115145986,POS,1,C6AC,0.05,0.82,0.65,87,x0E
115146085,POS,0,0FAC,0.04,-0.01,0.60,52,x0C
115146088,POS,1,C6AC,0.07,0.78,0.70,85,x0E
115146183,POS,0,0FAC,0.03,-0.00,0.63,64,x0C
115146187,POS,1,C6AC,0.07,0.79,0.72,91,x0E
115146284,POS,0,0FAC,0.02,0.01,0.65,68,x0C
115146287,POS,1,C6AC,0.06,0.84,0.65,78,x0E
115146384,POS,0,0FAC,0.02,0.02,0.64,70,x0C
115146387,POS,1,C6AC,0.06,0.81,0.68,89,x0E
115146485,POS,0,0FAC,0.02,0.02,0.66,64,x0C
115146489,POS,1,C6AC,0.06,0.66,0.77,74,x0E
115146584,POS,0,0FAC,0.02,0.04,0.67,72,x0C
115146587,POS,1,C6AC,0.05,0.70,0.78,89,x0E
115146685,POS,0,0FAC,0.00,0.03,0.69,65,x0C
115146687,POS,1,C6AC,0.04,0.78,0.67,72,x0E
115146785,POS,0,0FAC,-0.01,0.00,0.67,62,x0C
115146788,POS,1,C6AC,0.05,0.77,0.66,85,x0E
115146885,POS,0,0FAC,-0.01,0.03,0.66,73,x0C
115146888,POS,1,C6AC,0.05,0.74,0.68,86,x0E
115146985,POS,0,0FAC,0.01,0.05,0.65,72,x0C
115146987,POS,1,C6AC,0.03,0.75,0.63,78,x0E
115147085,POS,0,0FAC,0.03,0.07,0.63,92,x0C
115147088,POS,1,C6AC,0.04,0.76,0.65,89,x0E
115147185,POS,0,0FAC,0.04,0.08,0.64,72,x0C
115147188,POS,1,C6AC,0.05,0.75,0.68,89,x0E
115147285,POS,0,0FAC,0.04,0.06,0.68,60,x0C
115147288,POS,1,C6AC,0.06,0.71,0.72,85,x0E
115147385,POS,0,0FAC,0.04,0.04,0.68,64,x0C
115147388,POS,1,C6AC,0.05,0.73,0.68,83,x0E
115147485,POS,0,0FAC,0.06,0.04,0.67,67,x0C
115147488,POS,1,C6AC,0.06,0.71,0.70,86,x0E
115147585,POS,0,0FAC,0.06,-0.01,0.67,57,x0C
115147588,POS,1,C6AC,0.06,0.69,0.71,87,x0E
115147685,POS,0,0FAC,0.03,-0.04,0.62,81,x0C
115147688,POS,1,C6AC,0.05,0.70,0.74,88,x0E
115147785,POS,0,0FAC,0.05,-0.04,0.66,60,x0C
115147790,POS,1,C6AC,0.04,0.71,0.72,87,x0E
115147885,POS,0,0FAC,0.04,-0.03,0.68,63,x0C
115147888,POS,1,C6AC,0.03,0.70,0.71,84,x0E
115147985,POS,0,0FAC,0.06,-0.03,0.67,63,x0C
115147988,POS,1,C6AC,0.03,0.77,0.62,72,x0E
115148085,POS,0,0FAC,0.06,-0.02,0.67,66,x0C
115148088,POS,1,C6AC,0.02,0.82,0.59,82,x0E
115148185,POS,0,0FAC,0.06,-0.06,0.69,51,x0C
115148189,POS,1,C6AC,0.00,0.86,0.54,75,x0E
115148285,POS,0,0FAC,0.06,-0.07,0.71,57,x0C
115148289,POS,1,C6AC,0.01,0.82,0.60,89,x0E
115148377,POS,0,0FAC,0.06,-0.05,0.71,66,x0C
115148389,POS,1,C6AC,0.01,0.79,0.66,88,x0E
115148486,POS,0,0FAC,0.06,-0.06,0.71,59,x0C
115148489,POS,1,C6AC,0.02,0.75,0.70,86,x0E
115148586,POS,0,0FAC,0.05,-0.06,0.72,59,x0C
115148590,POS,1,C6AC,0.02,0.73,0.70,86,x0E
115148674,POS,0,0FAC,0.05,-0.06,0.72,60,x0C
115148689,POS,1,C6AC,0.02,0.77,0.64,79,x0E
115148770,POS,0,0FAC,0.05,-0.08,0.73,55,x0C
115148789,POS,1,C6AC,0.02,0.76,0.63,84,x0E
115148883,POS,0,0FAC,0.06,-0.12,0.74,49,x0C
115148889,POS,1,C6AC,0.03,0.71,0.67,86,x0E
115148986,POS,0,0FAC,0.06,-0.12,0.74,55,x0C
115148989,POS,1,C6AC,0.03,0.70,0.65,81,x0E
115149084,POS,0,0FAC,0.06,-0.12,0.72,59,x0C
115149089,POS,1,C6AC,0.03,0.68,0.68,86,x0E
115149173,POS,0,0FAC,0.06,-0.13,0.71,55,x0C
115149190,POS,1,C6AC,0.02,0.72,0.64,82,x0E
115149274,POS,0,0FAC,0.06,-0.17,0.73,47,x0C
115149289,POS,1,C6AC,0.03,0.69,0.71,82,x0E
115149378,POS,0,0FAC,0.06,-0.17,0.73,52,x0C
115149389,POS,1,C6AC,0.03,0.67,0.72,86,x0E
115149476,POS,0,0FAC,0.07,-0.24,0.70,54,x0C
115149489,POS,1,C6AC,0.01,0.68,0.68,81,x0E
115149572,POS,0,0FAC,0.07,-0.20,0.66,63,x0C
115149589,POS,1,C6AC,0.01,0.64,0.68,79,x0E
115149683,POS,0,0FAC,0.08,-0.19,0.63,56,x0C
115149687,POS,1,C6AC,0.01,0.61,0.67,78,x0E
115149785,POS,0,0FAC,0.08,-0.17,0.64,60,x0C
115149789,POS,1,C6AC,-0.00,0.58,0.73,80,x0E
115149882,POS,0,0FAC,0.10,-0.21,0.65,52,x0C
115149889,POS,1,C6AC,0.00,0.58,0.75,85,x0E
115149985,POS,0,0FAC,0.08,-0.25,0.61,51,x0C
115149990,POS,1,C6AC,0.02,0.55,0.78,79,x0E
115150079,POS,0,0FAC,0.06,-0.28,0.58,53,x0C
115150090,POS,1,C6AC,0.01,0.55,0.74,79,x0E
115150174,POS,0,0FAC,0.07,-0.27,0.61,50,x0C
115150190,POS,1,C6AC,0.03,0.53,0.78,79,x0E
115150274,POS,0,0FAC,0.07,-0.28,0.63,49,x0C
115150290,POS,1,C6AC,0.03,0.51,0.79,81,x0E
115150385,POS,0,0FAC,0.06,-0.27,0.62,82,x0C
115150387,POS,1,C6AC,0.03,0.50,0.82,79,x0E
115150485,POS,0,0FAC,0.08,-0.24,0.63,55,x0C
115150487,POS,1,C6AC,0.01,0.49,0.81,79,x0E
115150584,POS,0,0FAC,0.08,-0.26,0.65,49,x0C
115150590,POS,1,C6AC,0.01,0.49,0.76,76,x0E
115150683,POS,0,0FAC,0.07,-0.24,0.66,54,x0C
115150687,POS,1,C6AC,0.02,0.48,0.79,78,x0E
115150783,POS,0,0FAC,0.07,-0.23,0.71,49,x0C
115150789,POS,1,C6AC,0.02,0.48,0.78,82,x0E
115150882,POS,0,0FAC,0.06,-0.31,0.68,55,x0C
115150888,POS,1,C6AC,0.04,0.47,0.79,80,x0E
115150981,POS,0,0FAC,0.06,-0.27,0.71,51,x0C
115150989,POS,1,C6AC,0.02,0.47,0.76,77,x0E
115151080,POS,0,0FAC,0.07,-0.28,0.70,49,x0C
115151091,POS,1,C6AC,0.02,0.47,0.78,81,x0E
115151173,POS,0,0FAC,0.05,-0.35,0.64,58,x0C
115151190,POS,1,C6AC,0.00,0.48,0.78,82,x0E
115151274,POS,0,0FAC,0.06,-0.32,0.63,53,x0C
115151290,POS,1,C6AC,-0.00,0.48,0.80,82,x0E
115151385,POS,0,0FAC,0.06,-0.29,0.64,54,x0C
115151390,POS,1,C6AC,0.00,0.50,0.80,84,x0E
115151486,POS,0,0FAC,0.05,-0.32,0.63,52,x0C
115151489,POS,1,C6AC,-0.00,0.49,0.82,79,x0E
115151574,POS,0,0FAC,0.06,-0.30,0.67,48,x0C
115151588,POS,1,C6AC,-0.01,0.48,0.80,78,x0E
115151686,POS,0,0FAC,0.06,-0.34,0.65,54,x0C
115151691,POS,1,C6AC,-0.01,0.50,0.79,83,x0E
115151785,POS,0,0FAC,0.07,-0.32,0.67,49,x0C
115151787,POS,1,C6AC,0.00,0.48,0.80,81,x0E
115151881,POS,0,0FAC,0.08,-0.28,0.67,53,x0C
115151891,POS,1,C6AC,0.00,0.50,0.79,84,x0E
115151976,POS,0,0FAC,0.09,-0.26,0.70,50,x0C
115151987,POS,1,C6AC,0.00,0.49,0.79,80,x0E
115152084,POS,0,0FAC,0.09,-0.31,0.66,55,x0C
115152087,POS,1,C6AC,0.00,0.48,0.79,80,x0E
115152180,POS,0,0FAC,0.09,-0.29,0.71,47,x0C
115152187,POS,1,C6AC,-0.00,0.50,0.75,78,x0E
115152280,POS,0,0FAC,0.09,-0.27,0.71,51,x0C
115152287,POS,1,C6AC,-0.00,0.51,0.77,84,x0E
115152375,POS,0,0FAC,0.09,-0.33,0.70,55,x0C
115152388,POS,1,C6AC,0.00,0.51,0.77,83,x0E
115152471,POS,0,0FAC,0.07,-0.39,0.66,57,x0C
115152488,POS,1,C6AC,0.00,0.50,0.77,80,x0E
115152584,POS,0,0FAC,0.08,-0.36,0.68,47,x0C
115152588,POS,1,C6AC,-0.01,0.48,0.77,77,x0E
115152679,POS,0,0FAC,0.09,-0.32,0.69,50,x0C
115152688,POS,1,C6AC,0.00,0.47,0.82,75,x0E
115152775,POS,0,0FAC,0.10,-0.28,0.70,54,x0C
115152791,POS,1,C6AC,-0.01,0.47,0.80,80,x0E
115152876,POS,0,0FAC,0.10,-0.26,0.69,51,x0C
115152888,POS,1,C6AC,-0.00,0.44,0.79,76,x0E
115152972,POS,0,0FAC,0.08,-0.33,0.62,59,x0C
115152988,POS,1,C6AC,0.00,0.45,0.79,80,x0E
115153085,POS,0,0FAC,0.08,-0.42,0.63,59,x0C
115153088,POS,1,C6AC,0.01,0.47,0.77,82,x0E
115153182,POS,0,0FAC,0.09,-0.34,0.64,57,x0C
115153188,POS,1,C6AC,0.00,0.48,0.75,78,x0E
115153278,POS,0,0FAC,0.10,-0.29,0.64,56,x0C
115153288,POS,1,C6AC,-0.00,0.46,0.76,78,x0E
115153378,POS,0,0FAC,0.10,-0.27,0.62,55,x0C
115153388,POS,1,C6AC,-0.00,0.48,0.78,83,x0E
115153475,POS,0,0FAC,0.11,-0.27,0.65,49,x0C
115153489,POS,1,C6AC,-0.01,0.48,0.76,78,x0E
115153575,POS,0,0FAC,0.12,-0.25,0.67,51,x0C
115153590,POS,1,C6AC,-0.01,0.50,0.74,80,x0E
115153682,POS,0,0FAC,0.13,-0.32,0.70,55,x0C
115153688,POS,1,C6AC,-0.02,0.50,0.74,81,x0E
115153777,POS,0,0FAC,0.13,-0.30,0.70,49,x0C
115153788,POS,1,C6AC,-0.02,0.53,0.72,80,x0E
115153878,POS,0,0FAC,0.12,-0.29,0.70,48,x0C
115153888,POS,1,C6AC,-0.02,0.53,0.77,80,x0E
115153978,POS,0,0FAC,0.12,-0.27,0.71,50,x0C
115153988,POS,1,C6AC,-0.02,0.54,0.76,84,x0E
115154084,POS,0,0FAC,0.10,-0.31,0.66,54,x0C
115154089,POS,1,C6AC,-0.02,0.53,0.77,81,x0E
115154182,POS,0,0FAC,0.09,-0.34,0.62,54,x0C
115154188,POS,1,C6AC,-0.03,0.54,0.74,79,x0E
115154279,POS,0,0FAC,0.09,-0.31,0.65,49,x0C
115154288,POS,1,C6AC,-0.03,0.53,0.72,78,x0E
115154380,POS,0,0FAC,0.10,-0.32,0.66,51,x0C
115154388,POS,1,C6AC,-0.03,0.52,0.76,80,x0E
115154481,POS,0,0FAC,0.11,-0.35,0.66,55,x0C
115154489,POS,1,C6AC,-0.03,0.51,0.75,80,x0E
115154584,POS,0,0FAC,0.10,-0.30,0.64,57,x0C
115154588,POS,1,C6AC,-0.03,0.50,0.77,80,x0E
115154682,POS,0,0FAC,0.11,-0.28,0.62,55,x0C
115154688,POS,1,C6AC,-0.03,0.49,0.78,81,x0E
115154783,POS,0,0FAC,0.10,-0.26,0.65,51,x0C
115154789,POS,1,C6AC,-0.03,0.47,0.79,80,x0E
115154886,POS,0,0FAC,0.09,-0.23,0.67,55,x0C
115154889,POS,1,C6AC,-0.02,0.49,0.81,82,x0E
115154984,POS,0,0FAC,0.09,-0.22,0.67,54,x0C
115154989,POS,1,C6AC,-0.03,0.54,0.75,79,x0E
115155085,POS,0,0FAC,0.11,-0.28,0.63,57,x0C
115155088,POS,1,C6AC,-0.03,0.52,0.77,80,x0E
115155179,POS,0,0FAC,0.11,-0.24,0.63,58,x0C
115155189,POS,1,C6AC,-0.03,0.51,0.76,78,x0E
115155272,POS,0,0FAC,0.11,-0.22,0.63,55,x0C
115155289,POS,1,C6AC,-0.03,0.51,0.77,83,x0E
115155385,POS,0,0FAC,0.11,-0.24,0.61,51,x0C
115155389,POS,1,C6AC,-0.02,0.48,0.81,76,x0E
115155484,POS,0,0FAC,0.11,-0.23,0.61,52,x0C
115155489,POS,1,C6AC,-0.03,0.46,0.80,77,x0E
115155584,POS,0,0FAC,0.11,-0.22,0.62,55,x0C
115155588,POS,1,C6AC,-0.05,0.45,0.76,72,x0E
115155683,POS,0,0FAC,0.11,-0.25,0.63,52,x0C
115155689,POS,1,C6AC,-0.03,0.44,0.78,78,x0E
115155784,POS,0,0FAC,0.10,-0.29,0.59,54,x0C
115155789,POS,1,C6AC,-0.03,0.39,0.76,74,x0E
115155881,POS,0,0FAC,0.09,-0.26,0.58,57,x0C
115155889,POS,1,C6AC,-0.03,0.36,0.79,72,x0E
115155981,POS,0,0FAC,0.09,-0.26,0.61,48,x0C
115155990,POS,1,C6AC,-0.03,0.31,0.76,75,x0E
115156080,POS,0,0FAC,0.10,-0.24,0.60,55,x0C
115156089,POS,1,C6AC,-0.03,0.28,0.73,75,x0E
115156178,POS,0,0FAC,0.10,-0.23,0.61,54,x0C
115156189,POS,1,C6AC,-0.03,0.26,0.76,71,x0E
115156272,POS,0,0FAC,0.09,-0.25,0.61,50,x0C
115156289,POS,1,C6AC,-0.04,0.22,0.79,67,x0E
115156385,POS,0,0FAC,0.08,-0.30,0.61,53,x0C
115156389,POS,1,C6AC,-0.05,0.21,0.81,68,x0E
115156484,POS,0,0FAC,0.07,-0.28,0.63,52,x0C
115156498,POS,1,C6AC,-0.04,0.16,0.82,62,x0E
115156579,POS,0,0FAC,0.08,-0.26,0.64,51,x0C
115156589,POS,1,C6AC,-0.03,0.16,0.80,73,x0E
115156679,POS,0,0FAC,0.08,-0.28,0.65,50,x0C
115156689,POS,1,C6AC,-0.03,0.13,0.78,66,x0E
115156774,POS,0,0FAC,0.07,-0.39,0.61,61,x0C
115156790,POS,1,C6AC,-0.02,0.11,0.76,70,x0E
115156882,POS,0,0FAC,0.07,-0.47,0.60,62,x0C
115156889,POS,1,C6AC,-0.01,0.05,0.74,56,x0E
115156974,POS,0,0FAC,0.07,-0.56,0.57,66,x0C
115156989,POS,1,C6AC,-0.02,0.01,0.74,58,x0E
115157077,POS,0,0FAC,0.11,-0.51,0.58,56,x0C
115157089,POS,1,C6AC,-0.02,0.01,0.72,68,x0E
115157177,POS,0,0FAC,0.14,-0.45,0.57,54,x0C
115157189,POS,1,C6AC,-0.02,-0.00,0.68,65,x0E
115157272,POS,0,0FAC,0.16,-0.40,0.56,54,x0C
115157289,POS,1,C6AC,-0.03,0.00,0.67,68,x0E
115157385,POS,0,0FAC,0.20,-0.37,0.54,59,x0C
115157385,POS,1,C6AC,-0.04,-0.03,0.70,56,x0E
115157484,POS,0,0FAC,0.23,-0.43,0.54,64,x0C
115157489,POS,1,C6AC,-0.04,-0.06,0.64,62,x0E
115157584,POS,0,0FAC,0.22,-0.59,0.58,70,x0C
115157584,POS,1,C6AC,-0.03,-0.07,0.66,59,x0E
115157683,POS,0,0FAC,0.22,-0.71,0.60,71,x0C
115157690,POS,1,C6AC,-0.04,-0.11,0.68,51,x0E
115157782,POS,0,0FAC,0.21,-0.83,0.57,75,x0C
115157789,POS,1,C6AC,-0.05,-0.16,0.65,47,x0E
115157881,POS,0,0FAC,0.20,-0.80,0.61,61,x0C
115157889,POS,1,C6AC,-0.04,-0.22,0.64,48,x0E
115157981,POS,0,0FAC,0.23,-0.81,0.57,71,x0C
115157989,POS,1,C6AC,-0.05,-0.18,0.61,66,x0E
115158080,POS,0,0FAC,0.25,-0.77,0.54,66,x0C
115158089,POS,1,C6AC,-0.04,-0.19,0.63,53,x0E
115158185,POS,0,0FAC,0.26,-0.75,0.58,63,x0C
115158189,POS,1,C6AC,-0.04,-0.18,0.66,55,x0E
115158272,POS,0,0FAC,0.27,-0.73,0.60,64,x0C
115158289,POS,1,C6AC,-0.04,-0.15,0.65,65,x0E
115158385,POS,0,0FAC,0.24,-0.74,0.60,64,x0C
115158389,POS,1,C6AC,-0.05,-0.13,0.66,62,x0E
115158482,POS,0,0FAC,0.24,-0.73,0.60,65,x0C
115158489,POS,1,C6AC,-0.04,-0.12,0.67,58,x0E
115158578,POS,0,0FAC,0.25,-0.73,0.61,65,x0C
115158589,POS,1,C6AC,-0.04,-0.12,0.71,55,x0E
115158674,POS,0,0FAC,0.25,-0.74,0.60,66,x0C
115158690,POS,1,C6AC,-0.05,-0.12,0.69,60,x0E
115158774,POS,0,0FAC,0.24,-0.75,0.61,66,x0C
115158789,POS,1,C6AC,-0.05,-0.12,0.70,59,x0E
115158872,POS,0,0FAC,0.24,-0.76,0.61,66,x0C
115158885,POS,1,C6AC,-0.05,-0.14,0.71,52,x0E
115158973,POS,0,0FAC,0.25,-0.76,0.59,67,x0C
115158989,POS,1,C6AC,-0.05,-0.13,0.72,58,x0E
115159081,POS,0,0FAC,0.23,-0.79,0.60,66,x0C
115159089,POS,1,C6AC,-0.05,-0.15,0.72,52,x0E
115159176,POS,0,0FAC,0.24,-0.79,0.59,68,x0C
115159189,POS,1,C6AC,-0.06,-0.13,0.72,61,x0E
115159275,POS,0,0FAC,0.25,-0.80,0.59,68,x0C
115159289,POS,1,C6AC,-0.05,-0.13,0.73,56,x0E
115159386,POS,0,0FAC,0.25,-0.82,0.59,68,x0C
115159389,POS,1,C6AC,-0.05,-0.12,0.74,59,x0E
115159484,POS,0,0FAC,0.26,-0.82,0.57,68,x0C
115159484,POS,1,C6AC,-0.05,-0.12,0.72,59,x0E
115159579,POS,0,0FAC,0.29,-0.81,0.57,68,x0C
115159589,POS,1,C6AC,-0.04,-0.11,0.69,63,x0E
115159675,POS,0,0FAC,0.29,-0.81,0.59,68,x0C
115159689,POS,1,C6AC,-0.05,-0.11,0.68,59,x0E
115159774,POS,0,0FAC,0.31,-0.82,0.59,69,x0C
115159789,POS,1,C6AC,-0.05,-0.14,0.68,53,x0E
115159885,POS,0,0FAC,0.31,-0.82,0.58,69,x0C
115159889,POS,1,C6AC,-0.05,-0.15,0.71,53,x0E
115159980,POS,0,0FAC,0.33,-0.82,0.59,69,x0C
115159989,POS,1,C6AC,-0.04,-0.14,0.70,58,x0E
115200075,POS,0,0FAC,0.35,-0.79,0.60,67,x0C
115200090,POS,1,C6AC,-0.04,-0.13,0.70,60,x0E
115200173,POS,0,0FAC,0.36,-0.78,0.58,68,x0C
115200189,POS,1,C6AC,-0.04,-0.11,0.68,64,x0E
115200273,POS,0,0FAC,0.36,-0.79,0.59,68,x0C
115200289,POS,1,C6AC,-0.04,-0.10,0.67,64,x0E
115200382,POS,0,0FAC,0.36,-0.78,0.57,69,x0C
115200382,POS,1,C6AC,-0.04,-0.08,0.65,66,x0E
115200477,POS,0,0FAC,0.36,-0.78,0.57,68,x0C
115200477,POS,1,C6AC,-0.04,-0.09,0.68,56,x0E
115200584,POS,0,0FAC,0.34,-0.80,0.58,68,x0C
115200584,POS,1,C6AC,-0.03,-0.10,0.68,59,x0E
115200679,POS,0,0FAC,0.33,-0.80,0.59,67,x0C
115200690,POS,1,C6AC,-0.03,-0.10,0.67,60,x0E
115200781,POS,0,0FAC,0.32,-0.81,0.57,70,x0C
115200781,POS,1,C6AC,-0.04,-0.11,0.69,57,x0E
115200875,POS,0,0FAC,0.35,-0.79,0.56,69,x0C
115200890,POS,1,C6AC,-0.04,-0.12,0.68,58,x0E
115200974,POS,0,0FAC,0.35,-0.79,0.57,68,x0C
115200987,POS,1,C6AC,-0.03,-0.12,0.69,55,x0E
115201075,POS,0,0FAC,0.36,-0.78,0.57,68,x0C
115201090,POS,1,C6AC,-0.04,-0.16,0.68,50,x0E
115201185,POS,0,0FAC,0.37,-0.76,0.59,67,x0C
115201190,POS,1,C6AC,-0.04,-0.14,0.66,63,x0E
115201273,POS,0,0FAC,0.39,-0.76,0.62,67,x0C
115201290,POS,1,C6AC,-0.03,-0.13,0.67,59,x0E
115201382,POS,0,0FAC,0.40,-0.83,0.60,74,x0C
115201382,POS,1,C6AC,-0.03,-0.11,0.66,63,x0E
115201477,POS,0,0FAC,0.40,-0.80,0.63,66,x0C
115201477,POS,1,C6AC,-0.03,-0.10,0.67,61,x0E
115201576,POS,0,0FAC,0.41,-0.78,0.62,68,x0C
115201576,POS,1,C6AC,-0.03,-0.14,0.66,51,x0E
115201674,POS,0,0FAC,0.42,-0.76,0.66,66,x0C
115201686,POS,1,C6AC,-0.02,-0.13,0.66,60,x0E
115201785,POS,0,0FAC,0.41,-0.75,0.65,67,x0C
115201790,POS,1,C6AC,-0.02,-0.13,0.70,55,x0E
115201885,POS,0,0FAC,0.40,-0.77,0.64,69,x0C
115201885,POS,1,C6AC,-0.03,-0.11,0.69,63,x0E
115201977,POS,0,0FAC,0.40,-0.76,0.62,68,x0C
115201990,POS,1,C6AC,-0.03,-0.11,0.71,58,x0E
115202076,POS,0,0FAC,0.39,-0.78,0.61,69,x0C
115202076,POS,1,C6AC,-0.04,-0.09,0.67,67,x0E
115202174,POS,0,0FAC,0.38,-0.78,0.60,68,x0C
115202187,POS,1,C6AC,-0.04,-0.13,0.65,53,x0E
115202284,POS,0,0FAC,0.38,-0.84,0.56,75,x0C
115202284,POS,1,C6AC,-0.03,-0.13,0.67,57,x0E
115202382,POS,0,0FAC,0.39,-0.88,0.52,74,x0C
115202382,POS,1,C6AC,-0.04,-0.13,0.66,58,x0E
115202477,POS,0,0FAC,0.38,-0.85,0.53,68,x0C
115202477,POS,1,C6AC,-0.05,-0.12,0.65,64,x0E
115202578,POS,0,0FAC,0.37,-0.84,0.54,69,x0C
115202591,POS,1,C6AC,-0.04,-0.10,0.67,61,x0E
115202675,POS,0,0FAC,0.37,-0.84,0.55,69,x0C
115202675,POS,1,C6AC,-0.05,-0.09,0.68,63,x0E
115202774,POS,0,0FAC,0.37,-0.83,0.53,70,x0C
115202786,POS,1,C6AC,-0.05,-0.09,0.68,60,x0E
115202874,POS,0,0FAC,0.37,-0.82,0.54,68,x0C
115202886,POS,1,C6AC,-0.04,-0.09,0.69,60,x0E
115202981,POS,0,0FAC,0.39,-0.94,0.52,79,x0C
115202981,POS,1,C6AC,-0.04,-0.09,0.70,59,x0E
115203081,POS,0,0FAC,0.38,-0.91,0.52,70,x0C
115203081,POS,1,C6AC,-0.05,-0.07,0.66,69,x0E
115203178,POS,0,0FAC,0.37,-0.89,0.52,69,x0C
115203189,POS,1,C6AC,-0.05,-0.07,0.65,64,x0E
115203285,POS,0,0FAC,0.36,-0.86,0.56,66,x0C
115203285,POS,1,C6AC,-0.04,-0.07,0.67,60,x0E
115203385,POS,0,0FAC,0.36,-0.83,0.59,66,x0C
115203385,POS,1,C6AC,-0.04,-0.05,0.65,68,x0E
115203481,POS,0,0FAC,0.36,-0.81,0.59,68,x0C
115203481,POS,1,C6AC,-0.03,-0.06,0.68,58,x0E
115203576,POS,0,0FAC,0.35,-0.81,0.58,68,x0C
115203576,POS,1,C6AC,-0.01,-0.08,0.72,53,x0E
115203686,POS,0,0FAC,0.34,-0.81,0.58,68,x0C
115203689,POS,1,C6AC,-0.03,-0.15,0.70,46,x0E
115203785,POS,0,0FAC,0.34,-0.79,0.57,67,x0C
115203785,POS,1,C6AC,-0.03,-0.21,0.73,46,x0E
115203886,POS,0,0FAC,0.35,-0.78,0.60,67,x0C
115203886,POS,1,C6AC,-0.02,-0.19,0.76,53,x0E
115203981,POS,0,0FAC,0.37,-0.76,0.60,68,x0C
115203981,POS,1,C6AC,-0.03,-0.19,0.79,49,x0E
115204078,POS,0,0FAC,0.39,-0.77,0.67,67,x0C
115204078,POS,1,C6AC,0.01,-0.23,0.71,84,x0E
115204178,POS,0,0FAC,0.42,-0.77,0.73,67,x0C
115204178,POS,1,C6AC,0.01,-0.22,0.74,50,x0E
115204276,POS,0,0FAC,0.41,-0.77,0.70,68,x0C
115204276,POS,1,C6AC,-0.00,-0.20,0.76,53,x0E
115204376,POS,0,0FAC,0.40,-0.77,0.67,68,x0C
115204376,POS,1,C6AC,0.00,-0.19,0.77,53,x0E
115204476,POS,0,0FAC,0.37,-0.91,0.59,80,x0C
115204487,POS,1,C6AC,-0.01,-0.23,0.71,48,x0E
115204582,POS,0,0FAC,0.39,-0.86,0.59,68,x0C
115204582,POS,1,C6AC,-0.01,-0.21,0.74,52,x0E
115204683,POS,0,0FAC,0.37,-0.99,0.53,81,x0C
115204683,POS,1,C6AC,-0.02,-0.25,0.71,48,x0E
115204779,POS,0,0FAC,0.36,-0.94,0.55,67,x0C
115204779,POS,1,C6AC,-0.02,-0.28,0.71,45,x0E
115204876,POS,0,0FAC,0.35,-0.89,0.58,65,x0C
115204890,POS,1,C6AC,-0.02,-0.23,0.72,58,x0E
115204977,POS,0,0FAC,0.36,-0.85,0.59,67,x0C
115204989,POS,1,C6AC,-0.03,-0.24,0.73,49,x0E
115205084,POS,0,0FAC,0.36,-0.84,0.59,69,x0C
115205084,POS,1,C6AC,-0.03,-0.21,0.74,56,x0E
115205185,POS,0,0FAC,0.35,-0.96,0.52,80,x0C
115205185,POS,1,C6AC,-0.02,-0.17,0.72,63,x0E
115205277,POS,0,0FAC,0.34,-0.93,0.54,68,x0C
115205277,POS,1,C6AC,-0.02,-0.14,0.71,63,x0E
115205377,POS,0,0FAC,0.32,-0.90,0.55,67,x0C
115205389,POS,1,C6AC,-0.02,-0.12,0.72,59,x0E
115205477,POS,0,0FAC,0.31,-0.88,0.56,67,x0C
115205488,POS,1,C6AC,-0.02,-0.17,0.69,47,x0E
115205584,POS,0,0FAC,0.31,-0.86,0.56,68,x0C
115205584,POS,1,C6AC,-0.02,-0.20,0.70,48,x0E
115205683,POS,0,0FAC,0.32,-0.83,0.56,67,x0C
115205683,POS,1,C6AC,-0.01,-0.16,0.72,60,x0E
115205781,POS,0,0FAC,0.34,-0.88,0.53,75,x0C
115205781,POS,1,C6AC,-0.00,-0.13,0.73,61,x0E
115205878,POS,0,0FAC,0.34,-0.86,0.50,70,x0C
115205878,POS,1,C6AC,0.01,-0.16,0.74,49,x0E
115205977,POS,0,0FAC,0.33,-0.83,0.50,68,x0C
115205977,POS,1,C6AC,0.01,-0.14,0.72,60,x0E
115206086,POS,0,0FAC,0.33,-0.82,0.45,72,x0C
115206086,POS,1,C6AC,0.02,-0.11,0.70,65,x0E
115206185,POS,0,0FAC,0.34,-0.81,0.47,69,x0C
115206186,POS,1,C6AC,0.00,-0.09,0.70,64,x0E
115206282,POS,0,0FAC,0.34,-0.81,0.44,71,x0C
115206282,POS,1,C6AC,0.00,-0.07,0.69,64,x0E
115206379,POS,0,0FAC,0.33,-0.80,0.45,68,x0C
115206379,POS,1,C6AC,-0.00,-0.11,0.70,51,x0E
115206478,POS,0,0FAC,0.33,-0.79,0.46,68,x0C
115206478,POS,1,C6AC,0.00,-0.09,0.69,63,x0E
115206578,POS,0,0FAC,0.33,-0.80,0.49,69,x0C
115206589,POS,1,C6AC,0.01,-0.08,0.67,66,x0E
115206678,POS,0,0FAC,0.33,-0.80,0.52,68,x0C
115206685,POS,1,C6AC,0.01,-0.07,0.67,62,x0E
115206785,POS,0,0FAC,0.34,-0.80,0.52,69,x0C
115206785,POS,1,C6AC,0.01,-0.07,0.67,62,x0E
115206878,POS,0,0FAC,0.35,-0.78,0.54,67,x0C
115206887,POS,1,C6AC,-0.00,-0.07,0.68,62,x0E
115206980,POS,0,0FAC,0.36,-0.77,0.54,68,x0C
115206980,POS,1,C6AC,0.01,-0.05,0.67,66,x0E
115207078,POS,0,0FAC,0.36,-0.76,0.56,67,x0C
115207085,POS,1,C6AC,0.00,-0.14,0.72,47,x0E
115207181,POS,0,0FAC,0.37,-0.77,0.58,69,x0C
115207181,POS,1,C6AC,0.01,-0.13,0.66,64,x0E
115207281,POS,0,0FAC,0.38,-0.80,0.56,72,x0C
115207281,POS,1,C6AC,0.02,-0.13,0.68,55,x0E
115207384,POS,0,0FAC,0.38,-0.79,0.58,67,x0C
115207392,POS,1,C6AC,0.01,-0.18,0.65,47,x0E
115207484,POS,0,0FAC,0.37,-0.78,0.59,67,x0C
115207484,POS,1,C6AC,0.02,-0.14,0.66,63,x0E
115207583,POS,0,0FAC,0.38,-0.78,0.59,69,x0C
115207590,POS,1,C6AC,0.03,-0.22,0.69,51,x0E
115207682,POS,0,0FAC,0.39,-0.78,0.58,69,x0C
115207689,POS,1,C6AC,0.04,-0.31,0.72,54,x0E
115207782,POS,0,0FAC,0.38,-0.77,0.58,67,x0C
115207789,POS,1,C6AC,0.06,-0.32,0.67,54,x0E
115207881,POS,0,0FAC,0.40,-0.77,0.58,70,x0C
115207888,POS,1,C6AC,0.07,-0.26,0.67,60,x0E
115207984,POS,0,0FAC,0.40,-0.76,0.57,68,x0C
115207987,POS,1,C6AC,0.09,-0.24,0.68,51,x0E
115208080,POS,0,0FAC,0.38,-0.77,0.58,68,x0C
115208087,POS,1,C6AC,0.11,-0.24,0.64,52,x0E
115208185,POS,0,0FAC,0.38,-0.77,0.60,67,x0C
115208188,POS,1,C6AC,0.14,-0.29,0.65,56,x0E
115208285,POS,0,0FAC,0.39,-0.76,0.59,68,x0C
115208285,POS,1,C6AC,0.15,-0.25,0.68,53,x0E
115208381,POS,0,0FAC,0.40,-0.77,0.64,68,x0C
115208381,POS,1,C6AC,0.19,-0.30,0.72,57,x0E
115208478,POS,0,0FAC,0.42,-0.79,0.63,70,x0C
115208489,POS,1,C6AC,0.22,-0.27,0.69,54,x0E
115208579,POS,0,0FAC,0.40,-0.78,0.66,66,x0C
115208586,POS,1,C6AC,0.24,-0.21,0.68,59,x0E
115208681,POS,0,0FAC,0.40,-0.75,0.70,63,x0C
115208681,POS,1,C6AC,0.28,-0.22,0.67,56,x0E
115208781,POS,0,0FAC,0.40,-0.72,0.68,65,x0C
115208781,POS,1,C6AC,0.30,-0.19,0.67,54,x0E
115208878,POS,0,0FAC,0.37,-0.73,0.71,64,x0C
115208878,POS,1,C6AC,0.32,-0.18,0.68,55,x0E
115208985,POS,0,0FAC,0.37,-0.70,0.70,64,x0C
115208986,POS,1,C6AC,0.33,-0.32,0.65,68,x0E
115209078,POS,0,0FAC,0.37,-0.70,0.71,64,x0C
115209086,POS,1,C6AC,0.35,-0.41,0.64,66,x0E
115209182,POS,0,0FAC,0.36,-0.71,0.70,66,x0C
115209182,POS,1,C6AC,0.38,-0.35,0.68,56,x0E
115209282,POS,0,0FAC,0.37,-0.70,0.73,65,x0C
115209282,POS,1,C6AC,0.41,-0.41,0.65,67,x0E
115209385,POS,0,0FAC,0.41,-0.73,0.74,69,x0C
115209385,POS,1,C6AC,0.43,-0.49,0.62,69,x0E
115209483,POS,0,0FAC,0.42,-0.76,0.65,73,x0C
115209483,POS,1,C6AC,0.44,-0.44,0.68,59,x0E
115209579,POS,0,0FAC,0.43,-0.71,0.60,67,x0C
115209586,POS,1,C6AC,0.45,-0.48,0.64,67,x0E
115209681,POS,0,0FAC,0.44,-0.70,0.62,67,x0C
115209681,POS,1,C6AC,0.47,-0.58,0.57,74,x0E
115209781,POS,0,0FAC,0.46,-0.63,0.55,67,x0C
115209781,POS,1,C6AC,0.49,-0.59,0.57,69,x0E
115209880,POS,0,0FAC,0.47,-0.59,0.50,67,x0C
115209888,POS,1,C6AC,0.48,-0.60,0.51,70,x0E
115209980,POS,0,0FAC,0.51,-0.58,0.53,68,x0C
115209987,POS,1,C6AC,0.49,-0.64,0.51,70,x0E
115210080,POS,0,0FAC,0.54,-0.57,0.59,67,x0C
115210087,POS,1,C6AC,0.49,-0.66,0.48,72,x0E
115210185,POS,0,0FAC,0.59,-0.58,0.69,68,x0C
115210186,POS,1,C6AC,0.48,-0.67,0.45,71,x0E
115210284,POS,0,0FAC,0.63,-0.72,0.78,75,x0C
115210290,POS,1,C6AC,0.49,-0.68,0.42,72,x0E
115210384,POS,0,0FAC,0.65,-0.83,0.80,76,x0C
115210384,POS,1,C6AC,0.49,-0.59,0.53,59,x0E
115210484,POS,0,0FAC,0.69,-0.76,0.86,68,x0C
115210484,POS,1,C6AC,0.50,-0.65,0.56,71,x0E
115210584,POS,0,0FAC,0.72,-0.70,0.91,68,x0C
115210584,POS,1,C6AC,0.49,-0.58,0.66,59,x0E
115210684,POS,0,0FAC,0.75,-0.64,0.97,67,x0C
115210684,POS,1,C6AC,0.50,-0.62,0.60,72,x0E
115210782,POS,0,0FAC,0.76,-0.59,0.98,67,x0C
115210782,POS,1,C6AC,0.50,-0.65,0.54,72,x0E
115210882,POS,0,0FAC,0.79,-0.55,1.01,68,x0C
115210882,POS,1,C6AC,0.50,-0.59,0.63,61,x0E
115210979,POS,0,0FAC,0.80,-0.51,1.04,67,x0C
115210979,POS,1,C6AC,0.50,-0.53,0.68,61,x0E
115211079,POS,0,0FAC,0.81,-0.48,1.02,67,x0C
115211079,POS,1,C6AC,0.49,-0.50,0.76,59,x0E
115211179,POS,0,0FAC,0.81,-0.45,1.03,67,x0C
115211187,POS,1,C6AC,0.53,-0.61,0.72,74,x0E
115211283,POS,0,0FAC,0.82,-0.44,1.00,67,x0C
115211283,POS,1,C6AC,0.54,-0.63,0.65,72,x0E
115211383,POS,0,0FAC,0.82,-0.43,1.01,67,x0C
115211383,POS,1,C6AC,0.53,-0.64,0.56,71,x0E
115211484,POS,0,0FAC,0.82,-0.42,1.01,67,x0C
115211490,POS,1,C6AC,0.52,-0.57,0.64,60,x0E
115211579,POS,0,0FAC,0.80,-0.60,0.89,78,x0C
115211579,POS,1,C6AC,0.51,-0.54,0.69,61,x0E
115211680,POS,0,0FAC,0.81,-0.55,0.92,67,x0C
115211687,POS,1,C6AC,0.52,-0.60,0.63,72,x0E
115211782,POS,0,0FAC,0.82,-0.52,0.91,69,x0C
115211782,POS,1,C6AC,0.53,-0.64,0.57,73,x0E
115211881,POS,0,0FAC,0.83,-0.50,0.93,69,x0C
115211881,POS,1,C6AC,0.54,-0.65,0.56,70,x0E
115211982,POS,0,0FAC,0.83,-0.48,0.95,67,x0C
115211982,POS,1,C6AC,0.53,-0.57,0.64,59,x0E
115212083,POS,0,0FAC,0.83,-0.45,0.96,67,x0C
115212089,POS,1,C6AC,0.54,-0.64,0.64,71,x0E
115212183,POS,0,0FAC,0.83,-0.44,0.97,68,x0C
115212183,POS,1,C6AC,0.54,-0.63,0.62,68,x0E
115212284,POS,0,0FAC,0.83,-0.42,0.95,67,x0C
115212289,POS,1,C6AC,0.53,-0.56,0.68,60,x0E
115212385,POS,0,0FAC,0.83,-0.41,0.94,67,x0C
115212385,POS,1,C6AC,0.53,-0.61,0.65,71,x0E
115212485,POS,0,0FAC,0.83,-0.40,0.93,67,x0C
115212485,POS,1,C6AC,0.53,-0.64,0.60,71,x0E
115212581,POS,0,0FAC,0.83,-0.39,0.92,67,x0C
115212586,POS,1,C6AC,0.54,-0.71,0.58,74,x0E
115212684,POS,0,0FAC,0.83,-0.39,0.93,67,x0C
115212689,POS,1,C6AC,0.53,-0.75,0.53,74,x0E
115212783,POS,0,0FAC,0.83,-0.40,0.94,68,x0C
115212787,POS,1,C6AC,0.52,-0.65,0.61,60,x0E
115212883,POS,0,0FAC,0.84,-0.40,0.96,67,x0C
115212887,POS,1,C6AC,0.51,-0.69,0.55,73,x0E
115212983,POS,0,0FAC,0.84,-0.40,0.96,68,x0C
115212988,POS,1,C6AC,0.51,-0.71,0.56,70,x0E
115213080,POS,0,0FAC,0.83,-0.40,0.99,67,x0C
115213089,POS,1,C6AC,0.51,-0.72,0.55,71,x0E
115213180,POS,0,0FAC,0.84,-0.40,1.01,67,x0C
115213190,POS,1,C6AC,0.51,-0.63,0.64,60,x0E
115213282,POS,0,0FAC,0.84,-0.41,0.97,69,x0C
115213289,POS,1,C6AC,0.50,-0.56,0.69,59,x0E
115213383,POS,0,0FAC,0.85,-0.42,0.96,69,x0C
115213389,POS,1,C6AC,0.49,-0.51,0.74,59,x0E
115213480,POS,0,0FAC,0.85,-0.43,0.95,68,x0C
115213489,POS,1,C6AC,0.49,-0.53,0.66,68,x0E
115213580,POS,0,0FAC,0.85,-0.42,0.97,68,x0C
115213590,POS,1,C6AC,0.49,-0.58,0.61,70,x0E
115213680,POS,0,0FAC,0.85,-0.40,0.98,67,x0C
115213690,POS,1,C6AC,0.48,-0.65,0.54,74,x0E
115213781,POS,0,0FAC,0.83,-0.59,0.93,77,x0C
115213781,POS,1,C6AC,0.48,-0.58,0.65,59,x0E
115213880,POS,0,0FAC,0.84,-0.54,0.96,67,x0C
115213880,POS,1,C6AC,0.49,-0.61,0.59,71,x0E
115213980,POS,0,0FAC,0.84,-0.50,0.97,67,x0C
115213980,POS,1,C6AC,0.49,-0.59,0.55,68,x0E
115214080,POS,0,0FAC,0.84,-0.47,1.00,67,x0C
115214088,POS,1,C6AC,0.48,-0.61,0.50,70,x0E
115214180,POS,0,0FAC,0.85,-0.44,1.02,67,x0C
115214188,POS,1,C6AC,0.50,-0.63,0.55,68,x0E
115214284,POS,0,0FAC,0.85,-0.41,1.02,66,x0C
115214289,POS,1,C6AC,0.49,-0.64,0.49,71,x0E
115214380,POS,0,0FAC,0.85,-0.41,1.04,67,x0C
115214380,POS,1,C6AC,0.49,-0.63,0.53,66,x0E
115214480,POS,0,0FAC,0.84,-0.59,0.99,77,x0C
115214480,POS,1,C6AC,0.53,-0.60,0.51,87,x0E
115214581,POS,0,0FAC,0.84,-0.54,0.98,68,x0C
115214581,POS,1,C6AC,0.49,-0.62,0.47,70,x0E
115214681,POS,0,0FAC,0.84,-0.50,1.00,67,x0C
115214681,POS,1,C6AC,0.49,-0.58,0.51,63,x0E
115214781,POS,0,0FAC,0.84,-0.48,1.01,67,x0C
115214786,POS,1,C6AC,0.47,-0.60,0.48,70,x0E
115214881,POS,0,0FAC,0.83,-0.46,1.00,67,x0C
115214881,POS,1,C6AC,0.47,-0.52,0.58,57,x0E
115214981,POS,0,0FAC,0.83,-0.45,0.99,67,x0C
115214981,POS,1,C6AC,0.47,-0.50,0.57,64,x0E
115215080,POS,0,0FAC,0.83,-0.45,0.95,69,x0C
115215089,POS,1,C6AC,0.48,-0.48,0.57,64,x0E
115215185,POS,0,0FAC,0.84,-0.44,0.96,67,x0C
115215188,POS,1,C6AC,0.48,-0.42,0.60,59,x0E
115215283,POS,0,0FAC,0.83,-0.42,0.96,67,x0C
115215283,POS,1,C6AC,0.50,-0.33,0.58,92,x0E
115215380,POS,0,0FAC,0.83,-0.42,0.95,68,x0C
115215389,POS,1,C6AC,0.49,-0.39,0.56,67,x0E
115215480,POS,0,0FAC,0.83,-0.40,0.99,66,x0C
115215488,POS,1,C6AC,0.50,-0.34,0.57,60,x0E
115215583,POS,0,0FAC,0.81,-0.56,0.94,75,x0C
115215583,POS,1,C6AC,0.49,-0.35,0.57,62,x0E
115215681,POS,0,0FAC,0.81,-0.52,0.96,67,x0C
115215681,POS,1,C6AC,0.48,-0.31,0.63,57,x0E
115215781,POS,0,0FAC,0.82,-0.49,0.99,67,x0C
115215781,POS,1,C6AC,0.49,-0.37,0.59,67,x0E
115215885,POS,0,0FAC,0.82,-0.45,0.96,67,x0C
115215887,POS,1,C6AC,0.51,-0.39,0.62,64,x0E
115215981,POS,0,0FAC,0.83,-0.46,0.94,69,x0C
115215986,POS,1,C6AC,0.51,-0.48,0.63,70,x0E
115216081,POS,0,0FAC,0.83,-0.45,0.94,68,x0C
115216081,POS,1,C6AC,0.51,-0.51,0.60,67,x0E
115216181,POS,0,0FAC,0.83,-0.44,0.93,68,x0C
115216181,POS,1,C6AC,0.50,-0.59,0.60,71,x0E
115216281,POS,0,0FAC,0.82,-0.42,0.96,66,x0C
115216281,POS,1,C6AC,0.52,-0.59,0.60,67,x0E
115216381,POS,0,0FAC,0.81,-0.42,0.94,67,x0C
115216381,POS,1,C6AC,0.51,-0.62,0.58,69,x0E
115216482,POS,0,0FAC,0.81,-0.40,0.96,66,x0C
115216488,POS,1,C6AC,0.49,-0.66,0.53,71,x0E
115216584,POS,0,0FAC,0.87,-0.57,0.85,95,x0C
115216584,POS,1,C6AC,0.51,-0.62,0.58,66,x0E
115216682,POS,0,0FAC,0.82,-0.70,0.72,79,x0C
115216682,POS,1,C6AC,0.51,-0.64,0.57,69,x0E
115216782,POS,0,0FAC,0.82,-0.63,0.79,67,x0C
115216782,POS,1,C6AC,0.50,-0.52,0.61,57,x0E
115216882,POS,0,0FAC,0.82,-0.77,0.85,76,x0C
115216882,POS,1,C6AC,0.50,-0.48,0.58,64,x0E
115216984,POS,0,0FAC,0.82,-0.69,0.88,67,x0C
115216988,POS,1,C6AC,0.50,-0.41,0.62,58,x0E
115217084,POS,0,0FAC,0.82,-0.63,0.90,68,x0C
115217084,POS,1,C6AC,0.51,-0.50,0.62,70,x0E
115217182,POS,0,0FAC,0.82,-0.57,0.94,67,x0C
115217182,POS,1,C6AC,0.51,-0.52,0.60,67,x0E
115217282,POS,0,0FAC,0.82,-0.54,0.95,68,x0C
115217282,POS,1,C6AC,0.50,-0.55,0.56,69,x0E
115217382,POS,0,0FAC,0.84,-0.52,0.99,68,x0C
115217382,POS,1,C6AC,0.52,-0.49,0.57,63,x0E
115217484,POS,0,0FAC,0.85,-0.51,1.00,69,x0C
115217484,POS,1,C6AC,0.51,-0.51,0.56,67,x0E
115217584,POS,0,0FAC,0.85,-0.68,0.95,78,x0C
115217584,POS,1,C6AC,0.50,-0.52,0.52,67,x0E
115217682,POS,0,0FAC,0.87,-0.63,0.99,69,x0C
115217682,POS,1,C6AC,0.50,-0.54,0.55,67,x0E
115217783,POS,0,0FAC,0.86,-0.60,1.00,69,x0C
115217783,POS,1,C6AC,0.49,-0.58,0.50,71,x0E
115217883,POS,0,0FAC,0.87,-0.57,1.00,69,x0C
115217883,POS,1,C6AC,0.50,-0.53,0.49,65,x0E
115217982,POS,0,0FAC,0.86,-0.53,1.00,68,x0C
115217989,POS,1,C6AC,0.50,-0.45,0.55,59,x0E
115218085,POS,0,0FAC,0.87,-0.49,1.04,68,x0C
115218085,POS,1,C6AC,0.50,-0.48,0.56,67,x0E
115218184,POS,0,0FAC,0.87,-0.48,1.03,68,x0C
115218184,POS,1,C6AC,0.49,-0.49,0.52,68,x0E
115218284,POS,0,0FAC,0.86,-0.49,1.01,69,x0C
115218284,POS,1,C6AC,0.50,-0.42,0.59,58,x0E
115218384,POS,0,0FAC,0.86,-0.48,1.02,68,x0C
115218384,POS,1,C6AC,0.49,-0.53,0.56,72,x0E
115218485,POS,0,0FAC,0.86,-0.47,1.02,68,x0C
115218488,POS,1,C6AC,0.48,-0.57,0.52,70,x0E
115218585,POS,0,0FAC,0.87,-0.46,1.06,68,x0C
115218585,POS,1,C6AC,0.49,-0.57,0.51,67,x0E
115218685,POS,0,0FAC,0.87,-0.45,1.08,68,x0C
115218685,POS,1,C6AC,0.48,-0.51,0.62,58,x0E
115218784,POS,0,0FAC,0.87,-0.45,1.07,68,x0C
115218784,POS,1,C6AC,0.48,-0.55,0.56,70,x0E
115218884,POS,0,0FAC,0.87,-0.44,1.08,68,x0C
115218884,POS,1,C6AC,0.48,-0.58,0.57,68,x0E
115218985,POS,0,0FAC,0.86,-0.44,1.07,67,x0C
115218985,POS,1,C6AC,0.49,-0.59,0.55,69,x0E
115219080,POS,0,0FAC,0.89,-0.49,0.97,91,x0C
115219085,POS,1,C6AC,0.51,-0.64,0.61,69,x0E
115219185,POS,0,0FAC,0.88,-0.49,0.98,68,x0C
115219185,POS,1,C6AC,0.49,-0.57,0.68,58,x0E
115219270,POS,0,0FAC,0.87,-0.48,0.98,68,x0C
115219287,POS,1,C6AC,0.48,-0.60,0.63,70,x0E
115219384,POS,0,0FAC,0.87,-0.48,0.96,69,x0C
115219385,POS,1,C6AC,0.48,-0.60,0.61,66,x0E
115219484,POS,0,0FAC,0.86,-0.48,0.96,68,x0C
115219485,POS,1,C6AC,0.48,-0.52,0.67,59,x0E
115219583,POS,0,0FAC,0.84,-0.62,0.92,76,x0C
115219585,POS,1,C6AC,0.48,-0.54,0.63,68,x0E
115219677,POS,0,0FAC,0.86,-0.74,0.92,77,x0C
115219686,POS,1,C6AC,0.49,-0.57,0.64,67,x0E
115219772,POS,0,0FAC,0.85,-0.82,0.87,77,x0C
115219788,POS,1,C6AC,0.49,-0.57,0.59,67,x0E
115219881,POS,0,0FAC,0.85,-0.73,0.91,68,x0C
115219889,POS,1,C6AC,0.49,-0.60,0.54,71,x0E
115219980,POS,0,0FAC,0.87,-0.82,0.94,76,x0C
115219987,POS,1,C6AC,0.49,-0.56,0.54,65,x0E
115220085,POS,0,0FAC,0.85,-0.85,0.94,74,x0C
115220090,POS,1,C6AC,0.50,-0.47,0.62,58,x0E
115220185,POS,0,0FAC,0.86,-0.77,0.95,69,x0C
115220186,POS,1,C6AC,0.48,-0.46,0.56,65,x0E
115220284,POS,0,0FAC,0.84,-0.86,0.81,80,x0C
115220286,POS,1,C6AC,0.50,-0.36,0.58,58,x0E
115220384,POS,0,0FAC,0.84,-0.78,0.85,69,x0C
115220386,POS,1,C6AC,0.50,-0.28,0.63,57,x0E
115220484,POS,0,0FAC,0.86,-0.71,0.92,69,x0C
115220486,POS,1,C6AC,0.51,-0.22,0.66,57,x0E
115220583,POS,0,0FAC,0.86,-0.64,0.95,68,x0C
115220589,POS,1,C6AC,0.51,-0.20,0.69,57,x0E
115220683,POS,0,0FAC,0.84,-0.76,0.80,79,x0C
115220685,POS,1,C6AC,0.51,-0.16,0.69,56,x0E
115220786,POS,0,0FAC,0.86,-0.68,0.88,69,x0C
115220786,POS,1,C6AC,0.52,-0.11,0.65,60,x0E
115220877,POS,0,0FAC,0.86,-0.61,0.94,67,x0C
115220886,POS,1,C6AC,0.51,-0.08,0.68,55,x0E
115220972,POS,0,0FAC,0.86,-0.59,0.98,69,x0C
115220988,POS,1,C6AC,0.52,-0.06,0.71,56,x0E
115221084,POS,0,0FAC,0.84,-0.56,0.98,68,x0C
115221086,POS,1,C6AC,0.50,-0.04,0.74,55,x0E
115221178,POS,0,0FAC,0.83,-0.54,1.00,67,x0C
115221185,POS,1,C6AC,0.50,-0.03,0.77,54,x0E
115221273,POS,0,0FAC,0.83,-0.52,0.99,68,x0C
115221289,POS,1,C6AC,0.51,-0.02,0.79,56,x0E
115221374,POS,0,0FAC,0.82,-0.66,0.97,75,x0C
115221389,POS,1,C6AC,0.51,0.01,0.82,56,x0E
115221484,POS,0,0FAC,0.84,-0.79,0.99,77,x0C
115221486,POS,1,C6AC,0.50,0.05,0.76,68,x0E
115221580,POS,0,0FAC,0.83,-0.71,0.99,68,x0C
115221586,POS,1,C6AC,0.51,0.11,0.74,69,x0E
115221681,POS,0,0FAC,0.84,-0.64,1.00,68,x0C
115221686,POS,1,C6AC,0.51,0.16,0.74,71,x0E
115221772,POS,0,0FAC,0.83,-0.58,0.98,67,x0C
115221788,POS,1,C6AC,0.53,0.15,0.71,61,x0E
115221885,POS,0,0FAC,0.82,-0.53,0.97,67,x0C
115221888,POS,1,C6AC,0.53,0.19,0.77,65,x0E
115221980,POS,0,0FAC,0.83,-0.49,1.00,66,x0C
115221987,POS,1,C6AC,0.52,0.25,0.75,75,x0E
115222082,POS,0,0FAC,0.83,-0.46,0.98,67,x0C
115222089,POS,1,C6AC,0.53,0.28,0.75,72,x0E
115222178,POS,0,0FAC,0.83,-0.44,0.99,66,x0C
115222186,POS,1,C6AC,0.52,0.32,0.75,75,x0E
115222281,POS,0,0FAC,0.81,-0.41,0.97,66,x0C
115222286,POS,1,C6AC,0.52,0.33,0.75,72,x0E
115222384,POS,0,0FAC,0.81,-0.38,0.96,66,x0C
115222388,POS,1,C6AC,0.53,0.34,0.76,70,x0E
115222483,POS,0,0FAC,0.81,-0.35,0.93,65,x0C
115222490,POS,1,C6AC,0.54,0.32,0.79,64,x0E
115222583,POS,0,0FAC,0.77,-0.38,0.95,65,x0C
115222586,POS,1,C6AC,0.54,0.33,0.80,68,x0E
115222682,POS,0,0FAC,0.73,-0.40,0.97,64,x0C
115222690,POS,1,C6AC,0.55,0.34,0.81,70,x0E
115222781,POS,0,0FAC,0.74,-0.44,0.93,69,x0C
115222789,POS,1,C6AC,0.55,0.34,0.81,68,x0E
115222880,POS,0,0FAC,0.75,-0.36,0.88,64,x0C
115222888,POS,1,C6AC,0.54,0.36,0.77,76,x0E
115222980,POS,0,0FAC,0.75,-0.28,0.79,64,x0C
115222987,POS,1,C6AC,0.55,0.35,0.78,68,x0E
115223079,POS,0,0FAC,0.75,-0.25,0.76,64,x0C
115223086,POS,1,C6AC,0.55,0.36,0.78,72,x0E
115223185,POS,0,0FAC,0.74,-0.24,0.77,63,x0C
115223186,POS,1,C6AC,0.54,0.38,0.75,76,x0E
115223285,POS,0,0FAC,0.73,-0.23,0.77,63,x0C
115223288,POS,1,C6AC,0.55,0.36,0.78,67,x0E
115223384,POS,0,0FAC,0.72,-0.32,0.67,72,x0C
115223386,POS,1,C6AC,0.54,0.34,0.78,68,x0E
115223484,POS,0,0FAC,0.71,-0.29,0.72,62,x0C
115223490,POS,1,C6AC,0.54,0.35,0.78,71,x0E
115223580,POS,0,0FAC,0.69,-0.34,0.65,69,x0C
115223587,POS,1,C6AC,0.54,0.33,0.78,67,x0E
115223680,POS,0,0FAC,0.68,-0.46,0.60,73,x0C
115223687,POS,1,C6AC,0.54,0.34,0.77,72,x0E
115223776,POS,0,0FAC,0.67,-0.38,0.64,61,x0C
115223786,POS,1,C6AC,0.54,0.35,0.77,71,x0E
115223884,POS,0,0FAC,0.66,-0.32,0.68,60,x0C
115223887,POS,1,C6AC,0.55,0.34,0.78,69,x0E
115223984,POS,0,0FAC,0.65,-0.36,0.62,69,x0C
115223987,POS,1,C6AC,0.55,0.36,0.79,71,x0E
115224080,POS,0,0FAC,0.65,-0.39,0.61,68,x0C
115224089,POS,1,C6AC,0.56,0.35,0.81,66,x0E
115224184,POS,0,0FAC,0.64,-0.32,0.69,58,x0C
115224187,POS,1,C6AC,0.56,0.34,0.80,68,x0E
115224277,POS,0,0FAC,0.64,-0.36,0.66,67,x0C
115224287,POS,1,C6AC,0.56,0.35,0.79,72,x0E
115224370,POS,0,0FAC,0.62,-0.40,0.59,70,x0C
115224387,POS,1,C6AC,0.56,0.36,0.81,69,x0E
115224470,POS,0,0FAC,0.60,-0.44,0.56,67,x0C
115224487,POS,1,C6AC,0.56,0.33,0.76,67,x0E
115224581,POS,0,0FAC,0.58,-0.45,0.50,69,x0C
115224587,POS,1,C6AC,0.55,0.33,0.77,69,x0E
115224683,POS,0,0FAC,0.60,-0.38,0.59,61,x0C
115224687,POS,1,C6AC,0.56,0.32,0.79,65,x0E
115224777,POS,0,0FAC,0.60,-0.40,0.56,67,x0C
115224787,POS,1,C6AC,0.56,0.32,0.79,69,x0E
115224885,POS,0,0FAC,0.60,-0.32,0.63,59,x0C
115224887,POS,1,C6AC,0.56,0.32,0.78,69,x0E
115224984,POS,0,0FAC,0.61,-0.37,0.63,68,x0C
115224987,POS,1,C6AC,0.56,0.28,0.81,58,x0E
115225080,POS,0,0FAC,0.62,-0.35,0.56,67,x0C
115225087,POS,1,C6AC,0.57,0.28,0.81,66,x0E
115225184,POS,0,0FAC,0.62,-0.36,0.57,65,x0C
115225187,POS,1,C6AC,0.57,0.28,0.82,66,x0E
115225275,POS,0,0FAC,0.61,-0.37,0.51,68,x0C
115225287,POS,1,C6AC,0.57,0.30,0.81,71,x0E
115225379,POS,0,0FAC,0.61,-0.31,0.58,60,x0C
115225387,POS,1,C6AC,0.57,0.29,0.81,65,x0E
115225479,POS,0,0FAC,0.60,-0.38,0.52,71,x0C
115225487,POS,1,C6AC,0.56,0.28,0.76,69,x0E
115225576,POS,0,0FAC,0.59,-0.43,0.49,69,x0C
115225587,POS,1,C6AC,0.56,0.30,0.76,71,x0E
115225671,POS,0,0FAC,0.59,-0.42,0.47,67,x0C
115225688,POS,1,C6AC,0.56,0.31,0.76,69,x0E
115225771,POS,0,0FAC,0.59,-0.36,0.58,59,x0C
115225788,POS,1,C6AC,0.56,0.31,0.77,68,x0E
115225882,POS,0,0FAC,0.60,-0.30,0.65,59,x0C
115225887,POS,1,C6AC,0.55,0.35,0.70,77,x0E
115225975,POS,0,0FAC,0.60,-0.32,0.64,66,x0C
115225988,POS,1,C6AC,0.56,0.34,0.74,66,x0E
115226075,POS,0,0FAC,0.61,-0.24,0.65,59,x0C
115226088,POS,1,C6AC,0.56,0.35,0.71,74,x0E
115226171,POS,0,0FAC,0.61,-0.26,0.60,66,x0C
115226187,POS,1,C6AC,0.56,0.36,0.73,70,x0E
115226271,POS,0,0FAC,0.62,-0.26,0.63,64,x0C
115226288,POS,1,C6AC,0.56,0.37,0.72,74,x0E
115226382,POS,0,0FAC,0.62,-0.23,0.67,60,x0C
115226388,POS,1,C6AC,0.56,0.38,0.69,76,x0E
115226475,POS,0,0FAC,0.63,-0.20,0.68,61,x0C
115226488,POS,1,C6AC,0.56,0.37,0.73,68,x0E
115226575,POS,0,0FAC,0.63,-0.19,0.71,61,x0C
115226587,POS,1,C6AC,0.56,0.37,0.70,93,x0E
115226671,POS,0,0FAC,0.64,-0.18,0.73,62,x0C
115226688,POS,1,C6AC,0.56,0.36,0.73,69,x0E
115226771,POS,0,0FAC,0.64,-0.25,0.64,69,x0C
115226788,POS,1,C6AC,0.57,0.32,0.71,64,x0E
115226885,POS,0,0FAC,0.64,-0.23,0.67,62,x0C
115226888,POS,1,C6AC,0.57,0.33,0.73,71,x0E
115226977,POS,0,0FAC,0.66,-0.24,0.68,65,x0C
115226988,POS,1,C6AC,0.57,0.27,0.79,56,x0E
115227075,POS,0,0FAC,0.64,-0.27,0.62,66,x0C
115227088,POS,1,C6AC,0.57,0.28,0.78,68,x0E
115227171,POS,0,0FAC,0.64,-0.31,0.59,67,x0C
115227188,POS,1,C6AC,0.56,0.28,0.81,65,x0E
115227285,POS,0,0FAC,0.65,-0.33,0.59,67,x0C
115227288,POS,1,C6AC,0.56,0.28,0.82,65,x0E
115227381,POS,0,0FAC,0.65,-0.28,0.64,61,x0C
115227388,POS,1,C6AC,0.56,0.28,0.72,67,x0E
115227477,POS,0,0FAC,0.64,-0.34,0.60,69,x0C
115227488,POS,1,C6AC,0.56,0.26,0.77,59,x0E
115227576,POS,0,0FAC,0.62,-0.29,0.65,59,x0C
115227588,POS,1,C6AC,0.57,0.30,0.74,74,x0E
115227672,POS,0,0FAC,0.62,-0.32,0.67,65,x0C
115227688,POS,1,C6AC,0.57,0.29,0.78,63,x0E
115227782,POS,0,0FAC,0.63,-0.26,0.67,61,x0C
115227788,POS,1,C6AC,0.57,0.25,0.84,55,x0E
115227882,POS,0,0FAC,0.61,-0.22,0.71,58,x0C
115227888,POS,1,C6AC,0.57,0.22,0.88,55,x0E
115227985,POS,0,0FAC,0.60,-0.31,0.63,70,x0C
115227988,POS,1,C6AC,0.56,0.20,0.82,64,x0E
115228072,POS,0,0FAC,0.60,-0.38,0.56,70,x0C
115228088,POS,1,C6AC,0.58,0.15,0.85,57,x0E
115228181,POS,0,0FAC,0.59,-0.31,0.65,58,x0C
115228188,POS,1,C6AC,0.57,0.18,0.77,69,x0E
115228277,POS,0,0FAC,0.61,-0.32,0.67,64,x0C
115228288,POS,1,C6AC,0.57,0.20,0.76,66,x0E
115228378,POS,0,0FAC,0.60,-0.43,0.64,71,x0C
115228388,POS,1,C6AC,0.56,0.18,0.76,61,x0E
115228473,POS,0,0FAC,0.60,-0.45,0.71,64,x0C
115228489,POS,1,C6AC,0.55,0.18,0.75,65,x0E
115228573,POS,0,0FAC,0.58,-0.47,0.65,68,x0C
115228589,POS,1,C6AC,0.55,0.21,0.77,66,x0E
115228685,POS,0,0FAC,0.57,-0.49,0.59,69,x0C
115228688,POS,1,C6AC,0.55,0.20,0.76,64,x0E
115228785,POS,0,0FAC,0.58,-0.45,0.59,64,x0C
115228788,POS,1,C6AC,0.55,0.24,0.78,69,x0E
115228879,POS,0,0FAC,0.57,-0.47,0.52,70,x0C
115228888,POS,1,C6AC,0.54,0.26,0.78,70,x0E
115228975,POS,0,0FAC,0.59,-0.52,0.63,67,x0C
115228990,POS,1,C6AC,0.54,0.28,0.79,69,x0E
115229080,POS,0,0FAC,0.58,-0.52,0.57,69,x0C
115229088,POS,1,C6AC,0.55,0.31,0.77,73,x0E
115229182,POS,0,0FAC,0.58,-0.44,0.67,59,x0C
115229188,POS,1,C6AC,0.54,0.31,0.77,71,x0E
115229277,POS,0,0FAC,0.58,-0.34,0.73,58,x0C
115229288,POS,1,C6AC,0.53,0.33,0.73,76,x0E
115229377,POS,0,0FAC,0.59,-0.39,0.71,67,x0C
115229388,POS,1,C6AC,0.54,0.34,0.74,72,x0E
115229477,POS,0,0FAC,0.59,-0.32,0.75,59,x0C
115229489,POS,1,C6AC,0.54,0.35,0.73,73,x0E
115229583,POS,0,0FAC,0.61,-0.37,0.72,68,x0C
115229588,POS,1,C6AC,0.53,0.33,0.68,70,x0E
115229682,POS,0,0FAC,0.61,-0.32,0.78,59,x0C
115229689,POS,1,C6AC,0.53,0.34,0.68,73,x0E
115229778,POS,0,0FAC,0.59,-0.37,0.66,70,x0C
115229788,POS,1,C6AC,0.53,0.30,0.68,66,x0E
115229879,POS,0,0FAC,0.59,-0.42,0.61,69,x0C
115229889,POS,1,C6AC,0.52,0.32,0.68,74,x0E
115229979,POS,0,0FAC,0.59,-0.35,0.69,59,x0C
115229989,POS,1,C6AC,0.52,0.33,0.71,70,x0E
115230084,POS,0,0FAC,0.58,-0.30,0.75,57,x0C
115230089,POS,1,C6AC,0.54,0.28,0.77,56,x0E
115230185,POS,0,0FAC,0.57,-0.38,0.69,69,x0C
115230189,POS,1,C6AC,0.54,0.26,0.81,59,x0E
115230281,POS,0,0FAC,0.57,-0.29,0.71,58,x0C
115230281,POS,1,C6AC,0.54,0.25,0.78,68,x0E
115230382,POS,0,0FAC,0.57,-0.24,0.74,58,x0C
115230389,POS,1,C6AC,0.54,0.26,0.81,63,x0E
115230483,POS,0,0FAC,0.58,-0.26,0.69,64,x0C
115230489,POS,1,C6AC,0.55,0.30,0.77,76,x0E
115230583,POS,0,0FAC,0.58,-0.31,0.64,67,x0C
115230589,POS,1,C6AC,0.56,0.26,0.83,55,x0E
115230684,POS,0,0FAC,0.57,-0.27,0.69,58,x0C
115230689,POS,1,C6AC,0.57,0.27,0.82,66,x0E
115230782,POS,0,0FAC,0.58,-0.28,0.65,65,x0C
115230785,POS,1,C6AC,0.57,0.23,0.82,57,x0E
115230885,POS,0,0FAC,0.58,-0.27,0.72,59,x0C
115230890,POS,1,C6AC,0.57,0.26,0.81,71,x0E
115230974,POS,0,0FAC,0.59,-0.23,0.71,61,x0C
115230986,POS,1,C6AC,0.56,0.25,0.77,67,x0E
115231073,POS,0,0FAC,0.60,-0.34,0.65,71,x0C
115231087,POS,1,C6AC,0.56,0.23,0.74,64,x0E
115231180,POS,0,0FAC,0.61,-0.32,0.64,63,x0C
115231187,POS,1,C6AC,0.57,0.19,0.79,56,x0E
115231278,POS,0,0FAC,0.60,-0.26,0.64,60,x0C
115231290,POS,1,C6AC,0.57,0.19,0.84,58,x0E
115231385,POS,0,0FAC,0.61,-0.24,0.69,60,x0C
115231390,POS,1,C6AC,0.57,0.21,0.84,65,x0E
115231485,POS,0,0FAC,0.60,-0.20,0.69,59,x0C
115231488,POS,1,C6AC,0.56,0.26,0.82,73,x0E
115231580,POS,0,0FAC,0.59,-0.31,0.62,70,x0C
115231580,POS,1,C6AC,0.56,0.28,0.79,72,x0E
115231685,POS,0,0FAC,0.60,-0.31,0.59,65,x0C
115231689,POS,1,C6AC,0.56,0.30,0.78,71,x0E
115231780,POS,0,0FAC,0.59,-0.31,0.62,63,x0C
115231790,POS,1,C6AC,0.55,0.29,0.76,68,x0E
115231874,POS,0,0FAC,0.58,-0.26,0.67,58,x0C
115231889,POS,1,C6AC,0.55,0.32,0.74,74,x0E
115231981,POS,0,0FAC,0.59,-0.23,0.69,60,x0C
115231981,POS,1,C6AC,0.55,0.32,0.76,68,x0E
115232080,POS,0,0FAC,0.57,-0.32,0.60,70,x0C
115232089,POS,1,C6AC,0.55,0.35,0.72,77,x0E
115232185,POS,0,0FAC,0.57,-0.38,0.58,67,x0C
115232186,POS,1,C6AC,0.55,0.35,0.68,75,x0E
115232282,POS,0,0FAC,0.57,-0.44,0.52,71,x0C
115232282,POS,1,C6AC,0.56,0.31,0.65,66,x0E
115232375,POS,0,0FAC,0.57,-0.39,0.64,60,x0C
115232375,POS,1,C6AC,0.55,0.34,0.65,77,x0E
115232479,POS,0,0FAC,0.59,-0.37,0.69,63,x0C
115232479,POS,1,C6AC,0.55,0.37,0.64,77,x0E
115232585,POS,0,0FAC,0.59,-0.40,0.64,68,x0C
115232585,POS,1,C6AC,0.55,0.35,0.71,65,x0E
115232682,POS,0,0FAC,0.61,-0.37,0.66,64,x0C
115232688,POS,1,C6AC,0.54,0.32,0.69,68,x0E
115232781,POS,0,0FAC,0.59,-0.35,0.73,60,x0C
115232787,POS,1,C6AC,0.54,0.28,0.76,57,x0E
115232884,POS,0,0FAC,0.60,-0.44,0.71,70,x0C
115232888,POS,1,C6AC,0.54,0.27,0.79,62,x0E
115232979,POS,0,0FAC,0.59,-0.49,0.63,71,x0C
115232991,POS,1,C6AC,0.52,0.28,0.82,68,x0E
115233078,POS,0,0FAC,0.58,-0.49,0.58,68,x0C
115233086,POS,1,C6AC,0.50,0.31,0.82,74,x0E
115233184,POS,0,0FAC,0.57,-0.43,0.67,59,x0C
115233185,POS,1,C6AC,0.48,0.35,0.78,80,x0E
115233284,POS,0,0FAC,0.58,-0.49,0.64,70,x0C
115233291,POS,1,C6AC,0.44,0.35,0.73,75,x0E
115233378,POS,0,0FAC,0.58,-0.49,0.59,68,x0C
115233378,POS,1,C6AC,0.40,0.35,0.78,71,x0E
115233475,POS,0,0FAC,0.57,-0.49,0.57,67,x0C
115233475,POS,1,C6AC,0.38,0.38,0.74,81,x0E
115233575,POS,0,0FAC,0.56,-0.50,0.50,69,x0C
115233588,POS,1,C6AC,0.36,0.40,0.78,75,x0E
115233684,POS,0,0FAC,0.55,-0.56,0.45,73,x0C
115233684,POS,1,C6AC,0.35,0.39,0.82,71,x0E
115233782,POS,0,0FAC,0.54,-0.56,0.43,69,x0C
115233782,POS,1,C6AC,0.33,0.36,0.81,72,x0E
115233877,POS,0,0FAC,0.53,-0.57,0.43,69,x0C
115233877,POS,1,C6AC,0.31,0.34,0.83,70,x0E
115233976,POS,0,0FAC,0.52,-0.55,0.43,67,x0C
115233976,POS,1,C6AC,0.29,0.31,0.85,66,x0E
115234075,POS,0,0FAC,0.56,-0.50,0.48,65,x0C
115234087,POS,1,C6AC,0.26,0.30,0.83,73,x0E
115234183,POS,0,0FAC,0.56,-0.42,0.58,59,x0C
115234183,POS,1,C6AC,0.24,0.32,0.83,77,x0E
115234283,POS,0,0FAC,0.57,-0.44,0.60,66,x0C
115234283,POS,1,C6AC,0.21,0.29,0.79,72,x0E
115234379,POS,0,0FAC,0.56,-0.44,0.54,67,x0C
115234379,POS,1,C6AC,0.16,0.36,0.70,71,x0E
115234475,POS,0,0FAC,0.55,-0.35,0.63,56,x0C
115234491,POS,1,C6AC,0.14,0.38,0.68,74,x0E
115234575,POS,0,0FAC,0.53,-0.38,0.60,65,x0C
115234575,POS,1,C6AC,0.13,0.42,0.66,79,x0E
115234684,POS,0,0FAC,0.52,-0.37,0.62,61,x0C
115234689,POS,1,C6AC,0.11,0.43,0.68,80,x0E
115234781,POS,0,0FAC,0.49,-0.40,0.57,65,x0C
115234788,POS,1,C6AC,0.09,0.41,0.66,71,x0E
115234875,POS,0,0FAC,0.48,-0.34,0.63,56,x0C
115234875,POS,1,C6AC,0.09,0.38,0.69,73,x0E
115234985,POS,0,0FAC,0.48,-0.30,0.66,57,x0C
115234985,POS,1,C6AC,0.08,0.35,0.72,73,x0E
115235080,POS,0,0FAC,0.47,-0.23,0.65,58,x0C
115235080,POS,1,C6AC,0.08,0.37,0.72,79,x0E
115235175,POS,0,0FAC,0.45,-0.15,0.64,63,x0C
115235175,POS,1,C6AC,0.08,0.38,0.72,77,x0E
115235278,POS,0,0FAC,0.42,-0.11,0.63,63,x0C
115235286,POS,1,C6AC,0.07,0.39,0.76,76,x0E
115235385,POS,0,0FAC,0.40,-0.08,0.63,61,x0C
115235385,POS,1,C6AC,0.06,0.38,0.72,71,x0E
115235484,POS,0,0FAC,0.37,-0.07,0.65,58,x0C
115235484,POS,1,C6AC,0.06,0.38,0.76,77,x0E
115235582,POS,0,0FAC,0.35,-0.07,0.65,58,x0C
115235588,POS,1,C6AC,0.05,0.42,0.72,80,x0E
115235682,POS,0,0FAC,0.33,-0.09,0.68,52,x0C
115235688,POS,1,C6AC,0.04,0.40,0.72,73,x0E
115235781,POS,0,0FAC,0.29,-0.17,0.67,55,x0C
115235788,POS,1,C6AC,0.04,0.37,0.77,73,x0E
115235880,POS,0,0FAC,0.25,-0.29,0.61,63,x0C
115235888,POS,1,C6AC,0.04,0.39,0.78,80,x0E
115235979,POS,0,0FAC,0.23,-0.32,0.62,56,x0C
115235987,POS,1,C6AC,0.04,0.42,0.79,83,x0E
115236076,POS,0,0FAC,0.20,-0.29,0.66,50,x0C
115236087,POS,1,C6AC,0.04,0.42,0.74,73,x0E
115236183,POS,0,0FAC,0.19,-0.25,0.68,55,x0C
115236183,POS,1,C6AC,0.04,0.38,0.79,71,x0E
115236282,POS,0,0FAC,0.18,-0.22,0.66,56,x0C
115236282,POS,1,C6AC,0.02,0.48,0.70,75,x0E
115236378,POS,0,0FAC,0.18,-0.20,0.66,56,x0C
115236378,POS,1,C6AC,0.02,0.45,0.71,74,x0E
115236476,POS,0,0FAC,0.16,-0.20,0.69,49,x0C
115236489,POS,1,C6AC,0.01,0.42,0.70,73,x0E
115236578,POS,0,0FAC,0.15,-0.21,0.66,51,x0C
115236578,POS,1,C6AC,0.02,0.43,0.68,75,x0E
115236676,POS,0,0FAC,0.14,-0.21,0.64,53,x0C
115236688,POS,1,C6AC,0.03,0.41,0.70,75,x0E
115236782,POS,0,0FAC,0.14,-0.20,0.68,51,x0C
115236782,POS,1,C6AC,0.05,0.43,0.73,82,x0E
115236883,POS,0,0FAC,0.14,-0.23,0.67,52,x0C
115236883,POS,1,C6AC,0.06,0.42,0.70,73,x0E
115236978,POS,0,0FAC,0.14,-0.22,0.69,50,x0C
115236978,POS,1,C6AC,0.06,0.45,0.68,78,x0E
115237078,POS,0,0FAC,0.14,-0.24,0.69,49,x0C
115237089,POS,1,C6AC,0.06,0.46,0.66,78,x0E
115237177,POS,0,0FAC,0.13,-0.20,0.69,58,x0C
115237187,POS,1,C6AC,0.06,0.44,0.73,75,x0E
115237283,POS,0,0FAC,0.12,-0.20,0.71,49,x0C
115237283,POS,1,C6AC,0.06,0.43,0.71,73,x0E
115237384,POS,0,0FAC,0.13,-0.19,0.70,54,x0C
115237388,POS,1,C6AC,0.06,0.41,0.70,74,x0E
115237479,POS,0,0FAC,0.13,-0.19,0.71,52,x0C
115237479,POS,1,C6AC,0.06,0.40,0.68,73,x0E
115237579,POS,0,0FAC,0.12,-0.26,0.67,55,x0C
115237579,POS,1,C6AC,0.07,0.38,0.68,73,x0E
115237682,POS,0,0FAC,0.13,-0.25,0.68,49,x0C
115237682,POS,1,C6AC,0.08,0.40,0.71,82,x0E
115237777,POS,0,0FAC,0.12,-0.25,0.67,49,x0C
115237777,POS,1,C6AC,0.07,0.42,0.72,82,x0E
115237877,POS,0,0FAC,0.12,-0.24,0.66,54,x0C
115237877,POS,1,C6AC,0.08,0.43,0.67,72,x0E
115237977,POS,0,0FAC,0.12,-0.25,0.66,50,x0C
115237988,POS,1,C6AC,0.08,0.41,0.69,76,x0E
115238083,POS,0,0FAC,0.10,-0.29,0.62,53,x0C
115238083,POS,1,C6AC,0.08,0.41,0.74,77,x0E
115238182,POS,0,0FAC,0.11,-0.29,0.61,51,x0C
115238182,POS,1,C6AC,0.08,0.40,0.78,76,x0E
115238278,POS,0,0FAC,0.11,-0.28,0.60,51,x0C
115238278,POS,1,C6AC,0.08,0.42,0.71,72,x0E
115238378,POS,0,0FAC,0.11,-0.25,0.63,56,x0C
115238378,POS,1,C6AC,0.08,0.42,0.74,79,x0E
115238477,POS,0,0FAC,0.11,-0.25,0.63,49,x0C
115238489,POS,1,C6AC,0.09,0.45,0.71,80,x0E
115238577,POS,0,0FAC,0.10,-0.22,0.62,58,x0C
115238585,POS,1,C6AC,0.09,0.44,0.72,79,x0E
115238682,POS,0,0FAC,0.10,-0.22,0.65,50,x0C
115238682,POS,1,C6AC,0.08,0.44,0.72,79,x0E
115238778,POS,0,0FAC,0.10,-0.20,0.66,55,x0C
115238778,POS,1,C6AC,0.09,0.45,0.70,79,x0E
115238879,POS,0,0FAC,0.10,-0.27,0.70,51,x0C
115238879,POS,1,C6AC,0.10,0.46,0.72,83,x0E
115238978,POS,0,0FAC,0.10,-0.26,0.71,50,x0C
115238978,POS,1,C6AC,0.10,0.47,0.69,78,x0E
115239085,POS,0,0FAC,0.09,-0.23,0.73,52,x0C
115239085,POS,1,C6AC,0.08,0.46,0.64,71,x0E
115239178,POS,0,0FAC,0.10,-0.29,0.75,53,x0C
115239186,POS,1,C6AC,0.08,0.44,0.69,78,x0E
115239278,POS,0,0FAC,0.10,-0.30,0.74,49,x0C
115239278,POS,1,C6AC,0.08,0.42,0.66,70,x0E
115239384,POS,0,0FAC,0.08,-0.35,0.68,56,x0C
115239388,POS,1,C6AC,0.08,0.44,0.66,80,x0E
115239484,POS,0,0FAC,0.11,-0.38,0.71,55,x0C
115239488,POS,1,C6AC,0.09,0.43,0.70,79,x0E
115239583,POS,0,0FAC,0.09,-0.39,0.67,52,x0C
115239583,POS,1,C6AC,0.09,0.45,0.67,76,x0E
115239683,POS,0,0FAC,0.10,-0.34,0.69,51,x0C
115239683,POS,1,C6AC,0.09,0.44,0.71,80,x0E
115239778,POS,0,0FAC,0.08,-0.39,0.65,57,x0C
115239786,POS,1,C6AC,0.09,0.42,0.69,72,x0E
115239883,POS,0,0FAC,0.08,-0.34,0.67,52,x0C
115239883,POS,1,C6AC,0.09,0.43,0.72,82,x0E
115239982,POS,0,0FAC,0.10,-0.28,0.66,58,x0C
115239982,POS,1,C6AC,0.10,0.38,0.72,72,x0E
115240078,POS,0,0FAC,0.10,-0.25,0.67,54,x0C
115240078,POS,1,C6AC,0.08,0.37,0.69,71,x0E
115240178,POS,0,0FAC,0.11,-0.22,0.66,57,x0C
115240178,POS,1,C6AC,0.10,0.39,0.70,81,x0E
115240278,POS,0,0FAC,0.11,-0.25,0.67,51,x0C
115240287,POS,1,C6AC,0.09,0.38,0.68,71,x0E
115240382,POS,0,0FAC,0.12,-0.28,0.66,53,x0C
115240382,POS,1,C6AC,0.08,0.37,0.64,71,x0E
115240482,POS,0,0FAC,0.13,-0.29,0.68,51,x0C
115240482,POS,1,C6AC,0.09,0.39,0.68,80,x0E
115240579,POS,0,0FAC,0.12,-0.28,0.68,48,x0C
115240579,POS,1,C6AC,0.08,0.38,0.65,70,x0E
115240679,POS,0,0FAC,0.11,-0.26,0.67,53,x0C
115240679,POS,1,C6AC,0.08,0.40,0.72,77,x0E
115240785,POS,0,0FAC,0.10,-0.31,0.64,54,x0C
115240787,POS,1,C6AC,0.08,0.41,0.70,78,x0E
115240881,POS,0,0FAC,0.08,-0.41,0.61,62,x0C
115240881,POS,1,C6AC,0.07,0.47,0.68,81,x0E
115240980,POS,0,0FAC,0.07,-0.46,0.60,58,x0C
115240980,POS,1,C6AC,0.07,0.44,0.73,74,x0E
115241079,POS,0,0FAC,0.08,-0.40,0.62,53,x0C
115241079,POS,1,C6AC,0.07,0.44,0.75,81,x0E
115241179,POS,0,0FAC,0.08,-0.42,0.57,59,x0C
115241188,POS,1,C6AC,0.08,0.44,0.73,77,x0E
115241280,POS,0,0FAC,0.09,-0.35,0.57,57,x0C
115241287,POS,1,C6AC,0.08,0.47,0.71,81,x0E
115241384,POS,0,0FAC,0.10,-0.33,0.54,53,x0C
115241384,POS,1,C6AC,0.08,0.46,0.65,70,x0E
115241484,POS,0,0FAC,0.11,-0.33,0.56,52,x0C
115241484,POS,1,C6AC,0.08,0.50,0.62,79,x0E
115241580,POS,0,0FAC,0.10,-0.34,0.53,55,x0C
115241580,POS,1,C6AC,0.09,0.48,0.66,80,x0E
115241680,POS,0,0FAC,0.10,-0.32,0.53,52,x0C
115241680,POS,1,C6AC,0.09,0.49,0.67,81,x0E
115241780,POS,0,0FAC,0.10,-0.27,0.57,83,x0C
115241780,POS,1,C6AC,0.09,0.48,0.70,81,x0E
115241882,POS,0,0FAC,0.09,-0.25,0.58,54,x0C
115241882,POS,1,C6AC,0.09,0.50,0.69,82,x0E
115241981,POS,0,0FAC,0.09,-0.24,0.61,51,x0C
115241981,POS,1,C6AC,0.09,0.46,0.66,71,x0E
115242080,POS,0,0FAC,0.09,-0.23,0.64,51,x0C
115242080,POS,1,C6AC,0.09,0.47,0.67,80,x0E
115242180,POS,0,0FAC,0.08,-0.24,0.65,49,x0C
115242189,POS,1,C6AC,0.10,0.45,0.70,80,x0E
115242280,POS,0,0FAC,0.09,-0.22,0.65,56,x0C
115242280,POS,1,C6AC,0.08,0.45,0.66,72,x0E
115242385,POS,0,0FAC,0.09,-0.25,0.64,51,x0C
115242390,POS,1,C6AC,0.08,0.46,0.65,78,x0E
115242484,POS,0,0FAC,0.09,-0.31,0.64,55,x0C
115242487,POS,1,C6AC,0.08,0.45,0.66,76,x0E
115242583,POS,0,0FAC,0.11,-0.33,0.66,53,x0C
115242583,POS,1,C6AC,0.09,0.42,0.70,77,x0E
115242681,POS,0,0FAC,0.10,-0.28,0.65,57,x0C
115242681,POS,1,C6AC,0.08,0.46,0.66,77,x0E
115242781,POS,0,0FAC,0.10,-0.25,0.62,58,x0C
115242781,POS,1,C6AC,0.07,0.44,0.65,73,x0E
115242882,POS,0,0FAC,0.10,-0.23,0.63,54,x0C
115242882,POS,1,C6AC,0.09,0.43,0.69,79,x0E
115242982,POS,0,0FAC,0.11,-0.22,0.62,55,x0C
115242982,POS,1,C6AC,0.08,0.43,0.67,73,x0E
115243081,POS,0,0FAC,0.11,-0.23,0.62,50,x0C
115243081,POS,1,C6AC,0.08,0.41,0.72,75,x0E
115243182,POS,0,0FAC,0.11,-0.22,0.61,53,x0C
115243182,POS,1,C6AC,0.08,0.40,0.76,76,x0E
115243282,POS,0,0FAC,0.11,-0.25,0.62,50,x0C
115243282,POS,1,C6AC,0.08,0.39,0.76,75,x0E
115243382,POS,0,0FAC,0.10,-0.28,0.62,52,x0C
115243386,POS,1,C6AC,0.08,0.39,0.79,76,x0E
115243485,POS,0,0FAC,0.10,-0.29,0.61,50,x0C
115243485,POS,1,C6AC,0.08,0.42,0.75,80,x0E
115243582,POS,0,0FAC,0.10,-0.29,0.59,52,x0C
115243585,POS,1,C6AC,0.08,0.45,0.70,76,x0E
115243682,POS,0,0FAC,0.09,-0.27,0.62,50,x0C
115243682,POS,1,C6AC,0.09,0.40,0.75,69,x0E
115243782,POS,0,0FAC,0.09,-0.24,0.61,57,x0C
115243782,POS,1,C6AC,0.08,0.38,0.71,72,x0E
115243882,POS,0,0FAC,0.09,-0.23,0.62,54,x0C
115243890,POS,1,C6AC,0.08,0.38,0.72,78,x0E
115243984,POS,0,0FAC,0.09,-0.22,0.64,53,x0C
115243984,POS,1,C6AC,0.07,0.38,0.69,72,x0E
115244082,POS,0,0FAC,0.09,-0.22,0.66,49,x0C
115244082,POS,1,C6AC,0.06,0.42,0.66,76,x0E
115244183,POS,0,0FAC,0.09,-0.23,0.67,50,x0C
115244183,POS,1,C6AC,0.06,0.43,0.69,81,x0E
115244283,POS,0,0FAC,0.09,-0.24,0.65,50,x0C
115244288,POS,1,C6AC,0.06,0.42,0.66,71,x0E
115244383,POS,0,0FAC,0.09,-0.22,0.66,54,x0C
115244386,POS,1,C6AC,0.06,0.46,0.65,79,x0E
115244483,POS,0,0FAC,0.09,-0.20,0.65,57,x0C
115244483,POS,1,C6AC,0.06,0.46,0.71,79,x0E
115244583,POS,0,0FAC,0.09,-0.24,0.67,49,x0C
115244583,POS,1,C6AC,0.06,0.47,0.72,82,x0E
115244684,POS,0,0FAC,0.08,-0.24,0.69,49,x0C
115244684,POS,1,C6AC,0.05,0.50,0.66,74,x0E
115244785,POS,0,0FAC,0.08,-0.21,0.68,58,x0C
115244788,POS,1,C6AC,0.03,0.49,0.62,71,x0E
115244884,POS,0,0FAC,0.07,-0.20,0.67,55,x0C
115244884,POS,1,C6AC,0.04,0.51,0.61,78,x0E
115244984,POS,0,0FAC,0.07,-0.19,0.66,56,x0C
115244988,POS,1,C6AC,0.03,0.51,0.62,80,x0E
115245084,POS,0,0FAC,0.07,-0.18,0.66,56,x0C
115245088,POS,1,C6AC,0.04,0.49,0.66,79,x0E
115245184,POS,0,0FAC,0.07,-0.20,0.68,48,x0C
115245189,POS,1,C6AC,0.04,0.51,0.63,76,x0E
115245283,POS,0,0FAC,0.08,-0.21,0.68,50,x0C
115245284,POS,1,C6AC,0.04,0.53,0.61,79,x0E
115245385,POS,0,0FAC,0.08,-0.21,0.67,52,x0C
115245385,POS,1,C6AC,0.04,0.53,0.61,77,x0E
115245482,POS,0,0FAC,0.09,-0.28,0.66,55,x0C
115245485,POS,1,C6AC,0.05,0.48,0.64,74,x0E
115245582,POS,0,0FAC,0.08,-0.26,0.66,53,x0C
115245585,POS,1,C6AC,0.05,0.48,0.62,74,x0E
115245681,POS,0,0FAC,0.08,-0.27,0.64,50,x0C
115245688,POS,1,C6AC,0.06,0.46,0.68,78,x0E
115245781,POS,0,0FAC,0.09,-0.26,0.60,54,x0C
115245787,POS,1,C6AC,0.07,0.44,0.67,75,x0E
115245881,POS,0,0FAC,0.08,-0.24,0.64,51,x0C
115245887,POS,1,C6AC,0.07,0.43,0.69,78,x0E
115245985,POS,0,0FAC,0.07,-0.32,0.59,59,x0C
115245988,POS,1,C6AC,0.08,0.39,0.73,73,x0E
115246084,POS,0,0FAC,0.07,-0.28,0.60,55,x0C
115246087,POS,1,C6AC,0.09,0.39,0.70,75,x0E
115246185,POS,0,0FAC,0.07,-0.26,0.63,53,x0C
115246186,POS,1,C6AC,0.09,0.47,0.52,66,x0E
115246281,POS,0,0FAC,0.07,-0.23,0.66,53,x0C
115246286,POS,1,C6AC,0.13,0.44,0.55,76,x0E
115246381,POS,0,0FAC,0.09,-0.22,0.68,52,x0C
115246386,POS,1,C6AC,0.11,0.46,0.47,92,x0E
115246481,POS,0,0FAC,0.08,-0.20,0.68,57,x0C
115246486,POS,1,C6AC,0.12,0.46,0.32,70,x0E
115246581,POS,0,0FAC,0.09,-0.20,0.68,53,x0C
115246586,POS,1,C6AC,0.11,0.47,0.24,70,x0E
115246681,POS,0,0FAC,0.10,-0.23,0.69,51,x0C
115246686,POS,1,C6AC,0.12,0.48,0.16,69,x0E
115246782,POS,0,0FAC,0.11,-0.21,0.68,55,x0C
115246786,POS,1,C6AC,0.13,0.43,0.08,73,x0E
115246881,POS,0,0FAC,0.10,-0.31,0.67,57,x0C
115246886,POS,1,C6AC,0.14,0.39,-0.01,69,x0E
115246982,POS,0,0FAC,0.11,-0.30,0.67,50,x0C
115246986,POS,1,C6AC,0.19,0.30,-0.05,65,x0E
115247082,POS,0,0FAC,0.11,-0.32,0.64,53,x0C
115247086,POS,1,C6AC,0.21,0.30,-0.06,72,x0E
115247183,POS,0,0FAC,0.11,-0.31,0.64,50,x0C
115247186,POS,1,C6AC,0.21,0.30,-0.10,72,x0E
115247283,POS,0,0FAC,0.12,-0.30,0.64,51,x0C
115247286,POS,1,C6AC,0.21,0.31,-0.15,69,x0E
115247383,POS,0,0FAC,0.13,-0.26,0.63,59,x0C
115247386,POS,1,C6AC,0.21,0.30,-0.19,69,x0E
115247482,POS,0,0FAC,0.11,-0.33,0.59,59,x0C
115247486,POS,1,C6AC,0.21,0.31,-0.22,69,x0E
115247581,POS,0,0FAC,0.12,-0.28,0.60,58,x0C
115247586,POS,1,C6AC,0.21,0.27,-0.23,65,x0E
115247685,POS,0,0FAC,0.13,-0.27,0.59,52,x0C
115247688,POS,1,C6AC,0.25,0.20,-0.27,70,x0E
115247783,POS,0,0FAC,0.15,-0.31,0.59,58,x0C
115247787,POS,1,C6AC,0.29,0.16,-0.24,66,x0E
115247884,POS,0,0FAC,0.19,-0.29,0.58,55,x0C
115247887,POS,1,C6AC,0.34,0.10,-0.19,67,x0E
115247983,POS,0,0FAC,0.19,-0.23,0.51,62,x0C
115247987,POS,1,C6AC,0.36,0.04,-0.16,67,x0E
115248084,POS,0,0FAC,0.20,-0.26,0.53,55,x0C
115248087,POS,1,C6AC,0.33,0.11,-0.12,71,x0E
115248184,POS,0,0FAC,0.20,-0.24,0.55,53,x0C
115248187,POS,1,C6AC,0.36,0.07,-0.12,67,x0E
115248284,POS,0,0FAC,0.20,-0.26,0.54,55,x0C
115248287,POS,1,C6AC,0.39,0.03,-0.11,68,x0E
115248382,POS,0,0FAC,0.21,-0.32,0.59,58,x0C
115248387,POS,1,C6AC,0.40,0.00,-0.10,67,x0E
115248482,POS,0,0FAC,0.23,-0.32,0.59,57,x0C
115248487,POS,1,C6AC,0.36,0.05,-0.08,72,x0E
115248582,POS,0,0FAC,0.23,-0.34,0.57,58,x0C
115248587,POS,1,C6AC,0.38,0.02,-0.08,66,x0E
115248682,POS,0,0FAC,0.23,-0.30,0.50,57,x0C
115248687,POS,1,C6AC,0.35,0.08,-0.13,66,x0E
115248784,POS,0,0FAC,0.22,-0.26,0.41,59,x0C
115248787,POS,1,C6AC,0.37,0.04,-0.10,65,x0E
115248882,POS,0,0FAC,0.21,-0.21,0.35,61,x0C
115248888,POS,1,C6AC,0.34,0.09,-0.15,64,x0E
115248982,POS,0,0FAC,0.20,-0.27,0.41,56,x0C
115248988,POS,1,C6AC,0.32,0.14,-0.12,72,x0E
115249083,POS,0,0FAC,0.20,-0.14,0.19,65,x0C
115249088,POS,1,C6AC,0.31,0.15,-0.09,71,x0E
115249183,POS,0,0FAC,0.21,-0.18,0.23,58,x0C
115249188,POS,1,C6AC,0.30,0.19,-0.07,71,x0E
115249284,POS,0,0FAC,0.19,-0.12,0.15,65,x0C
115249289,POS,1,C6AC,0.29,0.21,-0.03,72,x0E
115249383,POS,0,0FAC,0.19,-0.04,0.00,65,x0C
115249388,POS,1,C6AC,0.28,0.21,-0.01,73,x0E
115249483,POS,0,0FAC,0.20,0.03,-0.10,65,x0C
115249488,POS,1,C6AC,0.28,0.21,-0.07,64,x0E
115249583,POS,0,0FAC,0.21,-0.02,-0.06,62,x0C
115249588,POS,1,C6AC,0.27,0.25,-0.09,71,x0E
115249683,POS,0,0FAC,0.21,0.02,-0.15,67,x0C
115249688,POS,1,C6AC,0.27,0.25,-0.10,72,x0E
115249783,POS,0,0FAC,0.22,-0.05,-0.03,58,x0C
115249788,POS,1,C6AC,0.31,0.17,-0.09,67,x0E
115249883,POS,0,0FAC,0.20,-0.15,0.15,56,x0C
115249888,POS,1,C6AC,0.34,0.12,-0.11,67,x0E
115249983,POS,0,0FAC,0.20,-0.22,0.27,56,x0C
115249988,POS,1,C6AC,0.32,0.12,-0.08,69,x0E
115250084,POS,0,0FAC,0.20,-0.12,0.14,66,x0C
115250088,POS,1,C6AC,0.30,0.15,-0.04,73,x0E
115250183,POS,0,0FAC,0.21,-0.07,-0.00,68,x0C
115250188,POS,1,C6AC,0.29,0.19,-0.05,72,x0E
115250283,POS,0,0FAC,0.23,-0.12,0.09,59,x0C
115250288,POS,1,C6AC,0.28,0.20,-0.14,65,x0E
115250383,POS,0,0FAC,0.21,-0.09,0.02,62,x0C
115250388,POS,1,C6AC,0.32,0.13,-0.12,67,x0E
115250483,POS,0,0FAC,0.21,-0.09,0.01,63,x0C
115250488,POS,1,C6AC,0.30,0.16,-0.16,67,x0E
115250583,POS,0,0FAC,0.22,-0.05,-0.09,66,x0C
115250589,POS,1,C6AC,0.29,0.19,-0.10,72,x0E
115250684,POS,0,0FAC,0.22,-0.08,-0.07,63,x0C
115250688,POS,1,C6AC,0.28,0.18,-0.11,68,x0E
115250783,POS,0,0FAC,0.22,-0.01,-0.17,67,x0C
115250789,POS,1,C6AC,0.26,0.23,-0.16,70,x0E
115250884,POS,0,0FAC,0.23,-0.08,-0.02,57,x0C
115250889,POS,1,C6AC,0.27,0.19,-0.14,64,x0E
115250985,POS,0,0FAC,0.22,-0.01,-0.12,65,x0C
115250989,POS,1,C6AC,0.27,0.21,-0.10,73,x0E
115251084,POS,0,0FAC,0.21,0.01,-0.13,63,x0C
115251089,POS,1,C6AC,0.27,0.24,-0.07,71,x0E
115251184,POS,0,0FAC,0.22,-0.03,-0.12,64,x0C
115251189,POS,1,C6AC,0.26,0.24,-0.05,73,x0E
115251284,POS,0,0FAC,0.22,0.03,-0.20,65,x0C
115251284,POS,1,C6AC,0.27,0.21,-0.09,63,x0E
115251385,POS,0,0FAC,0.22,0.07,-0.25,66,x0C
115251389,POS,1,C6AC,0.26,0.20,-0.05,72,x0E
115251484,POS,0,0FAC,0.22,0.03,-0.12,79,x0C
115251489,POS,1,C6AC,0.31,0.15,-0.07,66,x0E
115251584,POS,0,0FAC,0.22,0.04,-0.20,67,x0C
115251585,POS,1,C6AC,0.29,0.18,-0.06,73,x0E
115251684,POS,0,0FAC,0.23,-0.04,-0.07,60,x0C
115251684,POS,1,C6AC,0.29,0.15,-0.05,64,x0E
115251785,POS,0,0FAC,0.22,-0.04,-0.07,60,x0C
115251789,POS,1,C6AC,0.28,0.16,-0.03,73,x0E
115251884,POS,0,0FAC,0.22,-0.05,-0.07,63,x0C
115251889,POS,1,C6AC,0.26,0.21,-0.10,71,x0E
115251985,POS,0,0FAC,0.23,-0.15,0.08,60,x0C
115251989,POS,1,C6AC,0.26,0.20,-0.14,64,x0E
115252082,POS,0,0FAC,0.23,-0.07,-0.06,67,x0C
115252085,POS,1,C6AC,0.27,0.21,-0.12,72,x0E
115252185,POS,0,0FAC,0.21,-0.17,0.14,55,x0C
115252190,POS,1,C6AC,0.30,0.12,-0.13,69,x0E
115252285,POS,0,0FAC,0.22,-0.12,0.06,63,x0C
115252285,POS,1,C6AC,0.33,0.08,-0.10,65,x0E
115252385,POS,0,0FAC,0.22,-0.12,0.07,60,x0C
115252385,POS,1,C6AC,0.36,0.03,-0.10,68,x0E
115252471,POS,0,0FAC,0.22,-0.14,0.12,58,x0C
115252486,POS,1,C6AC,0.34,0.04,-0.13,64,x0E
115252585,POS,0,0FAC,0.22,-0.08,-0.02,67,x0C
115252589,POS,1,C6AC,0.36,0.00,-0.12,67,x0E
115252676,POS,0,0FAC,0.21,-0.13,0.11,53,x0C
115252685,POS,1,C6AC,0.34,0.06,-0.08,73,x0E
115252771,POS,0,0FAC,0.22,-0.04,-0.03,66,x0C
115252789,POS,1,C6AC,0.32,0.11,-0.07,73,x0E
115252885,POS,0,0FAC,0.22,-0.03,-0.06,63,x0C
115252887,POS,1,C6AC,0.30,0.14,-0.14,65,x0E
115252972,POS,0,0FAC,0.22,0.04,-0.16,66,x0C
115252987,POS,1,C6AC,0.29,0.17,-0.11,73,x0E
115253072,POS,0,0FAC,0.21,0.04,-0.17,62,x0C
115253088,POS,1,C6AC,0.28,0.19,-0.09,73,x0E
115253171,POS,0,0FAC,0.21,0.08,-0.25,66,x0C
115253187,POS,1,C6AC,0.28,0.21,-0.07,73,x0E
115253271,POS,0,0FAC,0.21,0.05,-0.23,63,x0C
115253287,POS,1,C6AC,0.28,0.22,-0.04,73,x0E
115253371,POS,0,0FAC,0.21,0.00,-0.17,62,x0C
115253387,POS,1,C6AC,0.27,0.23,-0.03,73,x0E
115253482,POS,0,0FAC,0.21,0.00,-0.17,64,x0C
115253485,POS,1,C6AC,0.26,0.23,-0.01,73,x0E
115253580,POS,0,0FAC,0.21,-0.06,-0.00,53,x0C
115253585,POS,1,C6AC,0.26,0.23,0.01,73,x0E
115253672,POS,0,0FAC,0.21,-0.01,-0.11,67,x0C
115253690,POS,1,C6AC,0.26,0.21,-0.01,68,x0E
115253784,POS,0,0FAC,0.21,0.02,-0.14,63,x0C
115253785,POS,1,C6AC,0.31,0.14,-0.05,68,x0E
115253884,POS,0,0FAC,0.20,-0.10,0.05,56,x0C
115253885,POS,1,C6AC,0.35,0.08,-0.04,66,x0E
115253982,POS,0,0FAC,0.20,-0.19,0.20,58,x0C
115253985,POS,1,C6AC,0.32,0.11,-0.00,74,x0E
115254083,POS,0,0FAC,0.20,-0.09,0.03,66,x0C
115254086,POS,1,C6AC,0.30,0.15,0.01,73,x0E
115254176,POS,0,0FAC,0.20,-0.07,-0.02,63,x0C
115254186,POS,1,C6AC,0.29,0.17,0.02,73,x0E
115254272,POS,0,0FAC,0.19,-0.12,0.12,53,x0C
115254287,POS,1,C6AC,0.28,0.18,-0.06,64,x0E
115254371,POS,0,0FAC,0.18,-0.19,0.27,53,x0C
115254387,POS,1,C6AC,0.28,0.20,-0.03,72,x0E
115254484,POS,0,0FAC,0.18,-0.10,0.11,64,x0C
115254488,POS,1,C6AC,0.27,0.21,-0.03,73,x0E
115254582,POS,0,0FAC,0.20,-0.07,0.04,63,x0C
115254588,POS,1,C6AC,0.31,0.15,-0.07,68,x0E
115254681,POS,0,0FAC,0.20,-0.02,-0.09,68,x0C
115254687,POS,1,C6AC,0.29,0.20,-0.13,69,x0E
115254784,POS,0,0FAC,0.21,-0.03,-0.10,64,x0C
115254787,POS,1,C6AC,0.33,0.14,-0.14,68,x0E
115254879,POS,0,0FAC,0.21,-0.07,-0.06,61,x0C
115254886,POS,1,C6AC,0.30,0.14,-0.06,73,x0E
115254979,POS,0,0FAC,0.21,-0.07,-0.07,63,x0C
115254986,POS,1,C6AC,0.34,0.08,-0.06,67,x0E
115255084,POS,0,0FAC,0.22,-0.06,-0.08,63,x0C
115255086,POS,1,C6AC,0.31,0.14,-0.12,69,x0E
115255184,POS,0,0FAC,0.22,-0.06,-0.08,62,x0C
115255186,POS,1,C6AC,0.30,0.16,-0.08,73,x0E
115255269,POS,0,0FAC,0.22,-0.09,-0.05,62,x0C
115255286,POS,1,C6AC,0.29,0.18,-0.07,73,x0E
115255370,POS,0,0FAC,0.21,-0.06,-0.09,62,x0C
115255386,POS,1,C6AC,0.28,0.22,-0.06,72,x0E
115255481,POS,0,0FAC,0.21,0.00,-0.18,66,x0C
115255486,POS,1,C6AC,0.32,0.15,-0.07,67,x0E
115255578,POS,0,0FAC,0.20,0.04,-0.19,66,x0C
115255586,POS,1,C6AC,0.36,0.08,-0.08,68,x0E
115255670,POS,0,0FAC,0.21,0.08,-0.24,65,x0C
115255686,POS,1,C6AC,0.35,0.09,-0.09,63,x0E
115255780,POS,0,0FAC,0.22,0.04,-0.22,64,x0C
115255786,POS,1,C6AC,0.32,0.11,-0.07,72,x0E
115255879,POS,0,0FAC,0.21,-0.07,-0.01,56,x0C
115255886,POS,1,C6AC,0.31,0.17,-0.04,71,x0E
115255980,POS,0,0FAC,0.19,-0.06,0.00,64,x0C
115255986,POS,1,C6AC,0.30,0.16,-0.04,68,x0E
115256078,POS,0,0FAC,0.18,-0.15,0.18,53,x0C
115256087,POS,1,C6AC,0.29,0.17,0.02,73,x0E
115256185,POS,0,0FAC,0.20,-0.14,0.13,62,x0C
115256189,POS,1,C6AC,0.33,0.10,-0.00,67,x0E
115256284,POS,0,0FAC,0.20,-0.09,0.05,62,x0C
115256288,POS,1,C6AC,0.31,0.16,-0.01,72,x0E
115256382,POS,0,0FAC,0.21,-0.16,0.10,62,x0C
115256390,POS,1,C6AC,0.28,0.20,0.00,72,x0E
115256484,POS,0,0FAC,0.19,-0.14,0.04,62,x0C
115256490,POS,1,C6AC,0.27,0.21,0.02,73,x0E
115256583,POS,0,0FAC,0.20,-0.11,-0.00,63,x0C
115256586,POS,1,C6AC,0.26,0.22,0.01,73,x0E
115256683,POS,0,0FAC,0.20,-0.11,-0.02,62,x0C
115256688,POS,1,C6AC,0.26,0.22,-0.05,66,x0E
115256780,POS,0,0FAC,0.21,-0.05,-0.12,67,x0C
115256786,POS,1,C6AC,0.28,0.18,-0.06,63,x0E
115256883,POS,0,0FAC,0.20,0.01,-0.15,66,x0C
115256889,POS,1,C6AC,0.32,0.12,-0.05,65,x0E
115256971,POS,0,0FAC,0.19,0.04,-0.19,63,x0C
115256987,POS,1,C6AC,0.31,0.15,-0.06,72,x0E
115257079,POS,0,0FAC,0.19,-0.08,0.01,57,x0C
115257086,POS,1,C6AC,0.35,0.10,-0.06,66,x0E
115257169,POS,0,0FAC,0.19,-0.02,-0.06,63,x0C
115257186,POS,1,C6AC,0.37,0.08,-0.10,68,x0E
115257284,POS,0,0FAC,0.18,-0.01,-0.08,62,x0C
115257286,POS,1,C6AC,0.35,0.12,-0.06,73,x0E
115257382,POS,0,0FAC,0.17,0.01,-0.11,64,x0C
115257386,POS,1,C6AC,0.34,0.13,-0.09,65,x0E
115257483,POS,0,0FAC,0.18,-0.11,0.02,60,x0C
115257486,POS,1,C6AC,0.37,0.07,-0.08,66,x0E
115257572,POS,0,0FAC,0.18,-0.05,-0.04,65,x0C
115257587,POS,1,C6AC,0.35,0.10,-0.12,64,x0E
115257892,POS,0,0FAC,0.19,0.01,-0.15,67,x0C
115257898,POS,1,C6AC,0.33,0.09,-0.11,64,x0E
115257898,POS,0,0FAC,0.19,0.01,-0.15,62,x0C
115257903,POS,1,C6AC,0.31,0.12,-0.11,70,x0E
115257903,POS,0,0FAC,0.19,0.04,-0.21,66,x0C
115257903,POS,1,C6AC,0.30,0.15,-0.08,73,x0E
115257971,POS,0,0FAC,0.20,0.06,-0.26,66,x0C
115257986,POS,1,C6AC,0.33,0.09,-0.09,68,x0E
115258081,POS,0,0FAC,0.20,-0.03,-0.11,59,x0C
115258087,POS,1,C6AC,0.32,0.09,-0.14,65,x0E
115258181,POS,0,0FAC,0.20,0.01,-0.13,66,x0C
115258187,POS,1,C6AC,0.35,0.03,-0.11,67,x0E
115258277,POS,0,0FAC,0.20,0.05,-0.21,67,x0C
115258286,POS,1,C6AC,0.32,0.08,-0.17,63,x0E
115258372,POS,0,0FAC,0.21,0.04,-0.20,63,x0C
115258388,POS,1,C6AC,0.30,0.12,-0.11,73,x0E
115258472,POS,0,0FAC,0.21,0.05,-0.18,63,x0C
115258488,POS,1,C6AC,0.34,0.06,-0.10,67,x0E
115258583,POS,0,0FAC,0.21,0.01,-0.16,63,x0C
115258586,POS,1,C6AC,0.33,0.13,-0.08,70,x0E
115258678,POS,0,0FAC,0.19,0.01,-0.15,62,x0C
115258686,POS,1,C6AC,0.31,0.19,-0.14,69,x0E
115258778,POS,0,0FAC,0.18,0.04,-0.18,65,x0C
115258786,POS,1,C6AC,0.30,0.18,-0.18,64,x0E
115258873,POS,0,0FAC,0.19,0.08,-0.26,67,x0C
115258888,POS,1,C6AC,0.29,0.21,-0.14,72,x0E
115258973,POS,0,0FAC,0.18,-0.05,-0.03,85,x0C
115258990,POS,1,C6AC,0.29,0.19,-0.13,67,x0E
115259084,POS,0,0FAC,0.19,-0.03,-0.06,62,x0C
115259087,POS,1,C6AC,0.28,0.21,-0.18,65,x0E
115259185,POS,0,0FAC,0.21,0.02,-0.15,67,x0C
115259196,POS,1,C6AC,0.28,0.16,-0.17,64,x0E
