124835639,=~=~=~=~=~=~=~=~=~=~=~= KiTTY log 2025.11.03 12:48:35 =~=~=~=~=~=~=~=~=~=~=~=
124835639,POS,0,C6AC,0.88,-0.12,1.07,68,x06
124835649,POS,1,0FAC,0.72,0.89,0.77,63,x07
124835738,POS,0,C6AC,0.87,-0.09,1.05,76,x06
124835746,POS,1,0FAC,0.71,0.89,0.87,67,x07
124835839,POS,0,C6AC,0.87,-0.07,1.03,74,x06
124835846,POS,1,0FAC,0.71,0.88,0.96,65,x07
124835938,POS,0,C6AC,0.86,-0.05,1.01,77,x06
124835945,POS,1,0FAC,0.70,0.88,1.02,65,x07
124836039,POS,0,C6AC,0.86,-0.04,1.02,72,x06
124836045,POS,1,0FAC,0.69,0.87,1.05,70,x07
124836139,POS,0,C6AC,0.85,-0.04,0.99,77,x06
124836144,POS,1,0FAC,0.69,0.86,1.10,65,x07
124836238,POS,0,C6AC,0.84,-0.04,0.98,75,x06
124836244,POS,1,0FAC,0.69,0.86,1.13,65,x07
124836338,POS,0,C6AC,0.84,0.00,0.84,83,x06
124836344,POS,1,0FAC,0.70,0.87,0.88,75,x07
124836439,POS,0,C6AC,0.84,-0.01,0.90,71,x06
124836443,POS,1,0FAC,0.71,0.87,0.96,65,x07
124836537,POS,0,C6AC,0.84,-0.02,0.93,72,x06
124836542,POS,1,0FAC,0.69,0.86,1.02,69,x07
124836639,POS,0,C6AC,0.86,-0.01,0.93,76,x06
124836642,POS,1,0FAC,0.70,0.85,1.08,62,x07
124836738,POS,0,C6AC,0.85,-0.01,1.00,67,x06
124836742,POS,1,0FAC,0.69,0.84,1.12,66,x07
124836839,POS,0,C6AC,0.87,0.04,0.75,67,x06
124836842,POS,1,0FAC,0.69,0.85,1.14,66,x07
124836939,POS,0,C6AC,0.89,-0.02,0.86,57,x06
124836941,POS,1,0FAC,0.69,0.85,1.15,67,x07
124837038,POS,0,C6AC,0.90,-0.01,0.89,74,x06
124837044,POS,1,0FAC,0.69,0.84,1.17,65,x07
124837138,POS,0,C6AC,0.89,-0.01,0.93,73,x06
124837144,POS,1,0FAC,0.71,0.86,0.91,74,x07
124837239,POS,0,C6AC,0.89,-0.01,0.94,74,x06
124837245,POS,1,0FAC,0.70,0.86,1.01,62,x07
124837339,POS,0,C6AC,0.85,-0.01,0.98,74,x06
124837345,POS,1,0FAC,0.70,0.85,1.08,61,x07
124837438,POS,0,C6AC,0.84,-0.02,1.03,68,x06
124837444,POS,1,0FAC,0.71,0.85,1.12,64,x07
124837539,POS,0,C6AC,0.84,0.03,1.04,80,x06
124837545,POS,1,0FAC,0.70,0.85,1.13,68,x07
124837638,POS,0,C6AC,0.84,0.02,1.01,77,x06
124837644,POS,1,0FAC,0.70,0.85,1.17,62,x07
124837738,POS,0,C6AC,0.85,0.01,1.03,70,x06
124837744,POS,1,0FAC,0.69,0.84,1.19,65,x07
124837838,POS,0,C6AC,0.85,0.03,0.87,81,x06
124837843,POS,1,0FAC,0.69,0.84,1.22,61,x07
124837939,POS,0,C6AC,0.87,0.02,0.91,71,x06
124837944,POS,1,0FAC,0.71,0.88,0.91,66,x07
124838038,POS,0,C6AC,0.85,-0.00,0.98,67,x06
124838044,POS,1,0FAC,0.70,0.87,0.99,66,x07
124838138,POS,0,C6AC,0.85,0.02,0.85,82,x06
124838144,POS,1,0FAC,0.70,0.86,1.04,68,x07
124838237,POS,0,C6AC,0.86,0.01,0.91,69,x06
124838245,POS,1,0FAC,0.70,0.87,1.06,66,x07
124838339,POS,0,C6AC,0.88,0.05,0.68,65,x06
124838342,POS,1,0FAC,0.70,0.87,1.10,65,x07
124838438,POS,0,C6AC,0.87,0.04,0.73,78,x06
124838444,POS,1,0FAC,0.72,0.89,0.86,74,x07
124838539,POS,0,C6AC,0.93,-0.09,0.87,50,x06
124838545,POS,1,0FAC,0.71,0.88,0.95,65,x07
124838639,POS,0,C6AC,0.92,-0.05,0.74,79,x06
124838645,POS,1,0FAC,0.71,0.85,0.62,66,x07
124838739,POS,0,C6AC,0.89,-0.02,0.67,82,x06
124838745,POS,1,0FAC,0.71,0.84,0.79,60,x07
124838839,POS,0,C6AC,0.88,-0.02,0.80,67,x06
124838843,POS,1,0FAC,0.73,0.87,0.59,68,x07
124838939,POS,0,C6AC,0.87,-0.02,0.83,75,x06
124838945,POS,1,0FAC,0.72,0.86,0.76,62,x07
124839038,POS,0,C6AC,0.85,-0.03,0.90,70,x06
124839045,POS,1,0FAC,0.72,0.85,0.90,61,x07
124839139,POS,0,C6AC,0.88,-0.02,0.94,72,x06
124839145,POS,1,0FAC,0.71,0.85,0.99,64,x07
124839239,POS,0,C6AC,0.86,-0.02,0.95,75,x06
124839244,POS,1,0FAC,0.70,0.85,1.06,61,x07
124839339,POS,0,C6AC,0.83,-0.02,0.97,75,x06
124839344,POS,1,0FAC,0.70,0.85,1.10,65,x07
124839438,POS,0,C6AC,0.87,-0.10,1.02,61,x06
124839443,POS,1,0FAC,0.69,0.85,1.13,67,x07
124839538,POS,0,C6AC,0.86,-0.05,0.88,83,x06
124839543,POS,1,0FAC,0.70,0.86,1.13,67,x07
124839639,POS,0,C6AC,0.84,-0.04,0.94,72,x06
124839644,POS,1,0FAC,0.70,0.86,1.16,64,x07
124839738,POS,0,C6AC,0.84,-0.02,0.95,77,x06
124839742,POS,1,0FAC,0.72,0.88,0.87,68,x07
124839838,POS,0,C6AC,0.87,-0.01,0.95,75,x06
124839843,POS,1,0FAC,0.72,0.87,0.97,63,x07
124839938,POS,0,C6AC,0.86,0.01,0.82,81,x06
124839945,POS,1,0FAC,0.71,0.86,1.02,68,x07
124840039,POS,0,C6AC,0.85,-0.00,0.64,66,x06
124840044,POS,1,0FAC,0.71,0.85,1.08,64,x07
124840138,POS,0,C6AC,0.87,-0.00,0.74,72,x06
124840144,POS,1,0FAC,0.72,0.87,0.84,74,x07
124840239,POS,0,C6AC,0.89,0.00,0.80,74,x06
124840244,POS,1,0FAC,0.71,0.85,0.94,64,x07
124840338,POS,0,C6AC,0.85,0.06,0.69,87,x06
124840344,POS,1,0FAC,0.73,0.88,0.71,68,x07
124840438,POS,0,C6AC,0.92,-0.08,0.84,47,x06
124840444,POS,1,0FAC,0.72,0.87,0.85,62,x07
124840537,POS,0,C6AC,0.92,-0.06,0.90,70,x06
124840545,POS,1,0FAC,0.71,0.88,0.93,66,x07
124840639,POS,0,C6AC,0.87,-0.06,0.93,76,x06
124840645,POS,1,0FAC,0.73,0.90,0.72,70,x07
124840738,POS,0,C6AC,0.86,-0.02,0.98,75,x06
124840745,POS,1,0FAC,0.75,0.91,0.51,62,x07
124840839,POS,0,C6AC,0.89,-0.08,1.05,52,x06
124840845,POS,1,0FAC,0.74,0.91,0.70,59,x07
124840938,POS,0,C6AC,0.90,-0.07,1.05,70,x06
124840944,POS,1,0FAC,0.73,0.90,0.86,59,x07
124841039,POS,0,C6AC,0.91,-0.04,1.02,75,x06
124841045,POS,1,0FAC,0.74,0.91,0.63,67,x07
124841138,POS,0,C6AC,0.91,-0.03,1.01,74,x06
124841144,POS,1,0FAC,0.73,0.87,0.78,67,x07
124841239,POS,0,C6AC,0.89,-0.00,0.85,79,x06
124841245,POS,1,0FAC,0.72,0.88,0.90,61,x07
124841338,POS,0,C6AC,0.88,-0.00,0.89,74,x06
124841344,POS,1,0FAC,0.71,0.86,0.99,65,x07
124841438,POS,0,C6AC,0.85,-0.01,0.95,70,x06
124841445,POS,1,0FAC,0.72,0.86,1.07,59,x07
124841538,POS,0,C6AC,0.85,0.01,0.83,82,x06
124841543,POS,1,0FAC,0.71,0.84,1.12,64,x07
124841639,POS,0,C6AC,0.86,-0.00,0.87,72,x06
124841646,POS,1,0FAC,0.70,0.83,1.16,65,x07
124841738,POS,0,C6AC,0.86,-0.00,0.90,75,x06
124841745,POS,1,0FAC,0.71,0.86,0.89,72,x07
124841839,POS,0,C6AC,0.86,-0.00,0.93,74,x06
124841844,POS,1,0FAC,0.71,0.86,0.96,69,x07
124841938,POS,0,C6AC,0.91,-0.12,0.99,59,x06
124841945,POS,1,0FAC,0.72,0.88,0.72,69,x07
124842039,POS,0,C6AC,0.90,-0.08,0.97,79,x06
124842045,POS,1,0FAC,0.72,0.86,0.85,64,x07
124842138,POS,0,C6AC,0.90,-0.05,0.82,77,x06
124842145,POS,1,0FAC,0.72,0.86,0.96,61,x07
124842238,POS,0,C6AC,0.90,-0.04,0.85,75,x06
124842245,POS,1,0FAC,0.72,0.85,1.02,66,x07
124842338,POS,0,C6AC,0.88,-0.01,0.76,83,x06
124842344,POS,1,0FAC,0.73,0.87,0.80,73,x07
124842438,POS,0,C6AC,0.88,-0.01,0.84,70,x06
124842443,POS,1,0FAC,0.72,0.86,0.90,68,x07
124842538,POS,0,C6AC,0.87,-0.02,0.88,74,x06
124842544,POS,1,0FAC,0.71,0.85,0.95,71,x07
124842639,POS,0,C6AC,0.86,0.01,0.66,67,x06
124842648,POS,1,0FAC,0.70,0.85,1.05,59,x07
124842738,POS,0,C6AC,0.92,-0.11,0.82,50,x06
124842758,POS,1,0FAC,0.70,0.86,1.10,62,x07
124842838,POS,0,C6AC,0.89,-0.09,0.91,67,x06
124842844,POS,1,0FAC,0.70,0.86,1.14,64,x07
124842939,POS,0,C6AC,0.88,-0.05,0.70,68,x06
124842944,POS,1,0FAC,0.69,0.86,1.13,71,x07
124843038,POS,0,C6AC,0.93,-0.16,0.85,52,x06
124843042,POS,1,0FAC,0.69,0.85,1.14,67,x07
124843138,POS,0,C6AC,0.92,-0.13,0.92,67,x06
124843141,POS,1,0FAC,0.71,0.87,0.86,70,x07
124843238,POS,0,C6AC,0.90,-0.10,0.99,67,x06
124843241,POS,1,0FAC,0.71,0.88,0.96,62,x07
124843337,POS,0,C6AC,0.88,-0.08,0.99,75,x06
124843341,POS,1,0FAC,0.71,0.86,1.04,63,x07
124843437,POS,0,C6AC,0.93,-0.17,1.07,48,x06
124843442,POS,1,0FAC,0.72,0.88,0.79,69,x07
124843538,POS,0,C6AC,0.90,-0.12,0.84,71,x06
124843544,POS,1,0FAC,0.71,0.86,0.90,66,x07
124843638,POS,0,C6AC,0.90,-0.07,0.68,74,x06
124843643,POS,1,0FAC,0.72,0.89,0.69,70,x07
124843739,POS,0,C6AC,0.89,-0.06,0.75,75,x06
124843764,POS,1,0FAC,0.71,0.89,0.83,63,x07
124843837,POS,0,C6AC,0.88,-0.04,0.59,68,x06
124843842,POS,1,0FAC,0.71,0.88,0.94,62,x07
124843938,POS,0,C6AC,0.90,-0.12,0.73,65,x06
124843944,POS,1,0FAC,0.71,0.87,1.01,66,x07
124844038,POS,0,C6AC,0.89,-0.09,0.78,78,x06
124844043,POS,1,0FAC,0.70,0.86,1.06,66,x07
124844139,POS,0,C6AC,0.87,-0.05,0.68,80,x06
124844143,POS,1,0FAC,0.71,0.86,1.11,64,x07
124844237,POS,0,C6AC,0.86,-0.02,0.64,83,x06
124844242,POS,1,0FAC,0.71,0.88,0.84,71,x07
124844338,POS,0,C6AC,0.86,-0.02,0.74,73,x06
124844343,POS,1,0FAC,0.73,0.90,0.62,66,x07
124844438,POS,0,C6AC,0.89,-0.02,0.84,66,x06
124844443,POS,1,0FAC,0.72,0.89,0.78,62,x07
124844538,POS,0,C6AC,0.88,-0.02,0.90,71,x06
124844542,POS,1,0FAC,0.72,0.88,0.89,66,x07
124844638,POS,0,C6AC,0.88,-0.01,0.93,74,x06
124844642,POS,1,0FAC,0.72,0.87,1.00,59,x07
124844739,POS,0,C6AC,0.86,-0.02,0.99,69,x06
124844744,POS,1,0FAC,0.73,0.85,1.07,63,x07
124844838,POS,0,C6AC,0.84,-0.00,0.88,82,x06
124844843,POS,1,0FAC,0.73,0.86,1.13,58,x07
124844938,POS,0,C6AC,0.90,-0.13,0.95,59,x06
124844944,POS,1,0FAC,0.72,0.87,1.17,60,x07
124845038,POS,0,C6AC,0.88,-0.10,0.96,74,x06
124845043,POS,1,0FAC,0.71,0.86,1.20,63,x07
124845139,POS,0,C6AC,0.89,-0.08,1.00,69,x06
124845143,POS,1,0FAC,0.70,0.86,1.20,67,x07
124845238,POS,0,C6AC,0.87,-0.06,0.97,79,x06
124845244,POS,1,0FAC,0.70,0.85,1.20,68,x07
124845339,POS,0,C6AC,0.84,-0.05,1.00,72,x06
124845345,POS,1,0FAC,0.70,0.84,1.22,61,x07
124845438,POS,0,C6AC,0.84,-0.04,0.99,77,x06
124845442,POS,1,0FAC,0.70,0.84,1.22,67,x07
124845538,POS,0,C6AC,0.85,-0.04,1.01,70,x06
124845541,POS,1,0FAC,0.70,0.85,1.21,66,x07
124845638,POS,0,C6AC,0.84,-0.03,1.05,70,x06
124845642,POS,1,0FAC,0.71,0.85,1.24,59,x07
124845738,POS,0,C6AC,0.85,-0.02,1.06,72,x06
124845744,POS,1,0FAC,0.72,0.85,1.27,55,x07
124845838,POS,0,C6AC,0.84,-0.01,1.07,73,x06
124845842,POS,1,0FAC,0.71,0.87,1.25,66,x07
124845938,POS,0,C6AC,0.85,-0.00,1.06,74,x06
124845942,POS,1,0FAC,0.71,0.89,0.95,72,x07
124846038,POS,0,C6AC,0.84,0.00,1.02,79,x06
124846043,POS,1,0FAC,0.71,0.87,1.03,62,x07
124846139,POS,0,C6AC,0.83,-0.01,1.06,67,x06
124846143,POS,1,0FAC,0.71,0.87,1.07,67,x07
124846237,POS,0,C6AC,0.85,-0.01,1.04,75,x06
124846242,POS,1,0FAC,0.70,0.88,1.08,69,x07
124846338,POS,0,C6AC,0.86,-0.01,1.00,76,x06
124846343,POS,1,0FAC,0.70,0.88,1.12,63,x07
124846437,POS,0,C6AC,0.85,0.06,0.81,82,x06
124846442,POS,1,0FAC,0.71,0.90,0.85,69,x07
124846538,POS,0,C6AC,0.86,0.04,0.86,74,x06
124846542,POS,1,0FAC,0.71,0.91,0.94,64,x07
124846637,POS,0,C6AC,0.84,0.02,0.95,67,x06
124846642,POS,1,0FAC,0.70,0.90,1.01,63,x07
124846739,POS,0,C6AC,0.81,0.01,0.96,77,x06
124846741,POS,1,0FAC,0.70,0.89,1.07,63,x07
124846838,POS,0,C6AC,0.81,0.01,1.01,71,x06
124846843,POS,1,0FAC,0.70,0.89,1.10,67,x07
124846939,POS,0,C6AC,0.82,-0.03,0.82,93,x06
124846943,POS,1,0FAC,0.71,0.88,1.15,60,x07
124847038,POS,0,C6AC,0.84,-0.02,0.86,73,x06
124847043,POS,1,0FAC,0.70,0.87,1.16,67,x07
124847139,POS,0,C6AC,0.85,-0.02,0.91,71,x06
124847144,POS,1,0FAC,0.72,0.89,0.87,69,x07
124847238,POS,0,C6AC,0.85,-0.01,0.92,77,x06
124847242,POS,1,0FAC,0.73,0.89,0.66,71,x07
124847339,POS,0,C6AC,0.85,-0.00,0.92,78,x06
124847344,POS,1,0FAC,0.72,0.89,0.78,70,x07
124847438,POS,0,C6AC,0.86,-0.00,0.93,74,x06
124847442,POS,1,0FAC,0.70,0.88,0.86,71,x07
124847538,POS,0,C6AC,0.86,-0.01,0.94,74,x06
124847543,POS,1,0FAC,0.71,0.87,0.96,62,x07
124847638,POS,0,C6AC,0.89,-0.10,0.97,71,x06
124847642,POS,1,0FAC,0.72,0.89,0.73,69,x07
124847738,POS,0,C6AC,0.87,-0.07,0.96,77,x06
124847741,POS,1,0FAC,0.72,0.89,0.89,56,x07
124847838,POS,0,C6AC,0.87,-0.01,0.74,73,x06
124847845,POS,1,0FAC,0.74,0.90,0.67,69,x07
124847938,POS,0,C6AC,0.86,0.02,0.81,80,x06
124847941,POS,1,0FAC,0.72,0.88,0.81,66,x07
124848038,POS,0,C6AC,0.85,0.03,0.63,68,x06
124848044,POS,1,0FAC,0.71,0.87,0.91,66,x07
124848138,POS,0,C6AC,0.86,0.03,0.72,74,x06
124848143,POS,1,0FAC,0.73,0.88,0.70,71,x07
124848238,POS,0,C6AC,0.85,0.03,0.66,81,x06
124848243,POS,1,0FAC,0.74,0.90,0.52,68,x07
124848338,POS,0,C6AC,0.86,0.02,0.75,72,x06
124848342,POS,1,0FAC,0.72,0.90,0.70,63,x07
124848439,POS,0,C6AC,0.89,-0.08,0.83,71,x06
124848442,POS,1,0FAC,0.72,0.88,0.83,66,x07
124848537,POS,0,C6AC,0.88,-0.06,0.88,75,x06
124848541,POS,1,0FAC,0.72,0.88,0.92,65,x07
124848639,POS,0,C6AC,0.87,-0.03,0.76,80,x06
124848642,POS,1,0FAC,0.72,0.86,1.01,63,x07
124848737,POS,0,C6AC,0.85,-0.03,0.85,71,x06
124848745,POS,1,0FAC,0.71,0.86,1.06,64,x07
124848838,POS,0,C6AC,0.87,-0.02,0.92,69,x06
124848843,POS,1,0FAC,0.71,0.86,1.11,64,x07
124848938,POS,0,C6AC,0.87,-0.01,0.94,75,x06
124848942,POS,1,0FAC,0.73,0.88,0.82,66,x07
124849039,POS,0,C6AC,0.86,-0.05,0.97,66,x06
124849043,POS,1,0FAC,0.72,0.88,0.90,69,x07
124849138,POS,0,C6AC,0.92,-0.16,1.05,51,x06
124849142,POS,1,0FAC,0.72,0.87,1.00,61,x07
124849238,POS,0,C6AC,0.89,-0.10,1.06,76,x06
124849244,POS,1,0FAC,0.71,0.87,1.06,64,x07
124849337,POS,0,C6AC,0.87,-0.07,0.90,80,x06
124849344,POS,1,0FAC,0.71,0.88,1.11,61,x07
124849438,POS,0,C6AC,0.86,-0.04,0.76,78,x06
124849443,POS,1,0FAC,0.73,0.86,1.17,58,x07
124849538,POS,0,C6AC,0.86,-0.02,0.81,77,x06
124849541,POS,1,0FAC,0.70,0.90,1.19,64,x07
124849638,POS,0,C6AC,0.85,-0.02,0.84,77,x06
124849641,POS,1,0FAC,0.71,0.93,1.20,65,x07
124849738,POS,0,C6AC,0.91,-0.14,0.94,55,x06
124849742,POS,1,0FAC,0.76,0.93,1.25,51,x07
124849839,POS,0,C6AC,0.91,-0.10,0.95,74,x06
124849843,POS,1,0FAC,0.78,0.89,0.91,69,x07
124849938,POS,0,C6AC,0.90,-0.07,0.94,78,x06
124849942,POS,1,0FAC,0.77,0.88,1.00,62,x07
124850039,POS,0,C6AC,0.92,-0.08,0.94,66,x06
124850043,POS,1,0FAC,0.82,0.86,1.15,39,x07
124850138,POS,0,C6AC,0.95,-0.03,0.70,60,x06
124850143,POS,1,0FAC,0.81,0.88,0.93,74,x07
124850239,POS,0,C6AC,0.93,-0.02,0.77,76,x06
124850244,POS,1,0FAC,0.81,0.88,1.00,61,x07
124850338,POS,0,C6AC,0.95,0.01,0.57,60,x06
124850342,POS,1,0FAC,0.80,0.91,0.81,72,x07
124850439,POS,0,C6AC,0.93,-0.00,0.61,77,x06
124850442,POS,1,0FAC,0.79,0.88,0.91,66,x07
124850538,POS,0,C6AC,0.94,0.02,0.54,77,x06
124850541,POS,1,0FAC,0.77,0.89,0.96,67,x07
124850639,POS,0,C6AC,0.95,0.04,0.41,62,x06
124850644,POS,1,0FAC,0.77,0.88,1.02,64,x07
124850738,POS,0,C6AC,1.03,0.04,0.29,47,x06
124850742,POS,1,0FAC,0.77,0.89,1.05,66,x07
124850839,POS,0,C6AC,1.00,0.02,0.23,62,x06
124850844,POS,1,0FAC,0.78,0.90,1.11,57,x07
124850938,POS,0,C6AC,1.01,0.02,0.40,72,x06
124850942,POS,1,0FAC,0.78,0.90,1.16,59,x07
124851039,POS,0,C6AC,1.02,-0.01,0.30,53,x06
124851044,POS,1,0FAC,0.78,0.88,1.18,61,x07
124851138,POS,0,C6AC,1.00,0.00,0.49,73,x06
124851143,POS,1,0FAC,0.79,0.86,1.19,64,x07
124851239,POS,0,C6AC,1.01,0.00,0.63,69,x06
124851243,POS,1,0FAC,0.80,0.85,1.19,63,x07
124851338,POS,0,C6AC,1.02,0.02,0.51,64,x06
124851342,POS,1,0FAC,0.80,0.85,1.20,63,x07
124851439,POS,0,C6AC,1.00,-0.01,0.64,67,x06
124851443,POS,1,0FAC,0.81,0.86,1.20,61,x07
124851538,POS,0,C6AC,1.06,-0.04,0.43,36,x06
124851541,POS,1,0FAC,0.82,0.88,1.24,54,x07
124851638,POS,0,C6AC,1.06,-0.11,0.28,51,x06
124851642,POS,1,0FAC,0.83,0.88,1.25,58,x07
124851738,POS,0,C6AC,1.10,-0.11,0.18,41,x06
124851743,POS,1,0FAC,0.83,0.87,1.28,54,x07
124851838,POS,0,C6AC,1.12,-0.14,0.09,41,x06
124851843,POS,1,0FAC,0.83,0.87,1.30,55,x07
124851938,POS,0,C6AC,1.13,-0.12,0.08,54,x06
124851943,POS,1,0FAC,0.83,0.86,1.29,60,x07
124852038,POS,0,C6AC,1.09,-0.12,0.34,63,x06
124852042,POS,1,0FAC,0.84,0.85,1.32,52,x07
124852138,POS,0,C6AC,1.06,-0.09,0.29,66,x06
124852143,POS,1,0FAC,0.84,0.85,1.29,61,x07
124852237,POS,0,C6AC,1.05,-0.07,0.41,74,x06
124852243,POS,1,0FAC,0.83,0.84,1.28,62,x07
124852338,POS,0,C6AC,1.06,-0.04,0.38,69,x06
124852343,POS,1,0FAC,0.84,0.84,1.29,57,x07
124852438,POS,0,C6AC,1.06,-0.01,0.54,70,x06
124852443,POS,1,0FAC,0.84,0.86,1.31,53,x07
124852538,POS,0,C6AC,1.05,-0.00,0.68,67,x06
124852542,POS,1,0FAC,0.83,0.85,1.33,54,x07
124852638,POS,0,C6AC,1.06,-0.01,0.77,65,x06
124852642,POS,1,0FAC,0.84,0.86,1.33,53,x07
124852738,POS,0,C6AC,1.06,0.00,0.83,71,x06
124852744,POS,1,0FAC,0.84,0.85,1.32,60,x07
124852838,POS,0,C6AC,1.03,0.02,0.74,80,x06
124852843,POS,1,0FAC,0.87,0.83,1.02,81,x07
124852938,POS,0,C6AC,1.04,-0.05,0.85,54,x06
124852943,POS,1,0FAC,0.86,0.83,1.07,63,x07
124853038,POS,0,C6AC,1.03,-0.08,0.93,57,x06
124853042,POS,1,0FAC,0.85,0.84,1.11,59,x07
124853139,POS,0,C6AC,1.05,-0.04,0.73,62,x06
124853143,POS,1,0FAC,0.86,0.86,1.14,62,x07
124853238,POS,0,C6AC,1.03,-0.03,0.80,71,x06
124853243,POS,1,0FAC,0.86,0.85,1.14,65,x07
124853338,POS,0,C6AC,1.05,-0.10,0.89,56,x06
124853342,POS,1,0FAC,0.87,0.84,1.15,62,x07
124853438,POS,0,C6AC,1.07,-0.07,0.69,58,x06
124853442,POS,1,0FAC,0.87,0.83,1.17,63,x07
124853538,POS,0,C6AC,1.06,-0.04,0.53,62,x06
124853546,POS,1,0FAC,0.87,0.80,1.17,68,x07
124853637,POS,0,C6AC,1.10,-0.14,0.73,42,x06
124853642,POS,1,0FAC,0.89,0.80,0.88,68,x07
124853739,POS,0,C6AC,1.11,-0.10,0.79,69,x06
124853743,POS,1,0FAC,0.91,0.81,0.65,65,x07
124853838,POS,0,C6AC,1.18,-0.06,0.57,42,x06
124853842,POS,1,0FAC,0.90,0.79,0.80,62,x07
124853939,POS,0,C6AC,1.15,-0.05,0.64,71,x06
124853944,POS,1,0FAC,0.90,0.76,0.92,63,x07
124854038,POS,0,C6AC,1.13,-0.04,0.73,67,x06
124854043,POS,1,0FAC,0.90,0.76,1.01,59,x07
124854138,POS,0,C6AC,1.12,-0.04,0.81,65,x06
124854143,POS,1,0FAC,0.89,0.74,1.07,63,x07
124854238,POS,0,C6AC,1.10,-0.03,0.81,72,x06
124854243,POS,1,0FAC,0.89,0.72,1.13,61,x07
124854338,POS,0,C6AC,1.08,-0.04,0.83,70,x06
124854343,POS,1,0FAC,0.89,0.71,1.15,65,x07
124854438,POS,0,C6AC,1.07,-0.03,0.70,68,x06
124854443,POS,1,0FAC,0.89,0.71,1.19,60,x07
124854539,POS,0,C6AC,1.07,-0.03,0.58,65,x06
124854543,POS,1,0FAC,0.90,0.73,0.90,70,x07
124854638,POS,0,C6AC,1.06,-0.04,0.45,56,x06
124854642,POS,1,0FAC,0.90,0.73,1.00,61,x07
124854739,POS,0,C6AC,1.03,-0.09,0.63,58,x06
124854743,POS,1,0FAC,0.89,0.74,1.04,65,x07
124854838,POS,0,C6AC,1.03,-0.09,0.50,58,x06
124854843,POS,1,0FAC,0.91,0.78,0.82,68,x07
124854939,POS,0,C6AC,1.02,-0.06,0.37,60,x06
124854943,POS,1,0FAC,0.92,0.82,0.68,70,x07
124855038,POS,0,C6AC,1.02,-0.04,0.28,60,x06
124855044,POS,1,0FAC,0.91,0.83,0.79,63,x07
124855139,POS,0,C6AC,1.00,-0.04,0.27,66,x06
124855144,POS,1,0FAC,0.94,0.83,0.60,66,x07
124855238,POS,0,C6AC,1.00,-0.04,0.20,58,x06
124855243,POS,1,0FAC,0.95,0.86,0.46,60,x07
124855338,POS,0,C6AC,0.97,-0.07,0.39,71,x06
124855343,POS,1,0FAC,0.97,0.89,0.32,56,x07
124855438,POS,0,C6AC,0.96,-0.10,0.55,65,x06
124855443,POS,1,0FAC,0.97,0.88,0.27,68,x07
124855538,POS,0,C6AC,0.95,-0.12,0.52,71,x06
124855542,POS,1,0FAC,0.98,0.88,0.19,63,x07
124855638,POS,0,C6AC,0.95,-0.13,0.66,62,x06
124855641,POS,1,0FAC,0.99,0.89,0.14,59,x07
124855739,POS,0,C6AC,0.96,-0.13,0.69,72,x06
124855743,POS,1,0FAC,1.00,0.91,0.10,58,x07
124855838,POS,0,C6AC,0.97,-0.14,0.56,69,x06
124855842,POS,1,0FAC,0.99,0.88,0.06,67,x07
124855939,POS,0,C6AC,0.98,-0.12,0.62,72,x06
124855944,POS,1,0FAC,0.99,0.89,0.03,60,x07
124856038,POS,0,C6AC,0.99,-0.13,0.67,73,x06
124856042,POS,1,0FAC,0.99,0.88,0.02,64,x07
124856139,POS,0,C6AC,0.99,-0.14,0.77,59,x06
124856144,POS,1,0FAC,0.98,0.86,0.04,71,x07
124856238,POS,0,C6AC,1.01,-0.16,0.61,67,x06
124856242,POS,1,0FAC,0.98,0.84,0.04,68,x07
124856338,POS,0,C6AC,1.01,-0.15,0.48,60,x06
124856343,POS,1,0FAC,0.98,0.83,0.01,64,x07
124856438,POS,0,C6AC,0.96,-0.23,0.35,67,x06
124856442,POS,1,0FAC,0.99,0.80,-0.03,61,x07
124856539,POS,0,C6AC,0.92,-0.29,0.26,66,x06
124856543,POS,1,0FAC,1.02,0.77,-0.07,59,x07
124856638,POS,0,C6AC,0.86,-0.37,0.28,72,x06
124856643,POS,1,0FAC,1.01,0.77,-0.06,66,x07
124856739,POS,0,C6AC,0.82,-0.43,0.24,63,x06
124856743,POS,1,0FAC,1.02,0.77,-0.06,63,x07
124856838,POS,0,C6AC,0.82,-0.43,0.23,73,x06
124856844,POS,1,0FAC,1.04,0.78,-0.05,61,x07
124856939,POS,0,C6AC,0.77,-0.52,0.18,63,x06
124856944,POS,1,0FAC,1.07,0.78,-0.06,56,x07
124857038,POS,0,C6AC,0.76,-0.56,0.14,58,x06
124857041,POS,1,0FAC,1.04,0.74,0.24,68,x07
124857138,POS,0,C6AC,0.72,-0.63,0.13,67,x06
124857143,POS,1,0FAC,1.01,0.72,0.48,67,x07
124857238,POS,0,C6AC,0.70,-0.67,0.09,63,x06
124857244,POS,1,0FAC,0.96,0.70,0.61,78,x07
124857338,POS,0,C6AC,0.68,-0.72,0.04,68,x06
124857342,POS,1,0FAC,0.95,0.66,0.71,77,x07
124857438,POS,0,C6AC,0.65,-0.75,0.11,65,x06
124857442,POS,1,0FAC,0.92,0.64,0.79,79,x07
124857538,POS,0,C6AC,0.64,-0.77,0.11,64,x06
124857542,POS,1,0FAC,0.91,0.62,0.87,74,x07
124857638,POS,0,C6AC,0.62,-0.80,0.06,70,x06
124857642,POS,1,0FAC,0.93,0.59,0.96,66,x07
124857737,POS,0,C6AC,0.72,-0.61,0.08,63,x06
124857753,POS,1,0FAC,0.93,0.54,1.03,69,x07
124857838,POS,0,C6AC,0.72,-0.60,0.09,66,x06
124857842,POS,1,0FAC,0.91,0.46,1.13,61,x07
124857938,POS,0,C6AC,0.78,-0.53,0.11,74,x06
124857943,POS,1,0FAC,0.92,0.44,1.15,71,x07
124858038,POS,0,C6AC,0.79,-0.52,0.07,64,x06
124858043,POS,1,0FAC,0.90,0.38,0.79,51,x07
124858138,POS,0,C6AC,0.78,-0.52,0.08,70,x06
124858143,POS,1,0FAC,0.91,0.34,0.92,65,x07
124858238,POS,0,C6AC,0.82,-0.49,0.05,66,x06
124858244,POS,1,0FAC,0.91,0.32,1.01,68,x07
124858338,POS,0,C6AC,0.82,-0.47,0.07,73,x06
124858342,POS,1,0FAC,0.90,0.27,1.08,67,x07
124858438,POS,0,C6AC,0.80,-0.52,0.03,58,x06
124858441,POS,1,0FAC,0.90,0.22,1.14,65,x07
124858538,POS,0,C6AC,0.80,-0.49,0.01,67,x06
124858542,POS,1,0FAC,0.91,0.19,1.20,60,x07
124858638,POS,0,C6AC,0.80,-0.50,0.07,74,x06
124858643,POS,1,0FAC,0.92,0.15,1.26,55,x07
124858737,POS,0,C6AC,0.82,-0.47,0.05,71,x06
124858741,POS,1,0FAC,0.92,0.14,1.31,56,x07
124858838,POS,0,C6AC,0.78,-0.54,0.04,61,x06
124858842,POS,1,0FAC,0.93,0.15,0.95,59,x07
124858938,POS,0,C6AC,0.76,-0.54,0.04,63,x06
124858943,POS,1,0FAC,0.94,0.16,1.04,66,x07
124859038,POS,0,C6AC,0.80,-0.52,0.04,74,x06
124859044,POS,1,0FAC,0.94,0.15,0.74,55,x07
124859138,POS,0,C6AC,0.77,-0.57,0.05,60,x06
124859142,POS,1,0FAC,0.95,0.14,0.49,51,x07
124859238,POS,0,C6AC,0.76,-0.58,0.05,63,x06
124859243,POS,1,0FAC,0.94,0.09,0.73,52,x07
124859338,POS,0,C6AC,0.74,-0.58,0.03,58,x06
124859342,POS,1,0FAC,0.96,0.08,0.47,43,x07
124859438,POS,0,C6AC,0.75,-0.56,0.06,73,x06
124859443,POS,1,0FAC,0.99,0.05,0.29,43,x07
124859538,POS,0,C6AC,0.75,-0.55,0.03,60,x06
124859542,POS,1,0FAC,1.00,0.04,0.14,42,x07
124859638,POS,0,C6AC,0.72,-0.61,0.01,64,x06
124859642,POS,1,0FAC,1.02,0.03,0.02,36,x07
124859737,POS,0,C6AC,0.70,-0.63,0.06,61,x06
124859742,POS,1,0FAC,1.04,0.01,-0.08,37,x07
124859838,POS,0,C6AC,0.68,-0.65,0.02,62,x06
124859844,POS,1,0FAC,1.05,0.01,-0.13,41,x07
124859938,POS,0,C6AC,0.71,-0.61,-0.00,63,x06
124859942,POS,1,0FAC,1.06,0.02,-0.20,35,x07
124900038,POS,0,C6AC,0.67,-0.68,0.02,68,x06
124900042,POS,1,0FAC,0.97,0.00,-0.15,66,x07
124900138,POS,0,C6AC,0.74,-0.61,0.06,75,x06
124900143,POS,1,0FAC,0.99,-0.02,-0.21,36,x07
124900238,POS,0,C6AC,0.75,-0.58,0.02,63,x06
124900244,POS,1,0FAC,1.01,-0.05,-0.25,36,x07
124900338,POS,0,C6AC,0.74,-0.57,0.03,65,x06
124900343,POS,1,0FAC,1.03,0.02,-0.19,63,x07
124900438,POS,0,C6AC,0.70,-0.61,0.12,61,x06
124900442,POS,1,0FAC,1.04,0.10,-0.08,80,x07
124900537,POS,0,C6AC,0.75,-0.58,0.12,74,x06
124900542,POS,1,0FAC,1.05,0.16,-0.06,67,x07
124900638,POS,0,C6AC,0.75,-0.57,0.07,59,x06
124900641,POS,1,0FAC,1.06,0.19,-0.03,67,x07
124900737,POS,0,C6AC,0.78,-0.52,0.08,73,x06
124900741,POS,1,0FAC,1.05,0.24,-0.02,71,x07
124900837,POS,0,C6AC,0.81,-0.44,0.18,71,x06
124900842,POS,1,0FAC,1.09,0.31,0.04,74,x07
124900938,POS,0,C6AC,0.83,-0.40,0.36,73,x06
124900942,POS,1,0FAC,1.08,0.34,0.11,85,x07
124901038,POS,0,C6AC,0.82,-0.45,0.25,56,x06
124901043,POS,1,0FAC,1.07,0.34,0.09,69,x07
124901138,POS,0,C6AC,0.79,-0.50,0.18,58,x06
124901142,POS,1,0FAC,1.09,0.36,0.09,71,x07
124901239,POS,0,C6AC,0.77,-0.57,0.18,61,x06
124901243,POS,1,0FAC,1.08,0.34,0.06,66,x07
124901338,POS,0,C6AC,0.74,-0.63,0.17,63,x06
124901343,POS,1,0FAC,1.04,0.32,0.07,75,x07
124901439,POS,0,C6AC,0.67,-0.82,0.30,81,x06
124901442,POS,1,0FAC,1.04,0.32,0.06,67,x07
124901538,POS,0,C6AC,0.71,-0.77,0.26,66,x06
124901543,POS,1,0FAC,1.03,0.30,0.05,68,x07
124901639,POS,0,C6AC,0.73,-0.71,0.46,65,x06
124901644,POS,1,0FAC,1.03,0.27,0.04,62,x07
124901737,POS,0,C6AC,0.75,-0.66,0.54,74,x06
124901742,POS,1,0FAC,1.01,0.22,0.00,58,x07
124901838,POS,0,C6AC,0.77,-0.62,0.63,74,x06
124901843,POS,1,0FAC,0.99,0.15,-0.03,51,x07
124901938,POS,0,C6AC,0.79,-0.66,0.76,55,x06
124901942,POS,1,0FAC,0.98,0.09,-0.05,53,x07
124902038,POS,0,C6AC,0.79,-0.69,0.81,56,x06
124902042,POS,1,0FAC,0.95,0.05,-0.05,56,x07
124902138,POS,0,C6AC,0.79,-0.68,0.83,65,x06
124902143,POS,1,0FAC,0.92,-0.02,-0.05,62,x07
124902238,POS,0,C6AC,0.78,-0.64,0.66,71,x06
124902242,POS,1,0FAC,0.87,-0.07,-0.01,69,x07
124902338,POS,0,C6AC,0.77,-0.64,0.74,61,x06
124902342,POS,1,0FAC,0.84,-0.14,-0.00,71,x07
124902437,POS,0,C6AC,0.75,-0.67,0.76,59,x06
124902442,POS,1,0FAC,0.82,-0.23,0.01,68,x07
124902538,POS,0,C6AC,0.74,-0.68,0.62,59,x06
124902543,POS,1,0FAC,0.89,-0.24,-0.15,49,x07
124902638,POS,0,C6AC,0.71,-0.72,0.68,60,x06
124902642,POS,1,0FAC,0.93,-0.14,-0.22,39,x07
124902738,POS,0,C6AC,0.68,-0.75,0.75,62,x06
124902742,POS,1,0FAC,0.90,-0.04,0.27,41,x07
124902837,POS,0,C6AC,0.63,-0.85,0.77,74,x06
124902841,POS,1,0FAC,0.92,-0.03,0.20,59,x07
124902938,POS,0,C6AC,0.63,-0.87,0.64,68,x06
124902943,POS,1,0FAC,0.90,-0.03,0.47,64,x07
124903037,POS,0,C6AC,0.60,-0.91,0.50,74,x06
124903042,POS,1,0FAC,0.90,0.00,0.26,45,x07
124903137,POS,0,C6AC,0.60,-0.93,0.40,71,x06
124903143,POS,1,0FAC,0.90,-0.05,0.08,47,x07
124903238,POS,0,C6AC,0.56,-1.04,0.29,82,x06
124903242,POS,1,0FAC,0.89,-0.07,-0.09,74,x07
124903338,POS,0,C6AC,0.52,-1.09,0.26,79,x06
124903342,POS,1,0FAC,0.87,-0.12,-0.19,52,x07
124903438,POS,0,C6AC,0.45,-1.22,0.37,86,x06
124903442,POS,1,0FAC,0.87,-0.18,-0.27,53,x07
124903538,POS,0,C6AC,0.47,-1.20,0.30,76,x06
124903543,POS,1,0FAC,0.86,-0.26,-0.31,56,x07
124903638,POS,0,C6AC,0.45,-1.21,0.26,79,x06
124903642,POS,1,0FAC,0.87,-0.32,-0.37,59,x07
124903738,POS,0,C6AC,0.42,-1.25,0.19,82,x06
124903743,POS,1,0FAC,0.82,-0.34,-0.41,59,x07
124903838,POS,0,C6AC,0.43,-1.22,0.19,77,x06
124903842,POS,1,0FAC,0.78,-0.36,-0.37,55,x07
124903938,POS,0,C6AC,0.40,-1.29,0.26,84,x06
124903943,POS,1,0FAC,0.70,-0.45,-0.30,67,x07
124904037,POS,0,C6AC,0.41,-1.24,0.19,76,x06
124904043,POS,1,0FAC,0.67,-0.51,-0.26,63,x07
124904138,POS,0,C6AC,0.39,-1.24,0.16,80,x06
124904142,POS,1,0FAC,0.66,-0.52,-0.21,61,x07
124904238,POS,0,C6AC,0.40,-1.20,0.11,76,x06
124904242,POS,1,0FAC,0.66,-0.50,0.16,56,x07
124904338,POS,0,C6AC,0.40,-1.19,0.07,78,x06
124904342,POS,1,0FAC,0.67,-0.52,0.39,60,x07
124904438,POS,0,C6AC,0.39,-1.16,0.36,74,x06
124904441,POS,1,0FAC,0.65,-0.48,0.56,70,x07
124904539,POS,0,C6AC,0.41,-1.13,0.21,75,x06
124904543,POS,1,0FAC,0.64,-0.47,0.44,70,x07
124904638,POS,0,C6AC,0.44,-1.09,0.06,75,x06
124904642,POS,1,0FAC,0.63,-0.48,0.36,70,x07
124904738,POS,0,C6AC,0.42,-1.12,0.04,79,x06
124904743,POS,1,0FAC,0.62,-0.50,0.29,65,x07
124904838,POS,0,C6AC,0.41,-1.10,-0.04,77,x06
124904842,POS,1,0FAC,0.59,-0.53,0.44,60,x07
124904938,POS,0,C6AC,0.39,-1.10,-0.11,78,x06
124904943,POS,1,0FAC,0.56,-0.59,0.59,62,x07
124905038,POS,0,C6AC,0.34,-1.19,-0.10,85,x06
124905042,POS,1,0FAC,0.54,-0.62,0.47,63,x07
124905138,POS,0,C6AC,0.33,-1.16,-0.15,78,x06
124905143,POS,1,0FAC,0.52,-0.67,0.37,67,x07
124905238,POS,0,C6AC,0.30,-1.16,-0.15,79,x06
124905242,POS,1,0FAC,0.44,-0.79,0.40,78,x07
124905338,POS,0,C6AC,0.25,-1.20,0.10,81,x06
124905342,POS,1,0FAC,0.43,-0.85,0.36,73,x07
124905438,POS,0,C6AC,0.24,-1.33,0.14,88,x06
124905443,POS,1,0FAC,0.42,-0.81,0.50,61,x07
124905538,POS,0,C6AC,0.19,-1.36,0.09,85,x06
124905543,POS,1,0FAC,0.32,-0.99,0.49,85,x07
124905638,POS,0,C6AC,0.19,-1.41,0.31,85,x06
124905642,POS,1,0FAC,0.33,-0.98,0.39,72,x07
124905738,POS,0,C6AC,0.16,-1.40,0.23,83,x06
124905743,POS,1,0FAC,0.35,-0.89,0.52,60,x07
124905838,POS,0,C6AC,0.15,-1.38,0.47,80,x06
124905841,POS,1,0FAC,0.37,-0.88,0.66,65,x07
124905939,POS,0,C6AC,0.13,-1.37,0.66,81,x06
124905944,POS,1,0FAC,0.38,-0.86,0.53,67,x07
124906037,POS,0,C6AC,0.12,-1.38,0.79,82,x06
124906042,POS,1,0FAC,0.42,-0.98,0.67,79,x07
124906138,POS,0,C6AC,0.09,-1.37,0.91,81,x06
124906142,POS,1,0FAC,0.41,-0.90,0.75,62,x07
124906238,POS,0,C6AC,0.07,-1.34,1.01,81,x06
124906243,POS,1,0FAC,0.39,-0.84,0.83,61,x07
124906337,POS,0,C6AC,0.06,-1.33,1.08,80,x06
124906342,POS,1,0FAC,0.37,-0.80,0.87,64,x07
124906438,POS,0,C6AC,0.05,-1.31,1.14,80,x06
124906441,POS,1,0FAC,0.37,-0.85,0.94,71,x07
124906538,POS,0,C6AC,0.08,-1.47,0.96,91,x06
124906543,POS,1,0FAC,0.37,-0.89,0.94,72,x07
124906638,POS,0,C6AC,0.06,-1.47,1.02,83,x06
124906641,POS,1,0FAC,0.34,-0.92,0.97,73,x07
124906738,POS,0,C6AC,0.04,-1.47,1.06,83,x06
124906741,POS,1,0FAC,0.33,-0.97,1.03,75,x07
124906838,POS,0,C6AC,0.02,-1.45,1.10,83,x06
124906843,POS,1,0FAC,0.31,-0.92,1.05,68,x07
124906938,POS,0,C6AC,-0.01,-1.45,1.13,83,x06
124906943,POS,1,0FAC,0.31,-0.95,1.09,73,x07
124907038,POS,0,C6AC,-0.02,-1.52,1.11,87,x06
124907041,POS,1,0FAC,0.29,-0.92,1.07,69,x07
124907138,POS,0,C6AC,-0.05,-1.50,1.12,84,x06
124907142,POS,1,0FAC,0.27,-0.91,0.88,72,x07
124907238,POS,0,C6AC,-0.06,-1.50,1.08,84,x06
124907243,POS,1,0FAC,0.25,-0.90,0.67,73,x07
124907338,POS,0,C6AC,-0.07,-1.57,1.05,88,x06
124907343,POS,1,0FAC,0.23,-0.88,0.50,72,x07
124907438,POS,0,C6AC,-0.09,-1.55,0.83,85,x06
124907442,POS,1,0FAC,0.21,-0.89,0.37,74,x07
124907538,POS,0,C6AC,-0.11,-1.53,0.87,84,x06
124907542,POS,1,0FAC,0.20,-0.90,0.57,72,x07
124907638,POS,0,C6AC,-0.12,-1.51,0.93,84,x06
124907644,POS,1,0FAC,0.19,-0.88,0.42,73,x07
124907738,POS,0,C6AC,-0.14,-1.49,1.02,84,x06
124907742,POS,1,0FAC,0.17,-0.89,0.55,72,x07
124907838,POS,0,C6AC,-0.13,-1.57,1.01,88,x06
124907842,POS,1,0FAC,0.15,-0.90,0.65,74,x07
124907938,POS,0,C6AC,-0.11,-1.67,0.90,90,x06
124907942,POS,1,0FAC,0.12,-0.90,0.77,74,x07
124908038,POS,0,C6AC,-0.12,-1.67,0.93,87,x06
124908043,POS,1,0FAC,0.11,-0.90,0.58,75,x07
124908138,POS,0,C6AC,-0.14,-1.65,0.98,86,x06
124908143,POS,1,0FAC,0.10,-0.92,0.45,77,x07
124908238,POS,0,C6AC,-0.12,-1.72,1.00,89,x06
124908244,POS,1,0FAC,0.07,-0.94,0.35,77,x07
124908338,POS,0,C6AC,-0.11,-1.79,0.86,90,x06
124908342,POS,1,0FAC,0.06,-0.94,0.53,75,x07
124908438,POS,0,C6AC,-0.13,-1.75,0.89,86,x06
124908442,POS,1,0FAC,0.06,-0.97,0.66,76,x07
124908538,POS,0,C6AC,-0.12,-1.81,0.76,91,x06
124908542,POS,1,0FAC,0.04,-0.95,0.78,74,x07
124908639,POS,0,C6AC,-0.13,-1.77,0.84,86,x06
124908653,POS,1,0FAC,0.05,-1.02,0.63,81,x07
124908738,POS,0,C6AC,-0.16,-1.74,0.88,87,x06
124908743,POS,1,0FAC,0.03,-1.01,0.72,75,x07
124908838,POS,0,C6AC,nan,nan,nan,0,x06
124908841,POS,1,0FAC,0.02,-1.03,0.77,78,x07
124908938,POS,0,C6AC,-0.19,-1.71,1.00,86,x06
124908943,POS,1,0FAC,-0.00,-0.99,0.89,75,x07
124909038,POS,0,C6AC,-0.18,-1.71,1.05,87,x06
124909042,POS,1,0FAC,-0.00,-1.07,0.80,82,x07
124909138,POS,0,C6AC,-0.17,-1.71,0.75,88,x06
124909142,POS,1,0FAC,-0.03,-1.01,0.89,73,x07
124909238,POS,0,C6AC,-0.18,-1.70,0.90,87,x06
124909242,POS,1,0FAC,-0.04,-0.99,0.97,76,x07
124909338,POS,0,C6AC,-0.18,-1.77,0.93,90,x06
124909342,POS,1,0FAC,-0.05,-1.08,1.01,82,x07
124909438,POS,0,C6AC,-0.21,-1.77,0.97,88,x06
124909442,POS,1,0FAC,-0.07,-1.04,1.05,76,x07
124909537,POS,0,C6AC,-0.21,-1.73,1.08,86,x06
124909542,POS,1,0FAC,-0.07,-1.10,1.07,81,x07
124909638,POS,0,C6AC,-0.23,-1.75,1.05,88,x06
124909643,POS,1,0FAC,-0.06,-1.14,1.04,81,x07
124909737,POS,0,C6AC,-0.23,-1.73,1.15,87,x06
124909742,POS,1,0FAC,-0.06,-1.23,0.84,85,x07
124909838,POS,0,C6AC,-0.25,-1.72,1.21,87,x06
124909842,POS,1,0FAC,-0.07,-1.26,0.86,82,x07
124909938,POS,0,C6AC,-0.26,-1.75,1.17,89,x06
124909942,POS,1,0FAC,-0.09,-1.20,0.90,78,x07
124910038,POS,0,C6AC,-0.25,-1.75,1.24,87,x06
124910043,POS,1,0FAC,-0.10,-1.22,0.92,82,x07
124910138,POS,0,C6AC,-0.26,-1.77,1.27,88,x06
124910143,POS,1,0FAC,-0.09,-1.26,0.81,83,x07
124910237,POS,0,C6AC,-0.26,-1.77,1.29,88,x06
124910242,POS,1,0FAC,-0.10,-1.29,0.84,83,x07
124910338,POS,0,C6AC,-0.27,-1.79,1.29,89,x06
124910342,POS,1,0FAC,-0.12,-1.24,0.90,79,x07
124910437,POS,0,C6AC,-0.27,-1.81,1.26,89,x06
124910442,POS,1,0FAC,-0.12,-1.32,0.95,85,x07
124910538,POS,0,C6AC,-0.29,-1.79,1.31,88,x06
124910543,POS,1,0FAC,-0.13,-1.30,0.96,81,x07
124910639,POS,0,C6AC,-0.29,-1.77,1.38,87,x06
124910642,POS,1,0FAC,-0.15,-1.32,0.94,83,x07
124910738,POS,0,C6AC,-0.31,-1.76,1.43,88,x06
124910743,POS,1,0FAC,-0.19,-1.28,0.93,81,x07
124910838,POS,0,C6AC,-0.32,-1.79,1.42,89,x06
124910842,POS,1,0FAC,-0.18,-1.37,0.78,87,x07
124910938,POS,0,C6AC,-0.34,-1.82,1.41,89,x06
124910942,POS,1,0FAC,-0.20,-1.32,0.59,82,x07
124911038,POS,0,C6AC,-0.34,-1.83,1.43,88,x06
124911044,POS,1,0FAC,-0.23,-1.30,0.51,83,x07
124911138,POS,0,C6AC,-0.34,-1.81,1.46,88,x06
124911142,POS,1,0FAC,-0.24,-1.29,0.43,83,x07
124911238,POS,0,C6AC,-0.35,-1.83,1.43,89,x06
124911242,POS,1,0FAC,-0.25,-1.27,0.57,82,x07
124911338,POS,0,C6AC,-0.36,-1.86,1.41,89,x06
124911342,POS,1,0FAC,-0.27,-1.23,0.74,81,x07
124911438,POS,0,C6AC,-0.36,-1.85,1.43,88,x06
124911442,POS,1,0FAC,-0.29,-1.22,0.84,82,x07
124911539,POS,0,C6AC,-0.37,-1.89,1.37,90,x06
124911543,POS,1,0FAC,-0.30,-1.23,0.88,83,x07
124911638,POS,0,C6AC,-0.37,-1.88,1.39,89,x06
124911642,POS,1,0FAC,-0.28,-1.33,0.78,87,x07
124911738,POS,0,C6AC,-0.36,-1.82,0.87,88,x06
124911743,POS,1,0FAC,-0.25,-1.37,0.70,85,x07
124911837,POS,0,C6AC,-0.37,-1.83,1.01,89,x06
124911842,POS,1,0FAC,-0.23,-1.43,0.79,86,x07
124911938,POS,0,C6AC,-0.39,-1.88,1.05,90,x06
124911943,POS,1,0FAC,-0.23,-1.45,0.82,85,x07
124912038,POS,0,C6AC,-0.41,-1.87,1.17,89,x06
124912042,POS,1,0FAC,-0.25,-1.40,0.88,82,x07
124912138,POS,0,C6AC,-0.42,-1.89,1.23,90,x06
124912142,POS,1,0FAC,-0.27,-1.40,0.92,84,x07
124912238,POS,0,C6AC,-0.43,-1.91,1.24,90,x06
124912243,POS,1,0FAC,-0.28,-1.33,1.01,81,x07
124912338,POS,0,C6AC,-0.43,-1.98,1.18,91,x06
124912343,POS,1,0FAC,-0.28,-1.31,1.10,82,x07
124912438,POS,0,C6AC,-0.44,-1.98,1.22,90,x06
124912441,POS,1,0FAC,-0.29,-1.30,1.11,82,x07
124912538,POS,0,C6AC,-0.45,-1.98,1.25,90,x06
124912543,POS,1,0FAC,-0.31,-1.30,1.07,83,x07
124912638,POS,0,C6AC,-0.46,-1.98,1.23,90,x06
124912643,POS,1,0FAC,-0.29,-1.43,0.93,89,x07
124912737,POS,0,C6AC,-0.44,-1.98,1.27,90,x06
124912752,POS,1,0FAC,-0.27,-1.53,0.84,89,x07
124912838,POS,0,C6AC,-0.41,-1.97,1.38,89,x06
124912842,POS,1,0FAC,-0.28,-1.52,0.88,85,x07
124912937,POS,0,C6AC,-0.41,-1.94,1.47,89,x06
124912942,POS,1,0FAC,-0.31,-1.43,1.01,82,x07
124913038,POS,0,C6AC,-0.41,-1.96,1.48,90,x06
124913043,POS,1,0FAC,-0.34,-1.41,1.05,84,x07
124913137,POS,0,C6AC,-0.40,-1.94,1.54,89,x06
124913141,POS,1,0FAC,-0.36,-1.38,1.10,83,x07
124913238,POS,0,C6AC,-0.40,-1.91,1.60,88,x06
124913243,POS,1,0FAC,-0.38,-1.42,0.83,87,x07
124913337,POS,0,C6AC,-0.36,-2.03,1.45,93,x06
124913342,POS,1,0FAC,-0.39,-1.42,0.89,85,x07
124913438,POS,0,C6AC,-0.37,-1.98,1.52,88,x06
124913443,POS,1,0FAC,-0.40,-1.42,0.93,85,x07
124913537,POS,0,C6AC,-0.38,-1.98,1.53,90,x06
124913541,POS,1,0FAC,-0.42,-1.41,0.95,85,x07
124913638,POS,0,C6AC,-0.41,-1.99,1.51,90,x06
124913643,POS,1,0FAC,-0.42,-1.42,0.77,86,x07
124913738,POS,0,C6AC,-0.43,-1.97,0.98,91,x06
124913743,POS,1,0FAC,-0.42,-1.42,0.67,86,x07
124913838,POS,0,C6AC,-0.47,-1.94,1.16,89,x06
124913844,POS,1,0FAC,-0.44,-1.45,0.67,86,x07
124913938,POS,0,C6AC,-0.46,-1.94,0.71,91,x06
124913943,POS,1,0FAC,-0.46,-1.52,0.60,89,x07
124914038,POS,0,C6AC,-0.46,-1.90,0.32,90,x06
124914043,POS,1,0FAC,-0.47,-1.51,0.56,86,x07
124914137,POS,0,C6AC,-0.47,-1.92,0.10,91,x06
124914141,POS,1,0FAC,-0.48,-1.50,0.57,86,x07
124914238,POS,0,C6AC,-0.50,-1.95,0.44,91,x06
124914243,POS,1,0FAC,-0.47,-1.48,0.64,85,x07
124914338,POS,0,C6AC,-0.54,-1.98,0.67,91,x06
124914343,POS,1,0FAC,-0.47,-1.48,0.53,86,x07
124914438,POS,0,C6AC,-0.56,-1.97,0.86,90,x06
124914442,POS,1,0FAC,-0.47,-1.52,0.48,87,x07
124914538,POS,0,C6AC,-0.57,-2.00,0.95,91,x06
124914541,POS,1,0FAC,-0.46,-1.62,0.46,90,x07
124914638,POS,0,C6AC,-0.61,-1.94,1.14,89,x06
124914644,POS,1,0FAC,-0.46,-1.60,0.54,87,x07
124914738,POS,0,C6AC,-0.62,-1.92,1.25,89,x06
124914742,POS,1,0FAC,-0.47,-1.56,0.70,85,x07
124914838,POS,0,C6AC,-0.45,-1.85,0.56,89,x06
124914843,POS,1,0FAC,-0.46,-1.56,0.56,87,x07
124914938,POS,0,C6AC,-0.44,-1.87,0.89,89,x06
124914942,POS,1,0FAC,-0.46,-1.54,0.67,86,x07
124915038,POS,0,C6AC,-0.45,-1.91,1.10,90,x06
124915042,POS,1,0FAC,-0.47,-1.54,0.57,87,x07
124915137,POS,0,C6AC,-0.43,-2.06,1.08,93,x06
124915142,POS,1,0FAC,-0.48,-1.52,0.69,85,x07
124915238,POS,0,C6AC,-0.40,-2.24,0.90,95,x06
124915241,POS,1,0FAC,-0.48,-1.51,0.80,86,x07
124915337,POS,0,C6AC,-0.44,-2.14,1.15,89,x06
124915342,POS,1,0FAC,-0.48,-1.53,0.66,87,x07
124915438,POS,0,C6AC,-0.48,-2.12,1.24,91,x06
124915443,POS,1,0FAC,-0.49,-1.53,0.74,87,x07
124915538,POS,0,C6AC,-0.50,-2.11,1.35,90,x06
124915543,POS,1,0FAC,-0.50,-1.54,0.75,87,x07
124915638,POS,0,C6AC,-0.50,-2.06,1.49,90,x06
124915642,POS,1,0FAC,-0.51,-1.56,0.76,87,x07
124915738,POS,0,C6AC,-0.52,-2.02,1.59,90,x06
124915742,POS,1,0FAC,-0.54,-1.57,0.67,88,x07
124915838,POS,0,C6AC,-0.52,-2.01,1.69,90,x06
124915843,POS,1,0FAC,-0.55,-1.57,0.57,88,x07
124915938,POS,0,C6AC,-0.49,-1.98,1.00,91,x06
124915942,POS,1,0FAC,-0.57,-1.56,0.67,87,x07
124916038,POS,0,C6AC,-0.46,-1.95,0.47,91,x06
124916044,POS,1,0FAC,-0.59,-1.59,0.63,88,x07
124916138,POS,0,C6AC,-0.43,-1.94,0.07,91,x06
124916142,POS,1,0FAC,-0.59,-1.60,0.68,87,x07
124916237,POS,0,C6AC,-0.40,-1.92,-0.23,91,x06
124916241,POS,1,0FAC,-0.61,-1.63,0.63,89,x07
124916338,POS,0,C6AC,-0.40,-1.94,-0.41,92,x06
124916344,POS,1,0FAC,-0.66,-1.70,0.48,91,x07
124916438,POS,0,C6AC,-0.39,-1.88,-0.64,89,x06
124916443,POS,1,0FAC,-0.67,-1.71,0.45,89,x07
124916538,POS,0,C6AC,-0.38,-1.85,-0.80,90,x06
124916542,POS,1,0FAC,-0.66,-1.69,0.53,88,x07
124916638,POS,0,C6AC,-0.37,-1.84,-0.93,90,x06
124916643,POS,1,0FAC,-0.68,-1.73,0.46,90,x07
124916738,POS,0,C6AC,-0.38,-1.82,-1.03,90,x06
124916742,POS,1,0FAC,-0.69,-1.75,0.38,90,x07
124916838,POS,0,C6AC,-0.40,-1.88,-0.24,90,x06
124916842,POS,1,0FAC,-0.68,-1.73,0.39,88,x07
124916938,POS,0,C6AC,-0.38,-1.87,-0.51,90,x06
124916943,POS,1,0FAC,-0.67,-1.70,0.32,88,x07
124917038,POS,0,C6AC,-0.36,-1.86,-0.71,90,x06
124917043,POS,1,0FAC,-0.68,-1.72,0.30,90,x07
124917138,POS,0,C6AC,-0.35,-1.85,-0.88,90,x06
124917143,POS,1,0FAC,-0.68,-1.71,0.29,89,x07
124917238,POS,0,C6AC,-0.33,-1.84,-1.00,90,x06
124917243,POS,1,0FAC,-0.65,-1.70,0.29,88,x07
124917338,POS,0,C6AC,-0.31,-1.82,-1.11,90,x06
124917343,POS,1,0FAC,-0.67,-1.77,0.31,97,x07
124917438,POS,0,C6AC,-0.30,-1.81,-1.16,90,x06
124917443,POS,1,0FAC,-0.68,-1.78,0.30,90,x07
124917538,POS,0,C6AC,-0.30,-1.80,-1.23,90,x06
124917542,POS,1,0FAC,-0.68,-1.79,0.29,90,x07
124917639,POS,0,C6AC,-0.28,-1.78,-1.28,90,x06
124917643,POS,1,0FAC,-0.66,-1.75,0.22,88,x07
124917738,POS,0,C6AC,-0.26,-1.77,-1.32,89,x06
124917743,POS,1,0FAC,-0.65,-1.74,0.37,88,x07
124917838,POS,0,C6AC,-0.24,-1.76,-1.36,89,x06
124917844,POS,1,0FAC,-0.66,-1.74,0.31,89,x07
124917937,POS,0,C6AC,-0.24,-1.76,-1.38,90,x06
124917942,POS,1,0FAC,-0.67,-1.77,0.36,90,x07
124918037,POS,0,C6AC,-0.21,-1.74,-1.41,89,x06
124918043,POS,1,0FAC,-0.65,-1.77,0.35,89,x07
124918137,POS,0,C6AC,-0.23,-1.79,-1.36,91,x06
124918144,POS,1,0FAC,-0.64,-1.76,0.31,89,x07
124918237,POS,0,C6AC,-0.26,-1.86,-1.26,92,x06
124918243,POS,1,0FAC,-0.62,-1.73,0.52,88,x07
124918338,POS,0,C6AC,-0.33,-1.94,-0.50,91,x06
124918342,POS,1,0FAC,-0.57,-1.77,0.62,89,x07
124918437,POS,0,C6AC,-0.34,-1.98,-0.59,92,x06
124918441,POS,1,0FAC,-0.55,-1.85,0.71,91,x07
124918538,POS,0,C6AC,-0.34,-1.99,-0.72,92,x06
124918543,POS,1,0FAC,-0.52,-1.90,0.69,91,x07
124918637,POS,0,C6AC,-0.40,-2.04,-0.08,91,x06
124918641,POS,1,0FAC,-0.49,-1.91,0.66,90,x07
124918738,POS,0,C6AC,-0.43,-2.05,0.39,91,x06
124918742,POS,1,0FAC,-0.52,-1.88,0.59,95,x07
124918838,POS,0,C6AC,-0.46,-2.08,0.73,91,x06
124918843,POS,1,0FAC,-0.50,-1.98,0.53,93,x07
124918938,POS,0,C6AC,-0.48,-2.11,0.95,91,x06
124918944,POS,1,0FAC,-0.51,-1.86,0.74,86,x07
124919038,POS,0,C6AC,-0.48,-2.13,1.16,91,x06
124919041,POS,1,0FAC,-0.49,-1.90,0.81,90,x07
124919138,POS,0,C6AC,-0.49,-2.10,1.38,90,x06
124919143,POS,1,0FAC,-0.51,-1.78,0.97,85,x07
124919237,POS,0,C6AC,-0.41,-2.09,0.77,92,x06
124919242,POS,1,0FAC,-0.53,-1.66,1.13,85,x07
124919338,POS,0,C6AC,-0.36,-2.06,0.27,91,x06
124919342,POS,1,0FAC,-0.54,-1.63,1.17,87,x07
124919437,POS,0,C6AC,-0.35,-2.04,-0.09,91,x06
124919441,POS,1,0FAC,-0.55,-1.56,1.26,85,x07
124919538,POS,0,C6AC,-0.37,-2.08,0.43,91,x06
124919542,POS,1,0FAC,-0.51,-1.67,1.18,90,x07
124919637,POS,0,C6AC,-0.38,-2.10,0.82,91,x06
124919642,POS,1,0FAC,-0.53,-1.61,1.23,86,x07
124919737,POS,0,C6AC,-0.39,-2.13,1.07,91,x06
124919742,POS,1,0FAC,-0.54,-1.53,1.30,85,x07
124919837,POS,0,C6AC,-0.39,-2.12,1.30,90,x06
124919843,POS,1,0FAC,-0.56,-1.51,1.34,86,x07
124919937,POS,0,C6AC,-0.40,-2.11,1.49,90,x06
124919942,POS,1,0FAC,-0.51,-1.61,1.14,90,x07
124920038,POS,0,C6AC,-0.41,-2.04,1.68,89,x06
124920042,POS,1,0FAC,-0.48,-1.75,0.96,92,x07
124920137,POS,0,C6AC,-0.42,-2.03,1.79,90,x06
124920143,POS,1,0FAC,-0.50,-1.67,1.08,86,x07
124920237,POS,0,C6AC,-0.43,-2.02,1.89,90,x06
124920242,POS,1,0FAC,-0.51,-1.59,1.20,85,x07
124920337,POS,0,C6AC,-0.43,-2.00,1.95,89,x06
124920341,POS,1,0FAC,-0.52,-1.56,1.26,86,x07
124920438,POS,0,C6AC,-0.44,-1.98,2.00,89,x06
124920441,POS,1,0FAC,-0.52,-1.51,1.34,85,x07
124920538,POS,0,C6AC,-0.40,-2.00,1.25,92,x06
124920542,POS,1,0FAC,-0.48,-1.66,1.26,91,x07
124920639,POS,0,C6AC,-0.38,-1.99,0.66,91,x06
124920643,POS,1,0FAC,-0.49,-1.59,1.32,85,x07
124920738,POS,0,C6AC,-0.36,-1.97,0.21,91,x06
124920742,POS,1,0FAC,-0.50,-1.57,1.34,86,x07
124920838,POS,0,C6AC,-0.35,-1.98,-0.12,92,x06
124920843,POS,1,0FAC,-0.51,-1.56,1.35,86,x07
124920937,POS,0,C6AC,-0.34,-1.96,-0.37,91,x06
124920944,POS,1,0FAC,-0.47,-1.66,1.14,90,x07
124921038,POS,0,C6AC,-0.33,-1.96,-0.55,91,x06
124921042,POS,1,0FAC,-0.48,-1.70,1.09,89,x07
124921138,POS,0,C6AC,-0.34,-1.95,-0.69,91,x06
124921142,POS,1,0FAC,-0.50,-1.66,1.15,87,x07
124921238,POS,0,C6AC,-0.34,-1.95,-0.79,91,x06
124921242,POS,1,0FAC,-0.49,-1.78,0.96,92,x07
124921337,POS,0,C6AC,-0.35,-1.97,-0.83,92,x06
124921343,POS,1,0FAC,-0.51,-1.73,1.07,87,x07
124921438,POS,0,C6AC,-0.39,-1.98,-0.12,90,x06
124921442,POS,1,0FAC,-0.51,-1.79,1.04,90,x07
124921538,POS,0,C6AC,-0.38,-1.95,-0.37,91,x06
124921542,POS,1,0FAC,-0.49,-1.87,0.90,91,x07
124921637,POS,0,C6AC,-0.42,-1.96,0.22,90,x06
124921641,POS,1,0FAC,-0.51,-1.75,1.06,85,x07
124921738,POS,0,C6AC,-0.43,-1.96,0.68,90,x06
124921743,POS,1,0FAC,-0.53,-1.68,1.15,86,x07
124921838,POS,0,C6AC,-0.45,-1.97,1.01,90,x06
124921842,POS,1,0FAC,-0.54,-1.61,1.24,85,x07
124921938,POS,0,C6AC,-0.47,-1.98,1.26,90,x06
124921943,POS,1,0FAC,-0.55,-1.55,1.30,85,x07
124922038,POS,0,C6AC,-0.48,-2.00,1.43,90,x06
124922042,POS,1,0FAC,-0.56,-1.49,1.37,85,x07
124922137,POS,0,C6AC,-0.49,-2.01,1.55,90,x06
124922143,POS,1,0FAC,-0.56,-1.46,1.40,85,x07
124922238,POS,0,C6AC,-0.49,-2.03,1.66,90,x06
124922241,POS,1,0FAC,-0.52,-1.65,1.28,92,x07
124922338,POS,0,C6AC,-0.48,-2.04,1.74,90,x06
124922341,POS,1,0FAC,-0.53,-1.57,1.36,85,x07
124922438,POS,0,C6AC,-0.44,-2.03,1.05,92,x06
124922442,POS,1,0FAC,-0.55,-1.50,1.42,85,x07
124922538,POS,0,C6AC,-0.43,-2.04,1.28,90,x06
124922542,POS,1,0FAC,-0.56,-1.48,1.45,86,x07
124922638,POS,0,C6AC,-0.44,-2.03,1.48,90,x06
124922642,POS,1,0FAC,-0.56,-1.45,1.48,85,x07
124922738,POS,0,C6AC,-0.45,-2.03,1.62,90,x06
124922744,POS,1,0FAC,-0.52,-1.66,1.21,93,x07
124922838,POS,0,C6AC,-0.45,-2.06,1.67,91,x06
124922843,POS,1,0FAC,-0.54,-1.56,1.32,85,x07
124922938,POS,0,C6AC,-0.43,-2.04,1.01,91,x06
124922943,POS,1,0FAC,-0.55,-1.51,1.38,85,x07
124923038,POS,0,C6AC,-0.41,-2.04,0.51,92,x06
124923041,POS,1,0FAC,-0.56,-1.47,1.43,85,x07
124923138,POS,0,C6AC,-0.40,-2.03,0.14,92,x06
124923144,POS,1,0FAC,-0.57,-1.46,1.45,86,x07
124923237,POS,0,C6AC,-0.38,-2.01,-0.16,91,x06
124923242,POS,1,0FAC,-0.58,-1.44,1.47,86,x07
124923337,POS,0,C6AC,-0.37,-1.99,-0.40,91,x06
124923341,POS,1,0FAC,-0.59,-1.43,1.49,86,x07
124923437,POS,0,C6AC,-0.38,-1.98,-0.57,91,x06
124923442,POS,1,0FAC,-0.53,-1.57,1.35,90,x07
124923538,POS,0,C6AC,-0.36,-1.97,-0.70,91,x06
124923542,POS,1,0FAC,-0.49,-1.72,1.14,92,x07
124923638,POS,0,C6AC,-0.39,-1.99,-0.02,90,x06
124923653,POS,1,0FAC,-0.51,-1.68,1.20,87,x07
124923738,POS,0,C6AC,-0.39,-2.00,0.48,90,x06
124923743,POS,1,0FAC,-0.53,-1.63,1.27,86,x07
124923838,POS,0,C6AC,-0.40,-2.00,0.87,90,x06
124923842,POS,1,0FAC,-0.54,-1.62,1.26,87,x07
124923938,POS,0,C6AC,-0.41,-2.01,1.15,90,x06
124923943,POS,1,0FAC,-0.55,-1.59,1.32,86,x07
124924037,POS,0,C6AC,-0.42,-2.01,1.36,90,x06
124924041,POS,1,0FAC,-0.54,-1.59,1.34,87,x07
124924137,POS,0,C6AC,-0.43,-1.99,1.54,90,x06
124924143,POS,1,0FAC,-0.54,-1.61,1.32,87,x07
124924237,POS,0,C6AC,-0.43,-1.97,1.70,89,x06
124924242,POS,1,0FAC,-0.53,-1.67,1.22,89,x07
124924337,POS,0,C6AC,-0.45,-1.94,1.79,89,x06
124924341,POS,1,0FAC,-0.54,-1.64,1.25,87,x07
124924437,POS,0,C6AC,-0.45,-1.95,1.83,90,x06
124924441,POS,1,0FAC,-0.53,-1.76,1.03,91,x07
124924538,POS,0,C6AC,-0.46,-1.94,1.88,89,x06
124924542,POS,1,0FAC,-0.53,-1.75,1.05,88,x07
124924637,POS,0,C6AC,-0.48,-1.94,1.91,89,x06
124924642,POS,1,0FAC,-0.54,-1.71,1.11,87,x07
124924737,POS,0,C6AC,-0.50,-1.95,1.90,90,x06
124924742,POS,1,0FAC,-0.54,-1.69,1.17,87,x07
124924838,POS,0,C6AC,-0.45,-1.97,1.27,93,x06
124924842,POS,1,0FAC,-0.55,-1.65,1.22,87,x07
124924937,POS,0,C6AC,-0.48,-1.96,1.42,90,x06
124924942,POS,1,0FAC,-0.54,-1.62,1.28,87,x07
124925038,POS,0,C6AC,-0.48,-1.94,1.58,89,x06
124925043,POS,1,0FAC,-0.56,-1.62,1.29,87,x07
124925137,POS,0,C6AC,-0.51,-1.97,1.61,91,x06
124925142,POS,1,0FAC,-0.51,-1.71,1.11,90,x07
124925238,POS,0,C6AC,-0.52,-2.01,1.61,91,x06
124925243,POS,1,0FAC,-0.53,-1.70,1.13,88,x07
124925337,POS,0,C6AC,-0.55,-2.01,1.64,90,x06
124925341,POS,1,0FAC,-0.55,-1.69,1.17,88,x07
124925438,POS,0,C6AC,-0.57,-2.01,1.66,90,x06
124925442,POS,1,0FAC,-0.56,-1.69,1.16,88,x07
124925537,POS,0,C6AC,-0.60,-2.03,1.63,91,x06
124925541,POS,1,0FAC,-0.57,-1.71,1.16,89,x07
124925638,POS,0,C6AC,-0.60,-2.05,1.10,92,x06
124925642,POS,1,0FAC,-0.57,-1.72,1.12,89,x07
124925737,POS,0,C6AC,-0.60,-2.08,1.20,91,x06
124925742,POS,1,0FAC,-0.58,-1.73,1.10,88,x07
124925838,POS,0,C6AC,-0.59,-2.07,0.75,92,x06
124925841,POS,1,0FAC,-0.58,-1.74,0.81,89,x07
124925937,POS,0,C6AC,-0.61,-2.07,0.97,91,x06
124925942,POS,1,0FAC,-0.58,-1.74,0.89,88,x07
124926038,POS,0,C6AC,-0.60,-2.05,1.18,90,x06
124926043,POS,1,0FAC,-0.59,-1.73,0.96,88,x07
124926137,POS,0,C6AC,-0.60,-2.04,1.30,90,x06
124926142,POS,1,0FAC,-0.61,-1.70,1.04,87,x07
124926238,POS,0,C6AC,-0.59,-2.05,1.41,91,x06
124926242,POS,1,0FAC,-0.62,-1.71,1.03,89,x07
124926337,POS,0,C6AC,-0.58,-2.04,1.50,90,x06
124926342,POS,1,0FAC,-0.63,-1.66,1.12,87,x07
124926437,POS,0,C6AC,-0.56,-2.01,1.60,89,x06
124926442,POS,1,0FAC,-0.64,-1.68,1.05,89,x07
124926538,POS,0,C6AC,-0.55,-2.03,1.64,90,x06
124926543,POS,1,0FAC,-0.68,-1.77,0.96,91,x07
124926638,POS,0,C6AC,-0.43,-1.97,0.89,90,x06
124926643,POS,1,0FAC,-0.70,-1.81,0.79,90,x07
124926737,POS,0,C6AC,-0.45,-2.00,1.11,90,x06
124926743,POS,1,0FAC,-0.74,-1.82,0.78,90,x07
124926838,POS,0,C6AC,-0.47,-1.97,1.30,89,x06
124926843,POS,1,0FAC,-0.77,-1.92,0.74,92,x07
124926937,POS,0,C6AC,-0.47,-2.01,1.34,91,x06
124926943,POS,1,0FAC,-0.77,-1.90,0.57,90,x07
124927037,POS,0,C6AC,-0.46,-2.20,1.15,95,x06
124927042,POS,1,0FAC,-0.76,-1.86,0.61,89,x07
124927138,POS,0,C6AC,-0.49,-2.15,1.26,90,x06
124927141,POS,1,0FAC,-0.76,-1.83,0.65,89,x07
124927238,POS,0,C6AC,-0.50,-2.10,1.40,90,x06
124927242,POS,1,0FAC,-0.77,-1.80,0.72,89,x07
124927337,POS,0,C6AC,-0.52,-2.04,1.49,89,x06
124927342,POS,1,0FAC,-0.78,-1.77,0.77,88,x07
124927437,POS,0,C6AC,-0.52,-1.98,1.59,89,x06
124927441,POS,1,0FAC,-0.80,-1.73,0.84,88,x07
124927537,POS,0,C6AC,-0.47,-1.95,1.76,89,x06
124927541,POS,1,0FAC,-0.80,-1.68,0.94,87,x07
124927638,POS,0,C6AC,-0.52,-1.94,1.69,90,x06
124927643,POS,1,0FAC,-0.81,-1.67,0.90,88,x07
124927737,POS,0,C6AC,-0.54,-1.93,1.67,89,x06
124927745,POS,1,0FAC,-0.84,-1.59,1.02,87,x07
124927838,POS,0,C6AC,-0.57,-1.92,1.61,89,x06
124927842,POS,1,0FAC,-0.83,-1.59,1.05,88,x07
124927938,POS,0,C6AC,-0.59,-1.94,1.52,90,x06
124927943,POS,1,0FAC,-0.81,-1.69,0.89,91,x07
124928038,POS,0,C6AC,-0.61,-1.96,1.44,91,x06
124928043,POS,1,0FAC,-0.84,-1.63,0.98,87,x07
124928138,POS,0,C6AC,-0.61,-1.98,1.41,90,x06
124928142,POS,1,0FAC,-0.85,-1.57,1.05,87,x07
124928238,POS,0,C6AC,-0.61,-1.96,1.46,89,x06
124928242,POS,1,0FAC,-0.87,-1.48,1.14,86,x07
124928337,POS,0,C6AC,-0.61,-1.97,1.43,90,x06
124928342,POS,1,0FAC,-0.86,-1.45,1.15,86,x07
124928437,POS,0,C6AC,-0.58,-1.94,0.92,90,x06
124928441,POS,1,0FAC,-0.86,-1.43,1.16,86,x07
124928538,POS,0,C6AC,-0.59,-1.92,1.10,89,x06
124928542,POS,1,0FAC,-0.86,-1.48,1.08,88,x07
124928638,POS,0,C6AC,-0.57,-1.89,0.65,90,x06
124928644,POS,1,0FAC,-0.85,-1.62,0.93,91,x07
124928738,POS,0,C6AC,-0.54,-1.85,0.31,90,x06
124928741,POS,1,0FAC,-0.84,-1.56,0.94,86,x07
124928838,POS,0,C6AC,-0.55,-1.80,0.01,89,x06
124928842,POS,1,0FAC,-0.88,-1.63,0.83,90,x07
124928938,POS,0,C6AC,-0.53,-1.75,-0.20,89,x06
124928942,POS,1,0FAC,-0.86,-1.58,0.67,87,x07
124929038,POS,0,C6AC,-0.52,-1.79,-0.28,91,x06
124929043,POS,1,0FAC,-0.85,-1.54,0.60,87,x07
124929138,POS,0,C6AC,-0.53,-1.79,0.22,89,x06
124929142,POS,1,0FAC,-0.84,-1.57,0.54,89,x07
124929238,POS,0,C6AC,-0.52,-1.81,0.58,89,x06
124929242,POS,1,0FAC,-0.80,-1.50,0.40,86,x07
124929338,POS,0,C6AC,-0.49,-1.81,0.27,90,x06
124929342,POS,1,0FAC,-0.77,-1.48,0.40,86,x07
124929437,POS,0,C6AC,-0.49,-1.83,0.62,89,x06
124929441,POS,1,0FAC,-0.73,-1.44,0.37,85,x07
124929537,POS,0,C6AC,-0.51,-1.85,0.86,89,x06
124929542,POS,1,0FAC,-0.72,-1.46,0.37,87,x07
124929637,POS,0,C6AC,-0.50,-1.86,1.07,89,x06
124929641,POS,1,0FAC,-0.71,-1.40,0.26,85,x07
124929737,POS,0,C6AC,-0.45,-1.86,0.63,90,x06
124929742,POS,1,0FAC,-0.69,-1.37,0.43,85,x07
124929837,POS,0,C6AC,-0.46,-1.86,0.87,89,x06
124929841,POS,1,0FAC,-0.63,-1.41,0.44,86,x07
124929938,POS,0,C6AC,-0.48,-1.84,1.01,89,x06
124929942,POS,1,0FAC,-0.60,-1.49,0.48,88,x07
124930037,POS,0,C6AC,-0.51,-1.84,1.06,89,x06
124930042,POS,1,0FAC,-0.58,-1.54,0.45,88,x07
124930138,POS,0,C6AC,-0.51,-1.82,1.13,88,x06
124930142,POS,1,0FAC,-0.58,-1.47,0.58,84,x07
124930238,POS,0,C6AC,-0.54,-1.78,1.19,88,x06
124930242,POS,1,0FAC,-0.54,-1.52,0.52,88,x07
124930338,POS,0,C6AC,-0.56,-1.77,1.24,88,x06
124930341,POS,1,0FAC,-0.55,-1.42,0.68,82,x07
124930437,POS,0,C6AC,-0.56,-1.77,1.26,88,x06
124930442,POS,1,0FAC,-0.53,-1.52,0.63,89,x07
124930538,POS,0,C6AC,-0.55,-1.80,1.25,89,x06
124930541,POS,1,0FAC,-0.51,-1.59,0.57,89,x07
124930638,POS,0,C6AC,-0.53,-1.81,0.86,90,x06
124930643,POS,1,0FAC,-0.51,-1.61,0.51,88,x07
124930738,POS,0,C6AC,-0.50,-1.81,0.99,89,x06
124930743,POS,1,0FAC,-0.51,-1.52,0.61,84,x07
124930837,POS,0,C6AC,-0.48,-1.82,1.06,89,x06
124930841,POS,1,0FAC,-0.51,-1.53,0.69,86,x07
124930938,POS,0,C6AC,-0.47,-1.81,1.14,88,x06
124930942,POS,1,0FAC,-0.52,-1.48,0.73,85,x07
124931038,POS,0,C6AC,-0.45,-1.80,0.76,89,x06
124931042,POS,1,0FAC,-0.51,-1.56,0.63,89,x07
124931138,POS,0,C6AC,-0.43,-1.76,0.47,88,x06
124931144,POS,1,0FAC,-0.50,-1.57,0.55,87,x07
124931238,POS,0,C6AC,-0.42,-1.77,0.65,88,x06
124931241,POS,1,0FAC,-0.50,-1.58,0.55,87,x07
124931338,POS,0,C6AC,-0.41,-1.78,0.77,88,x06
124931341,POS,1,0FAC,-0.50,-1.52,0.64,85,x07
124931437,POS,0,C6AC,-0.42,-1.77,0.90,88,x06
124931441,POS,1,0FAC,-0.50,-1.46,0.54,84,x07
124931538,POS,0,C6AC,-0.39,-1.76,1.01,87,x06
124931541,POS,1,0FAC,-0.50,-1.43,0.50,90,x07
124931637,POS,0,C6AC,-0.37,-1.77,1.08,88,x06
124931642,POS,1,0FAC,-0.50,-1.40,0.41,85,x07
124931738,POS,0,C6AC,-0.30,-1.84,0.93,91,x06
124931742,POS,1,0FAC,-0.51,-1.36,0.56,83,x07
124931837,POS,0,C6AC,-0.30,-1.81,1.03,87,x06
124931842,POS,1,0FAC,-0.52,-1.34,0.67,84,x07
124931938,POS,0,C6AC,-0.30,-1.75,1.15,86,x06
124931944,POS,1,0FAC,-0.53,-1.33,0.72,84,x07
124932037,POS,0,C6AC,-0.29,-1.73,1.18,87,x06
124932043,POS,1,0FAC,-0.53,-1.32,0.76,84,x07
124932138,POS,0,C6AC,-0.30,-1.70,1.22,86,x06
124932143,POS,1,0FAC,-0.52,-1.30,0.80,83,x07
124932237,POS,0,C6AC,-0.29,-1.68,1.24,86,x06
124932242,POS,1,0FAC,-0.52,-1.30,0.67,84,x07
124932337,POS,0,C6AC,-0.29,-1.67,1.22,87,x06
124932342,POS,1,0FAC,-0.52,-1.27,0.77,83,x07
124932437,POS,0,C6AC,-0.30,-1.63,1.26,85,x06
124932440,POS,1,0FAC,-0.52,-1.26,0.61,84,x07
124932537,POS,0,C6AC,-0.29,-1.63,1.25,87,x06
124932542,POS,1,0FAC,-0.51,-1.26,0.48,84,x07
124932637,POS,0,C6AC,-0.28,-1.61,1.29,85,x06
124932641,POS,1,0FAC,-0.52,-1.24,0.61,83,x07
124932738,POS,0,C6AC,-0.27,-1.66,1.22,88,x06
124932742,POS,1,0FAC,-0.53,-1.23,0.72,84,x07
124932837,POS,0,C6AC,-0.25,-1.63,1.25,85,x06
124932841,POS,1,0FAC,-0.50,-1.29,0.69,86,x07
124932938,POS,0,C6AC,-0.24,-1.60,1.30,85,x06
124932942,POS,1,0FAC,-0.51,-1.28,0.76,83,x07
124933037,POS,0,C6AC,-0.22,-1.56,1.34,84,x06
124933041,POS,1,0FAC,-0.51,-1.21,0.84,80,x07
124933138,POS,0,C6AC,-0.22,-1.53,1.33,84,x06
124933141,POS,1,0FAC,-0.47,-1.26,0.75,85,x07
124933238,POS,0,C6AC,-0.20,-1.51,1.35,84,x06
124933242,POS,1,0FAC,-0.45,-1.20,0.84,80,x07
124933338,POS,0,C6AC,-0.18,-1.52,1.31,85,x06
124933342,POS,1,0FAC,-0.43,-1.25,0.86,84,x07
124933438,POS,0,C6AC,-0.14,-1.69,1.12,92,x06
124933442,POS,1,0FAC,-0.41,-1.26,0.90,83,x07
124933536,POS,0,C6AC,-0.15,-1.59,1.19,82,x06
124933540,POS,1,0FAC,-0.38,-1.29,0.93,84,x07
124933638,POS,0,C6AC,-0.16,-1.56,1.17,84,x06
124933643,POS,1,0FAC,-0.37,-1.26,0.92,81,x07
124933737,POS,0,C6AC,-0.12,-1.63,1.04,89,x06
124933742,POS,1,0FAC,-0.40,-1.27,0.73,85,x07
124933838,POS,0,C6AC,-0.13,-1.58,1.09,84,x06
124933842,POS,1,0FAC,-0.40,-1.24,0.80,81,x07
124933937,POS,0,C6AC,-0.11,-1.53,1.14,82,x06
124933942,POS,1,0FAC,-0.39,-1.22,0.72,82,x07
124934038,POS,0,C6AC,-0.12,-1.47,1.16,82,x06
124934042,POS,1,0FAC,-0.45,-1.30,0.65,87,x07
124934137,POS,0,C6AC,-0.10,-1.47,1.13,84,x06
124934142,POS,1,0FAC,-0.41,-1.25,0.54,80,x07
124934238,POS,0,C6AC,-0.11,-1.44,1.13,82,x06
124934242,POS,1,0FAC,-0.44,-1.29,0.61,85,x07
124934337,POS,0,C6AC,-0.11,-1.41,1.16,82,x06
124934341,POS,1,0FAC,-0.41,-1.25,0.50,81,x07
124934438,POS,0,C6AC,-0.06,-1.50,1.00,88,x06
124934442,POS,1,0FAC,-0.36,-1.18,0.69,77,x07
124934537,POS,0,C6AC,-0.02,-1.65,0.87,92,x06
124934541,POS,1,0FAC,-0.32,-1.12,0.78,77,x07
124934638,POS,0,C6AC,0.01,-1.77,0.87,92,x06
124934642,POS,1,0FAC,-0.26,-1.14,0.87,79,x07
124934737,POS,0,C6AC,0.00,-1.71,0.90,85,x06
124934742,POS,1,0FAC,-0.23,-1.17,0.72,82,x07
124934838,POS,0,C6AC,0.02,-1.68,0.78,86,x06
124934843,POS,1,0FAC,-0.21,-1.15,0.58,79,x07
124934937,POS,0,C6AC,0.03,-1.64,0.86,84,x06
124934940,POS,1,0FAC,-0.27,-1.22,0.57,85,x07
124935038,POS,0,C6AC,0.05,-1.62,0.68,86,x06
124935042,POS,1,0FAC,-0.25,-1.21,0.46,82,x07
124935137,POS,0,C6AC,0.06,-1.59,0.80,84,x06
124935143,POS,1,0FAC,-0.28,-1.27,0.51,85,x07
124935237,POS,0,C6AC,0.08,-1.57,0.88,84,x06
124935243,POS,1,0FAC,-0.24,-1.21,0.46,78,x07
124935337,POS,0,C6AC,0.09,-1.58,0.69,86,x06
124935343,POS,1,0FAC,-0.21,-1.18,0.43,79,x07
124935438,POS,0,C6AC,0.13,-1.63,0.80,87,x06
124935442,POS,1,0FAC,-0.18,-1.14,0.57,77,x07
124935538,POS,0,C6AC,0.17,-1.66,0.87,87,x06
124935542,POS,1,0FAC,-0.15,-1.00,0.70,65,x07
124935638,POS,0,C6AC,0.20,-1.77,0.73,92,x06
124935642,POS,1,0FAC,-0.09,-1.02,0.60,79,x07
124935737,POS,0,C6AC,0.20,-1.74,0.82,86,x06
124935742,POS,1,0FAC,-0.07,-0.93,0.76,69,x07
124935837,POS,0,C6AC,0.22,-1.66,0.96,82,x06
124935843,POS,1,0FAC,-0.06,-0.92,0.85,74,x07
124935937,POS,0,C6AC,0.26,-1.74,0.82,91,x06
124935942,POS,1,0FAC,-0.04,-0.89,0.92,72,x07
124936038,POS,0,C6AC,0.26,-1.68,0.92,83,x06
124936044,POS,1,0FAC,-0.01,-0.90,0.96,73,x07
124936137,POS,0,C6AC,0.26,-1.65,0.98,84,x06
124936142,POS,1,0FAC,0.00,-0.90,0.96,73,x07
124936238,POS,0,C6AC,0.27,-1.61,0.70,85,x06
124936241,POS,1,0FAC,0.02,-0.91,0.98,74,x07
124936337,POS,0,C6AC,0.26,-1.63,0.77,86,x06
124936342,POS,1,0FAC,0.05,-0.91,0.76,74,x07
124936438,POS,0,C6AC,0.28,-1.63,0.67,87,x06
124936441,POS,1,0FAC,0.07,-0.89,0.55,73,x07
124936537,POS,0,C6AC,0.28,-1.62,0.52,86,x06
124936541,POS,1,0FAC,0.05,-0.96,0.42,80,x07
124936638,POS,0,C6AC,0.28,-1.63,0.61,86,x06
124936642,POS,1,0FAC,0.07,-0.92,0.31,73,x07
124936737,POS,0,C6AC,0.29,-1.63,0.73,85,x06
124936742,POS,1,0FAC,0.10,-0.91,0.26,73,x07
124936838,POS,0,C6AC,0.29,-1.61,0.84,84,x06
124936842,POS,1,0FAC,0.11,-0.94,0.22,76,x07
124936938,POS,0,C6AC,0.29,-1.60,0.91,84,x06
124936941,POS,1,0FAC,0.12,-0.96,0.43,75,x07
124937038,POS,0,C6AC,0.31,-1.61,0.67,87,x06
124937042,POS,1,0FAC,0.14,-0.95,0.38,72,x07
124937137,POS,0,C6AC,0.32,-1.63,0.78,86,x06
124937144,POS,1,0FAC,0.15,-0.96,0.30,76,x07
124937237,POS,0,C6AC,0.35,-1.63,0.54,87,x06
124937241,POS,1,0FAC,0.11,-1.04,0.24,82,x07
124937337,POS,0,C6AC,0.38,-1.62,0.36,87,x06
124937341,POS,1,0FAC,0.13,-0.97,0.43,68,x07
124937437,POS,0,C6AC,0.38,-1.64,0.31,88,x06
124937440,POS,1,0FAC,0.15,-0.95,0.35,73,x07
124937538,POS,0,C6AC,0.39,-1.65,0.27,88,x06
124937542,POS,1,0FAC,0.10,-1.05,0.46,82,x07
124937636,POS,0,C6AC,0.41,-1.64,0.51,84,x06
124937644,POS,1,0FAC,0.06,-1.16,0.55,84,x07
124937738,POS,0,C6AC,0.42,-1.63,0.71,84,x06
124937743,POS,1,0FAC,0.10,-1.09,0.47,72,x07
124937837,POS,0,C6AC,0.44,-1.62,0.88,84,x06
124937841,POS,1,0FAC,0.12,-1.08,0.40,77,x07
124937938,POS,0,C6AC,0.46,-1.62,0.99,84,x06
124937942,POS,1,0FAC,0.16,-1.07,0.30,76,x07
124938037,POS,0,C6AC,0.47,-1.64,1.04,87,x06
124938042,POS,1,0FAC,0.10,-1.23,0.42,87,x07
124938138,POS,0,C6AC,0.48,-1.67,1.08,87,x06
124938143,POS,1,0FAC,0.15,-1.15,0.55,69,x07
124938237,POS,0,C6AC,0.46,-1.70,1.06,88,x06
124938242,POS,1,0FAC,0.20,-1.11,0.67,72,x07
124938338,POS,0,C6AC,0.47,-1.74,0.82,90,x06
124938342,POS,1,0FAC,0.24,-1.09,0.51,75,x07
124938437,POS,0,C6AC,0.47,-1.77,0.70,90,x06
124938441,POS,1,0FAC,0.26,-1.06,0.39,74,x07
124938538,POS,0,C6AC,0.48,-1.76,0.51,89,x06
124938543,POS,1,0FAC,0.28,-1.05,0.32,74,x07
124938637,POS,0,C6AC,0.50,-1.76,0.36,89,x06
124938652,POS,1,0FAC,0.28,-1.09,0.20,80,x07
124938738,POS,0,C6AC,0.52,-1.76,0.24,89,x06
124938743,POS,1,0FAC,0.29,-1.04,0.45,69,x07
124938837,POS,0,C6AC,0.54,-1.76,0.14,89,x06
124938842,POS,1,0FAC,0.31,-1.03,0.60,71,x07
124938938,POS,0,C6AC,0.54,-1.75,0.45,86,x06
124938943,POS,1,0FAC,0.33,-1.02,0.70,71,x07
124939037,POS,0,C6AC,0.56,-1.74,0.69,86,x06
124939043,POS,1,0FAC,0.36,-1.06,0.79,75,x07
124939138,POS,0,C6AC,0.57,-1.73,0.86,86,x06
124939143,POS,1,0FAC,0.37,-1.03,0.85,69,x07
124939237,POS,0,C6AC,0.56,-1.74,0.94,87,x06
124939243,POS,1,0FAC,0.38,-1.00,0.88,68,x07
124939338,POS,0,C6AC,0.57,-1.74,1.06,86,x06
124939342,POS,1,0FAC,0.39,-1.00,0.87,71,x07
124939437,POS,0,C6AC,0.60,-1.76,0.76,90,x06
124939441,POS,1,0FAC,0.40,-0.98,0.93,69,x07
124939538,POS,0,C6AC,0.59,-1.77,0.89,88,x06
124939542,POS,1,0FAC,0.41,-0.96,1.00,68,x07
124939638,POS,0,C6AC,0.59,-1.84,0.91,91,x06
124939642,POS,1,0FAC,0.41,-0.97,1.01,70,x07
124939738,POS,0,C6AC,0.58,-1.84,0.99,88,x06
124939743,POS,1,0FAC,0.41,-0.97,1.00,70,x07
124939837,POS,0,C6AC,0.59,-1.84,1.06,89,x06
124939842,POS,1,0FAC,0.41,-0.98,1.00,71,x07
124939938,POS,0,C6AC,0.59,-1.85,1.09,89,x06
124939942,POS,1,0FAC,0.45,-1.09,0.80,83,x07
124940037,POS,0,C6AC,0.60,-1.86,1.12,89,x06
124940043,POS,1,0FAC,0.44,-1.06,0.88,70,x07
124940138,POS,0,C6AC,0.61,-1.86,1.15,89,x06
124940142,POS,1,0FAC,0.45,-1.06,0.94,72,x07
124940238,POS,0,C6AC,0.62,-1.86,1.20,88,x06
124940243,POS,1,0FAC,0.45,-1.07,0.98,72,x07
124940338,POS,0,C6AC,0.63,-1.85,1.23,88,x06
124940343,POS,1,0FAC,0.45,-1.09,0.71,77,x07
124940437,POS,0,C6AC,0.65,-1.87,1.20,90,x06
124940441,POS,1,0FAC,0.49,-1.16,0.78,80,x07
124940537,POS,0,C6AC,0.64,-1.89,1.18,90,x06
124940542,POS,1,0FAC,0.49,-1.13,0.87,71,x07
124940636,POS,0,C6AC,0.70,-1.99,1.04,93,x06
124940641,POS,1,0FAC,0.52,-1.20,0.76,83,x07
124940738,POS,0,C6AC,0.70,-1.94,1.15,87,x06
124940742,POS,1,0FAC,0.52,-1.25,0.83,80,x07
124940837,POS,0,C6AC,0.70,-1.90,1.21,87,x06
124940841,POS,1,0FAC,0.52,-1.22,0.85,74,x07
124940938,POS,0,C6AC,0.70,-1.89,1.23,89,x06
124940943,POS,1,0FAC,0.51,-1.18,0.90,72,x07
124941037,POS,0,C6AC,0.69,-1.90,1.20,90,x06
124941042,POS,1,0FAC,0.50,-1.17,0.92,74,x07
124941138,POS,0,C6AC,0.69,-1.90,1.19,90,x06
124941142,POS,1,0FAC,0.49,-1.17,0.95,74,x07
124941238,POS,0,C6AC,0.68,-1.91,1.19,90,x06
124941242,POS,1,0FAC,0.49,-1.18,0.95,76,x07
124941338,POS,0,C6AC,0.68,-1.93,1.17,91,x06
124941343,POS,1,0FAC,0.51,-1.17,0.72,77,x07
124941437,POS,0,C6AC,0.68,-1.90,1.19,88,x06
124941442,POS,1,0FAC,0.50,-1.19,0.77,77,x07
124941538,POS,0,C6AC,0.68,-1.90,1.22,89,x06
124941542,POS,1,0FAC,0.50,-1.19,0.82,76,x07
124941637,POS,0,C6AC,0.69,-1.89,1.26,88,x06
124941642,POS,1,0FAC,0.51,-1.19,0.83,75,x07
124941737,POS,0,C6AC,0.70,-1.90,1.22,90,x06
124941741,POS,1,0FAC,0.53,-1.23,0.69,81,x07
124941837,POS,0,C6AC,0.71,-1.94,1.20,92,x06
124941842,POS,1,0FAC,0.53,-1.25,0.74,78,x07
124941938,POS,0,C6AC,0.71,-1.90,1.23,87,x06
124941943,POS,1,0FAC,0.56,-1.31,0.74,84,x07
124942037,POS,0,C6AC,0.71,-1.86,1.24,87,x06
124942043,POS,1,0FAC,0.57,-1.27,0.82,74,x07
124942137,POS,0,C6AC,0.70,-1.84,1.25,87,x06
124942141,POS,1,0FAC,0.58,-1.24,0.91,74,x07
124942237,POS,0,C6AC,0.71,-1.80,1.28,85,x06
124942242,POS,1,0FAC,0.59,-1.22,0.67,76,x07
124942337,POS,0,C6AC,0.70,-1.82,1.19,90,x06
124942342,POS,1,0FAC,0.60,-1.23,0.78,77,x07
124942438,POS,0,C6AC,0.68,-1.83,1.15,89,x06
124942442,POS,1,0FAC,0.59,-1.26,0.62,81,x07
124942536,POS,0,C6AC,0.68,-1.85,0.91,91,x06
124942541,POS,1,0FAC,0.59,-1.26,0.66,78,x07
124942637,POS,0,C6AC,0.67,-1.88,0.89,91,x06
124942642,POS,1,0FAC,0.59,-1.26,0.74,77,x07
124942737,POS,0,C6AC,0.67,-1.92,0.93,91,x06
124942742,POS,1,0FAC,0.60,-1.26,0.82,76,x07
124942838,POS,0,C6AC,0.67,-1.99,0.78,93,x06
124942843,POS,1,0FAC,0.60,-1.29,0.85,81,x07
124942936,POS,0,C6AC,0.68,-1.96,0.55,91,x06
124942942,POS,1,0FAC,0.61,-1.29,0.89,78,x07
124943038,POS,0,C6AC,0.68,-1.95,0.41,91,x06
124943043,POS,1,0FAC,0.61,-1.29,0.70,79,x07
124943137,POS,0,C6AC,0.69,-1.94,0.33,91,x06
124943142,POS,1,0FAC,nan,nan,nan,0,x07
124943237,POS,0,C6AC,0.69,-1.90,0.55,88,x06
124943242,POS,1,0FAC,0.61,-1.27,0.85,76,x07
124943337,POS,0,C6AC,0.71,-1.86,0.74,87,x06
124943341,POS,1,0FAC,0.61,-1.28,0.89,78,x07
124943437,POS,0,C6AC,0.71,-1.83,0.86,87,x06
124943442,POS,1,0FAC,0.61,-1.26,0.94,75,x07
124943537,POS,0,C6AC,0.71,-1.79,1.00,85,x06
124943541,POS,1,0FAC,0.61,-1.26,0.95,77,x07
124943638,POS,0,C6AC,0.71,-1.80,0.75,90,x06
124943643,POS,1,0FAC,0.61,-1.25,0.99,75,x07
124943737,POS,0,C6AC,0.72,-1.81,0.53,90,x06
124943742,POS,1,0FAC,0.61,-1.26,1.03,77,x07
124943838,POS,0,C6AC,0.68,-2.00,0.52,95,x06
124943843,POS,1,0FAC,0.61,-1.28,1.05,79,x07
124943936,POS,0,C6AC,0.73,-1.96,0.34,90,x06
124943942,POS,1,0FAC,0.62,-1.26,1.06,75,x07
124944038,POS,0,C6AC,0.80,-1.95,0.15,91,x06
124944043,POS,1,0FAC,0.67,-1.37,0.89,89,x07
124944137,POS,0,C6AC,0.95,-1.89,-0.09,89,x06
124944142,POS,1,0FAC,0.71,-1.43,0.74,89,x07
124944237,POS,0,C6AC,1.05,-1.80,-0.31,86,x06
124944241,POS,1,0FAC,0.75,-1.47,0.65,88,x07
124944336,POS,0,C6AC,1.11,-1.72,-0.48,84,x06
124944342,POS,1,0FAC,0.73,-1.41,0.73,76,x07
124944438,POS,0,C6AC,1.13,-1.64,-0.61,83,x06
124944443,POS,1,0FAC,0.70,-1.39,0.64,85,x07
124944537,POS,0,C6AC,1.16,-1.61,-0.70,85,x06
124944540,POS,1,0FAC,0.69,-1.32,0.78,72,x07
124944637,POS,0,C6AC,1.18,-1.63,-0.71,88,x06
124944641,POS,1,0FAC,0.68,-1.29,0.85,74,x07
124944737,POS,0,C6AC,1.03,-1.83,-0.40,95,x06
124944742,POS,1,0FAC,0.68,-1.26,0.92,74,x07
124944838,POS,0,C6AC,0.96,-1.83,0.03,88,x06
124944843,POS,1,0FAC,0.67,-1.23,0.97,73,x07
124944936,POS,0,C6AC,0.89,-1.83,0.30,89,x06
124944941,POS,1,0FAC,0.68,-1.28,1.00,81,x07
124945037,POS,0,C6AC,0.84,-1.82,0.20,90,x06
124945043,POS,1,0FAC,0.72,-1.36,0.82,88,x07
124945137,POS,0,C6AC,0.81,-1.83,0.41,90,x06
124945142,POS,1,0FAC,0.71,-1.31,0.86,74,x07
124945237,POS,0,C6AC,0.79,-1.83,0.57,89,x06
124945243,POS,1,0FAC,0.74,-1.38,0.73,88,x07
124945337,POS,0,C6AC,0.76,-1.83,0.70,89,x06
124945341,POS,1,0FAC,0.71,-1.33,0.82,74,x07
124945438,POS,0,C6AC,0.74,-1.84,0.79,90,x06
124945442,POS,1,0FAC,0.74,-1.35,0.87,81,x07
124945537,POS,0,C6AC,0.72,-1.87,0.71,92,x06
124945541,POS,1,0FAC,0.73,-1.32,0.91,75,x07
124945637,POS,0,C6AC,0.70,-1.89,0.75,91,x06
124945641,POS,1,0FAC,0.71,-1.34,0.77,82,x07
124945737,POS,0,C6AC,0.69,-1.90,0.80,91,x06
124945742,POS,1,0FAC,0.69,-1.31,0.80,77,x07
124945838,POS,0,C6AC,0.70,-1.89,0.60,90,x06
124945842,POS,1,0FAC,0.70,-1.38,0.72,87,x07
124945936,POS,0,C6AC,0.70,-1.90,0.50,91,x06
124945941,POS,1,0FAC,0.69,-1.34,0.76,76,x07
124946037,POS,0,C6AC,0.70,-1.91,0.37,91,x06
124946042,POS,1,0FAC,0.69,-1.39,0.63,86,x07
124946137,POS,0,C6AC,0.70,-1.91,0.29,91,x06
124946141,POS,1,0FAC,0.69,-1.34,0.49,77,x07
124946237,POS,0,C6AC,0.69,-1.91,0.24,91,x06
124946242,POS,1,0FAC,0.68,-1.35,0.42,83,x07
124946336,POS,0,C6AC,0.70,-1.90,0.21,91,x06
124946341,POS,1,0FAC,0.68,-1.34,0.40,80,x07
124946438,POS,0,C6AC,0.69,-1.96,0.32,93,x06
124946441,POS,1,0FAC,0.67,-1.31,0.33,79,x07
124946536,POS,0,C6AC,0.69,-1.92,0.24,90,x06
124946540,POS,1,0FAC,0.67,-1.30,0.32,79,x07
124946637,POS,0,C6AC,0.69,-1.93,0.21,91,x06
124946643,POS,1,0FAC,0.65,-1.30,0.46,78,x07
124946737,POS,0,C6AC,0.69,-1.92,0.20,91,x06
124946741,POS,1,0FAC,0.64,-1.31,0.48,80,x07
124946837,POS,0,C6AC,0.67,-1.95,0.29,92,x06
124946842,POS,1,0FAC,0.65,-1.34,0.42,83,x07
124946937,POS,0,C6AC,0.67,-1.93,0.21,91,x06
124946941,POS,1,0FAC,0.61,-1.39,0.48,85,x07
124947037,POS,0,C6AC,0.68,-1.91,0.15,90,x06
124947041,POS,1,0FAC,0.62,-1.35,0.44,78,x07
124947137,POS,0,C6AC,0.68,-1.90,0.12,91,x06
124947142,POS,1,0FAC,0.62,-1.32,0.39,78,x07
124947237,POS,0,C6AC,0.68,-1.91,0.13,91,x06
124947242,POS,1,0FAC,0.59,-1.36,0.49,83,x07
124947336,POS,0,C6AC,0.69,-1.89,0.04,90,x06
124947342,POS,1,0FAC,0.60,-1.34,0.43,79,x07
124947438,POS,0,C6AC,0.68,-1.89,0.01,91,x06
124947442,POS,1,0FAC,0.60,-1.32,0.42,79,x07
124947537,POS,0,C6AC,0.69,-1.86,-0.04,90,x06
124947541,POS,1,0FAC,0.61,-1.29,0.34,77,x07
124947637,POS,0,C6AC,0.70,-1.88,0.04,91,x06
124947642,POS,1,0FAC,0.62,-1.35,0.35,86,x07
124947737,POS,0,C6AC,0.69,-1.88,0.02,91,x06
124947743,POS,1,0FAC,0.62,-1.33,0.32,79,x07
124947838,POS,0,C6AC,0.70,-1.88,0.02,91,x06
124947843,POS,1,0FAC,0.61,-1.32,0.45,78,x07
124947937,POS,0,C6AC,0.69,-1.91,0.27,91,x06
124947942,POS,1,0FAC,0.61,-1.32,0.42,80,x07
124948038,POS,0,C6AC,0.68,-1.90,0.16,91,x06
124948044,POS,1,0FAC,0.63,-1.33,0.43,81,x07
124948137,POS,0,C6AC,0.68,-1.91,0.19,91,x06
124948141,POS,1,0FAC,0.59,-1.37,0.50,83,x07
124948238,POS,0,C6AC,0.68,-1.89,0.11,91,x06
124948242,POS,1,0FAC,0.60,-1.32,0.43,77,x07
124948337,POS,0,C6AC,0.69,-1.88,0.05,90,x06
124948342,POS,1,0FAC,0.60,-1.29,0.35,77,x07
124948438,POS,0,C6AC,0.69,-1.88,0.06,91,x06
124948442,POS,1,0FAC,0.60,-1.27,0.48,76,x07
124948537,POS,0,C6AC,0.68,-1.93,0.15,92,x06
124948542,POS,1,0FAC,0.60,-1.25,0.60,75,x07
124948638,POS,0,C6AC,0.68,-1.92,0.40,89,x06
124948642,POS,1,0FAC,0.60,-1.25,0.50,79,x07
124948736,POS,0,C6AC,0.69,-1.90,0.28,91,x06
124948741,POS,1,0FAC,0.62,-1.30,0.47,84,x07
124948838,POS,0,C6AC,0.69,-1.90,0.48,90,x06
124948844,POS,1,0FAC,0.61,-1.28,0.58,75,x07
124948937,POS,0,C6AC,0.69,-1.91,0.64,90,x06
124948941,POS,1,0FAC,0.61,-1.25,0.65,75,x07
124949037,POS,0,C6AC,0.69,-1.91,0.73,90,x06
124949042,POS,1,0FAC,0.60,-1.25,0.71,76,x07
124949138,POS,0,C6AC,0.70,-1.91,0.82,90,x06
124949142,POS,1,0FAC,0.60,-1.23,0.76,74,x07
124949238,POS,0,C6AC,0.70,-1.90,0.90,89,x06
124949241,POS,1,0FAC,0.60,-1.23,0.64,78,x07
124949337,POS,0,C6AC,0.69,-1.90,0.89,91,x06
124949341,POS,1,0FAC,0.60,-1.22,0.70,75,x07
124949438,POS,0,C6AC,0.69,-1.90,0.98,89,x06
124949442,POS,1,0FAC,0.59,-1.22,0.75,76,x07
124949536,POS,0,C6AC,0.70,-1.91,1.01,91,x06
124949543,POS,1,0FAC,0.59,-1.23,0.63,79,x07
124949638,POS,0,C6AC,0.69,-1.90,1.06,89,x06
124949643,POS,1,0FAC,0.59,-1.23,0.68,77,x07
124949737,POS,0,C6AC,0.71,-1.88,0.76,90,x06
124949743,POS,1,0FAC,0.58,-1.22,0.75,76,x07
124949838,POS,0,C6AC,0.70,-1.85,0.89,87,x06
124949842,POS,1,0FAC,0.59,-1.23,0.59,79,x07
124949937,POS,0,C6AC,0.76,-1.95,0.74,93,x06
124949942,POS,1,0FAC,0.61,-1.27,0.53,82,x07
124950037,POS,0,C6AC,0.74,-1.90,0.89,87,x06
124950042,POS,1,0FAC,0.61,-1.26,0.48,79,x07
124950137,POS,0,C6AC,0.74,-1.86,0.98,87,x06
124950143,POS,1,0FAC,0.62,-1.27,0.45,79,x07
124950237,POS,0,C6AC,0.73,-1.85,1.03,88,x06
124950242,POS,1,0FAC,0.62,-1.28,0.43,81,x07
124950337,POS,0,C6AC,0.73,-1.82,1.11,86,x06
124950341,POS,1,0FAC,0.63,-1.27,0.56,76,x07
124950437,POS,0,C6AC,0.77,-1.89,0.91,92,x06
124950440,POS,1,0FAC,0.63,-1.35,0.50,87,x07
124950537,POS,0,C6AC,0.77,-1.86,1.00,88,x06
124950541,POS,1,0FAC,0.64,-1.40,0.48,86,x07
124950638,POS,0,C6AC,0.77,-1.88,1.06,90,x06
124950641,POS,1,0FAC,0.64,-1.36,0.39,79,x07
124950737,POS,0,C6AC,0.76,-1.89,1.05,91,x06
124950742,POS,1,0FAC,0.64,-1.35,0.50,78,x07
124950837,POS,0,C6AC,0.76,-1.88,0.74,90,x06
124950842,POS,1,0FAC,0.63,-1.31,0.64,75,x07
124950937,POS,0,C6AC,0.75,-1.89,0.83,90,x06
124950941,POS,1,0FAC,0.63,-1.31,0.69,78,x07
124951036,POS,0,C6AC,0.73,-1.87,0.59,90,x06
124951041,POS,1,0FAC,0.64,-1.28,0.52,77,x07
124951137,POS,0,C6AC,0.68,-1.92,0.53,93,x06
124951142,POS,1,0FAC,0.64,-1.27,0.61,76,x07
124951236,POS,0,C6AC,0.67,-1.90,0.71,88,x06
124951241,POS,1,0FAC,0.64,-1.26,0.71,75,x07
124951338,POS,0,C6AC,0.67,-1.87,0.87,87,x06
124951342,POS,1,0FAC,0.63,-1.24,0.79,75,x07
124951437,POS,0,C6AC,0.65,-1.88,0.96,89,x06
124951441,POS,1,0FAC,0.64,-1.28,0.86,80,x07
124951537,POS,0,C6AC,0.63,-1.86,1.05,88,x06
124951541,POS,1,0FAC,0.66,-1.33,0.82,84,x07
124951637,POS,0,C6AC,0.65,-1.86,1.12,88,x06
124951642,POS,1,0FAC,0.69,-1.39,0.71,87,x07
124951738,POS,0,C6AC,0.70,-1.85,1.27,87,x06
124951742,POS,1,0FAC,0.68,-1.35,0.76,76,x07
124951837,POS,0,C6AC,0.70,-1.88,1.25,90,x06
124951843,POS,1,0FAC,0.69,-1.38,0.83,82,x07
124951938,POS,0,C6AC,0.69,-1.88,1.28,88,x06
124951942,POS,1,0FAC,0.67,-1.32,0.88,73,x07
124952036,POS,0,C6AC,0.71,-1.83,0.81,88,x06
124952040,POS,1,0FAC,0.67,-1.27,0.65,75,x07
124952137,POS,0,C6AC,0.70,-1.83,1.03,87,x06
124952141,POS,1,0FAC,0.66,-1.24,0.76,74,x07
124952237,POS,0,C6AC,0.70,-1.87,0.73,91,x06
124952241,POS,1,0FAC,0.66,-1.28,0.67,82,x07
124952338,POS,0,C6AC,0.72,-1.80,1.04,83,x06
124952341,POS,1,0FAC,0.66,-1.26,0.52,78,x07
124952437,POS,0,C6AC,0.73,-1.72,0.58,85,x06
124952442,POS,1,0FAC,0.65,-1.25,0.42,78,x07
124952538,POS,0,C6AC,0.72,-1.79,0.42,92,x06
124952542,POS,1,0FAC,0.63,-1.30,0.43,83,x07
124952637,POS,0,C6AC,0.72,-1.80,0.64,88,x06
124952642,POS,1,0FAC,0.64,-1.33,0.45,83,x07
124952738,POS,0,C6AC,0.74,-1.77,0.86,85,x06
124952741,POS,1,0FAC,0.64,-1.33,0.60,78,x07
124952837,POS,0,C6AC,0.74,-1.75,0.98,86,x06
124952843,POS,1,0FAC,0.63,-1.31,0.51,79,x07
124952938,POS,0,C6AC,0.74,-1.74,1.07,86,x06
124952943,POS,1,0FAC,0.64,-1.30,0.43,79,x07
124953037,POS,0,C6AC,0.76,-1.73,1.14,85,x06
124953041,POS,1,0FAC,0.61,-1.36,0.49,85,x07
124953138,POS,0,C6AC,0.83,-1.84,0.93,93,x06
124953143,POS,1,0FAC,0.59,-1.42,0.54,86,x07
124953237,POS,0,C6AC,0.82,-1.79,1.06,84,x06
124953242,POS,1,0FAC,0.60,-1.38,0.44,79,x07
124953338,POS,0,C6AC,0.80,-1.76,1.14,85,x06
124953342,POS,1,0FAC,0.60,-1.38,0.59,80,x07
124953437,POS,0,C6AC,0.80,-1.74,1.18,86,x06
124953441,POS,1,0FAC,0.60,-1.35,0.50,79,x07
124953537,POS,0,C6AC,0.80,-1.70,1.23,84,x06
124953541,POS,1,0FAC,0.61,-1.41,0.49,87,x07
124953637,POS,0,C6AC,0.79,-1.70,1.24,86,x06
124953640,POS,1,0FAC,0.63,-1.42,0.59,82,x07
124953738,POS,0,C6AC,0.79,-1.70,1.26,85,x06
124953741,POS,1,0FAC,0.63,-1.37,0.46,78,x07
124953837,POS,0,C6AC,0.79,-1.69,1.28,86,x06
124953841,POS,1,0FAC,0.64,-1.39,0.42,84,x07
124953938,POS,0,C6AC,0.78,-1.67,1.32,83,x06
124953942,POS,1,0FAC,0.66,-1.42,0.41,85,x07
124954036,POS,0,C6AC,0.79,-1.67,1.32,86,x06
124954042,POS,1,0FAC,0.66,-1.40,0.32,82,x07
124954137,POS,0,C6AC,0.78,-1.66,1.35,84,x06
124954142,POS,1,0FAC,0.64,-1.38,0.39,80,x07
124954237,POS,0,C6AC,0.79,-1.66,1.37,85,x06
124954240,POS,1,0FAC,0.65,-1.37,0.30,81,x07
124954338,POS,0,C6AC,0.79,-1.73,1.26,91,x06
124954341,POS,1,0FAC,0.64,-1.34,0.27,79,x07
124954437,POS,0,C6AC,0.78,-1.72,1.27,86,x06
124954442,POS,1,0FAC,0.64,-1.35,0.45,80,x07
124954538,POS,0,C6AC,0.76,-1.69,1.31,84,x06
124954543,POS,1,0FAC,0.65,-1.36,0.44,83,x07
124954637,POS,0,C6AC,0.76,-1.68,1.30,86,x06
124954642,POS,1,0FAC,0.66,-1.37,0.59,80,x07
124954738,POS,0,C6AC,0.81,-1.78,1.24,92,x06
124954742,POS,1,0FAC,0.65,-1.39,0.57,84,x07
124954837,POS,0,C6AC,0.87,-1.86,1.05,92,x06
124954842,POS,1,0FAC,0.65,-1.39,0.43,83,x07
124954938,POS,0,C6AC,0.85,-1.81,1.14,85,x06
124954942,POS,1,0FAC,0.61,-1.37,0.55,79,x07
124955037,POS,0,C6AC,0.83,-1.79,1.15,87,x06
124955042,POS,1,0FAC,0.62,-1.35,0.63,78,x07
124955137,POS,0,C6AC,0.89,-1.89,0.96,93,x06
124955141,POS,1,0FAC,0.58,-1.33,0.52,79,x07
124955237,POS,0,C6AC,0.85,-1.82,1.06,84,x06
124955242,POS,1,0FAC,0.60,-1.31,0.64,77,x07
124955337,POS,0,C6AC,0.83,-1.80,1.10,87,x06
124955341,POS,1,0FAC,0.64,-1.33,0.76,79,x07
124955437,POS,0,C6AC,0.87,-1.87,1.09,92,x06
124955442,POS,1,0FAC,0.64,-1.30,0.83,75,x07
124955538,POS,0,C6AC,0.82,-1.83,1.13,86,x06
124955542,POS,1,0FAC,0.71,-1.25,0.50,76,x07
124955636,POS,0,C6AC,0.81,-1.79,1.18,85,x06
124955641,POS,1,0FAC,0.68,-1.24,0.38,78,x07
124955738,POS,0,C6AC,0.84,-1.87,1.01,92,x06
124955742,POS,1,0FAC,0.66,-1.25,0.54,77,x07
124955837,POS,0,C6AC,0.83,-1.86,1.05,89,x06
124955842,POS,1,0FAC,0.67,-1.23,0.74,74,x07
124955938,POS,0,C6AC,0.83,-1.82,1.13,86,x06
124955942,POS,1,0FAC,0.65,-1.18,0.88,70,x07
124956037,POS,0,C6AC,0.84,-1.79,1.18,86,x06
124956042,POS,1,0FAC,0.63,-1.18,0.93,75,x07
124956137,POS,0,C6AC,0.89,-1.88,1.01,93,x06
124956142,POS,1,0FAC,0.62,-1.16,0.98,71,x07
124956236,POS,0,C6AC,0.87,-1.82,1.11,85,x06
124956241,POS,1,0FAC,0.67,-1.33,0.83,91,x07
124956337,POS,0,C6AC,0.84,-1.81,1.12,88,x06
124956342,POS,1,0FAC,0.69,-1.39,0.88,85,x07
124956437,POS,0,C6AC,0.82,-1.82,1.14,89,x06
124956440,POS,1,0FAC,0.73,-1.47,0.81,90,x07
124956538,POS,0,C6AC,0.89,-1.88,0.95,92,x06
124956542,POS,1,0FAC,0.73,-1.50,0.86,85,x07
124956637,POS,0,C6AC,0.85,-1.84,1.03,86,x06
124956642,POS,1,0FAC,0.75,-1.54,0.71,89,x07
124956737,POS,0,C6AC,0.83,-1.78,1.14,83,x06
124956741,POS,1,0FAC,0.71,-1.45,0.78,74,x07
124956837,POS,0,C6AC,0.81,-1.76,1.19,86,x06
124956842,POS,1,0FAC,0.73,-1.49,0.75,87,x07
124956937,POS,0,C6AC,0.81,-1.72,1.25,84,x06
124956941,POS,1,0FAC,0.68,-1.40,0.84,73,x07
124957037,POS,0,C6AC,0.80,-1.70,1.29,85,x06
124957041,POS,1,0FAC,0.65,-1.34,0.90,74,x07
124957137,POS,0,C6AC,0.80,-1.74,1.26,89,x06
124957141,POS,1,0FAC,0.63,-1.29,0.93,73,x07
124957237,POS,0,C6AC,0.80,-1.73,1.26,86,x06
124957241,POS,1,0FAC,0.62,-1.25,0.98,73,x07
124957337,POS,0,C6AC,0.87,-1.86,1.09,93,x06
124957341,POS,1,0FAC,0.66,-1.36,0.99,87,x07
124957438,POS,0,C6AC,0.90,-1.91,0.91,92,x06
124957441,POS,1,0FAC,0.63,-1.44,0.78,89,x07
124957537,POS,0,C6AC,0.87,-1.85,1.02,85,x06
124957541,POS,1,0FAC,0.68,-1.54,0.72,91,x07
124957637,POS,0,C6AC,0.86,-1.81,1.10,86,x06
124957641,POS,1,0FAC,0.65,-1.43,0.82,72,x07
124957736,POS,0,C6AC,0.85,-1.76,1.17,85,x06
124957740,POS,1,0FAC,0.63,-1.35,0.87,73,x07
124957837,POS,0,C6AC,0.89,-1.87,0.99,93,x06
124957842,POS,1,0FAC,0.66,-1.39,0.91,84,x07
124957937,POS,0,C6AC,0.92,-1.96,0.82,93,x06
124957942,POS,1,0FAC,0.69,-1.44,0.75,87,x07
124958037,POS,0,C6AC,0.96,-2.01,0.75,93,x06
124958042,POS,1,0FAC,0.72,-1.50,0.64,89,x07
124958137,POS,0,C6AC,0.91,-1.91,0.92,84,x06
124958141,POS,1,0FAC,0.68,-1.42,0.75,74,x07
124958237,POS,0,C6AC,0.93,-1.99,0.78,93,x06
124958245,POS,1,0FAC,0.72,-1.51,0.62,90,x07
124958337,POS,0,C6AC,0.96,-2.05,0.71,93,x06
124958340,POS,1,0FAC,0.68,-1.42,0.74,73,x07
124958437,POS,0,C6AC,0.92,-1.95,0.89,85,x06
124958441,POS,1,0FAC,0.66,-1.33,0.83,71,x07
124958536,POS,0,C6AC,0.90,-1.92,0.97,89,x06
124958540,POS,1,0FAC,0.63,-1.29,0.88,74,x07
124958637,POS,0,C6AC,0.88,-1.86,1.04,87,x06
124958641,POS,1,0FAC,0.62,-1.24,0.94,72,x07
124958736,POS,0,C6AC,0.93,-1.98,0.89,93,x06
124958741,POS,1,0FAC,0.61,-1.21,0.97,72,x07
124958838,POS,0,C6AC,0.97,-2.06,0.77,93,x06
124958842,POS,1,0FAC,0.67,-1.34,0.83,90,x07
124958937,POS,0,C6AC,0.92,-1.96,0.91,86,x06
124958942,POS,1,0FAC,0.70,-1.43,0.86,88,x07
124959037,POS,0,C6AC,0.89,-1.91,0.99,88,x06
124959042,POS,1,0FAC,0.74,-1.52,0.73,90,x07
124959137,POS,0,C6AC,0.93,-1.99,0.91,93,x06
124959142,POS,1,0FAC,0.70,-1.43,0.82,74,x07
124959237,POS,0,C6AC,0.93,-2.06,0.85,93,x06
124959241,POS,1,0FAC,0.68,-1.49,0.65,89,x07
124959337,POS,0,C6AC,0.97,-2.12,0.75,93,x06
124959341,POS,1,0FAC,0.73,-1.56,0.56,90,x07
124959437,POS,0,C6AC,0.92,-2.01,0.89,86,x06
124959442,POS,1,0FAC,0.69,-1.45,0.68,73,x07
124959537,POS,0,C6AC,0.89,-1.91,1.04,84,x06
124959541,POS,1,0FAC,0.65,-1.37,0.78,73,x07
124959637,POS,0,C6AC,0.87,-1.85,1.12,85,x06
124959641,POS,1,0FAC,0.63,-1.30,0.86,72,x07
124959737,POS,0,C6AC,0.86,-1.76,1.24,81,x06
124959740,POS,1,0FAC,0.67,-1.40,0.72,89,x07
124959837,POS,0,C6AC,0.92,-1.89,1.03,93,x06
124959842,POS,1,0FAC,0.70,-1.47,0.79,87,x07
124959937,POS,0,C6AC,0.88,-1.83,1.11,85,x06
124959942,POS,1,0FAC,0.67,-1.41,0.83,76,x07
125000037,POS,0,C6AC,0.86,-1.80,1.18,86,x06
125000041,POS,1,0FAC,0.65,-1.32,0.92,71,x07
125000136,POS,0,C6AC,0.83,-1.75,1.25,84,x06
125000141,POS,1,0FAC,0.64,-1.29,0.96,74,x07
125000237,POS,0,C6AC,0.83,-1.73,1.28,85,x06
125000243,POS,1,0FAC,0.62,-1.25,0.97,73,x07
125000335,POS,0,C6AC,0.81,-1.70,1.31,84,x06
125000341,POS,1,0FAC,0.66,-1.34,0.81,88,x07
125000437,POS,0,C6AC,0.88,-1.85,1.07,93,x06
125000452,POS,1,0FAC,0.72,-1.28,0.50,75,x07
125000536,POS,0,C6AC,0.85,-1.80,1.11,86,x06
125000542,POS,1,0FAC,0.75,-1.41,0.45,90,x07
125000637,POS,0,C6AC,0.83,-1.78,1.15,87,x06
125000644,POS,1,0FAC,0.77,-1.50,0.51,90,x07
125000737,POS,0,C6AC,0.83,-1.75,1.22,85,x06
125000743,POS,1,0FAC,0.72,-1.40,0.68,72,x07
125000837,POS,0,C6AC,0.83,-1.74,1.24,86,x06
125000842,POS,1,0FAC,0.69,-1.33,0.79,73,x07
125000937,POS,0,C6AC,0.82,-1.74,1.25,87,x06
125000943,POS,1,0FAC,0.66,-1.29,0.85,74,x07
125001037,POS,0,C6AC,0.87,-1.83,1.08,92,x06
125001043,POS,1,0FAC,0.64,-1.25,0.90,73,x07
125001136,POS,0,C6AC,0.84,-1.80,1.12,86,x06
125001141,POS,1,0FAC,0.67,-1.34,0.76,88,x07
125001237,POS,0,C6AC,0.84,-1.77,1.16,86,x06
125001240,POS,1,0FAC,0.71,-1.43,0.64,89,x07
125001337,POS,0,C6AC,0.88,-1.85,1.04,92,x06
125001342,POS,1,0FAC,0.75,-1.50,0.55,89,x07
125001438,POS,0,C6AC,0.86,-1.82,1.08,87,x06
125001439,POS,1,0FAC,0.75,-1.53,0.55,87,x07
125001536,POS,0,C6AC,0.85,-1.77,1.18,84,x06
125001540,POS,1,0FAC,0.70,-1.42,0.68,72,x07
125001637,POS,0,C6AC,0.84,-1.76,1.21,87,x06
125001643,POS,1,0FAC,0.67,-1.34,0.78,72,x07
125001737,POS,0,C6AC,0.89,-1.88,1.05,93,x06
125001741,POS,1,0FAC,0.72,-1.46,0.68,90,x07
125001837,POS,0,C6AC,0.91,-1.93,0.93,92,x06
125001839,POS,1,0FAC,0.72,-1.49,0.76,84,x07
125001937,POS,0,C6AC,0.89,-1.85,1.06,84,x06
125001942,POS,1,0FAC,0.73,-1.52,0.71,87,x07
125002037,POS,0,C6AC,0.85,-1.80,1.12,85,x06
125002041,POS,1,0FAC,0.69,-1.41,0.79,71,x07
125002137,POS,0,C6AC,0.83,-1.78,1.15,87,x06
125002141,POS,1,0FAC,0.73,-1.51,0.74,90,x07
125002237,POS,0,C6AC,0.87,-1.89,0.96,93,x06
125002240,POS,1,0FAC,0.69,-1.41,0.83,72,x07
125002337,POS,0,C6AC,0.84,-1.83,1.06,85,x06
125002341,POS,1,0FAC,0.72,-1.48,0.71,89,x07
125002437,POS,0,C6AC,0.83,-1.82,1.10,88,x06
125002440,POS,1,0FAC,0.71,-1.48,0.78,82,x07
125002537,POS,0,C6AC,0.82,-1.77,1.17,85,x06
125002541,POS,1,0FAC,0.67,-1.39,0.85,73,x07
125002636,POS,0,C6AC,0.82,-1.75,1.20,86,x06
125002639,POS,1,0FAC,0.70,-1.47,0.77,90,x07
125002737,POS,0,C6AC,0.83,-1.72,1.26,84,x06
125002743,POS,1,0FAC,0.75,-1.57,0.74,91,x07
125002837,POS,0,C6AC,0.83,-1.71,1.28,86,x06
125002845,POS,1,0FAC,0.76,-1.60,0.63,89,x07
125002937,POS,0,C6AC,0.82,-1.69,1.32,84,x06
125002944,POS,1,0FAC,0.72,-1.49,0.72,74,x07
125003037,POS,0,C6AC,0.82,-1.72,1.31,89,x06
125003045,POS,1,0FAC,0.68,-1.39,0.81,72,x07
125003136,POS,0,C6AC,0.81,-1.73,1.30,87,x06
125003141,POS,1,0FAC,0.70,-1.43,0.87,84,x07
125003237,POS,0,C6AC,0.80,-1.70,1.31,84,x06
125003242,POS,1,0FAC,0.67,-1.34,0.94,72,x07
125003337,POS,0,C6AC,0.79,-1.67,1.35,83,x06
125003342,POS,1,0FAC,0.65,-1.30,0.95,74,x07
125003437,POS,0,C6AC,0.78,-1.68,1.34,86,x06
125003443,POS,1,0FAC,0.67,-1.43,0.78,91,x07
125003538,POS,0,C6AC,0.78,-1.68,1.33,86,x06
125003543,POS,1,0FAC,0.69,-1.46,0.88,84,x07
125003637,POS,0,C6AC,0.86,-1.84,1.12,93,x06
125003642,POS,1,0FAC,0.66,-1.38,0.93,73,x07
125003737,POS,0,C6AC,0.83,-1.79,1.19,85,x06
125003744,POS,1,0FAC,0.71,-1.49,0.77,90,x07
125003837,POS,0,C6AC,0.82,-1.79,1.18,88,x06
125003844,POS,1,0FAC,0.67,-1.40,0.85,72,x07
125003937,POS,0,C6AC,0.81,-1.75,1.23,85,x06
125003944,POS,1,0FAC,0.65,-1.33,0.90,73,x07
125004037,POS,0,C6AC,0.80,-1.71,1.29,83,x06
125004043,POS,1,0FAC,0.69,-1.39,0.75,87,x07
125004137,POS,0,C6AC,0.80,-1.71,1.30,86,x06
125004143,POS,1,0FAC,0.67,-1.34,0.82,74,x07
125004237,POS,0,C6AC,0.79,-1.71,1.29,87,x06
125004243,POS,1,0FAC,0.64,-1.29,0.87,73,x07
125004337,POS,0,C6AC,0.79,-1.71,1.30,86,x06
125004341,POS,1,0FAC,0.62,-1.25,0.93,73,x07
125004438,POS,0,C6AC,0.78,-1.69,1.33,84,x06
125004444,POS,1,0FAC,0.65,-1.33,0.97,84,x07
125004537,POS,0,C6AC,0.79,-1.69,1.31,86,x06
125004542,POS,1,0FAC,0.70,-1.45,0.81,90,x07
125004705,POS,0,C6AC,0.85,-1.82,1.07,93,x06
125004710,POS,1,0FAC,0.75,-1.54,0.85,90,x07
125004737,POS,0,C6AC,0.85,-1.77,1.17,84,x06
125004740,POS,1,0FAC,0.76,-1.57,0.87,88,x07
125004837,POS,0,C6AC,0.91,-1.91,0.99,93,x06
125004843,POS,1,0FAC,0.71,-1.46,0.91,72,x07
125004937,POS,0,C6AC,0.88,-1.85,1.08,86,x06
125004944,POS,1,0FAC,0.74,-1.53,0.81,90,x07
125005037,PO