112725924,POS,1,0,-0.1,0.97,0.08,73,0
112726016,POS,0,6,-0.03,0.11,0.52,80,8
112726016,POS,1,0,-0.11,0.99,0.15,74,0
112726116,POS,0,0,-0.11,1,0.22,87,0
112726216,POS,0,6,-0.04,0.13,0.5,82,8
112726223,POS,1,0,-0.13,0.99,0.25,75,0
112726315,POS,0,6,-0.02,0.13,0.47,88,8
112726322,POS,1,0,-0.13,0.99,0.31,73,0
112726414,POS,0,6,-0.01,0.12,0.48,81,8
112726422,POS,1,0,-0.12,0.99,0.39,79,0
112726513,POS,0,6,-0.02,0.14,0.46,88,8
112726520,POS,1,0,-0.12,0.97,0.14,71,0
112726620,POS,0,6,-0.03,0.15,0.46,84,8
112726620,POS,1,0,-0.11,0.96,0.01,77,0
112726718,POS,0,6,-0.03,0.14,0.49,79,8
112726718,POS,1,0,-0.11,0.95,0.17,70,0
112726818,POS,0,6,-0.03,0.17,0.45,91,8
112726818,POS,1,0,-0.12,0.94,0.22,78,0
112726917,POS,0,6,-0.04,0.2,0.4,94,8
112726917,POS,1,0,-0.13,0.94,0.02,71,0
112727017,POS,0,6,-0.03,0.19,0.43,82,8
112727017,POS,1,0,-0.12,0.95,0.01,97,0
112727119,POS,0,6,-0.02,0.17,0.47,79,8
112727121,POS,1,0,-0.12,0.96,0.07,77,0
112727216,POS,0,6,-0.02,0.19,0.44,91,8
112727223,POS,1,0,-0.13,0.97,0.17,73,0
112727314,POS,0,6,-0.02,0.18,0.48,80,8
112727314,POS,1,0,-0.11,1,0.26,82,0
112727414,POS,0,6,-0.02,0.19,0.47,87,8
112727421,POS,1,0,-0.13,1,0.35,67,0
112727513,POS,0,6,-0.01,0.16,0.39,92,8
112727520,POS,1,0,-0.13,1,0.33,78,0
112727612,POS,0,6,-0.02,0.16,0.45,76,8
112727620,POS,1,0,-0.1,1.02,0.41,76,0
112727718,POS,0,6,-0.02,0.18,0.43,90,8
112727718,POS,1,0,-0.12,1.01,0.46,67,0
112727818,POS,0,6,-0.02,0.18,0.44,85,8
112727818,POS,1,0,-0.13,0.98,0.21,74,0
112727918,POS,0,6,-0.02,0.19,0.44,87,8
112727918,POS,1,0,-0.12,1,0.26,87,0
112728017,POS,0,6,-0.03,0.17,0.47,81,8
112728023,POS,1,0,-0.11,0.97,0.07,78,0
112728116,POS,0,6,-0.02,0.15,0.48,81,8
112728116,POS,1,0,-0.11,0.95,0.1,73,0
112728215,POS,0,6,-0.03,0.15,0.49,82,8
112728222,POS,1,0,-0.1,0.94,0.22,73,0
112728316,POS,0,6,-0.03,0.16,0.49,84,8
112728322,POS,1,0,-0.12,0.95,0.06,74,0
112728419,POS,0,6,-0.03,0.15,0.5,81,8
112728423,POS,1,0,-0.12,0.92,0.18,75,0
112728519,POS,0,6,-0.03,0.17,0.49,87,8
112728527,POS,1,0,-0.13,0.95,0.08,77,0
112728619,POS,0,6,-0.03,0.17,0.49,85,8
112728625,POS,1,0,-0.14,0.95,0.09,70,0
112728719,POS,0,6,-0.03,0.17,0.5,82,8
112728724,POS,1,0,-0.15,0.97,0.23,64,0
112728819,POS,0,6,-0.03,0.16,0.5,83,8
112728825,POS,1,0,-0.13,0.97,0.21,82,0
112728918,POS,0,6,-0.02,0.14,0.52,79,8
112728923,POS,1,0,-0.13,0.94,0.04,78,0
112729017,POS,0,6,-0.03,0.16,0.5,87,8
112729024,POS,1,0,-0.14,0.96,0.12,76,0
112729115,POS,0,6,-0.03,0.15,0.51,81,8
112729123,POS,1,0,-0.13,0.95,0,79,0
112729216,POS,0,6,-0.01,0.14,0.51,83,8
112729223,POS,1,0,-0.15,0.95,0.16,69,0
112729315,POS,0,6,-0.01,0.15,0.48,87,8
112729322,POS,1,0,-0.14,0.95,0.28,69,0
112729414,POS,0,6,-0.02,0.16,0.5,82,8
112729421,POS,1,0,-0.12,0.94,0.08,77,0
112729519,POS,0,6,-0.02,0.16,0.5,84,8
112729520,POS,1,0,-0.12,0.94,0.03,83,0
112729619,POS,0,6,-0.03,0.17,0.5,85,8
112729623,POS,1,0,-0.13,0.96,0.16,68,0
112729718,POS,0,6,-0.03,0.17,0.49,85,8
112729724,POS,1,0,-0.12,0.95,0.04,80,0
112729819,POS,0,6,NaN,NaN,NaN,0,8
112729824,POS,1,0,-0.13,0.93,0.1,75,0
112729918,POS,0,6,-0.03,0.16,0.51,79,8
112729925,POS,1,0,-0.14,0.94,0.07,70,0
112730017,POS,0,6,-0.03,0.16,0.5,86,8
112730024,POS,1,0,-0.14,0.95,0.2,69,0
112730116,POS,0,6,-0.02,0.16,0.49,85,8
112730124,POS,1,0,-0.15,0.93,0.01,73,0
112730215,POS,0,6,-0.01,0.16,0.48,86,8
112730223,POS,1,0,-0.14,0.96,0.1,75,0
112730318,POS,0,6,NaN,NaN,NaN,0,8
112730325,POS,1,0,-0.14,0.93,0.06,74,0
112730419,POS,0,6,-0.02,0.19,0.43,92,8
112730424,POS,1,0,-0.13,0.93,0.19,74,0
112730519,POS,0,6,-0.02,0.2,0.42,89,8
112730523,POS,1,0,-0.13,0.96,0.06,75,0
112730619,POS,0,6,-0.03,0.2,0.45,82,8
112730623,POS,1,0,-0.14,0.96,0.06,75,0
112730718,POS,0,6,-0.02,0.18,0.48,81,8
112730724,POS,1,0,-0.14,0.97,0.17,71,0
112730817,POS,0,6,-0.03,0.19,0.49,84,8
112730825,POS,1,0,-0.14,0.95,0.01,74,0
112730918,POS,0,6,-0.02,0.18,0.48,85,8
112730924,POS,1,0,-0.14,0.98,0.08,73,0
112731017,POS,0,6,-0.01,0.16,0.52,76,8
112731024,POS,1,0,-0.14,0.95,0.1,72,0
112731116,POS,0,6,-0.01,0.15,0.51,84,8
112731123,POS,1,0,-0.13,0.94,0.2,76,0
112731214,POS,0,6,-0.02,0.17,0.49,87,8
112731222,POS,1,0,-0.15,0.96,0,67,0
112731315,POS,0,6,-0.03,0.17,0.5,82,8
112731322,POS,1,0,-0.15,0.96,0.14,70,0
112731414,POS,0,6,-0.02,0.18,0.48,88,8
112731421,POS,1,0,-0.16,0.93,0.03,74,0
112731519,POS,0,6,-0.02,0.17,0.5,79,8
112731521,POS,1,0,-0.15,0.92,0.14,77,0
112731612,POS,0,6,-0.03,0.16,0.52,79,8
112731619,POS,1,0,-0.15,0.92,0.24,74,0
112731719,POS,0,6,-0.03,0.16,0.54,80,8
112731723,POS,1,0,-0.14,0.93,0.06,74,0
112731818,POS,0,6,-0.03,0.16,0.53,83,8
112731823,POS,1,0,-0.13,0.93,0.08,83,0
112731917,POS,0,6,-0.03,0.16,0.51,85,8
112731924,POS,1,0,-0.13,0.93,0.2,73,0
112732017,POS,0,6,-0.03,0.17,0.52,83,8
112732023,POS,1,0,-0.13,0.91,0.27,77,0
112732116,POS,0,6,-0.03,0.17,0.5,86,8
112732123,POS,1,0,-0.13,0.91,0.36,71,0
112732215,POS,0,6,-0.03,0.17,0.5,88,8
112732215,POS,1,0,-0.14,0.95,0.21,75,0
112732314,POS,0,6,-0.03,0.18,0.47,88,8
112732321,POS,1,0,-0.11,0.94,0.3,75,0
112732419,POS,0,6,-0.04,0.18,0.47,85,8
112732421,POS,1,0,-0.12,0.96,0.16,77,0
112732513,POS,0,6,-0.03,0.18,0.46,86,8
112732520,POS,1,0,-0.13,0.97,0.03,75,0
112732619,POS,0,6,-0.03,0.19,0.46,88,8
112732619,POS,1,0,-0.13,0.98,0.09,73,0
112732719,POS,0,6,-0.02,0.16,0.48,79,8
112732725,POS,1,0,-0.11,0.98,0.12,93,0
112732818,POS,0,6,-0.02,0.15,0.49,82,8
112732818,POS,1,0,-0.09,0.96,0,82,0
112732918,POS,0,6,-0.02,0.16,0.45,90,8
112732924,POS,1,0,-0.1,0.97,0.1,75,0
112733017,POS,0,6,-0.01,-0.44,0.42,91,8
112733024,POS,1,0,-0.11,0.95,0.06,75,0
112733119,POS,0,6,-0.01,-0.29,0.46,80,8
112733123,POS,1,0,-0.1,0.94,0.19,73,0
112733215,POS,0,6,-0.02,-0.17,0.46,86,8
112733222,POS,1,0,-0.11,0.96,0.06,75,0
112733315,POS,0,6,-0.02,-0.08,0.43,89,8
112733322,POS,1,0,-0.13,0.97,0.11,68,0
112733414,POS,0,6,-0.03,0,0.44,86,8
112733421,POS,1,0,-0.13,0.99,0.21,69,0
112733513,POS,0,6,-0.03,0.05,0.45,85,8
112733521,POS,1,0,-0.14,0.99,0.28,71,0
112733619,POS,0,6,-0.03,0.08,0.46,84,8
112733619,POS,1,0,-0.15,0.98,0.34,72,0
112733712,POS,0,6,-0.03,0.11,0.45,87,8
112733712,POS,1,0,-0.15,0.99,0.4,69,0
112733818,POS,0,6,-0.01,0.11,0.47,83,8
112733818,POS,1,0,-0.14,1.01,0.36,77,0
112733918,POS,0,6,-0.02,0.1,0.51,76,8
112733922,POS,1,0,-0.13,1.01,0.36,90,0
112734019,POS,0,6,-0.03,0.14,0.5,86,8
112734023,POS,1,0,-0.14,0.98,0.14,74,0
112734109,POS,0,6,-0.03,0.12,0.52,78,8
112734123,POS,1,0,-0.14,0.95,0.03,76,0
112734215,POS,0,6,-0.03,0.12,0.53,79,8
112734223,POS,1,0,-0.14,0.98,0.07,74,0
112734318,POS,0,6,-0.03,0.11,0.45,90,8
112734323,POS,1,0,-0.12,0.95,0.08,78,0
112734419,POS,0,6,-0.03,0.12,0.49,78,8
112734423,POS,1,0,-0.12,0.94,0.21,71,0
112734519,POS,0,6,-0.02,0.14,0.5,85,8
112734520,POS,1,0,-0.12,0.94,0.31,71,0
112734619,POS,0,6,-0.04,0.17,0.5,85,8
112734620,POS,1,0,-0.12,0.97,0.13,73,0
112734719,POS,0,6,-0.04,0.14,0.53,75,8
112734719,POS,1,0,-0.11,0.96,0.22,75,0
112734818,POS,0,6,-0.02,0.12,0.53,82,8
112734818,POS,1,0,-0.11,0.94,0.28,78,0
112734917,POS,0,6,-0.02,0.12,0.49,87,8
112734923,POS,1,0,-0.11,0.94,0.34,74,0
112735018,POS,0,6,-0.02,0.13,0.5,82,8
112735022,POS,1,0,-0.12,0.93,0.39,74,0
112735116,POS,0,6,-0.02,0.14,0.5,84,8
112735123,POS,1,0,-0.12,0.92,0.34,84,0
112735217,POS,0,6,-0.02,0.15,0.51,82,8
112735222,POS,1,0,-0.12,0.94,0.09,65,0
112735314,POS,0,6,-0.02,0.14,0.51,83,8
112735322,POS,1,0,-0.14,0.93,0.22,71,0
112735419,POS,0,6,-0.02,0.15,0.48,87,8
112735421,POS,1,0,-0.14,0.95,0.06,73,0
112735519,POS,0,6,-0.02,0.16,0.48,86,8
112735520,POS,1,0,-0.12,0.94,0.18,76,0
112735617,POS,0,6,-0.01,0.14,0.49,81,8
112735619,POS,1,0,-0.13,0.93,0.28,72,0
112735718,POS,0,6,-0.02,0.18,0.48,87,8
112735718,POS,1,0,-0.1,0.93,0.31,81,0
112735818,POS,0,6,-0.02,0.18,0.5,83,8
112735818,POS,1,0,-0.12,0.96,0.12,72,0
112735918,POS,0,6,-0.03,0.21,0.48,88,8
112735922,POS,1,0,-0.12,0.98,0.02,71,0
112736018,POS,0,6,-0.03,0.21,0.48,85,8
112736024,POS,1,0,-0.12,0.97,0.05,81,0
112736116,POS,0,6,-0.03,0.21,0.47,88,8
112736124,POS,1,0,-0.12,0.98,0.02,78,0
112736208,POS,0,6,-0.03,0.2,0.48,83,8
112736222,POS,1,0,-0.12,0.95,0.13,73,0
112736315,POS,0,6,-0.03,0.19,0.5,81,8
112736315,POS,1,0,-0.12,0.94,0.25,72,0
112736414,POS,0,6,-0.03,0.21,0.44,93,8
112736422,POS,1,0,-0.12,0.95,0.06,73,0
112736519,POS,0,6,-0.04,0.22,0.42,90,8
112736522,POS,1,0,-0.13,0.97,0.03,75,0
112736613,POS,0,6,-0.03,0.2,0.45,83,8
112736622,POS,1,0,-0.14,0.95,0.13,70,0
112736718,POS,0,6,-0.03,0.2,0.45,86,8
112736725,POS,1,0,-0.13,0.94,0.25,72,0
112736811,POS,0,6,-0.03,0.17,0.49,77,8
112736811,POS,1,0,-0.12,0.93,0.33,76,0
112736917,POS,0,6,-0.03,0.17,0.45,89,8
112736923,POS,1,0,-0.13,0.95,0.12,71,0
112737016,POS,0,6,-0.03,0.17,0.47,88,8
112737022,POS,1,0,-0.13,0.95,0.01,77,0
112737116,POS,0,6,-0.03,0.17,0.48,83,8
112737123,POS,1,0,-0.16,0.94,0.16,79,0
112737215,POS,0,6,-0.03,0.16,0.36,93,8
112737224,POS,1,0,-0.16,0.93,0.28,69,0
112737314,POS,0,6,-0.02,0.16,0.37,87,8
112737321,POS,1,0,-0.14,0.98,0.15,74,0
112737419,POS,0,6,0.06,0.02,0.14,68,8
112737422,POS,1,0,-0.14,0.96,0.04,95,0
112737518,POS,0,6,0.03,0.08,0.21,89,8
112737520,POS,1,0,-0.14,0.97,0.06,75,0
112737612,POS,0,6,0.02,0.1,0.29,82,8
112737612,POS,1,0,-0.13,0.94,0.07,78,0
112737718,POS,0,6,0.01,0.09,0.37,76,8
112737718,POS,1,0,-0.12,0.97,0.09,69,0
112737818,POS,0,6,-0,0.13,0.39,88,8
112737821,POS,1,0,-0.13,0.97,0.17,76,0
112737917,POS,0,6,-0.01,0.15,0.4,87,8
112737917,POS,1,0,-0.13,0.97,0.27,72,0
112738018,POS,0,6,-0.02,0.14,0.44,80,8
112738024,POS,1,0,-0.11,0.95,0.07,77,0
112738115,POS,0,6,-0.02,0.16,0.39,92,8
112738123,POS,1,0,-0.13,0.95,0.15,77,0
112738219,POS,0,6,-0.02,0.17,0.42,84,8
112738223,POS,1,0,-0.13,0.93,0.01,77,0
112738319,POS,0,6,-0.02,0.17,0.42,86,8
112738324,POS,1,0,-0.13,0.92,0.16,72,0
112738418,POS,0,6,-0.03,0.18,0.37,92,8
112738422,POS,1,0,-0.13,0.91,0.18,83,0
112738514,POS,0,6,-0.03,0.16,0.41,81,8
112738522,POS,1,0,-0.14,0.95,0.03,72,0
112738619,POS,0,6,-0.04,0.17,0.44,84,8
112738623,POS,1,0,-0.15,0.93,0.17,72,0
112738718,POS,0,6,-0.02,0.16,0.45,84,8
112738719,POS,1,0,-0.15,0.95,0.01,72,0
112738818,POS,0,6,-0.03,0.18,0.44,88,8
112738823,POS,1,0,-0.14,0.93,0.12,78,0
112738919,POS,0,6,-0.03,0.15,0.49,75,8
112738925,POS,1,0,-0.14,0.95,0.05,69,0
112739017,POS,0,6,-0.03,0.15,0.47,86,8
112739023,POS,1,0,-0.14,0.96,0.16,74,0
112739119,POS,0,6,-0.03,0.14,0.38,92,8
112739123,POS,1,0,-0.11,0.95,0,78,0
112739216,POS,0,6,-0.03,0.16,0.39,88,8
112739224,POS,1,0,-0.12,0.93,0.13,74,0
112739315,POS,0,6,-0.03,0.14,0.42,81,8
112739322,POS,1,0,-0.12,0.96,0.04,78,0
112739418,POS,0,6,-0.01,0.14,0.4,88,8
112739421,POS,1,0,-0.12,0.93,0.14,80,0
112739513,POS,0,6,-0.03,0.16,0.43,84,8
112739522,POS,1,0,-0.12,0.92,0.23,76,0
112739612,POS,0,6,-0.04,0.19,0.35,95,8
112739622,POS,1,0,-0.12,0.92,0.25,80,0
112739718,POS,0,6,-0.05,0.22,0.35,91,8
112739718,POS,1,0,-0.12,0.92,0.32,74,0
112739818,POS,0,6,-0.05,0.21,0.38,84,8
112739818,POS,1,0,-0.13,0.91,0.09,72,0
112739917,POS,0,6,-0.04,0.2,0.41,84,8
112739917,POS,1,0,-0.14,0.92,0.07,72,0
112740016,POS,0,6,-0.03,0.17,0.46,78,8
112740022,POS,1,0,-0.13,0.92,0.01,84,0
112740116,POS,0,6,-0.04,0.17,0.47,82,8
112740123,POS,1,0,-0.14,0.91,0.1,78,0
112740215,POS,0,6,-0.03,0.18,0.44,90,8
112740222,POS,1,0,-0.13,0.93,0.03,75,0
112740319,POS,0,6,-0.03,0.19,0.44,88,8
112740323,POS,1,0,-0.14,0.91,0.12,73,0
112740414,POS,0,6,-0.04,0.21,0.4,92,8
112740423,POS,1,0,-0.14,0.91,0.21,76,0
112740519,POS,0,6,-0.03,0.19,0.43,83,8
112740519,POS,1,0,-0.12,0.9,0.28,77,0
112740611,POS,0,6,-0.02,0.19,0.42,87,8
112740611,POS,1,0,-0.13,0.9,0.07,74,0
112740719,POS,0,6,-0.03,0.21,0.37,94,8
112740719,POS,1,0,-0.12,0.95,0.02,74,0
112740818,POS,0,6,-0.02,0.21,0.4,84,8
112740818,POS,1,0,-0.11,0.94,0.11,77,0
112740917,POS,0,6,-0.03,0.21,0.4,88,8
112740924,POS,1,0,-0.12,0.92,0.09,85,0
112741015,POS,0,6,-0.03,0.21,0.43,84,8
112741024,POS,1,0,-0.12,0.94,0.05,73,0
112741116,POS,0,6,-0.03,0.19,0.44,83,8
112741122,POS,1,0,-0.13,0.97,0.14,72,0
112741216,POS,0,6,-0.03,0.19,0.45,86,8
112741223,POS,1,0,-0.13,0.99,0.21,73,0
112741317,POS,0,6,-0.03,0.18,0.46,83,8
112741322,POS,1,0,-0.12,0.97,0.02,75,0
112741418,POS,0,6,-0.03,0.17,0.46,84,8
112741422,POS,1,0,-0.13,0.95,0.14,71,0
112741519,POS,0,6,-0.02,0.17,0.47,85,8
112741520,POS,1,0,-0.11,0.92,0.21,82,0
112741618,POS,0,6,-0.02,0.19,0.44,93,8
112741619,POS,1,0,-0.12,0.94,0.03,72,0
112741719,POS,0,6,-0.02,0.18,0.49,78,8
112741719,POS,1,0,-0.13,0.95,0.08,74,0
112741816,POS,0,6,-0.03,0.19,0.49,85,8
112741819,POS,1,0,-0.13,0.94,0.19,76,0
112741917,POS,0,6,-0.02,0.2,0.46,89,8
112741922,POS,1,0,-0.13,0.93,0.01,72,0
112742016,POS,0,6,-0.04,0.2,0.47,84,8
112742023,POS,1,0,-0.13,0.92,0.04,85,0
112742115,POS,0,6,-0.03,0.2,0.46,86,8
112742123,POS,1,0,-0.14,0.95,0.11,68,0
112742215,POS,0,6,-0.03,0.2,0.45,87,8
112742222,POS,1,0,-0.14,0.93,0.06,72,0
112742315,POS,0,6,-0.03,0.19,0.47,82,8
112742322,POS,1,0,-0.13,0.92,0.18,76,0
112742414,POS,0,6,-0.03,0.19,0.48,84,8
112742421,POS,1,0,-0.13,0.92,0.27,74,0
112742505,POS,0,6,-0.03,0.18,0.48,84,8
112742522,POS,1,0,-0.13,0.96,0.11,71,0
112742619,POS,0,6,-0.04,0.2,0.49,85,8
112742619,POS,1,0,-0.13,0.98,0.03,74,0
112742718,POS,0,6,-0.03,0.19,0.51,81,8
112742719,POS,1,0,-0.13,0.96,0.11,75,0
112742818,POS,0,6,-0.03,0.18,0.5,84,8
112742818,POS,1,0,-0.11,0.97,0.05,95,0
112742917,POS,0,6,-0.03,0.19,0.48,89,8
112742917,POS,1,0,-0.12,0.94,0.12,83,0
112743017,POS,0,6,-0.02,0.19,0.5,81,8
112743023,POS,1,0,-0.13,0.93,0.22,74,0
112743118,POS,0,6,0.05,0.07,0.24,73,8
112743122,POS,1,0,-0.13,0.94,0.04,73,0
112743218,POS,0,6,0.02,0.09,0.31,81,8
112743222,POS,1,0,-0.13,0.95,0.1,71,0
112743317,POS,0,6,0,0.13,0.33,89,8
112743321,POS,1,0,-0.15,0.98,0.23,63,0
112743419,POS,0,6,0,0.13,0.38,81,8
112743421,POS,1,0,-0.15,0.95,0.04,75,0
112743517,POS,0,6,-0.01,0.13,0.44,77,8
112743522,POS,1,0,-0.15,0.97,0.14,73,0
112743619,POS,0,6,-0.02,0.13,0.49,77,8
112743619,POS,1,0,-0.14,0.93,0.02,78,0
112743718,POS,0,6,0.16,-0.13,0.23,63,8
112743720,POS,1,0,-0.13,0.93,0.12,75,0
112743817,POS,0,6,0.11,-0.05,0.07,88,8
112743823,POS,1,0,-0.13,0.94,0.21,73,0
112743917,POS,0,6,0.15,-0.12,0.1,66,8
112743923,POS,1,0,-0.15,0.96,0.28,69,0
112744017,POS,0,6,0.18,-0.16,0.2,74,8
112744023,POS,1,0,-0.14,0.96,0.05,69,0
112744116,POS,0,6,0.17,-0.18,0.3,70,8
112744122,POS,1,0,-0.15,0.94,0.06,79,0
112744214,POS,0,6,0.12,-0.12,0.34,82,8
112744222,POS,1,0,-0.14,0.93,0.17,75,0
112744314,POS,0,6,0.07,-0.06,0.12,80,8
112744322,POS,1,0,-0.12,0.94,0.26,75,0
112744413,POS,0,6,0.04,-0,0.05,81,8
112744422,POS,1,0,-0.12,0.94,0.26,80,0
112744513,POS,0,6,0.02,0.01,0.17,79,8
112744522,POS,1,0,-0.12,0.96,0.1,75,0
112744619,POS,0,6,0.01,0.03,0.27,78,8
112744619,POS,1,0,-0.12,0.99,0.01,74,0
112744719,POS,0,6,-0.01,0.05,0.34,80,8
112744719,POS,1,0,-0.1,0.98,0.14,73,0
112744817,POS,0,6,-0.02,-0.03,0.43,60,8
112744817,POS,1,0,-0.11,0.97,0.26,70,0
112744918,POS,0,6,-0.02,-0.09,0.51,60,8
112744923,POS,1,0,-0.1,0.97,0.06,73,0
112745016,POS,0,6,0.05,-0.16,0.23,66,8
112745023,POS,1,0,-0.13,0.99,0.12,63,0
112745115,POS,0,6,0.04,-0.17,0.36,61,8
112745123,POS,1,0,-0.15,0.95,0.05,75,0
112745215,POS,0,6,0.02,-0.18,0.45,63,8
112745221,POS,1,0,-0.12,0.94,0.14,80,0
112745314,POS,0,6,0.07,-0.18,0.21,75,8
112745321,POS,1,0,-0.14,0.91,0.25,74,0
112745413,POS,0,6,0.1,-0.19,0.02,75,8
112745421,POS,1,0,-0.15,0.92,0.03,68,0
112745506,POS,0,6,0.12,-0.2,0.11,73,8
112745520,POS,1,0,-0.13,0.94,0.02,81,0
112745618,POS,0,6,0.14,-0.21,0.23,72,8
112745619,POS,1,0,-0.13,0.97,0.1,75,0
112745718,POS,0,6,0.1,-0.2,0.37,60,8
112745718,POS,1,0,-0.13,0.94,0.03,79,0
112745817,POS,0,6,0.12,-0.19,0.44,72,8
112745817,POS,1,0,-0.13,0.98,0.06,74,0
112745916,POS,0,6,0.08,-0.09,0.17,78,8
112745916,POS,1,0,-0.12,0.99,0.1,78,0
112746016,POS,0,6,0.04,-0.01,0.03,78,8
112746016,POS,1,0,-0.11,0.96,0.05,78,0
112746116,POS,0,6,0.02,-0.06,0.23,58,8
112746123,POS,1,0,-0.11,0.95,0.04,84,0
112746215,POS,0,6,0.06,-0.09,0.06,77,8
112746222,POS,1,0,-0.1,0.93,0.17,75,0
112746314,POS,0,6,0.03,-0.01,0.2,80,8
112746321,POS,1,0,-0.12,0.92,0.25,75,0
112746414,POS,0,6,-0,0.04,0.31,77,8
112746420,POS,1,0,-0.12,0.91,0.3,79,0
112746519,POS,0,6,0.04,-0.03,0.09,72,8
112746522,POS,1,0,-0.13,0.9,0.37,73,0
112746612,POS,0,6,0.01,0.02,0.23,77,8
112746619,POS,1,0,-0.14,0.94,0.15,68,0
112746718,POS,0,6,-0.01,-0.02,0.38,60,8
112746718,POS,1,0,-0.14,0.96,0.06,78,0
112746817,POS,0,6,-0.02,0.04,0.44,80,8
112746817,POS,1,0,-0.14,0.97,0.05,75,0
112746917,POS,0,6,-0.04,-0.02,0.53,57,8
112746924,POS,1,0,-0.15,1.01,0.19,63,0
112747018,POS,0,6,-0.05,0.05,0.55,80,8
112747022,POS,1,0,-0.14,0.98,0.02,77,0
112747115,POS,0,6,-0.06,-0.01,0.62,56,8
112747122,POS,1,0,-0.13,1,0.09,76,0
112747215,POS,0,6,-0.07,0.04,0.63,77,8
112747221,POS,1,0,-0.15,1.02,0.23,62,0
112747314,POS,0,6,-0.01,-0.02,0.34,75,8
112747321,POS,1,0,-0.14,0.99,0.06,78,0
112747413,POS,0,6,-0.04,0.04,0.42,77,8
112747421,POS,1,0,-0.13,0.97,0.11,71,0
112747513,POS,0,6,-0.06,0.09,0.47,79,8
112747520,POS,1,0,-0.14,0.97,0.01,76,0
112747618,POS,0,6,-0.07,0.13,0.51,79,8
112747619,POS,1,0,-0.15,0.98,0.17,66,0
112747718,POS,0,6,-0.01,0.06,0.25,77,8
112747718,POS,1,0,-0.14,0.95,0.01,76,0
112747817,POS,0,6,0.02,0,0.04,72,8
112747817,POS,1,0,-0.14,0.93,0.15,72,0
112747917,POS,0,6,-0.01,0.04,0.19,76,8
112747923,POS,1,0,-0.13,0.95,0.25,71,0
112748017,POS,0,6,0.03,-0.02,0,71,8
112748023,POS,1,0,-0.12,0.93,0.06,76,0
112748116,POS,0,6,0.05,-0.07,0.13,73,8
112748123,POS,1,0,-0.14,0.94,0.18,70,0
112748214,POS,0,6,0.07,-0.1,0.26,70,8
112748222,POS,1,0,-0.11,0.93,0.04,81,0
112748313,POS,0,6,0.04,-0.13,0.01,57,8
112748321,POS,1,0,-0.11,0.97,0.11,75,0
112748414,POS,0,6,0.06,-0.16,0.14,70,8
112748421,POS,1,0,-0.12,0.95,0.03,82,0
112748513,POS,0,6,0.02,-0.07,0.05,77,8
112748520,POS,1,0,-0.13,0.94,0.13,71,0
112748618,POS,0,6,-0,-0.12,0.24,54,8
112748618,POS,1,0,-0.14,0.94,0.02,74,0
112748718,POS,0,6,-0.03,-0.15,0.38,58,8
112748718,POS,1,0,-0.13,0.94,0,85,0
112748818,POS,0,6,-0.04,-0.16,0.48,59,8
112748824,POS,1,0,-0.14,0.92,0.14,73,0
112748916,POS,0,6,0.01,-0.18,0.2,68,8
112748924,POS,1,0,-0.15,0.92,0.05,68,0
112749019,POS,0,6,0.04,-0.2,0.01,70,8
112749023,POS,1,0,-0.14,0.91,0.1,77,0
112749115,POS,0,6,-0,-0.11,0.17,76,8
112749122,POS,1,0,-0.14,0.94,0.01,75,0
112749215,POS,0,6,0.04,-0.14,0,74,8
112749222,POS,1,0,-0.15,0.93,0.12,75,0
112749314,POS,0,6,0.05,-0.16,0.11,77,8
112749321,POS,1,0,-0.15,0.91,0.25,70,0
112749413,POS,0,6,0.02,-0.17,0.11,58,8
112749421,POS,1,0,-0.15,0.93,0.05,71,0
112749519,POS,0,6,-0.02,-0.18,0.29,55,8
112749520,POS,1,0,-0.14,0.93,0.16,76,0
112749618,POS,0,6,-0.05,-0.18,0.42,58,8
112749618,POS,1,0,-0.14,0.95,0.02,73,0
112749718,POS,0,6,-0.07,-0.19,0.5,58,8
112749718,POS,1,0,-0.13,0.94,0.16,74,0
112749818,POS,0,6,-0.09,-0.2,0.58,57,8
112749818,POS,1,0,-0.13,0.96,0.02,75,0
112749917,POS,0,6,-0.1,-0.21,0.63,56,8
112749917,POS,1,0,-0.13,0.96,0.1,74,0
112750016,POS,0,6,-0.06,-0.21,0.36,74,8
112750023,POS,1,0,-0.12,0.94,0.06,75,0
112750114,POS,0,6,-0.09,-0.22,0.46,56,8
112750123,POS,1,0,-0.13,0.95,0.09,71,0
112750219,POS,0,6,-0.03,-0.26,0.2,65,8
112750222,POS,1,0,-0.12,0.96,0.08,71,0
112750314,POS,0,6,0.01,-0.27,0.01,69,8
112750321,POS,1,0,-0.12,0.95,0.21,72,0
112750413,POS,0,6,-0.04,-0.25,0.19,59,8
112750420,POS,1,0,-0.13,0.97,0.07,74,0
112750517,POS,0,6,-0.01,-0.23,0.02,76,8
112750519,POS,1,0,-0.12,0.97,0.2,72,0
112750619,POS,0,6,0.01,-0.22,0.1,76,8
112750619,POS,1,0,-0.14,0.99,0,65,0
112750718,POS,0,6,0.02,-0.2,0.23,71,8
112750718,POS,1,0,-0.08,1.1,0.14,58,0
112750817,POS,0,6,-0.03,-0.2,0.01,59,8
112750817,POS,1,0,-0.09,1.11,0.05,63,0
112750917,POS,0,6,0.01,-0.23,0.14,67,8
112750923,POS,1,0,-0.11,1.18,0.19,61,0
112751016,POS,0,6,0.04,-0.23,0.25,69,8
112751023,POS,1,0,-0.06,1.25,0.02,60,0
112751115,POS,0,6,-0.02,-0.23,0,57,8
112751122,POS,1,0,-0.01,1.29,0.11,60,0
112751216,POS,0,6,-0.01,-0.24,0.08,74,8
112751222,POS,1,0,-0.05,1.29,0.06,58,0
112751307,POS,0,6,0.02,-0.27,0.18,70,8
112751321,POS,1,0,-0.06,1.28,0.18,62,0
112751413,POS,0,6,0.04,-0.26,0.27,70,8
112751413,POS,1,0,-0.07,1.25,0.25,67,0
112751512,POS,0,6,0.03,-0.19,0.05,55,8
112751520,POS,1,0,-0.09,1.22,0.34,63,0
112751612,POS,0,6,0.01,-0.16,0.31,49,8
112751619,POS,1,0,-0.09,1.2,0.4,66,0
112751718,POS,0,6,-0.01,-0.12,0.49,51,8
112751718,POS,1,0,-0.09,1.19,0.47,61,0
112751818,POS,0,6,-0.07,-0.15,0.57,53,8
112751818,POS,1,0,-0.09,1.17,0.52,63,0
112751917,POS,0,6,-0.11,-0.18,0.62,54,8
112751924,POS,1,0,-0.07,1.16,0.57,62,0
112752014,POS,0,6,-0.13,-0.19,0.69,52,8
112752023,POS,1,0,-0.07,1.15,0.62,60,0
112752115,POS,0,6,-0.15,-0.2,0.73,51,8
112752122,POS,1,0,-0.07,1.14,0.67,58,0
112752215,POS,0,6,-0.16,-0.21,0.76,53,8
112752222,POS,1,0,-0.05,1.13,0.68,63,0
112752314,POS,0,6,-0.17,-0.22,0.78,52,8
112752322,POS,1,0,-0.05,1.13,0.73,55,0
112752413,POS,0,6,-0.18,-0.22,0.79,54,8
112752420,POS,1,0,-0.05,1.14,0.75,57,0
112752518,POS,0,6,-0.18,-0.22,0.81,53,8
112752519,POS,1,0,-0.04,1.14,0.75,60,0
112752618,POS,0,6,-0.18,-0.23,0.8,56,8
112752618,POS,1,0,-0.03,1.15,0.75,60,0
112752719,POS,0,6,-0.18,-0.23,0.81,53,8
112752719,POS,1,0,-0.04,1.15,0.75,59,0
112752816,POS,0,6,-0.19,-0.24,0.79,57,8
112752822,POS,1,0,-0.04,1.16,0.73,62,0
112752917,POS,0,6,-0.14,-0.24,0.45,68,8
112752924,POS,1,0,-0.04,1.16,0.72,61,0
112753016,POS,0,6,-0.1,-0.26,0.22,69,8
112753023,POS,1,0,-0.04,1.19,0.71,58,0
112753115,POS,0,6,-0.08,-0.25,0.03,70,8
112753122,POS,1,0,-0.05,1.19,0.69,63,0
112753214,POS,0,6,-0.04,-0.28,0.13,62,8
112753221,POS,1,0,-0.05,1.18,0.65,65,0
112753314,POS,0,6,-0.08,-0.27,0.1,55,8
112753314,POS,1,0,-0.04,1.19,0.63,65,0
112753406,POS,0,6,-0.05,-0.26,0.03,74,8
112753422,POS,1,0,-0.04,1.18,0.6,68,0
112753512,POS,0,6,-0.1,-0.27,0.17,53,8
112753519,POS,1,0,-0.05,1.19,0.61,60,0
112753618,POS,0,6,-0.07,-0.29,0.02,63,8
112753619,POS,1,0,-0.04,1.18,0.6,67,0
112753718,POS,0,6,-0.1,-0.29,0.16,57,8
112753720,POS,1,0,-0.04,1.19,0.59,64,0
112753818,POS,0,6,-0.08,-0.3,0.03,61,8
112753818,POS,1,0,-0.05,1.19,0.57,66,0
112753918,POS,0,6,-0.06,-0.32,0.15,65,8
112753923,POS,1,0,-0.05,1.19,0.56,66,0
112754016,POS,0,6,-0.03,-0.33,0.25,63,8
112754023,POS,1,0,-0.06,1.2,0.57,60,0
112754115,POS,0,6,-0.09,-0.32,0.03,58,8
112754122,POS,1,0,-0.06,1.21,0.56,64,0
112754215,POS,0,6,-0.04,-0.33,0.15,66,8
112754221,POS,1,0,-0.05,1.2,0.55,68,0
112754314,POS,0,6,-0.04,-0.32,0.24,68,8
112754320,POS,1,0,-0.05,1.21,0.56,61,0
112754412,POS,0,6,-0.01,-0.33,0.34,62,8
112754420,POS,1,0,-0.05,1.21,0.55,65,0
112754519,POS,0,6,-0.07,-0.33,0.08,58,8
112754519,POS,1,0,-0.06,1.22,0.54,63,0
112754619,POS,0,6,-0.11,-0.32,0.11,58,8
112754619,POS,1,0,-0.07,1.23,0.57,59,0
112754718,POS,0,6,-0.14,-0.31,0.25,57,8
112754718,POS,1,0,-0.06,1.23,0.59,61,0
112754817,POS,0,6,-0.16,-0.3,0.36,58,8
112754817,POS,1,0,-0.02,1.24,0.31,66,0
112754917,POS,0,6,-0.13,-0.29,0.13,67,8
112754917,POS,1,0,-0.04,1.23,0.38,62,0
112755018,POS,0,6,-0.16,-0.28,0.28,56,8
112755022,POS,1,0,-0.05,1.24,0.45,59,0
112755115,POS,0,6,-0.18,-0.29,0.39,55,8
112755122,POS,1,0,-0.05,1.23,0.48,63,0
112755215,POS,0,6,-0.2,-0.29,0.46,56,8
112755221,POS,1,0,-0.06,1.23,0.53,59,0
112755318,POS,0,6,-0.15,-0.28,0.22,70,8
112755321,POS,1,0,-0.06,1.24,0.54,61,0
112755413,POS,0,6,-0.17,-0.27,0.34,57,8
112755420,POS,1,0,-0.07,1.25,0.56,59,0
112755512,POS,0,6,-0.13,-0.26,0.15,73,8
112755520,POS,1,0,-0.07,1.24,0.57,62,0
112755619,POS,0,6,-0.1,-0.26,0.02,74,8
112755619,POS,1,0,-0.08,1.22,0.58,64,0
112755717,POS,0,6,-0.14,-0.25,0.19,58,8
112755717,POS,1,0,-0.06,1.23,0.28,61,0
112755817,POS,0,6,-0.1,-0.26,0.07,74,8
112755823,POS,1,0,-0.06,1.23,0.35,63,0
112755916,POS,0,6,-0.14,-0.26,0.22,58,8
112755916,POS,1,0,-0.07,1.22,0.41,62,0
112756016,POS,0,6,-0.17,-0.24,0.34,61,8
112756022,POS,1,0,-0.08,1.22,0.46,62,0
112756115,POS,0,6,-0.15,-0.19,0.48,57,8
112756122,POS,1,0,-0.06,1.24,0.19,59,0
112756214,POS,0,6,-0.13,-0.15,0.6,56,8
112756222,POS,1,0,-0.06,1.25,0.27,62,0
112756314,POS,0,6,-0.16,-0.18,0.62,58,8
112756320,POS,1,0,-0.06,1.24,0.34,65,0
112756417,POS,0,6,-0.18,-0.19,0.64,58,8
112756420,POS,1,0,-0.06,1.23,0.4,64,0
112756518,POS,0,6,-0.19,-0.19,0.67,57,8
112756519,POS,1,0,-0.06,1.22,0.46,62,0
112756618,POS,0,6,-0.16,-0.14,0.73,59,8
112756618,POS,1,0,-0.06,1.21,0.5,63,0
112756718,POS,0,6,-0.11,-0.17,0.42,70,8
112756718,POS,1,0,-0.06,1.2,0.53,64,0
112756817,POS,0,6,-0.08,-0.17,0.17,70,8
112756817,POS,1,0,-0.05,1.2,0.55,64,0
112756916,POS,0,6,-0.07,-0.19,0.02,71,8
112756923,POS,1,0,-0.05,1.2,0.57,61,0
112757016,POS,0,6,-0.08,-0.16,0.24,56,8
112757022,POS,1,0,-0.06,1.2,0.6,60,0
112757118,POS,0,6,-0.12,-0.2,0.34,61,8
112757122,POS,1,0,-0.05,1.2,0.61,63,0
112757214,POS,0,6,-0.16,-0.22,0.45,53,8
112757221,POS,1,0,-0.05,1.21,0.61,62,0
112757313,POS,0,6,-0.18,-0.23,0.52,55,8
112757321,POS,1,0,-0.06,1.21,0.61,62,0
112757413,POS,0,6,-0.14,-0.23,0.32,77,8
112757420,POS,1,0,-0.07,1.22,0.61,60,0
112757518,POS,0,6,-0.11,-0.24,0.1,65,8
112757520,POS,1,0,-0.07,1.22,0.6,62,0
112757618,POS,0,6,-0.06,-0.13,0.33,58,8
112757619,POS,1,0,-0.08,1.23,0.61,58,0
112757718,POS,0,6,-0.07,-0.17,0.16,71,8
112757718,POS,1,0,-0.08,1.23,0.62,61,0
112757817,POS,0,6,-0.06,-0.2,0.01,67,8
112757822,POS,1,0,-0.09,1.23,0.64,58,0
112757917,POS,0,6,-0.07,-0.22,0.13,67,8
112757923,POS,1,0,-0.09,1.25,0.65,58,0
112758016,POS,0,6,-0.08,-0.25,0.24,63,8
112758023,POS,1,0,-0.08,1.25,0.65,61,0
112758114,POS,0,6,-0.08,-0.25,0.33,63,8
112758122,POS,1,0,-0.07,1.22,0.63,66,0
112758217,POS,0,6,-0.1,-0.23,0.01,51,8
112758222,POS,1,0,-0.08,1.21,0.63,63,0
112758314,POS,0,6,-0.15,-0.25,0.17,53,8
112758321,POS,1,0,-0.09,1.21,0.63,60,0
112758414,POS,0,6,-0.19,-0.27,0.3,57,8
112758420,POS,1,0,-0.06,1.24,0.33,60,0
112758515,POS,0,6,-0.16,-0.31,0.07,63,8
112758519,POS,1,0,-0.07,1.24,0.39,61,0
112758618,POS,0,6,-0.16,-0.28,0.27,53,8
112758619,POS,1,0,-0.07,1.24,0.45,60,0
112758716,POS,0,6,-0.16,-0.31,0.06,64,8
112758716,POS,1,0,-0.08,1.24,0.49,59,0
112758817,POS,0,6,-0.2,-0.31,0.2,60,8
112758817,POS,1,0,-0.09,1.22,0.53,62,0
112758916,POS,0,6,-0.23,-0.32,0.34,55,8
112758919,POS,1,0,-0.09,1.23,0.56,58,0
112759016,POS,0,6,-0.21,-0.36,0.11,65,8
112759022,POS,1,0,-0.08,1.22,0.56,64,0
112759116,POS,0,6,-0.23,-0.36,0.24,60,8
112759121,POS,1,0,-0.08,1.23,0.59,59,0
112759219,POS,0,6,-0.24,-0.36,0.36,58,8
112759222,POS,1,0,-0.07,1.24,0.61,57,0
112759316,POS,0,6,-0.22,-0.38,0.12,65,8
112759320,POS,1,0,-0.07,1.24,0.59,62,0
112759416,POS,0,6,-0.25,-0.39,0.28,54,8
112759416,POS,1,0,-0.07,1.24,0.58,64,0
112759519,POS,0,6,-0.27,-0.4,0.4,55,8
112759519,POS,1,0,-0.06,1.23,0.56,67,0
112759619,POS,0,6,-0.28,-0.4,0.47,61,8
112759619,POS,1,0,-0.06,1.22,0.59,61,0
112759718,POS,0,6,-0.3,-0.39,0.52,57,8
112759720,POS,1,0,-0.05,1.22,0.6,62,0
112759817,POS,0,6,-0.3,-0.39,0.56,61,8
112759824,POS,1,0,-0.05,1.2,0.6,66,0
112759918,POS,0,6,-0.32,-0.41,0.6,58,8
112759918,POS,1,0,-0.05,1.19,0.62,60,0
112800019,POS,0,6,-0.32,-0.42,0.63,57,8
112800023,POS,1,0,-0.04,1.18,0.6,68,0
112800116,POS,0,6,-0.33,-0.44,0.67,55,8
112800122,POS,1,0,-0.04,1.17,0.63,62,0
112800217,POS,0,6,-0.34,-0.43,0.7,51,8
112800221,POS,1,0,-0.04,1.18,0.63,63,0
112800317,POS,0,6,-0.36,-0.45,0.74,45,8
112800320,POS,1,0,-0.04,1.17,0.63,65,0
112800417,POS,0,6,-0.37,-0.44,0.77,47,8
112800420,POS,1,0,-0.04,1.18,0.63,61,0
112800517,POS,0,6,-0.38,-0.45,0.78,50,8
112800521,POS,1,0,-0.04,1.18,0.63,63,0
112800618,POS,0,6,-0.38,-0.45,0.78,52,8
112800621,POS,1,0,-0.03,1.17,0.61,67,0
112800718,POS,0,6,-0.39,-0.45,0.8,46,8
112800721,POS,1,0,-0.03,1.18,0.63,62,0
112800817,POS,0,6,-0.39,-0.47,0.79,54,8
112800822,POS,1,0,-0.04,1.17,0.64,63,0
112800917,POS,0,6,-0.4,-0.48,0.78,57,8
112800923,POS,1,0,-0.03,1.17,0.64,64,0
112801017,POS,0,6,-0.42,-0.51,0.78,51,8
112801023,POS,1,0,-0.04,1.17,0.63,65,0
112801117,POS,0,6,-0.43,-0.49,0.79,50,8
112801122,POS,1,0,-0.04,1.17,0.64,62,0
112801218,POS,0,6,-0.45,-0.5,0.78,51,8
112801221,POS,1,0,-0.04,1.18,0.66,60,0
112801318,POS,0,6,-0.47,-0.52,0.8,45,8
112801321,POS,1,0,-0.03,1.18,0.65,65,0
112801418,POS,0,6,-0.48,-0.52,0.79,52,8
112801419,POS,1,0,-0.02,1.18,0.63,66,0
112801518,POS,0,6,-0.5,-0.53,0.8,46,8
112801519,POS,1,0,-0.01,1.18,0.65,62,0
112801619,POS,0,6,-0.51,-0.55,0.79,54,8
112801619,POS,1,0,-0.01,1.2,0.65,61,0
112801718,POS,0,6,-0.55,-0.56,0.78,48,8
112801722,POS,1,0,-0,1.21,0.65,61,0
112801819,POS,0,6,-0.58,-0.58,0.78,46,8
112801819,POS,1,0,-0.01,1.22,0.64,62,0
112801917,POS,0,6,-0.61,-0.57,0.78,45,8
112801919,POS,1,0,0,1.22,0.63,65,0
112802019,POS,0,6,-0.63,-0.59,0.77,50,8
112802022,POS,1,0,0.01,1.21,0.64,62,0
112802114,POS,0,6,-0.64,-0.6,0.77,46,8
112802119,POS,1,0,0.01,1.21,0.62,66,0
112802214,POS,0,6,-0.66,-0.62,0.76,47,8
112802221,POS,1,0,0.01,1.21,0.62,64,0
112802313,POS,0,6,-0.67,-0.63,0.76,46,8
112802322,POS,1,0,0.01,1.21,0.66,57,0
112802413,POS,0,6,-0.69,-0.64,0.78,39,8
112802420,POS,1,0,0.02,1.2,0.67,63,0
112802511,POS,0,6,-0.72,-0.64,0.77,42,8
112802520,POS,1,0,0.02,1.19,0.67,65,0
112802618,POS,0,6,-0.74,-0.64,0.77,41,8
112802619,POS,1,0,0.03,1.18,0.67,65,0
112802718,POS,0,6,-0.77,-0.63,0.77,37,8
112802723,POS,1,0,0.03,1.18,0.66,65,0
112802817,POS,0,6,-0.79,-0.62,0.76,42,8
112802820,POS,1,0,0.04,1.19,0.67,62,0
112802919,POS,0,6,-0.8,-0.62,0.38,42,8
112802922,POS,1,0,0.04,1.19,0.66,64,0
112803015,POS,0,6,-0.82,-0.64,0.11,44,8
112803022,POS,1,0,0.04,1.17,0.66,66,0
112803115,POS,0,6,-0.83,-0.66,0.09,40,8
112803122,POS,1,0,0.04,1.17,0.68,62,0
112803215,POS,0,6,-0.87,-0.67,0.27,29,8
112803221,POS,1,0,0.05,1.17,0.68,65,0
112803317,POS,0,6,-0.9,-0.69,0.38,34,8
112803320,POS,1,0,0.06,1.17,0.67,66,0
112803412,POS,0,6,-0.92,-0.68,0.47,31,8
112803420,POS,1,0,0.05,1.16,0.7,60,0
112803519,POS,0,6,-0.93,-0.69,0.53,41,8
112803521,POS,1,0,0.06,1.16,0.71,63,0
112803618,POS,0,6,-0.94,-0.71,0.59,33,8
112803621,POS,1,0,0.06,1.17,0.74,57,0
112803717,POS,0,6,-0.97,-0.69,0.63,26,8
112803724,POS,1,0,0.05,1.16,0.75,60,0
112803817,POS,0,6,-1,-0.69,0.67,24,8
112803821,POS,1,0,0.06,1.14,0.73,68,0
112803916,POS,0,6,-1.01,-0.69,0.7,28,8
112803923,POS,1,0,0.06,1.14,0.76,57,0
112804016,POS,0,6,-1.03,-0.7,0.71,26,8
112804023,POS,1,0,0.05,1.13,0.78,59,0
112804115,POS,0,6,-1.06,-0.7,0.72,26,8
112804121,POS,1,0,0.06,1.12,0.77,65,0
112804214,POS,0,6,-1.07,-0.68,0.73,22,8
112804221,POS,1,0,0.05,1.11,0.77,63,0
112804314,POS,0,6,-1.08,-0.66,0.73,19,8
112804322,POS,1,0,0.06,1.1,0.77,63,0
112804412,POS,0,6,-1.08,-0.63,0.75,17,8
112804422,POS,1,0,0.06,1.1,0.78,61,0
112804519,POS,0,6,-1.08,-0.61,0.77,16,8
112804522,POS,1,0,0.05,1.12,0.8,55,0
112804618,POS,0,6,-1.11,-0.61,0.78,16,8
112804622,POS,1,0,0.05,1.12,0.8,60,0
112804718,POS,0,6,-1.12,-0.6,0.77,15,8
112804722,POS,1,0,0.05,1.13,0.82,57,0
112804817,POS,0,6,-1.14,-0.58,0.79,13,8
112804822,POS,1,0,0.05,1.11,0.82,60,0
112804916,POS,0,6,-1.15,-0.57,0.79,12,8
112804923,POS,1,0,0.04,1.09,0.83,61,0
112805015,POS,0,6,-1.17,-0.57,0.8,14,8
112805022,POS,1,0,0.04,1.08,0.82,63,0
112805115,POS,0,6,-1.18,-0.57,0.82,14,8
112805122,POS,1,0,0.04,1.06,0.81,65,0
112805218,POS,0,6,-1.19,-0.56,0.83,12,8
112805222,POS,1,0,0.03,1.04,0.82,61,0
112805313,POS,0,6,-1.22,-0.55,0.83,9,8
112805322,POS,1,0,0.02,1.04,0.84,58,0
112805413,POS,0,6,-1.23,-0.55,0.83,10,8
112805420,POS,1,0,0.02,1.02,0.85,61,0
112805519,POS,0,6,-1.25,-0.53,0.82,11,8
112805522,POS,1,0,0.02,1.01,0.84,64,0
112805618,POS,0,6,-1.28,-0.53,0.8,12,8
112805618,POS,1,0,0.03,0.99,0.83,66,0
112805717,POS,0,6,-1.29,-0.53,0.81,9,8
112805717,POS,1,0,0.03,0.98,0.85,60,0
112805817,POS,0,6,-1.29,-0.52,0.8,13,8
112805817,POS,1,0,0.02,0.97,0.86,61,0
112805916,POS,0,6,-1.28,-0.51,0.8,11,8
112805923,POS,1,0,0.02,0.95,0.86,64,0
112806014,POS,0,6,-1.29,-0.48,0.79,13,8
112806022,POS,1,0,0.02,0.94,0.84,69,0
112806114,POS,0,6,-1.3,-0.47,0.79,12,8
112806123,POS,1,0,0.01,0.93,0.85,62,0
112806215,POS,0,6,-1.31,-0.46,0.77,13,8
112806221,POS,1,0,0,0.91,0.85,64,0
112806316,POS,0,6,-1.32,-0.44,0.78,13,8
112806321,POS,1,0,-0.01,0.88,0.87,62,0
112806412,POS,0,6,-1.34,-0.43,0.77,13,8
112806419,POS,1,0,-0.02,0.89,0.42,58,0
112806512,POS,0,6,-1.35,-0.42,0.77,14,8
112806519,POS,1,0,-0.01,0.88,0.11,66,0
112806611,POS,0,6,-1.37,-0.38,0.4,80,8
112806611,POS,1,0,-0.02,0.88,0.15,60,0
112806718,POS,0,6,-1.39,-0.38,0.5,20,8
112806718,POS,1,0,-0.03,0.88,0.34,59,0
112806817,POS,0,6,-1.39,-0.37,0.58,16,8
112806817,POS,1,0,-0.04,0.87,0.48,62,0
112806916,POS,0,6,-1.4,-0.37,0.61,18,8
112806923,POS,1,0,-0.04,0.86,0.56,68,0
112807016,POS,0,6,-1.4,-0.37,0.66,17,8
112807022,POS,1,0,-0.04,0.84,0.63,66,0
112807115,POS,0,6,-1.41,-0.35,0.69,21,8
112807122,POS,1,0,-0.05,0.83,0.69,65,0
112807213,POS,0,6,-1.44,-0.35,0.7,27,8
112807221,POS,1,0,-0.05,0.81,0.74,65,0
112807313,POS,0,6,-1.44,-0.34,0.71,22,8
112807321,POS,1,0,-0.06,0.79,0.77,65,0
112807413,POS,0,6,-1.44,-0.33,0.73,21,8
112807413,POS,1,0,-0.06,0.77,0.81,63,0
112807505,POS,0,6,-1.43,-0.32,0.75,19,8
112807519,POS,1,0,-0.07,0.75,0.83,66,0
112807618,POS,0,6,-1.44,-0.31,0.75,22,8
112807618,POS,1,0,-0.07,0.72,0.83,69,0
112807717,POS,0,6,-1.44,-0.3,0.77,23,8
112807717,POS,1,0,-0.08,0.71,0.87,60,0
112807816,POS,0,6,-1.46,-0.29,0.77,27,8
112807816,POS,1,0,-0.09,0.71,0.87,65,0
112807916,POS,0,6,-1.46,-0.29,0.77,23,8
112807923,POS,1,0,-0.09,0.69,0.87,67,0
112808015,POS,0,6,-1.46,-0.27,0.79,26,8
112808022,POS,1,0,-0.08,0.65,0.85,73,0
112808107,POS,0,6,-1.46,-0.26,0.8,25,8
112808122,POS,1,0,-0.08,0.64,0.86,66,0
112808207,POS,0,6,-1.47,-0.25,0.8,27,8
112808222,POS,1,0,-0.06,0.6,0.85,73,0
112808313,POS,0,6,-1.47,-0.24,0.8,27,8
112808320,POS,1,0,-0.07,0.59,0.84,71,0
112808418,POS,0,6,-1.49,-0.22,0.81,33,8
112808420,POS,1,0,-0.06,0.57,0.85,70,0
112808512,POS,0,6,-1.51,-0.2,0.82,35,8
112808519,POS,1,0,-0.07,0.55,0.42,70,0
112808617,POS,0,6,-1.53,-0.2,0.82,38,8
112808617,POS,1,0,-0.09,0.54,0.08,65,0
112808717,POS,0,6,-1.53,-0.18,0.84,32,8
112808717,POS,1,0,-0.1,0.52,0.15,69,0
112808817,POS,0,6,-1.54,-0.17,0.82,35,8
112808823,POS,1,0,-0.09,0.5,0.34,68,0
112808916,POS,0,6,-1.55,-0.17,0.8,35,8
112808922,POS,1,0,-0.1,0.49,0.47,69,0
112809015,POS,0,6,-1.54,-0.16,0.78,33,8
112809022,POS,1,0,-0.08,0.48,0.56,71,0
112809115,POS,0,6,-1.54,-0.16,0.75,42,8
112809121,POS,1,0,-0.09,0.46,0.65,66,0
112809218,POS,0,6,-1.55,-0.14,0.74,38,8
112809221,POS,1,0,-0.08,0.44,0.73,66,0
112809313,POS,0,6,-1.56,-0.14,0.74,37,8
112809320,POS,1,0,-0.12,0.42,0.83,52,0
112809412,POS,0,6,-1.56,-0.11,0.76,35,8
112809419,POS,1,0,-0.1,0.42,0.84,69,0
112809518,POS,0,6,-1.55,-0.09,0.75,40,8
112809519,POS,1,0,-0.14,0.4,0.92,49,0
112809618,POS,0,6,-1.55,-0.1,0.73,39,8
112809618,POS,1,0,-0.16,0.37,0.96,55,0
112809717,POS,0,6,-1.56,-0.1,0.74,35,8
112809717,POS,1,0,-0.19,0.36,0.99,53,0
112809818,POS,0,6,-1.55,-0.11,0.75,31,8
112809821,POS,1,0,-0.21,0.36,1.02,52,0
112809916,POS,0,6,-1.55,-0.11,0.76,33,8
112809923,POS,1,0,-0.23,0.35,1.04,52,0
112810015,POS,0,6,-1.56,-0.1,0.78,40,8
112810022,POS,1,0,-0.25,0.33,1.05,52,0
112810115,POS,0,6,-1.57,-0.1,0.79,36,8
112810122,POS,1,0,-0.27,0.33,1.05,53,0
112810214,POS,0,6,-1.57,-0.09,0.78,36,8
112810221,POS,1,0,-0.28,0.32,1.06,52,0
112810313,POS,0,6,-1.58,-0.08,0.78,39,8
112810313,POS,1,0,-0.28,0.32,1.07,54,0
112810413,POS,0,6,-1.57,-0.08,0.8,35,8
112810420,POS,1,0,-0.3,0.32,1.05,56,0
112810518,POS,0,6,-1.57,-0.07,0.81,36,8
112810519,POS,1,0,-0.31,0.32,1.06,52,0
112810618,POS,0,6,-1.57,-0.07,0.82,37,8
112810618,POS,1,0,-0.31,0.31,1.05,55,0
112810717,POS,0,6,-1.56,-0.06,0.84,34,8
112810717,POS,1,0,-0.33,0.3,1.06,50,0
112810816,POS,0,6,-1.56,-0.06,0.83,34,8
112810816,POS,1,0,-0.35,0.3,1.07,51,0
112810916,POS,0,6,-1.55,-0.08,0.82,33,8
112810923,POS,1,0,-0.34,0.3,1.07,53,0
112811016,POS,0,6,-1.55,-0.07,0.83,36,8
112811022,POS,1,0,-0.36,0.3,1.08,48,0
112811114,POS,0,6,-1.54,-0.06,0.85,34,8
112811114,POS,1,0,-0.37,0.29,1.08,51,0
112811214,POS,0,6,-1.53,-0.05,0.87,32,8
112811220,POS,1,0,-0.4,0.28,1.08,48,0
112811313,POS,0,6,-1.51,-0.04,0.87,30,8
112811320,POS,1,0,-0.39,0.28,1.07,54,0
112811412,POS,0,6,-1.51,-0.05,0.89,41,8
112811419,POS,1,0,-0.38,0.28,1.04,59,0
112811518,POS,0,6,-1.52,-0.05,0.89,37,8
112811518,POS,1,0,-0.39,0.28,1.04,53,0
112811617,POS,0,6,-1.51,-0.04,0.9,31,8
112811617,POS,1,0,-0.4,0.29,1.02,57,0
112811717,POS,0,6,-1.5,-0.04,0.91,32,8
112811717,POS,1,0,-0.4,0.29,1.03,53,0
112811817,POS,0,6,-1.49,-0.06,0.91,29,8
112811821,POS,1,0,-0.41,0.29,1.01,56,0
112811916,POS,0,6,-1.49,-0.06,0.88,30,8
112811923,POS,1,0,-0.41,0.3,0.98,63,0
112812015,POS,0,6,-1.49,-0.07,0.86,30,8
112812022,POS,1,0,-0.42,0.3,0.98,56,0
112812114,POS,0,6,-1.48,-0.08,0.84,29,8
112812121,POS,1,0,-0.42,0.32,0.98,57,0
112812214,POS,0,6,-1.48,-0.08,0.82,37,8
112812221,POS,1,0,-0.43,0.31,0.97,58,0
112812313,POS,0,6,-1.48,-0.07,0.81,33,8
112812320,POS,1,0,-0.44,0.29,0.96,56,0
112812405,POS,0,6,-1.47,-0.07,0.8,33,8
112812420,POS,1,0,-0.46,0.29,0.96,54,0
112812518,POS,0,6,-1.47,-0.08,0.78,36,8
112812519,POS,1,0,-0.47,0.29,0.97,54,0
112812618,POS,0,6,-1.46,-0.09,0.77,35,8
112812618,POS,1,0,-0.48,0.29,0.96,55,0
112812716,POS,0,6,-1.44,-0.09,0.76,35,8
112812716,POS,1,0,-0.48,0.28,0.95,58,0
112812817,POS,0,6,-1.45,-0.1,0.75,36,8
112812820,POS,1,0,-0.48,0.27,0.93,58,0
112812916,POS,0,6,-1.44,-0.12,0.75,27,8
112812923,POS,1,0,-0.49,0.27,0.93,57,0
112813015,POS,0,6,-1.43,-0.12,0.76,28,8
112813022,POS,1,0,-0.49,0.28,0.91,62,0
112813115,POS,0,6,-1.43,-0.13,0.76,30,8
112813121,POS,1,0,-0.5,0.28,0.9,60,0
112813214,POS,0,6,-1.42,-0.13,0.76,29,8
112813221,POS,1,0,-0.51,0.28,0.9,59,0
112813313,POS,0,6,-1.44,-0.14,0.78,28,8
112813320,POS,1,0,-0.51,0.28,0.9,57,0
112813412,POS,0,6,-1.43,-0.14,0.78,29,8
112813419,POS,1,0,-0.52,0.27,0.89,57,0
112813518,POS,0,6,-1.44,-0.13,0.78,31,8
112813521,POS,1,0,-0.54,0.27,0.89,56,0
112813618,POS,0,6,-1.43,-0.12,0.78,28,8
112813618,POS,1,0,-0.55,0.26,0.88,58,0
112813717,POS,0,6,-1.44,-0.12,0.8,26,8
112813717,POS,1,0,-0.55,0.26,0.88,57,0
112813817,POS,0,6,-1.44,-0.14,0.8,23,8
112813817,POS,1,0,-0.54,0.28,0.87,63,0
112813915,POS,0,6,-1.43,-0.14,0.8,25,8
112813923,POS,1,0,-0.55,0.27,0.87,58,0
112814015,POS,0,6,-1.43,-0.15,0.81,24,8
112814022,POS,1,0,-0.56,0.27,0.85,61,0
112814114,POS,0,6,-1.43,-0.15,0.79,30,8
112814121,POS,1,0,-0.57,0.28,0.86,58,0
112814214,POS,0,6,-1.43,-0.15,0.8,24,8
112814220,POS,1,0,-0.58,0.28,0.85,58,0
112814313,POS,0,6,-1.43,-0.14,0.77,39,8
112814320,POS,1,0,-0.57,0.29,0.83,65,0
112814412,POS,0,6,-1.43,-0.14,0.77,29,8
112814419,POS,1,0,-0.57,0.31,0.83,62,0
112814518,POS,0,6,-1.43,-0.14,0.78,25,8
112814518,POS,1,0,-0.56,0.31,0.82,64,0
112814618,POS,0,6,-1.44,-0.14,0.77,32,8
112814618,POS,1,0,-0.57,0.32,0.82,61,0
112814718,POS,0,6,-1.43,-0.13,0.78,29,8
112814718,POS,1,0,-0.59,0.33,0.81,62,0
112814818,POS,0,6,-1.44,-0.14,0.78,28,8
112814824,POS,1,0,-0.59,0.33,0.8,63,0
112814916,POS,0,6,-1.44,-0.14,0.79,24,8
112814923,POS,1,0,-0.61,0.33,0.8,60,0
112815015,POS,0,6,-1.43,-0.13,0.8,23,8
112815022,POS,1,0,-0.6,0.34,0.8,63,0
112815118,POS,0,6,-1.42,-0.13,0.81,23,8
112815120,POS,1,0,-0.62,0.34,0.8,61,0
112815214,POS,0,6,-1.42,-0.13,0.81,26,8
112815221,POS,1,0,-0.62,0.34,0.8,60,0
112815312,POS,0,6,-1.43,-0.12,0.8,29,8
112815320,POS,1,0,-0.61,0.34,0.8,63,0
112815412,POS,0,6,-1.43,-0.12,0.8,29,8
112815419,POS,1,0,-0.6,0.35,0.79,67,0
112815518,POS,0,6,-1.44,-0.11,0.81,27,8
112815519,POS,1,0,-0.58,0.36,0.75,71,0
112815618,POS,0,6,-1.43,-0.12,0.82,24,8
112815618,POS,1,0,-0.61,0.35,0.77,58,0
112815717,POS,0,6,-1.44,-0.11,0.82,28,8
112815717,POS,1,0,-0.61,0.36,0.75,68,0
112815817,POS,0,6,-1.44,-0.12,0.83,25,8
112815817,POS,1,0,-0.62,0.36,0.74,67,0
112815916,POS,0,6,-1.43,-0.11,0.83,26,8
112815923,POS,1,0,-0.62,0.36,0.74,65,0
112816015,POS,0,6,-1.43,-0.1,0.83,26,8
112816022,POS,1,0,-0.64,0.36,0.76,59,0
112816114,POS,0,6,-1.43,-0.1,0.82,30,8
112816121,POS,1,0,-0.64,0.37,0.75,65,0
112816214,POS,0,6,-1.43,-0.1,0.8,34,8
112816221,POS,1,0,-0.65,0.36,0.78,55,0
112816313,POS,0,6,-1.43,-0.1,0.79,33,8
112816320,POS,1,0,-0.66,0.36,0.8,57,0
112816412,POS,0,6,-1.44,-0.11,0.79,28,8
112816419,POS,1,0,-0.65,0.35,0.8,61,0
112816511,POS,0,6,-1.43,-0.12,0.78,30,8
112816518,POS,1,0,-0.65,0.35,0.81,58,0
112816618,POS,0,6,-1.45,-0.12,0.77,31,8
112816618,POS,1,0,-0.65,0.34,0.83,56,0
112816717,POS,0,6,-1.44,-0.13,0.78,24,8
112816717,POS,1,0,-0.61,0.35,0.8,71,0
112816817,POS,0,6,-1.45,-0.13,0.77,35,8
112816817,POS,1,0,-0.62,0.34,0.83,54,0
112816916,POS,0,6,-1.44,-0.12,0.75,41,8
112816923,POS,1,0,-0.64,0.33,0.86,51,0
112817015,POS,0,6,-1.46,-0.13,0.74,37,8
112817021,POS,1,0,-0.64,0.33,0.88,53,0
112817114,POS,0,6,-1.44,-0.12,0.73,36,8
112817121,POS,1,0,-0.61,0.34,0.86,65,0
112817214,POS,0,6,-1.43,-0.13,0.73,31,8
112817221,POS,1,0,-0.59,0.35,0.87,60,0
112817313,POS,0,6,-1.44,-0.14,0.73,34,8
112817320,POS,1,0,-0.6,0.34,0.88,55,0
112817412,POS,0,6,-1.44,-0.14,0.74,31,8
112817419,POS,1,0,-0.6,0.34,0.9,53,0
112817518,POS,0,6,-1.44,-0.14,0.73,37,8
112817518,POS,1,0,-0.62,0.33,0.91,52,0
112817618,POS,0,6,-1.45,-0.13,0.73,32,8
112817618,POS,1,0,-0.59,0.34,0.88,65,0
112817717,POS,0,6,-1.48,-0.13,0.73,35,8
112817717,POS,1,0,-0.55,0.35,0.86,66,0
112817816,POS,0,6,-1.48,-0.14,0.73,33,8
112817816,POS,1,0,-0.57,0.34,0.88,54,0
112817916,POS,0,6,-1.47,-0.14,0.74,30,8
112817923,POS,1,0,-0.59,0.34,0.9,51,0
112818015,POS,0,6,-1.47,-0.14,0.74,31,8
112818021,POS,1,0,-0.59,0.35,0.9,58,0
112818114,POS,0,6,-1.46,-0.15,0.76,24,8
112818122,POS,1,0,-0.61,0.34,0.9,55,0
112818214,POS,0,6,-1.45,-0.15,0.77,26,8
112818220,POS,1,0,-0.58,0.35,0.85,70,0
112818314,POS,0,6,-1.45,-0.15,0.78,24,8
112818320,POS,1,0,-0.59,0.35,0.88,53,0
112818418,POS,0,6,-1.44,-0.15,0.78,27,8
112818419,POS,1,0,-0.59,0.35,0.88,58,0
112818518,POS,0,6,-1.43,-0.15,0.78,27,8
112818518,POS,1,0,-0.56,0.37,0.86,67,0
112818618,POS,0,6,-1.42,-0.15,0.77,29,8
112818618,POS,1,0,-0.54,0.37,0.84,67,0
112818717,POS,0,6,-1.43,-0.16,0.77,29,8
112818717,POS,1,0,-0.55,0.37,0.87,54,0
112818818,POS,0,6,-1.44,-0.16,0.77,27,8
112818823,POS,1,0,-0.54,0.39,0.85,66,0
112818918,POS,0,6,-1.43,-0.16,0.77,27,8
112818922,POS,1,0,-0.57,0.37,0.86,54,0
112819018,POS,0,6,-1.43,-0.16,0.77,27,8
112819022,POS,1,0,-0.6,0.36,0.89,50,0
112819114,POS,0,6,-1.43,-0.15,0.78,29,8
112819121,POS,1,0,-0.61,0.35,0.89,55,0
112819214,POS,0,6,-1.44,-0.16,0.78,23,8
112819221,POS,1,0,-0.59,0.36,0.87,64,0
112819312,POS,0,6,-1.44,-0.15,0.8,25,8
112819320,POS,1,0,-0.61,0.36,0.88,56,0
112819411,POS,0,6,-1.44,-0.16,0.8,25,8
112819420,POS,1,0,-0.59,0.37,0.86,64,0
112819518,POS,0,6,-1.44,-0.16,0.8,25,8
112819521,POS,1,0,-0.59,0.36,0.87,58,0
112819618,POS,0,6,-1.44,-0.17,0.8,25,8
112819621,POS,1,0,-0.6,0.36,0.87,58,0
112819717,POS,0,6,-1.43,-0.16,0.8,26,8
112819721,POS,1,0,-0.61,0.35,0.89,54,0
112819816,POS,0,6,-1.42,-0.15,0.8,25,8
112819816,POS,1,0,-0.61,0.36,0.9,54,0
112819915,POS,0,6,-1.42,-0.15,0.79,32,8
112819922,POS,1,0,-0.58,0.37,0.87,67,0
112820015,POS,0,6,-1.43,-0.14,0.77,34,8
112820022,POS,1,0,-0.57,0.38,0.87,60,0
112820114,POS,0,6,-1.44,-0.14,0.78,28,8
112820121,POS,1,0,-0.54,0.39,0.84,70,0
112820215,POS,0,6,-1.43,-0.15,0.78,26,8
112820220,POS,1,0,-0.52,0.39,0.81,70,0
112820313,POS,0,6,-1.43,-0.15,0.77,29,8
112820320,POS,1,0,-0.51,0.39,0.8,68,0
112820417,POS,0,6,-1.41,-0.15,0.76,33,8
112820419,POS,1,0,-0.52,0.39,0.8,63,0
112820518,POS,0,6,-1.41,-0.14,0.75,34,8
112820518,POS,1,0,-0.51,0.39,0.8,66,0
112820618,POS,0,6,-1.41,-0.14,0.75,30,8
112820618,POS,1,0,-0.55,0.38,0.82,57,0
112820718,POS,0,6,-1.41,-0.14,0.75,33,8
112820718,POS,1,0,-0.58,0.38,0.85,53,0
112820809,POS,0,6,-1.42,-0.13,0.74,35,8
112820809,POS,1,0,-0.56,0.38,0.82,68,0
112820916,POS,0,6,-1.43,-0.13,0.73,40,8
112820922,POS,1,0,-0.53,0.38,0.8,70,0
112821014,POS,0,6,-1.44,-0.12,0.72,39,8
112821021,POS,1,0,-0.57,0.36,0.83,53,0
112821117,POS,0,6,-1.46,-0.11,0.71,42,8
112821129,POS,1,0,-0.55,0.37,0.84,61,0
112821213,POS,0,6,-1.46,-0.12,0.72,34,8
112821221,POS,1,0,-0.54,0.38,0.82,68,0
112821313,POS,0,6,-1.47,-0.11,0.72,37,8
112821320,POS,1,0,-0.53,0.38,0.79,71,0
112821412,POS,0,6,-1.46,-0.11,0.72,36,8
112821412,POS,1,0,-0.56,0.38,0.81,56,0
112821518,POS,0,6,-1.46,-0.11,0.72,35,8
112821518,POS,1,0,-0.55,0.38,0.77,72,0
112821617,POS,0,6,-1.45,-0.11,0.72,36,8
112821617,POS,1,0,-0.55,0.38,0.79,64,0
112821716,POS,0,6,-1.47,-0.11,0.72,37,8
112821716,POS,1,0,-0.57,0.37,0.83,53,0
112821816,POS,0,6,-1.49,-0.12,0.73,33,8
112821816,POS,1,0,-0.6,0.36,0.85,55,0
112821909,POS,0,6,-1.48,-0.12,0.74,28,8
112821923,POS,1,0,-0.59,0.36,0.86,59,0
112822018,POS,0,6,-1.48,-0.11,0.75,32,8
112822023,POS,1,0,-0.6,0.36,0.89,52,0
112822113,POS,0,6,-1.47,-0.11,0.74,37,8
112822113,POS,1,0,-0.59,0.36,0.88,60,0
112822214,POS,0,6,-1.46,-0.11,0.73,38,8
112822221,POS,1,0,-0.59,0.36,0.88,57,0
112822313,POS,0,6,-1.47,-0.11,0.72,40,8
112822320,POS,1,0,-0.6,0.35,0.89,56,0
112822411,POS,0,6,-1.48,-0.1,0.73,37,8
112822419,POS,1,0,-0.59,0.34,0.89,57,0
112822518,POS,0,6,-1.47,-0.09,0.73,36,8
112822518,POS,1,0,-0.56,0.36,0.85,70,0
112822617,POS,0,6,-1.47,-0.1,0.72,39,8
112822621,POS,1,0,-0.54,0.36,0.81,73,0
112822715,POS,0,6,-1.47,-0.1,0.72,36,8
112822715,POS,1,0,-0.56,0.35,0.83,55,0
112822816,POS,0,6,-1.48,-0.08,0.38,80,8
112822821,POS,1,0,-0.58,0.34,0.85,55,0
112822916,POS,0,6,-1.48,-0.09,0.47,35,8
112822923,POS,1,0,-0.59,0.33,0.87,54,0
112823015,POS,0,6,-1.48,-0.08,0.55,33,8
112823022,POS,1,0,-0.57,0.34,0.85,66,0
112823114,POS,0,6,-1.5,-0.08,0.61,34,8
112823122,POS,1,0,-0.57,0.35,0.86,58,0
112823213,POS,0,6,-1.52,-0.08,0.65,36,8
112823220,POS,1,0,-0.58,0.34,0.86,58,0
112823313,POS,0,6,-1.52,-0.08,0.68,33,8
112823320,POS,1,0,-0.6,0.34,0.86,59,0
112823412,POS,0,6,-1.54,-0.07,0.71,35,8
112823419,POS,1,0,-0.62,0.34,0.89,51,0
112823511,POS,0,6,-1.54,-0.06,0.75,36,8
112823518,POS,1,0,-0.6,0.34,0.91,55,0
112823618,POS,0,6,-1.55,-0.06,0.75,37,8
112823618,POS,1,0,-0.58,0.35,0.88,65,0
112823717,POS,0,6,-1.55,-0.06,0.75,37,8
112823717,POS,1,0,-0.55,0.36,0.84,72,0
112823816,POS,0,6,-1.56,-0.05,0.75,40,8
112823822,POS,1,0,-0.56,0.36,0.85,58,0
112823915,POS,0,6,-1.57,-0.03,0.75,38,8
112823922,POS,1,0,-0.56,0.36,0.86,58,0
112824015,POS,0,6,-1.58,-0.04,0.75,39,8
112824022,POS,1,0,-0.56,0.35,0.86,60,0
112824114,POS,0,6,-1.59,-0.04,0.73,43,8
112824123,POS,1,0,-0.58,0.34,0.87,56,0
112824214,POS,0,6,-1.59,-0.02,0.73,44,8
112824221,POS,1,0,-0.56,0.37,0.42,65,0
112824313,POS,0,6,-1.59,-0.01,0.72,44,8
112824320,POS,1,0,-0.57,0.37,0.52,60,0
112824412,POS,0,6,-1.58,0,0.73,40,8
112824419,POS,1,0,-0.58,0.36,0.59,61,0
112824517,POS,0,6,-1.57,0.01,0.76,35,8
112824517,POS,1,0,-0.6,0.36,0.65,60,0
112824617,POS,0,6,-1.57,0.02,0.77,38,8
112824617,POS,1,0,-0.6,0.35,0.72,55,0
112824716,POS,0,6,-1.59,0.03,0.78,43,8
112824716,POS,1,0,-0.58,0.36,0.74,65,0
112824816,POS,0,6,-1.58,0.03,0.78,36,8
112824822,POS,1,0,-0.59,0.34,0.78,56,0
112824915,POS,0,6,-1.58,0.03,0.79,38,8
112824922,POS,1,0,-0.59,0.35,0.8,61,0
112825015,POS,0,6,-1.58,0.05,0.79,39,8
112825021,POS,1,0,-0.62,0.34,0.83,53,0
112825114,POS,0,6,-1.58,0.06,0.77,47,8
112825121,POS,1,0,-0.61,0.34,0.84,58,0
112825217,POS,0,6,-1.58,0.07,0.78,38,8
112825220,POS,1,0,-0.62,0.34,0.86,56,0
112825312,POS,0,6,-1.57,0.09,0.77,43,8
112825312,POS,1,0,-0.6,0.34,0.86,60,0
112825418,POS,0,6,-1.57,0.09,0.75,50,8
112825419,POS,1,0,-0.58,0.35,0.83,67,0
112825511,POS,0,6,-1.55,0.09,0.76,38,8
112825521,POS,1,0,-0.58,0.36,0.83,63,0
112825617,POS,0,6,-1.56,0.1,0.76,40,8
112825617,POS,1,0,-0.57,0.37,0.8,68,0
112825718,POS,0,6,-1.56,0.1,0.76,43,8
112825721,POS,1,0,-0.59,0.36,0.82,58,0
112825816,POS,0,6,-1.55,0.11,0.77,38,8
112825816,POS,1,0,-0.58,0.38,0.79,68,0
112825915,POS,0,6,-1.56,0.12,0.75,50,8
112825922,POS,1,0,-0.55,0.39,0.78,69,0
112826014,POS,0,6,-1.57,0.12,0.74,45,8
112826022,POS,1,0,-0.52,0.4,0.76,73,0
112826114,POS,0,6,-1.55,0.12,0.76,39,8
112826121,POS,1,0,-0.51,0.41,0.76,66,0
112826217,POS,0,6,-1.54,0.13,0.78,35,8
112826221,POS,1,0,-0.53,0.4,0.8,56,0
112826312,POS,0,6,-1.54,0.15,0.8,36,8
112826319,POS,1,0,-0.51,0.39,0.78,71,0
112826418,POS,0,6,-1.53,0.15,0.82,36,8
112826419,POS,1,0,-0.49,0.41,0.75,73,0
112826518,POS,0,6,-1.53,0.16,0.83,37,8
112826518,POS,1,0,-0.48,0.41,0.75,70,0
112826617,POS,0,6,-1.53,0.16,0.82,38,8
112826617,POS,1,0,-0.47,0.41,0.74,71,0
112826717,POS,0,6,-1.52,0.16,0.82,39,8
112826717,POS,1,0,-0.47,0.42,0.76,64,0
112826816,POS,0,6,-1.51,0.15,0.8,45,8
112826816,POS,1,0,-0.46,0.43,0.78,65,0
112826915,POS,0,6,-1.53,0.15,0.79,43,8
112826922,POS,1,0,-0.46,0.43,0.77,69,0
112827014,POS,0,6,-1.52,0.15,0.77,46,8
112827022,POS,1,0,-0.45,0.44,0.77,67,0
112827114,POS,0,6,-1.52,0.16,0.75,50,8
112827121,POS,1,0,-0.44,0.45,0.75,72,0
112827217,POS,0,6,-1.52,0.19,0.64,79,8
112827221,POS,1,0,-0.44,0.45,0.77,65,0
112827312,POS,0,6,-1.51,0.18,0.65,52,8
112827319,POS,1,0,-0.42,0.47,0.77,68,0
112827412,POS,0,6,-1.51,0.18,0.62,64,8
112827412,POS,1,0,-0.43,0.49,0.77,66,0
112827518,POS,0,6,-1.51,0.18,0.62,58,8
112827519,POS,1,0,-0.43,0.5,0.77,68,0
112827617,POS,0,6,-1.49,0.19,0.64,51,8
112827617,POS,1,0,-0.43,0.51,0.77,65,0
112827716,POS,0,6,-1.49,0.19,0.65,50,8
112827716,POS,1,0,-0.43,0.53,0.75,69,0
112827815,POS,0,6,-1.47,0.2,0.66,54,8
112827823,POS,1,0,-0.44,0.55,0.74,67,0
112827915,POS,0,6,-1.46,0.2,0.67,48,8
112827923,POS,1,0,-0.45,0.57,0.76,61,0
112828015,POS,0,6,-1.45,0.2,0.7,40,8
112828021,POS,1,0,-0.47,0.6,0.36,59,0
112828113,POS,0,6,-1.44,0.2,0.71,46,8
112828121,POS,1,0,-0.47,0.63,0.06,56,0
112828214,POS,0,6,-1.44,0.21,0.72,45,8
112828223,POS,1,0,-0.48,0.67,0.17,54,0
112828313,POS,0,6,-1.43,0.21,0.72,47,8
112828319,POS,1,0,-0.48,0.7,0.33,56,0
112828412,POS,0,6,-1.43,0.22,0.72,49,8
112828419,POS,1,0,-0.5,0.73,0.47,51,0
112828517,POS,0,6,-1.42,0.24,0.73,43,8
112828518,POS,1,0,-0.51,0.75,0.55,57,0
112828617,POS,0,6,-1.41,0.25,0.7,57,8
112828617,POS,1,0,-0.49,0.77,0.56,65,0
112828716,POS,0,6,-1.41,0.25,0.7,49,8
112828716,POS,1,0,-0.49,0.78,0.58,63,0
112828816,POS,0,6,-1.39,0.26,0.68,56,8
112828823,POS,1,0,-0.48,0.79,0.59,66,0
112828915,POS,0,6,-1.38,0.27,0.66,59,8
112828922,POS,1,0,-0.47,0.8,0.59,66,0
112829014,POS,0,6,-1.39,0.27,0.63,67,8
112829021,POS,1,0,-0.48,0.83,0.59,61,0
112829117,POS,0,6,-1.38,0.28,0.61,64,8
112829121,POS,1,0,-0.48,0.84,0.6,62,0
112829215,POS,0,6,-1.38,0.29,0.6,60,8
112829221,POS,1,0,-0.5,0.85,0.63,55,0
112829317,POS,0,6,-1.37,0.29,0.6,59,8
112829321,POS,1,0,-0.49,0.87,0.63,60,0
112829411,POS,0,6,-1.36,0.3,0.6,58,8
112829411,POS,1,0,-0.49,0.89,0.64,58,0
112829504,POS,0,6,-1.35,0.3,0.61,55,8
112829519,POS,1,0,-0.51,0.91,0.67,51,0
112829618,POS,0,6,-1.35,0.31,0.61,59,8
112829618,POS,1,0,-0.49,0.92,0.65,61,0
112829717,POS,0,6,-1.34,0.32,0.63,50,8
112829717,POS,1,0,-0.49,0.92,0.64,62,0
112829816,POS,0,6,-1.33,0.32,0.64,49,8
112829822,POS,1,0,-0.48,0.94,0.65,56,0
112829915,POS,0,6,-1.32,0.33,0.67,42,8
112829922,POS,1,0,-0.49,0.95,0.66,55,0
112830014,POS,0,6,-1.32,0.33,0.67,52,8
112830022,POS,1,0,-0.48,0.94,0.65,61,0
112830113,POS,0,6,-1.29,0.34,0.66,50,8
112830121,POS,1,0,-0.48,0.94,0.62,64,0
112830213,POS,0,6,-1.28,0.34,0.66,49,8
112830220,POS,1,0,-0.48,0.94,0.62,60,0
112830312,POS,0,6,-1.27,0.36,0.67,45,8
112830320,POS,1,0,-0.47,0.95,0.61,60,0
112830418,POS,0,6,-1.27,0.36,0.69,43,8
112830418,POS,1,0,-0.47,0.97,0.62,57,0
112830517,POS,0,6,-1.25,0.37,0.68,47,8
112830518,POS,1,0,-0.46,0.98,0.61,60,0
112830616,POS,0,6,-1.24,0.38,0.68,48,8
112830616,POS,1,0,-0.45,0.99,0.56,65,0
112830716,POS,0,6,-1.23,0.37,0.68,45,8
112830716,POS,1,0,-0.43,0.99,0.52,69,0
112830816,POS,0,6,-1.22,0.37,0.7,40,8
112830823,POS,1,0,-0.43,1,0.48,64,0
112830915,POS,0,6,-1.2,0.37,0.69,43,8
112830922,POS,1,0,-0.43,1.08,0.18,66,0
112831019,POS,0,6,-1.19,0.37,0.71,38,8
112831021,POS,1,0,-0.45,1.08,0.26,60,0
112831114,POS,0,6,-1.18,0.37,0.7,43,8
112831121,POS,1,0,-0.45,1.08,0.31,60,0
112831213,POS,0,6,-1.17,0.38,0.72,39,8
112831220,POS,1,0,-0.44,1.1,0.34,62,0
112831314,POS,0,6,-1.16,0.38,0.71,44,8
112831319,POS,1,0,-0.47,1.14,0.09,60,0
112831418,POS,0,6,-1.14,0.39,0.71,44,8
112831418,POS,1,0,-0.47,1.15,0.22,61,0
112831518,POS,0,6,-1.12,0.39,0.71,47,8
112831518,POS,1,0,-0.46,1.16,0.3,64,0
112831617,POS,0,6,-1.11,0.38,0.69,50,8
112831617,POS,1,0,-0.45,1.16,0.34,63,0
112831717,POS,0,6,-1.1,0.37,0.71,44,8
112831717,POS,1,0,-0.43,1.2,0.41,64,0
112831816,POS,0,6,-1.07,0.37,0.7,52,8
112831816,POS,1,0,-0.42,1.21,0.48,59,0
112831915,POS,0,6,-1.08,0.38,0.73,41,8
112831922,POS,1,0,-0.45,1.26,0.58,49,0
112832014,POS,0,6,-1.07,0.37,0.71,49,8
112832021,POS,1,0,-0.45,1.31,0.62,59,0
112832114,POS,0,6,-1.06,0.37,0.72,47,8
112832121,POS,1,0,-0.44,1.3,0.64,60,0
112832213,POS,0,6,-1.03,0.36,0.73,51,8
112832221,POS,1,0,-0.43,1.27,0.63,62,0
112832312,POS,0,6,-1.01,0.36,0.7,58,8
112832320,POS,1,0,-0.4,1.26,0.61,61,0
112832412,POS,0,6,-0.98,0.36,0.71,54,8
112832419,POS,1,0,-0.39,1.23,0.6,62,0
112832517,POS,0,6,-0.96,0.37,0.7,57,8
112832517,POS,1,0,-0.36,1.21,0.58,62,0
112832617,POS,0,6,-0.94,0.37,0.69,59,8
112832617,POS,1,0,-0.35,1.21,0.51,63,0
112832716,POS,0,6,-0.93,0.36,0.7,55,8
112832716,POS,1,0,-0.34,1.18,0.5,63,0
112832816,POS,0,6,-0.93,0.36,0.72,49,8
112832822,POS,1,0,-0.33,1.17,0.47,65,0
112832915,POS,0,6,-0.91,0.36,0.71,60,8
112832922,POS,1,0,-0.32,1.16,0.49,62,0
112833015,POS,0,6,-0.9,0.35,0.71,57,8
112833022,POS,1,0,-0.32,1.17,0.5,61,0
112833113,POS,0,6,-0.92,0.35,0.73,49,8
112833121,POS,1,0,-0.32,1.18,0.54,61,0
112833213,POS,0,6,-0.94,0.34,0.76,42,8
112833220,POS,1,0,-0.32,1.18,0.62,48,0
112833318,POS,0,6,-0.95,0.33,0.79,44,8
112833319,POS,1,0,-0.32,1.17,0.69,47,0
112833411,POS,0,6,-0.94,0.32,0.8,50,8
112833419,POS,1,0,-0.33,1.15,0.69,56,0
112833518,POS,0,6,-0.95,0.31,0.83,40,8
112833518,POS,1,0,-0.32,1.15,0.66,60,0
112833617,POS,0,6,-0.94,0.32,0.84,49,8
112833617,POS,1,0,-0.31,1.17,0.67,60,0
112833716,POS,0,6,-0.9,0.33,0.82,58,8
112833716,POS,1,0,-0.29,1.19,0.67,61,0
112833815,POS,0,6,-0.87,0.34,0.79,61,8
112833823,POS,1,0,-0.28,1.21,0.63,59,0
112833915,POS,0,6,-0.85,0.35,0.8,55,8
112833922,POS,1,0,-0.26,1.27,0.33,62,0
112834014,POS,0,6,-0.85,0.36,0.8,52,8
112834022,POS,1,0,-0.23,1.26,0.33,65,0
112834117,POS,0,6,-0.81,0.35,0.79,60,8
112834121,POS,1,0,-0.22,1.27,0.13,61,0
112834212,POS,0,6,-0.79,0.35,0.79,59,8
112834212,POS,1,0,-0.22,1.25,0.05,60,0
112834313,POS,0,6,-0.82,0.34,0.83,45,8
112834319,POS,1,0,-0.19,1.22,0.19,63,0
112834418,POS,0,6,-0.82,0.32,0.85,46,8
112834418,POS,1,0,-0.12,1.26,0,60,0
112834518,POS,0,6,-0.83,0.32,0.86,47,8
112834518,POS,1,0,-0.11,1.24,0.15,63,0
112834618,POS,0,6,-0.8,0.32,0.86,58,8
112834618,POS,1,0,-0.11,1.23,0.2,68,0
112834717,POS,0,6,-0.8,0.32,0.89,45,8
112834721,POS,1,0,-0.12,1.27,0.01,60,0
112834808,POS,0,6,-0.8,0.32,0.91,46,8
112834823,POS,1,0,-0.1,1.25,0.11,71,0
112834915,POS,0,6,-0.79,0.32,0.91,52,8
112834922,POS,1,0,-0.09,1.24,0.2,66,0
112835015,POS,0,6,-0.78,0.32,0.91,50,8
112835021,POS,1,0,-0.11,1.26,0.02,59,0
112835113,POS,0,6,-0.78,0.32,0.92,48,8
112835120,POS,1,0,-0.09,1.24,0.14,67,0
112835213,POS,0,6,-0.77,0.31,0.93,50,8
112835220,POS,1,0,-0.06,1.22,0.23,71,0
112835312,POS,0,6,-0.77,0.31,0.93,50,8
112835320,POS,1,0,-0.04,1.22,0.29,68,0
112835411,POS,0,6,-0.75,0.3,0.93,51,8
112835420,POS,1,0,-0.02,1.22,0.33,69,0
112835510,POS,0,6,-0.75,0.3,0.93,49,8
112835518,POS,1,0,-0.05,1.3,0.11,62,0
112835617,POS,0,6,-0.73,0.29,0.93,51,8
112835617,POS,1,0,-0.02,1.28,0.17,73,0
112835717,POS,0,6,-0.71,0.28,0.94,50,8
112835717,POS,1,0,0.03,1.28,0.01,70,0
112835818,POS,0,6,-0.7,0.28,0.94,51,8
112835822,POS,1,0,0.03,1.27,0.13,67,0
112835915,POS,0,6,-0.68,0.28,0.93,56,8
112835922,POS,1,0,0.03,1.3,0.05,57,0
112836014,POS,0,6,-0.66,0.3,0.93,56,8
112836022,POS,1,0,0.02,1.32,0.19,57,0
112836113,POS,0,6,-0.65,0.3,0.94,51,8
112836121,POS,1,0,0.02,1.33,0.27,60,0
112836213,POS,0,6,-0.63,0.29,0.93,56,8
112836213,POS,1,0,0.05,1.32,0.07,66,0
112836317,POS,0,6,-0.61,0.29,0.93,55,8
112836319,POS,1,0,0.06,1.33,0.09,60,0
112836411,POS,0,6,-0.6,0.29,0.94,54,8
112836418,POS,1,0,0.08,1.33,0.19,66,0
112836517,POS,0,6,-0.59,0.29,0.96,50,8
112836517,POS,1,0,0.1,1.34,0.02,70,0
112836617,POS,0,6,-0.59,0.27,0.98,48,8
112836617,POS,1,0,0.12,1.33,0.14,68,0
112836715,POS,0,6,-0.58,0.27,0.98,52,8
112836715,POS,1,0,0.14,1.33,0.24,65,0
112836816,POS,0,6,-0.56,0.26,0.98,52,8
112836816,POS,1,0,0.15,1.33,0.29,68,0
112836915,POS,0,6,-0.55,0.24,1,49,8
112836922,POS,1,0,0.18,1.36,0.35,61,0
112837015,POS,0,6,-0.54,0.23,0.99,52,8
112837021,POS,1,0,0.18,1.39,0.42,55,0
112837114,POS,0,6,-0.52,0.23,1,51,8
112837120,POS,1,0,0.19,1.4,0.46,62,0
112837214,POS,0,6,-0.49,0.24,1,55,8
112837220,POS,1,0,0.2,1.39,0.51,58,0
112837315,POS,0,6,-0.47,0.24,1,55,8
112837319,POS,1,0,0.23,1.41,0.54,56,0
112837418,POS,0,6,-0.45,0.24,1,54,8
112837418,POS,1,0,0.29,1.45,0.55,58,0
112837518,POS,0,6,-0.42,0.23,1,56,8
112837518,POS,1,0,0.27,1.43,0.26,62,0
112837616,POS,0,6,-0.39,0.22,1.01,54,8
112837616,POS,1,0,0.3,1.43,0.35,56,0
112837717,POS,0,6,-0.39,0.22,1.02,52,8
112837717,POS,1,0,0.29,1.39,0.15,71,0
112837816,POS,0,6,-0.36,0.23,1.01,58,8
112837823,POS,1,0,0.28,1.29,0.03,78,0
112837917,POS,0,6,-0.35,0.23,1.01,55,8
112837922,POS,1,0,0.29,1.26,0.15,71,0
112838014,POS,0,6,-0.33,0.25,1,61,8
112838021,POS,1,0,0.29,1.25,0.24,71,0
112838114,POS,0,6,-0.31,0.25,0.99,60,8
112838120,POS,1,0,0.22,1.28,0.04,60,0
112838213,POS,0,6,-0.31,0.25,0.99,57,8
112838220,POS,1,0,0.25,1.17,0.07,86,0
112838312,POS,0,6,-0.32,0.24,1.02,48,8
112838319,POS,1,0,0.27,1.12,0.07,79,0
112838417,POS,0,6,-0.31,0.25,1.02,56,8
112838420,POS,1,0,0.25,1.14,0.11,66,0
112838518,POS,0,6,-0.31,0.24,1.01,57,8
112838520,POS,1,0,0.27,1.1,0.08,73,0
112838617,POS,0,6,-0.3,0.23,1.02,55,8
112838621,POS,1,0,0.3,1.05,0.21,75,0
112838717,POS,0,6,-0.3,0.23,1.02,54,8
112838721,POS,1,0,0.29,1.07,0,70,0
112838815,POS,0,6,-0.32,0.21,1.03,49,8
112838822,POS,1,0,0.31,1.05,0.15,73,0
112838915,POS,0,6,-0.33,0.22,1.04,52,8
112838922,POS,1,0,0.34,1.01,0.25,78,0
112839014,POS,0,6,-0.34,0.21,1.05,50,8
112839023,POS,1,0,0.35,1,0.35,72,0
112839114,POS,0,6,-0.35,0.21,1.05,50,8
112839121,POS,1,0,0.37,0.98,0.41,74,0
112839206,POS,0,6,-0.34,0.21,1.06,52,8
112839220,POS,1,0,0.39,0.97,0.47,72,0
112839312,POS,0,6,-0.32,0.22,1.05,55,8
112839319,POS,1,0,0.36,1.03,0.19,67,0
112839417,POS,0,6,-0.34,0.22,1.06,50,8
112839418,POS,1,0,0.37,1,0.3,73,0
112839518,POS,0,6,-0.33,0.23,1.06,52,8
112839518,POS,1,0,0.36,1.04,0.11,74,0
112839617,POS,0,6,-0.33,0.23,1.08,48,8
112839617,POS,1,0,0.38,0.99,0.21,80,0
112839716,POS,0,6,-0.34,0.22,1.08,50,8
112839716,POS,1,0,0.38,1.02,0.02,71,0
112839808,POS,0,6,-0.34,0.22,1.08,52,8
112839822,POS,1,0,0.41,1.01,0.16,73,0
112839914,POS,0,6,-0.35,0.21,1.08,50,8
112839922,POS,1,0,0.42,0.96,0.26,78,0
112840014,POS,0,6,-0.33,0.22,1.07,54,8
112840022,POS,1,0,0.43,0.95,0.34,74,0
112840114,POS,0,6,-0.33,0.22,1.07,52,8
112840120,POS,1,0,0.42,0.98,0.12,73,0
112840212,POS,0,6,-0.34,0.22,1.08,48,8
112840219,POS,1,0,0.42,0.99,0.05,74,0
112840312,POS,0,6,-0.35,0.21,1.09,47,8
112840312,POS,1,0,0.43,0.99,0.17,74,0
112840411,POS,0,6,-0.36,0.23,1.09,51,8
112840419,POS,1,0,0.43,0.99,0.17,84,0
112840511,POS,0,6,-0.36,0.23,1.09,49,8
112840511,POS,1,0,0.43,1,0.27,72,0
112840617,POS,0,6,-0.35,0.23,1.08,55,8
112840617,POS,1,0,0.45,1,0.33,75,0
112840716,POS,0,6,-0.34,0.25,1.06,55,8
112840716,POS,1,0,0.45,1,0.35,78,0
112840815,POS,0,6,-0.35,0.25,1.07,51,8
112840822,POS,1,0,0.45,1,0.42,69,0
112840914,POS,0,6,-0.35,0.26,1.06,53,8
112840921,POS,1,0,0.45,1,0.39,82,0
112841014,POS,0,6,-0.34,0.26,1.05,56,8
112841021,POS,1,0,0.46,0.99,0.41,76,0
112841117,POS,0,6,-0.35,0.26,1.04,55,8
112841120,POS,1,0,0.45,1.01,0.46,71,0
112841213,POS,0,6,-0.35,0.26,1.03,55,8
112841219,POS,1,0,0.46,1.01,0.51,68,0
112841312,POS,0,6,-0.35,0.27,1.01,61,8
112841319,POS,1,0,0.46,1.01,0.48,78,0
112841411,POS,0,6,-0.35,0.27,1.02,53,8
112841418,POS,1,0,0.47,1.01,0.47,76,0
112841518,POS,0,6,-0.34,0.28,1,61,8
112841518,POS,1,0,0.47,0.98,0.2,73,0
112841617,POS,0,6,-0.33,0.29,1,58,8
112841621,POS,1,0,0.47,0.99,0.29,72,0
112841716,POS,0,6,-0.31,0.29,1,58,8
112841723,POS,1,0,0.47,1,0.28,82,0
112841815,POS,0,6,-0.34,0.27,1.01,51,8
112841822,POS,1,0,0.47,1.01,0.08,72,0
112841914,POS,0,6,-0.35,0.27,1.02,53,8
112841921,POS,1,0,0.47,1,0.12,82,0
112842007,POS,0,6,-0.36,0.25,1.03,50,8
112842021,POS,1,0,0.48,1,0.16,80,0
112842113,POS,0,6,-0.36,0.25,1.03,52,8
112842120,POS,1,0,0.47,0.99,0.16,84,0
112842212,POS,0,6,-0.38,0.24,1.04,50,8
112842220,POS,1,0,0.47,1.01,0.22,77,0
112842312,POS,0,6,-0.37,0.23,1.04,54,8
112842319,POS,1,0,0.46,1.02,0.29,75,0
112842417,POS,0,6,-0.38,0.23,1.04,52,8
112842418,POS,1,0,0.46,1.01,0.36,72,0
112842517,POS,0,6,-0.39,0.21,1.02,54,8
112842517,POS,1,0,0.46,1.02,0.33,80,0
112842617,POS,0,6,-0.39,0.2,1.04,47,8
112842617,POS,1,0,0.47,1.02,0.34,78,0
112842716,POS,0,6,-0.41,0.18,1.04,47,8
112842716,POS,1,0,0.47,1.01,0.34,81,0
112842815,POS,0,6,-0.4,0.2,1.04,53,8
112842821,POS,1,0,0.48,1,0.34,80,0
112842915,POS,0,6,-0.41,0.19,1.05,48,8
112842922,POS,1,0,0.46,1.01,0.41,70,0
112843014,POS,0,6,-0.42,0.18,1.06,47,8
112843021,POS,1,0,0.47,0.98,0.15,71,0
112843113,POS,0,6,-0.43,0.17,1.06,48,8
112843113,POS,1,0,0.47,0.99,0.27,69,0
112843212,POS,0,6,-0.41,0.18,1.05,54,8
112843219,POS,1,0,0.46,1.01,0.34,71,0
112843311,POS,0,6,-0.41,0.17,1.04,51,8
112843319,POS,1,0,0.49,0.97,0.09,72,0
112843418,POS,0,6,-0.41,0.18,1.03,53,8
112843419,POS,1,0,0.49,0.96,0.09,71,0
112843517,POS,0,6,-0.41,0.18,1.03,52,8
112843517,POS,1,0,0.47,0.98,0.08,72,0
112843617,POS,0,6,-0.39,0.19,1.04,52,8
112843617,POS,1,0,0.47,0.97,0.1,71,0
112843709,POS,0,6,-0.38,0.2,1.05,50,8
112843709,POS,1,0,0.47,0.95,0.23,73,0
112843808,POS,0,6,-0.39,0.2,1.05,51,8
112843822,POS,1,0,0.47,0.94,0.32,75,0
112843914,POS,0,6,-0.39,0.21,1.06,50,8
112843921,POS,1,0,0.46,0.96,0.14,78,0
112844014,POS,0,6,-0.38,0.21,1.06,51,8
112844021,POS,1,0,0.46,0.95,0.27,73,0
112844113,POS,0,6,-0.38,0.2,1.05,51,8
112844120,POS,1,0,0.45,0.97,0.05,71,0
112844212,POS,0,6,-0.35,0.23,0.5,62,8
112844219,POS,1,0,0.44,0.98,0.11,73,0
112844312,POS,0,6,-0.35,0.23,0.65,49,8
112844319,POS,1,0,0.45,0.96,0.06,76,0
112844418,POS,0,6,-0.36,0.22,0.74,52,8
112844418,POS,1,0,0.46,0.97,0.08,74,0
112844517,POS,0,6,-0.38,0.21,0.82,51,8
112844517,POS,1,0,0.46,0.97,0.16,78,0
112844617,POS,0,6,-0.38,0.21,0.87,52,8
112844617,POS,1,0,0.46,0.99,0.28,69,0
112844716,POS,0,6,-0.38,0.2,0.91,52,8
112844716,POS,1,0,0.46,0.97,0.06,73,0
112844818,POS,0,6,-0.39,0.19,0.94,52,8
112844822,POS,1,0,0.45,0.96,0.12,72,0
112844914,POS,0,6,-0.39,0.21,0.95,55,8
112844921,POS,1,0,0.44,0.94,0.23,78,0
112845016,POS,0,6,-0.39,0.21,0.97,53,8
112845022,POS,1,0,0.43,0.96,0.02,72,0
112845117,POS,0,6,-0.39,0.21,0.99,52,8
112845120,POS,1,0,0.43,0.98,0.14,70,0
112845213,POS,0,6,-0.39,0.2,1,51,8
112845220,POS,1,0,0.44,0.95,0.06,73,0
112845312,POS,0,6,-0.38,0.19,1.01,52,8
112845320,POS,1,0,0.43,0.97,0.1,73,0
112845418,POS,0,6,-0.37,0.19,1,55,8
112845418,POS,1,0,0.43,0.95,0.08,74,0
112845517,POS,0,6,-0.36,0.19,1.02,52,8
112845518,POS,1,0,0.42,0.93,0.21,77,0
112845616,POS,0,6,-0.37,0.18,1.01,52,8
112845616,POS,1,0,0.43,0.89,0.29,79,0
112845715,POS,0,6,-0.36,0.2,1.02,54,8
112845715,POS,1,0,0.43,0.93,0.08,73,0
112845815,POS,0,6,-0.35,0.21,1.03,53,8
112845822,POS,1,0,0.44,0.91,0.2,77,0
112845914,POS,0,6,-0.35,0.21,1.04,52,8
112845921,POS,1,0,0.44,0.9,0.29,77,0
112846013,POS,0,6,-0.34,0.22,1.06,48,8
112846020,POS,1,0,0.46,0.89,0.37,74,0
112846113,POS,0,6,-0.34,0.22,1.06,51,8
112846120,POS,1,0,0.45,0.92,0.13,73,0
112846213,POS,0,6,-0.34,0.24,1.06,53,8
112846220,POS,1,0,0.44,0.9,0.25,76,0
112846312,POS,0,6,-0.35,0.24,1.07,49,8
112846319,POS,1,0,0.45,0.89,0.34,75,0
112846418,POS,0,6,-0.33,0.25,1.09,49,8
112846418,POS,1,0,0.45,0.92,0.11,72,0
112846517,POS,0,6,-0.35,0.25,1.1,49,8
112846518,POS,1,0,0.45,0.9,0.24,74,0
112846616,POS,0,6,-0.35,0.24,1.1,50,8
112846616,POS,1,0,0.43,0.93,0.06,78,0
112846709,POS,0,6,-0.34,0.24,1.1,50,8
112846722,POS,1,0,0.43,0.92,0.21,73,0
112846815,POS,0,6,-0.36,0.24,1.11,46,8
112846821,POS,1,0,0.44,0.9,0.3,76,0
112846917,POS,0,6,-0.34,0.23,1.11,51,8
112846921,POS,1,0,0.44,0.93,0.08,73,0
112847014,POS,0,6,-0.32,0.23,1.1,52,8
112847021,POS,1,0,0.45,0.93,0.07,76,0
112847113,POS,0,6,-0.33,0.23,1.11,48,8
112847121,POS,1,0,0.44,0.94,0.21,72,0
112847213,POS,0,6,-0.33,0.24,1.11,50,8
112847220,POS,1,0,0.44,0.96,0.29,74,0
112847312,POS,0,6,-0.32,0.24,1.09,54,8
112847319,POS,1,0,0.42,0.92,0.07,79,0
112847418,POS,0,6,-0.31,0.25,1.09,52,8
112847418,POS,1,0,0.43,0.92,0.09,76,0
112847517,POS,0,6,-0.29,0.27,1.08,57,8
112847518,POS,1,0,0.45,0.94,0.06,74,0
112847617,POS,0,6,-0.29,0.29,1.07,56,8
112847617,POS,1,0,0.46,0.95,0.15,79,0
112847716,POS,0,6,-0.29,0.28,1.08,50,8
112847716,POS,1,0,0.46,0.95,0.17,83,0
112847815,POS,0,6,-0.29,0.29,1.07,56,8
112847823,POS,1,0,0.46,0.94,0.01,76,0
112847915,POS,0,6,-0.29,0.28,1.06,56,8
112847922,POS,1,0,0.45,0.92,0.16,76,0
112848014,POS,0,6,-0.27,0.29,1.04,59,8
112848021,POS,1,0,0.46,0.94,0.03,79,0
112848114,POS,0,6,-0.26,0.3,1.04,58,8
112848121,POS,1,0,0.46,0.95,0.07,79,0
112848212,POS,0,6,-0.23,0.31,1.03,59,8
112848220,POS,1,0,0.45,0.93,0.1,76,0
112848312,POS,0,6,-0.23,0.23,0.88,77,8
112848320,POS,1,0,0.46,0.94,0.05,76,0
112848411,POS,0,6,-0.21,0.17,0.74,82,8
112848418,POS,1,0,0.47,0.95,0.15,76,0
112848517,POS,0,6,-0.2,0.13,0.67,77,8
112848517,POS,1,0,0.47,0.93,0.04,74,0
112848609,POS,0,6,-0.18,0.11,0.56,86,8
112848609,POS,1,0,0.48,0.92,0.04,97,0
112848716,POS,0,6,-0.18,0.09,0.55,76,8
112848716,POS,1,0,0.46,0.94,0.12,72,0
112848815,POS,0,6,-0.18,0.08,0.52,80,8
112848821,POS,1,0,0.45,0.95,0.24,72,0
112848914,POS,0,6,-0.18,0.08,0.46,85,8
112848921,POS,1,0,0.46,0.96,0.3,77,0
112849014,POS,0,6,-0.18,0.08,0.46,80,8
112849021,POS,1,0,0.46,0.95,0.08,73,0
112849113,POS,0,6,-0.15,0.08,0.36,89,8
112849120,POS,1,0,0.47,0.94,0.1,72,0
112849212,POS,0,6,-0.15,0.08,0.39,80,8
112849220,POS,1,0,0.47,0.95,0.01,80,0
112849312,POS,0,6,-0.15,0.09,0.41,82,8
112849312,POS,1,0,0.45,0.97,0.16,72,0
112849417,POS,0,6,-0.16,0.11,0.42,83,8
112849418,POS,1,0,0.46,0.95,0.02,74,0
112849517,POS,0,6,-0.15,0.13,0.42,85,8
112849517,POS,1,0,0.45,0.93,0.14,79,0
112849617,POS,0,6,-0.13,0.11,0.41,85,8
112849617,POS,1,0,0.45,0.91,0.25,79,0
112849715,POS,0,6,-0.13,0.11,0.43,80,8
112849715,POS,1,0,0.46,0.92,0.07,78,0
112849815,POS,0,6,-0.18,0.19,0.16,77,8
112849822,POS,1,0,0.46,0.93,0.06,77,0
112849914,POS,0,6,-0.17,0.16,0.24,80,8
112849921,POS,1,0,0.45,0.91,0.11,76,0
112850014,POS,0,6,-0.14,0.17,0.21,93,8
112850021,POS,1,0,0.45,0.92,0,82,0
112850114,POS,0,6,-0.13,0.15,0.21,89,8
112850120,POS,1,0,0.47,0.9,0.14,78,0
112850212,POS,0,6,-0.13,0.15,0.31,77,8
112850219,POS,1,0,0.47,0.93,0.01,78,0
112850312,POS,0,6,-0.13,0.16,0.26,91,8
112850319,POS,1,0,0.46,0.95,0.14,73,0
112850411,POS,0,6,-0.13,0.15,0.31,83,8
112850411,POS,1,0,0.46,0.93,0.05,76,0
112850517,POS,0,6,-0.14,0.16,0.37,79,8
112850517,POS,1,0,0.46,0.94,0.07,77,0
112850617,POS,0,6,-0.14,0.14,0.39,81,8
112850621,POS,1,0,0.46,0.94,0.1,74,0
112850716,POS,0,6,-0.11,0.12,0.45,77,8
112850723,POS,1,0,0.44,0.97,0.07,73,0
112850815,POS,0,6,-0.13,0.13,0.48,78,8
112850821,POS,1,0,0.44,0.96,0.09,76,0
112850914,POS,0,6,-0.12,0.13,0.45,86,8
112850921,POS,1,0,0.43,0.93,0.2,80,0
112851007,POS,0,6,-0.12,0.13,0.4,89,8
112851021,POS,1,0,0.44,0.93,0.28,77,0
112851113,POS,0,6,-0.12,0.14,0.43,82,8
112851120,POS,1,0,0.44,0.93,0.34,76,0
112851212,POS,0,6,-0.12,0.13,0.45,80,8
112851212,POS,1,0,0.45,0.94,0.38,76,0
112851312,POS,0,6,-0.12,0.13,0.46,81,8
112851319,POS,1,0,0.46,0.94,0.36,91,0
112851411,POS,0,6,-0.13,0.15,0.49,78,8
112851411,POS,1,0,0.48,0.96,0.42,70,0
112851517,POS,0,6,-0.13,0.21,0.53,81,8
112851517,POS,1,0,0.49,0.95,0.41,80,0
112851616,POS,0,6,-0.14,0.21,0.51,84,8
112851616,POS,1,0,0.49,1,0.15,65,0
112851716,POS,0,6,-0.15,0.2,0.53,77,8
112851722,POS,1,0,0.45,1.04,0.01,75,0
112851815,POS,0,6,-0.15,0.19,0.53,81,8
112851822,POS,1,0,0.48,0.99,0.16,73,0
112851915,POS,0,6,-0.2,0.16,0.25,71,8
112851921,POS,1,0,0.46,1.02,0.04,68,0
112852014,POS,0,6,-0.18,0.15,0.33,77,8
112852014,POS,1,0,0.47,0.97,0.13,74,0
112852112,POS,0,6,-0.23,0.14,0.06,65,8
112852119,POS,1,0,0.47,0.96,0.23,76,0
112852217,POS,0,6,-0.2,0.12,0.14,83,8
112852220,POS,1,0,0.46,0.94,0.28,83,0
112852312,POS,0,6,-0.2,0.14,0.26,76,8
112852319,POS,1,0,0.46,0.97,0.05,68,0
112852417,POS,0,6,-0.19,0.15,0.32,81,8
112852418,POS,1,0,0.43,0.99,0.1,74,0
112852514,POS,0,6,-0.21,0.17,0.4,76,8
112852514,POS,1,0,0.43,0.96,0.04,81,0
112852616,POS,0,6,-0.18,0.16,0.44,78,8
112852616,POS,1,0,0.44,0.97,0.01,83,0
112852716,POS,0,6,-0.19,0.17,0.45,83,8
112852716,POS,1,0,0.45,0.99,0.06,81,0
112852815,POS,0,6,-0.17,0.16,0.45,83,8
112852822,POS,1,0,0.46,0.99,0.07,82,0
112852907,POS,0,6,-0.14,0.15,0.4,90,8
112852921,POS,1,0,0.47,1,0.19,72,0
112853017,POS,0,6,-0.13,0.15,0.42,82,8
112853021,POS,1,0,0.48,0.98,0.21,83,0
112853112,POS,0,6,-0.12,0.13,0.43,81,8
112853120,POS,1,0,0.49,1,0.31,68,0
112853212,POS,0,6,-0.13,0.14,0.46,80,8
112853212,POS,1,0,0.49,0.99,0.3,82,0
112853311,POS,0,6,-0.13,0.15,0.42,88,8
112853318,POS,1,0,0.49,0.99,0.27,83,0
112853417,POS,0,6,-0.14,0.14,0.47,76,8
112853418,POS,1,0,0.49,0.98,0.34,73,0
112853517,POS,0,6,-0.17,0.14,0.17,70,8
112853517,POS,1,0,0.48,0.98,0.42,71,0
112853616,POS,0,6,-0.17,0.16,0.28,79,8
112853616,POS,1,0,0.48,0.99,0.46,71,0
112853715,POS,0,6,-0.17,0.16,0.31,85,8
112853715,POS,1,0,0.48,0.98,0.51,69,0
112853815,POS,0,6,-0.15,0.16,0.33,86,8
112853822,POS,1,0,0.48,0.99,0.54,70,0
112853915,POS,0,6,-0.15,0.16,0.38,81,8
112853921,POS,1,0,0.49,0.99,0.56,69,0
112854016,POS,0,6,-0.13,0.15,0.4,82,8
112854020,POS,1,0,0.49,0.99,0.58,69,0
112854117,POS,0,6,-0.12,0.13,0.4,84,8
112854121,POS,1,0,0.48,0.99,0.58,72,0
112854205,POS,0,6,-0.11,0.13,0.43,81,8
112854220,POS,1,0,0.48,0.99,0.51,82,0
112854304,POS,0,6,-0.15,0.15,0.16,74,8
112854319,POS,1,0,0.48,0.99,0.42,84,0
112854417,POS,0,6,-0.17,0.15,0.27,76,8
112854417,POS,1,0,0.47,0.98,0.47,72,0
112854517,POS,0,6,-0.15,0.13,0.3,84,8
112854522,POS,1,0,0.48,0.98,0.4,82,0
112854616,POS,0,6,-0.13,0.12,0.31,85,8
112854616,POS,1,0,0.48,0.98,0.33,84,0
112854715,POS,0,6,-0.14,0.12,0.38,78,8
112854715,POS,1,0,0.48,0.97,0.41,71,0
112854815,POS,0,6,-0.14,0.12,0.41,80,8
112854822,POS,1,0,0.48,0.97,0.44,75,0
112854914,POS,0,6,-0.14,0.14,0.41,85,8
112854921,POS,1,0,0.48,0.98,0.49,70,0
112855014,POS,0,6,-0.14,0.13,0.44,79,8
112855021,POS,1,0,0.48,0.98,0.53,70,0
112855111,POS,0,6,-0.15,0.15,0.46,81,8
112855120,POS,1,0,0.48,0.99,0.53,71,0
112855217,POS,0,6,-0.15,0.16,0.48,80,8
112855219,POS,1,0,0.48,0.99,0.53,74,0
112855316,POS,0,6,-0.15,0.15,0.48,81,8
112855321,POS,1,0,0.48,0.99,0.44,82,0
112855417,POS,0,6,-0.16,0.15,0.51,77,8
112855418,POS,1,0,0.48,0.98,0.36,86,0
112855517,POS,0,6,-0.15,0.15,0.48,85,8
112855521,POS,1,0,0.47,0.97,0.43,72,0
112855618,POS,0,6,-0.19,0.14,0.19,69,8
112855618,POS,1,0,0.47,0.97,0.39,82,0
112855716,POS,0,6,-0.18,0.14,0.27,81,8
112855720,POS,1,0,0.47,0.98,0.44,73,0
112855815,POS,0,6,-0.18,0.14,0.35,75,8
112855822,POS,1,0,0.47,0.98,0.49,69,0
112855914,POS,0,6,-0.16,0.14,0.38,83,8
112855922,POS,1,0,0.48,0.98,0.53,69,0
112856013,POS,0,6,-0.15,0.12,0.38,85,8
112856021,POS,1,0,0.48,0.99,0.47,81,0
112856113,POS,0,6,-0.2,0.13,0.11,69,8
112856120,POS,1,0,0.48,0.99,0.4,82,0
112856217,POS,0,6,-0.18,0.13,0.18,85,8
112856220,POS,1,0,0.47,0.99,0.45,72,0
112856313,POS,0,6,-0.16,0.12,0.25,81,8
112856318,POS,1,0,0.48,1,0.35,82,0
112856417,POS,0,6,-0.15,0.14,0.34,80,8
112856418,POS,1,0,0.49,1,0.34,80,0
112856517,POS,0,6,-0.15,0.12,0.39,77,8
112856517,POS,1,0,0.48,0.99,0.41,72,0
112856617,POS,0,6,-0.14,0.14,0.42,82,8
112856622,POS,1,0,0.48,0.96,0.36,87,0
112856715,POS,0,6,-0.15,0.15,0.45,80,8
112856722,POS,1,0,0.49,0.97,0.43,69,0
112856815,POS,0,6,-0.13,0.14,0.4,89,8
112856821,POS,1,0,0.47,0.96,0.46,76,0
112856915,POS,0,6,-0.14,0.14,0.43,80,8
112856922,POS,1,0,0.48,0.96,0.35,85,0
112857016,POS,0,6,-0.14,0.14,0.47,78,8
112857021,POS,1,0,0.48,0.96,0.4,74,0
112857116,POS,0,6,-0.15,0.15,0.5,77,8
112857121,POS,1,0,0.48,0.97,0.43,75,0
112857217,POS,0,6,-0.14,0.14,0.5,81,8
112857219,POS,1,0,0.48,0.96,0.35,85,0
112857316,POS,0,6,-0.13,0.12,0.53,76,8
112857321,POS,1,0,0.48,0.97,0.42,70,0
112857417,POS,0,6,-0.14,0.14,0.53,79,8
112857421,POS,1,0,0.48,0.98,0.46,72,0
112857517,POS,0,6,-0.14,0.14,0.53,80,8
112857520,POS,1,0,0.48,0.98,0.5,70,0
112857618,POS,0,6,-0.21,0.25,0.27,78,8
112857622,POS,1,0,0.48,0.98,0.46,80,0
112857716,POS,0,6,-0.25,0.18,0.42,55,8
112857720,POS,1,0,0.48,0.99,0.5,70,0
112857817,POS,0,6,-0.2,0.17,0.41,87,8
112857822,POS,1,0,0.49,0.99,0.44,81,0
112857915,POS,0,6,-0.17,0.14,0.44,78,8
112857922,POS,1,0,0.49,1,0.48,69,0
112858014,POS,0,6,-0.15,0.13,0.4,88,8
112858021,POS,1,0,0.49,0.99,0.51,73,0
112858117,POS,0,6,-0.14,0.13,0.46,77,8
112858121,POS,1,0,0.48,0.99,0.49,78,0
112858218,POS,0,6,-0.15,0.15,0.47,82,8
112858221,POS,1,0,0.48,0.99,0.43,81,0
112858317,POS,0,6,-0.14,0.14,0.5,77,8
112858321,POS,1,0,0.48,1,0.47,71,0
112858418,POS,0,6,-0.14,0.14,0.5,80,8
112858418,POS,1,0,0.48,0.99,0.51,71,0
112858517,POS,0,6,-0.14,0.15,0.49,84,8
112858517,POS,1,0,0.49,0.98,0.47,80,0
112858616,POS,0,6,-0.19,0.21,0.22,79,8
112858622,POS,1,0,0.49,0.97,0.4,84,0
112858716,POS,0,6,-0.16,0.18,0.27,84,8
112858716,POS,1,0,0.49,0.98,0.39,79,0
112858817,POS,0,6,-0.16,0.18,0.34,80,8
112858822,POS,1,0,0.49,0.99,0.45,70,0
112858914,POS,0,6,-0.15,0.17,0.4,80,8
112858921,POS,1,0,0.48,0.98,0.35,86,0
112859013,POS,0,6,-0.12,0.14,0.4,84,8
112859021,POS,1,0,0.49,0.98,0.28,83,0
112859113,POS,0,6,-0.13,0.14,0.46,74,8
112859121,POS,1,0,0.49,0.99,0.27,81,0
112859218,POS,0,6,-0.13,0.16,0.44,87,8
112859219,POS,1,0,0.49,0.99,0.28,79,0
112859317,POS,0,6,-0.13,0.15,0.47,79,8
112859318,POS,1,0,0.49,0.99,0.36,71,0
112859417,POS,0,6,-0.11,0.13,0.42,88,8
112859417,POS,1,0,0.49,1,0.41,71,0
112859517,POS,0,6,-0.12,0.16,0.44,83,8
112859521,POS,1,0,0.49,1,0.44,73,0
112859616,POS,0,6,-0.12,0.14,0.47,78,8
112859621,POS,1,0,0.49,0.99,0.49,71,0
112859716,POS,0,6,-0.12,0.14,0.49,80,8
112859716,POS,1,0,0.48,0.99,0.4,84,0
112859815,POS,0,6,-0.12,0.13,0.5,79,8
112859822,POS,1,0,0.48,1,0.46,68,0
112859917,POS,0,6,-0.12,0.13,0.51,80,8
112859922,POS,1,0,0.49,1.01,0.51,68,0
112900013,POS,0,6,-0.12,0.14,0.49,84,8
112900020,POS,1,0,0.49,1,0.48,78,0
112900113,POS,0,6,-0.12,0.14,0.48,83,8
112900120,POS,1,0,0.49,0.99,0.42,82,0
112900212,POS,0,6,-0.17,0.19,0.22,79,8
112900219,POS,1,0,0.5,1,0.48,68,0
112900317,POS,0,6,-0.15,0.18,0.26,85,8
112900319,POS,1,0,0.49,1.01,0.42,81,0
112900417,POS,0,6,-0.16,0.18,0.34,80,8
112900421,POS,1,0,0.5,1.01,0.47,70,0
112900509,POS,0,6,-0.15,0.18,0.36,85,8
112900509,POS,1,0,0.49,1.02,0.5,69,0
112900616,POS,0,6,-0.13,0.16,0.4,81,8
112900616,POS,1,0,0.5,1,0.54,70,0
112900716,POS,0,6,-0.13,0.15,0.44,78,8
112900722,POS,1,0,0.48,0.99,0.42,87,0
112900814,POS,0,6,-0.13,0.14,0.48,76,8
112900822,POS,1,0,0.49,0.98,0.39,81,0
112900914,POS,0,6,-0.13,0.15,0.47,85,8
112900921,POS,1,0,0.49,0.98,0.45,71,0
112901017,POS,0,6,-0.14,0.16,0.44,88,8
112901020,POS,1,0,0.5,0.97,0.49,70,0
112901112,POS,0,6,-0.14,0.17,0.46,81,8
112901120,POS,1,0,0.5,0.98,0.53,68,0
112901216,POS,0,6,-0.14,0.15,0.48,79,8
112901222,POS,1,0,0.49,0.97,0.42,87,0
112901317,POS,0,6,-0.14,0.15,0.48,82,8
112901322,POS,1,0,0.49,0.98,0.48,68,0
112901417,POS,0,6,-0.14,0.14,0.51,76,8
112901423,POS,1,0,0.5,0.97,0.49,74,0
112901517,POS,0,6,-0.15,0.13,0.52,79,8
112901523,POS,1,0,0.49,0.98,0.53,70,0
112901616,POS,0,6,-0.14,0.13,0.51,81,8
112901621,POS,1,0,0.49,0.97,0.55,71,0
112901716,POS,0,6,-0.13,0.14,0.47,88,8
112901723,POS,1,0,0.49,0.98,0.44,83,0
112901815,POS,0,6,-0.15,0.15,0.49,79,8
112901822,POS,1,0,0.48,0.99,0.47,72,0
112901914,POS,0,6,-0.13,0.12,0.5,78,8
112901921,POS,1,0,0.49,0.99,0.4,82,0
112902013,POS,0,6,-0.14,0.12,0.52,76,8
112902021,POS,1,0,0.48,0.99,0.35,84,0
112902118,POS,0,6,-0.13,0.13,0.53,79,8
112902120,POS,1,0,0.48,0.97,0.29,86,0
112902217,POS,0,6,-0.14,0.14,0.53,81,8
112902219,POS,1,0,0.48,0.97,0.28,82,0
112902317,POS,0,6,-0.15,0.13,0.55,74,8
112902318,POS,1,0,0.49,0.96,0.25,86,0
112902417,POS,0,6,-0.13,0.13,0.5,87,8
112902417,POS,1,0,0.48,0.96,0.33,72,0
112902517,POS,0,6,-0.12,0.13,0.49,84,8
112902523,POS,1,0,0.49,0.97,0.41,70,0
112902616,POS,0,6,-0.13,0.13,0.49,80,8
112902623,POS,1,0,0.49,0.97,0.47,70,0
112902715,POS,0,6,-0.13,0.13,0.49,81,8
112902722,POS,1,0,0.48,0.97,0.51,70,0
112902814,POS,0,6,-0.11,0.12,0.47,85,8
112902821,POS,1,0,0.49,0.99,0.53,70,0
112902913,POS,0,6,-0.12,0.12,0.5,76,8
112902913,POS,1,0,0.49,0.99,0.55,71,0
112903013,POS,0,6,-0.13,0.12,0.53,77,8
112903020,POS,1,0,0.48,0.99,0.56,72,0
112903112,POS,0,6,-0.11,0.13,0.48,87,8
112903120,POS,1,0,0.49,0.98,0.51,78,0
112903212,POS,0,6,-0.13,0.15,0.5,80,8
112903219,POS,1,0,0.49,0.99,0.54,70,0
112903318,POS,0,6,-0.14,0.17,0.52,80,8
112903318,POS,1,0,0.48,0.99,0.55,73,0
112903417,POS,0,6,-0.14,0.17,0.52,82,8
112903417,POS,1,0,0.48,0.99,0.56,71,0
112903517,POS,0,6,-0.14,0.16,0.46,88,8
112903523,POS,1,0,0.48,0.98,0.57,73,0
112903609,POS,0,6,-0.14,0.17,0.45,85,8
112903622,POS,1,0,0.48,0.98,0.52,80,0
112903672,qPOS,0,6,-0.11,0.15,0.39,90,8
112903722,POS,1,0,0.49,0.98,0.54,71,0
112903814,POS,0,6,-0.16,0.21,0.15,81,8
112903821,POS,1,0,0.48,0.97,0.55,73,0
112903914,POS,0,6,-0.14,0.19,0.19,88,8
112903920,POS,1,0,0.48,0.97,0.48,82,0
112904013,POS,0,6,-0.13,0.16,0.25,82,8
112904020,POS,1,0,0.49,0.98,0.39,82,0
112904112,POS,0,6,-0.12,0.16,0.29,86,8
112904120,POS,1,0,0.48,0.97,0.34,84,0
112904212,POS,0,6,-0.14,0.14,0.34,80,8
112904219,POS,1,0,0.49,0.98,0.41,69,0
112904219,uiPOS,0,6,-0.14,0.15,0.37,83,8
112904317,POS,1,0,0.48,0.98,0.46,73,0
112904417,POS,0,6,-0.14,0.15,0.43,78,8
112904417,POS,1,0,0.48,0.98,0.5,71,0
112904516,POS,0,6,-0.13,0.13,0.45,78,8
112904523,POS,1,0,0.48,0.99,0.52,70,0
112904523,tPOS,0,6,-0.18,0.19,0.18,77,8
112904623,POS,1,0,0.48,0.99,0.54,72,0
NaN,<undefined>,NaN,NaN,NaN,NaN,NaN,NaN,NaN
