
112725924,POS,1,0FAC,-0.10,0.97,-0.08,73,x0D
112726016,POS,0,C6AC,-0.03,0.11,0.52,80,x08
112726016,POS,1,0FAC,-0.11,0.99,-0.15,74,x0D
112726116,POS,0,0FAC,-0.11,1.00,-0.22,87,x0D
112726216,POS,0,C6AC,-0.04,0.13,0.50,82,x08
112726223,POS,1,0FAC,-0.13,0.99,-0.25,75,x0D
112726315,POS,0,C6AC,-0.02,0.13,0.47,88,x08
112726322,POS,1,0FAC,-0.13,0.99,-0.31,73,x0D
112726414,POS,0,C6AC,-0.01,0.12,0.48,81,x08
112726422,POS,1,0FAC,-0.12,0.99,-0.39,79,x0D
112726513,POS,0,C6AC,-0.02,0.14,0.46,88,x08
112726520,POS,1,0FAC,-0.12,0.97,-0.14,71,x0D
112726620,POS,0,C6AC,-0.03,0.15,0.46,84,x08
112726620,POS,1,0FAC,-0.11,0.96,0.01,77,x0D
112726718,POS,0,C6AC,-0.03,0.14,0.49,79,x08
112726718,POS,1,0FAC,-0.11,0.95,0.17,70,x0D
112726818,POS,0,C6AC,-0.03,0.17,0.45,91,x08
112726818,POS,1,0FAC,-0.12,0.94,0.22,78,x0D
112726917,POS,0,C6AC,-0.04,0.20,0.40,94,x08
112726917,POS,1,0FAC,-0.13,0.94,0.02,71,x0D
112727017,POS,0,C6AC,-0.03,0.19,0.43,82,x08
112727017,POS,1,0FAC,-0.12,0.95,0.01,97,x0D
112727119,POS,0,C6AC,-0.02,0.17,0.47,79,x08
112727121,POS,1,0FAC,-0.12,0.96,-0.07,77,x0D
112727216,POS,0,C6AC,-0.02,0.19,0.44,91,x08
112727223,POS,1,0FAC,-0.13,0.97,-0.17,73,x0D
112727314,POS,0,C6AC,-0.02,0.18,0.48,80,x08
112727314,POS,1,0FAC,-0.11,1.00,-0.26,82,x0D
112727414,POS,0,C6AC,-0.02,0.19,0.47,87,x08
112727421,POS,1,0FAC,-0.13,1.00,-0.35,67,x0D
112727513,POS,0,C6AC,-0.01,0.16,0.39,92,x08
112727520,POS,1,0FAC,-0.13,1.00,-0.33,78,x0D
112727612,POS,0,C6AC,-0.02,0.16,0.45,76,x08
112727620,POS,1,0FAC,-0.10,1.02,-0.41,76,x0D
112727718,POS,0,C6AC,-0.02,0.18,0.43,90,x08
112727718,POS,1,0FAC,-0.12,1.01,-0.46,67,x0D
112727818,POS,0,C6AC,-0.02,0.18,0.44,85,x08
112727818,POS,1,0FAC,-0.13,0.98,-0.21,74,x0D
112727918,POS,0,C6AC,-0.02,0.19,0.44,87,x08
112727918,POS,1,0FAC,-0.12,1.00,-0.26,87,x0D
112728017,POS,0,C6AC,-0.03,0.17,0.47,81,x08
112728023,POS,1,0FAC,-0.11,0.97,-0.07,78,x0D
112728116,POS,0,C6AC,-0.02,0.15,0.48,81,x08
112728116,POS,1,0FAC,-0.11,0.95,0.10,73,x0D
112728215,POS,0,C6AC,-0.03,0.15,0.49,82,x08
112728222,POS,1,0FAC,-0.10,0.94,0.22,73,x0D
112728316,POS,0,C6AC,-0.03,0.16,0.49,84,x08
112728322,POS,1,0FAC,-0.12,0.95,0.06,74,x0D
112728419,POS,0,C6AC,-0.03,0.15,0.50,81,x08
112728423,POS,1,0FAC,-0.12,0.92,0.18,75,x0D
112728519,POS,0,C6AC,-0.03,0.17,0.49,87,x08
112728527,POS,1,0FAC,-0.13,0.95,0.08,77,x0D
112728619,POS,0,C6AC,-0.03,0.17,0.49,85,x08
112728625,POS,1,0FAC,-0.14,0.95,-0.09,70,x0D
112728719,POS,0,C6AC,-0.03,0.17,0.50,82,x08
112728724,POS,1,0FAC,-0.15,0.97,-0.23,64,x0D
112728819,POS,0,C6AC,-0.03,0.16,0.50,83,x08
112728825,POS,1,0FAC,-0.13,0.97,-0.21,82,x0D
112728918,POS,0,C6AC,-0.02,0.14,0.52,79,x08
112728923,POS,1,0FAC,-0.13,0.94,-0.04,78,x0D
112729017,POS,0,C6AC,-0.03,0.16,0.50,87,x08
112729024,POS,1,0FAC,-0.14,0.96,-0.12,76,x0D
112729115,POS,0,C6AC,-0.03,0.15,0.51,81,x08
112729123,POS,1,0FAC,-0.13,0.95,-0.00,79,x0D
112729216,POS,0,C6AC,-0.01,0.14,0.51,83,x08
112729223,POS,1,0FAC,-0.15,0.95,-0.16,69,x0D
112729315,POS,0,C6AC,-0.01,0.15,0.48,87,x08
112729322,POS,1,0FAC,-0.14,0.95,-0.28,69,x0D
112729414,POS,0,C6AC,-0.02,0.16,0.50,82,x08
112729421,POS,1,0FAC,-0.12,0.94,-0.08,77,x0D
112729519,POS,0,C6AC,-0.02,0.16,0.50,84,x08
112729520,POS,1,0FAC,-0.12,0.94,-0.03,83,x0D
112729619,POS,0,C6AC,-0.03,0.17,0.50,85,x08
112729623,POS,1,0FAC,-0.13,0.96,-0.16,68,x0D
112729718,POS,0,C6AC,-0.03,0.17,0.49,85,x08
112729724,POS,1,0FAC,-0.12,0.95,-0.04,80,x0D
112729819,POS,0,C6AC,nan,nan,nan,0,x08
112729824,POS,1,0FAC,-0.13,0.93,0.10,75,x0D
112729918,POS,0,C6AC,-0.03,0.16,0.51,79,x08
112729925,POS,1,0FAC,-0.14,0.94,-0.07,70,x0D
112730017,POS,0,C6AC,-0.03,0.16,0.50,86,x08
112730024,POS,1,0FAC,-0.14,0.95,-0.20,69,x0D
112730116,POS,0,C6AC,-0.02,0.16,0.49,85,x08
112730124,POS,1,0FAC,-0.15,0.93,-0.01,73,x0D
112730215,POS,0,C6AC,-0.01,0.16,0.48,86,x08
112730223,POS,1,0FAC,-0.14,0.96,-0.10,75,x0D
112730318,POS,0,C6AC,nan,nan,nan,0,x08
112730325,POS,1,0FAC,-0.14,0.93,0.06,74,x0D
112730419,POS,0,C6AC,-0.02,0.19,0.43,92,x08
112730424,POS,1,0FAC,-0.13,0.93,0.19,74,x0D
112730519,POS,0,C6AC,-0.02,0.20,0.42,89,x08
112730523,POS,1,0FAC,-0.13,0.96,0.06,75,x0D
112730619,POS,0,C6AC,-0.03,0.20,0.45,82,x08
112730623,POS,1,0FAC,-0.14,0.96,-0.06,75,x0D
112730718,POS,0,C6AC,-0.02,0.18,0.48,81,x08
112730724,POS,1,0FAC,-0.14,0.97,-0.17,71,x0D
112730817,POS,0,C6AC,-0.03,0.19,0.49,84,x08
112730825,POS,1,0FAC,-0.14,0.95,0.01,74,x0D
112730918,POS,0,C6AC,-0.02,0.18,0.48,85,x08
112730924,POS,1,0FAC,-0.14,0.98,-0.08,73,x0D
112731017,POS,0,C6AC,-0.01,0.16,0.52,76,x08
112731024,POS,1,0FAC,-0.14,0.95,0.10,72,x0D
112731116,POS,0,C6AC,-0.01,0.15,0.51,84,x08
112731123,POS,1,0FAC,-0.13,0.94,0.20,76,x0D
112731214,POS,0,C6AC,-0.02,0.17,0.49,87,x08
112731222,POS,1,0FAC,-0.15,0.96,0.00,67,x0D
112731315,POS,0,C6AC,-0.03,0.17,0.50,82,x08
112731322,POS,1,0FAC,-0.15,0.96,-0.14,70,x0D
112731414,POS,0,C6AC,-0.02,0.18,0.48,88,x08
112731421,POS,1,0FAC,-0.16,0.93,0.03,74,x0D
112731519,POS,0,C6AC,-0.02,0.17,0.50,79,x08
112731521,POS,1,0FAC,-0.15,0.92,0.14,77,x0D
112731612,POS,0,C6AC,-0.03,0.16,0.52,79,x08
112731619,POS,1,0FAC,-0.15,0.92,0.24,74,x0D
112731719,POS,0,C6AC,-0.03,0.16,0.54,80,x08
112731723,POS,1,0FAC,-0.14,0.93,0.06,74,x0D
112731818,POS,0,C6AC,-0.03,0.16,0.53,83,x08
112731823,POS,1,0FAC,-0.13,0.93,0.08,83,x0D
112731917,POS,0,C6AC,-0.03,0.16,0.51,85,x08
112731924,POS,1,0FAC,-0.13,0.93,0.20,73,x0D
112732017,POS,0,C6AC,-0.03,0.17,0.52,83,x08
112732023,POS,1,0FAC,-0.13,0.91,0.27,77,x0D
112732116,POS,0,C6AC,-0.03,0.17,0.50,86,x08
112732123,POS,1,0FAC,-0.13,0.91,0.36,71,x0D
112732215,POS,0,C6AC,-0.03,0.17,0.50,88,x08
112732215,POS,1,0FAC,-0.14,0.95,0.21,75,x0D
112732314,POS,0,C6AC,-0.03,0.18,0.47,88,x08
112732321,POS,1,0FAC,-0.11,0.94,0.30,75,x0D
112732419,POS,0,C6AC,-0.04,0.18,0.47,85,x08
112732421,POS,1,0FAC,-0.12,0.96,0.16,77,x0D
112732513,POS,0,C6AC,-0.03,0.18,0.46,86,x08
112732520,POS,1,0FAC,-0.13,0.97,0.03,75,x0D
112732619,POS,0,C6AC,-0.03,0.19,0.46,88,x08
112732619,POS,1,0FAC,-0.13,0.98,-0.09,73,x0D
112732719,POS,0,C6AC,-0.02,0.16,0.48,79,x08
112732725,POS,1,0FAC,-0.11,0.98,-0.12,93,x0D
112732818,POS,0,C6AC,-0.02,0.15,0.49,82,x08
112732818,POS,1,0FAC,-0.09,0.96,-0.00,82,x0D
112732918,POS,0,C6AC,-0.02,0.16,0.45,90,x08
112732924,POS,1,0FAC,-0.10,0.97,-0.10,75,x0D
112733017,POS,0,C6AC,-0.01,-0.44,0.42,91,x08
112733024,POS,1,0FAC,-0.11,0.95,0.06,75,x0D
112733119,POS,0,C6AC,-0.01,-0.29,0.46,80,x08
112733123,POS,1,0FAC,-0.10,0.94,0.19,73,x0D
112733215,POS,0,C6AC,-0.02,-0.17,0.46,86,x08
112733222,POS,1,0FAC,-0.11,0.96,0.06,75,x0D
112733315,POS,0,C6AC,-0.02,-0.08,0.43,89,x08
112733322,POS,1,0FAC,-0.13,0.97,-0.11,68,x0D
112733414,POS,0,C6AC,-0.03,0.00,0.44,86,x08
112733421,POS,1,0FAC,-0.13,0.99,-0.21,69,x0D
112733513,POS,0,C6AC,-0.03,0.05,0.45,85,x08
112733521,POS,1,0FAC,-0.14,0.99,-0.28,71,x0D
112733619,POS,0,C6AC,-0.03,0.08,0.46,84,x08
112733619,POS,1,0FAC,-0.15,0.98,-0.34,72,x0D
112733712,POS,0,C6AC,-0.03,0.11,0.45,87,x08
112733712,POS,1,0FAC,-0.15,0.99,-0.40,69,x0D
112733818,POS,0,C6AC,-0.01,0.11,0.47,83,x08
112733818,POS,1,0FAC,-0.14,1.01,-0.36,77,x0D
112733918,POS,0,C6AC,-0.02,0.10,0.51,76,x08
112733922,POS,1,0FAC,-0.13,1.01,-0.36,90,x0D
112734019,POS,0,C6AC,-0.03,0.14,0.50,86,x08
112734023,POS,1,0FAC,-0.14,0.98,-0.14,74,x0D
112734109,POS,0,C6AC,-0.03,0.12,0.52,78,x08
112734123,POS,1,0FAC,-0.14,0.95,0.03,76,x0D
112734215,POS,0,C6AC,-0.03,0.12,0.53,79,x08
112734223,POS,1,0FAC,-0.14,0.98,-0.07,74,x0D
112734318,POS,0,C6AC,-0.03,0.11,0.45,90,x08
112734323,POS,1,0FAC,-0.12,0.95,0.08,78,x0D
112734419,POS,0,C6AC,-0.03,0.12,0.49,78,x08
112734423,POS,1,0FAC,-0.12,0.94,0.21,71,x0D
112734519,POS,0,C6AC,-0.02,0.14,0.50,85,x08
112734520,POS,1,0FAC,-0.12,0.94,0.31,71,x0D
112734619,POS,0,C6AC,-0.04,0.17,0.50,85,x08
112734620,POS,1,0FAC,-0.12,0.97,0.13,73,x0D
112734719,POS,0,C6AC,-0.04,0.14,0.53,75,x08
112734719,POS,1,0FAC,-0.11,0.96,0.22,75,x0D
112734818,POS,0,C6AC,-0.02,0.12,0.53,82,x08
112734818,POS,1,0FAC,-0.11,0.94,0.28,78,x0D
112734917,POS,0,C6AC,-0.02,0.12,0.49,87,x08
112734923,POS,1,0FAC,-0.11,0.94,0.34,74,x0D
112735018,POS,0,C6AC,-0.02,0.13,0.50,82,x08
112735022,POS,1,0FAC,-0.12,0.93,0.39,74,x0D
112735116,POS,0,C6AC,-0.02,0.14,0.50,84,x08
112735123,POS,1,0FAC,-0.12,0.92,0.34,84,x0D
112735217,POS,0,C6AC,-0.02,0.15,0.51,82,x08
112735222,POS,1,0FAC,-0.12,0.94,0.09,65,x0D
112735314,POS,0,C6AC,-0.02,0.14,0.51,83,x08
112735322,POS,1,0FAC,-0.14,0.93,0.22,71,x0D
112735419,POS,0,C6AC,-0.02,0.15,0.48,87,x08
112735421,POS,1,0FAC,-0.14,0.95,0.06,73,x0D
112735519,POS,0,C6AC,-0.02,0.16,0.48,86,x08
112735520,POS,1,0FAC,-0.12,0.94,0.18,76,x0D
112735617,POS,0,C6AC,-0.01,0.14,0.49,81,x08
112735619,POS,1,0FAC,-0.13,0.93,0.28,72,x0D
112735718,POS,0,C6AC,-0.02,0.18,0.48,87,x08
112735718,POS,1,0FAC,-0.10,0.93,0.31,81,x0D
112735818,POS,0,C6AC,-0.02,0.18,0.50,83,x08
112735818,POS,1,0FAC,-0.12,0.96,0.12,72,x0D
112735918,POS,0,C6AC,-0.03,0.21,0.48,88,x08
112735922,POS,1,0FAC,-0.12,0.98,-0.02,71,x0D
112736018,POS,0,C6AC,-0.03,0.21,0.48,85,x08
112736024,POS,1,0FAC,-0.12,0.97,0.05,81,x0D
112736116,POS,0,C6AC,-0.03,0.21,0.47,88,x08
112736124,POS,1,0FAC,-0.12,0.98,-0.02,78,x0D
112736208,POS,0,C6AC,-0.03,0.20,0.48,83,x08
112736222,POS,1,0FAC,-0.12,0.95,0.13,73,x0D
112736315,POS,0,C6AC,-0.03,0.19,0.50,81,x08
112736315,POS,1,0FAC,-0.12,0.94,0.25,72,x0D
112736414,POS,0,C6AC,-0.03,0.21,0.44,93,x08
112736422,POS,1,0FAC,-0.12,0.95,0.06,73,x0D
112736519,POS,0,C6AC,-0.04,0.22,0.42,90,x08
112736522,POS,1,0FAC,-0.13,0.97,-0.03,75,x0D
112736613,POS,0,C6AC,-0.03,0.20,0.45,83,x08
112736622,POS,1,0FAC,-0.14,0.95,0.13,70,x0D
112736718,POS,0,C6AC,-0.03,0.20,0.45,86,x08
112736725,POS,1,0FAC,-0.13,0.94,0.25,72,x0D
112736811,POS,0,C6AC,-0.03,0.17,0.49,77,x08
112736811,POS,1,0FAC,-0.12,0.93,0.33,76,x0D
112736917,POS,0,C6AC,-0.03,0.17,0.45,89,x08
112736923,POS,1,0FAC,-0.13,0.95,0.12,71,x0D
112737016,POS,0,C6AC,-0.03,0.17,0.47,88,x08
112737022,POS,1,0FAC,-0.13,0.95,-0.01,77,x0D
112737116,POS,0,C6AC,-0.03,0.17,0.48,83,x08
112737123,POS,1,0FAC,-0.16,0.94,0.16,79,x0D
112737215,POS,0,C6AC,-0.03,0.16,0.36,93,x08
112737224,POS,1,0FAC,-0.16,0.93,0.28,69,x0D
112737314,POS,0,C6AC,-0.02,0.16,0.37,87,x08
112737321,POS,1,0FAC,-0.14,0.98,0.15,74,x0D
112737419,POS,0,C6AC,0.06,0.02,0.14,68,x08
112737422,POS,1,0FAC,-0.14,0.96,0.04,95,x0D
112737518,POS,0,C6AC,0.03,0.08,0.21,89,x08
112737520,POS,1,0FAC,-0.14,0.97,-0.06,75,x0D
112737612,POS,0,C6AC,0.02,0.10,0.29,82,x08
112737612,POS,1,0FAC,-0.13,0.94,0.07,78,x0D
112737718,POS,0,C6AC,0.01,0.09,0.37,76,x08
112737718,POS,1,0FAC,-0.12,0.97,-0.09,69,x0D
112737818,POS,0,C6AC,-0.00,0.13,0.39,88,x08
112737821,POS,1,0FAC,-0.13,0.97,-0.17,76,x0D
112737917,POS,0,C6AC,-0.01,0.15,0.40,87,x08
112737917,POS,1,0FAC,-0.13,0.97,-0.27,72,x0D
112738018,POS,0,C6AC,-0.02,0.14,0.44,80,x08
112738024,POS,1,0FAC,-0.11,0.95,-0.07,77,x0D
112738115,POS,0,C6AC,-0.02,0.16,0.39,92,x08
112738123,POS,1,0FAC,-0.13,0.95,-0.15,77,x0D
112738219,POS,0,C6AC,-0.02,0.17,0.42,84,x08
112738223,POS,1,0FAC,-0.13,0.93,0.01,77,x0D
112738319,POS,0,C6AC,-0.02,0.17,0.42,86,x08
112738324,POS,1,0FAC,-0.13,0.92,0.16,72,x0D
112738418,POS,0,C6AC,-0.03,0.18,0.37,92,x08
112738422,POS,1,0FAC,-0.13,0.91,0.18,83,x0D
112738514,POS,0,C6AC,-0.03,0.16,0.41,81,x08
112738522,POS,1,0FAC,-0.14,0.95,0.03,72,x0D
112738619,POS,0,C6AC,-0.04,0.17,0.44,84,x08
112738623,POS,1,0FAC,-0.15,0.93,0.17,72,x0D
112738718,POS,0,C6AC,-0.02,0.16,0.45,84,x08
112738719,POS,1,0FAC,-0.15,0.95,0.01,72,x0D
112738818,POS,0,C6AC,-0.03,0.18,0.44,88,x08
112738823,POS,1,0FAC,-0.14,0.93,0.12,78,x0D
112738919,POS,0,C6AC,-0.03,0.15,0.49,75,x08
112738925,POS,1,0FAC,-0.14,0.95,-0.05,69,x0D
112739017,POS,0,C6AC,-0.03,0.15,0.47,86,x08
112739023,POS,1,0FAC,-0.14,0.96,-0.16,74,x0D
112739119,POS,0,C6AC,-0.03,0.14,0.38,92,x08
112739123,POS,1,0FAC,-0.11,0.95,-0.00,78,x0D
112739216,POS,0,C6AC,-0.03,0.16,0.39,88,x08
112739224,POS,1,0FAC,-0.12,0.93,0.13,74,x0D
112739315,POS,0,C6AC,-0.03,0.14,0.42,81,x08
112739322,POS,1,0FAC,-0.12,0.96,0.04,78,x0D
112739418,POS,0,C6AC,-0.01,0.14,0.40,88,x08
112739421,POS,1,0FAC,-0.12,0.93,0.14,80,x0D
112739513,POS,0,C6AC,-0.03,0.16,0.43,84,x08
112739522,POS,1,0FAC,-0.12,0.92,0.23,76,x0D
112739612,POS,0,C6AC,-0.04,0.19,0.35,95,x08
112739622,POS,1,0FAC,-0.12,0.92,0.25,80,x0D
112739718,POS,0,C6AC,-0.05,0.22,0.35,91,x08
112739718,POS,1,0FAC,-0.12,0.92,0.32,74,x0D
112739818,POS,0,C6AC,-0.05,0.21,0.38,84,x08
112739818,POS,1,0FAC,-0.13,0.91,0.09,72,x0D
112739917,POS,0,C6AC,-0.04,0.20,0.41,84,x08
112739917,POS,1,0FAC,-0.14,0.92,-0.07,72,x0D
112740016,POS,0,C6AC,-0.03,0.17,0.46,78,x08
112740022,POS,1,0FAC,-0.13,0.92,-0.01,84,x0D
112740116,POS,0,C6AC,-0.04,0.17,0.47,82,x08
112740123,POS,1,0FAC,-0.14,0.91,0.10,78,x0D
112740215,POS,0,C6AC,-0.03,0.18,0.44,90,x08
112740222,POS,1,0FAC,-0.13,0.93,-0.03,75,x0D
112740319,POS,0,C6AC,-0.03,0.19,0.44,88,x08
112740323,POS,1,0FAC,-0.14,0.91,0.12,73,x0D
112740414,POS,0,C6AC,-0.04,0.21,0.40,92,x08
112740423,POS,1,0FAC,-0.14,0.91,0.21,76,x0D
112740519,POS,0,C6AC,-0.03,0.19,0.43,83,x08
112740519,POS,1,0FAC,-0.12,0.90,0.28,77,x0D
112740611,POS,0,C6AC,-0.02,0.19,0.42,87,x08
112740611,POS,1,0FAC,-0.13,0.90,0.07,74,x0D
112740719,POS,0,C6AC,-0.03,0.21,0.37,94,x08
112740719,POS,1,0FAC,-0.12,0.95,-0.02,74,x0D
112740818,POS,0,C6AC,-0.02,0.21,0.40,84,x08
112740818,POS,1,0FAC,-0.11,0.94,0.11,77,x0D
112740917,POS,0,C6AC,-0.03,0.21,0.40,88,x08
112740924,POS,1,0FAC,-0.12,0.92,0.09,85,x0D
112741015,POS,0,C6AC,-0.03,0.21,0.43,84,x08
112741024,POS,1,0FAC,-0.12,0.94,-0.05,73,x0D
112741116,POS,0,C6AC,-0.03,0.19,0.44,83,x08
112741122,POS,1,0FAC,-0.13,0.97,-0.14,72,x0D
112741216,POS,0,C6AC,-0.03,0.19,0.45,86,x08
112741223,POS,1,0FAC,-0.13,0.99,-0.21,73,x0D
112741317,POS,0,C6AC,-0.03,0.18,0.46,83,x08
112741322,POS,1,0FAC,-0.12,0.97,-0.02,75,x0D
112741418,POS,0,C6AC,-0.03,0.17,0.46,84,x08
112741422,POS,1,0FAC,-0.13,0.95,0.14,71,x0D
112741519,POS,0,C6AC,-0.02,0.17,0.47,85,x08
112741520,POS,1,0FAC,-0.11,0.92,0.21,82,x0D
112741618,POS,0,C6AC,-0.02,0.19,0.44,93,x08
112741619,POS,1,0FAC,-0.12,0.94,0.03,72,x0D
112741719,POS,0,C6AC,-0.02,0.18,0.49,78,x08
112741719,POS,1,0FAC,-0.13,0.95,-0.08,74,x0D
112741816,POS,0,C6AC,-0.03,0.19,0.49,85,x08
112741819,POS,1,0FAC,-0.13,0.94,-0.19,76,x0D
112741917,POS,0,C6AC,-0.02,0.20,0.46,89,x08
112741922,POS,1,0FAC,-0.13,0.93,0.01,72,x0D
112742016,POS,0,C6AC,-0.04,0.20,0.47,84,x08
112742023,POS,1,0FAC,-0.13,0.92,0.04,85,x0D
112742115,POS,0,C6AC,-0.03,0.20,0.46,86,x08
112742123,POS,1,0FAC,-0.14,0.95,-0.11,68,x0D
112742215,POS,0,C6AC,-0.03,0.20,0.45,87,x08
112742222,POS,1,0FAC,-0.14,0.93,0.06,72,x0D
112742315,POS,0,C6AC,-0.03,0.19,0.47,82,x08
112742322,POS,1,0FAC,-0.13,0.92,0.18,76,x0D
112742414,POS,0,C6AC,-0.03,0.19,0.48,84,x08
112742421,POS,1,0FAC,-0.13,0.92,0.27,74,x0D
112742505,POS,0,C6AC,-0.03,0.18,0.48,84,x08
112742522,POS,1,0FAC,-0.13,0.96,0.11,71,x0D
112742619,POS,0,C6AC,-0.04,0.20,0.49,85,x08
112742619,POS,1,0FAC,-0.13,0.98,-0.03,74,x0D
112742718,POS,0,C6AC,-0.03,0.19,0.51,81,x08
112742719,POS,1,0FAC,-0.13,0.96,0.11,75,x0D
112742818,POS,0,C6AC,-0.03,0.18,0.50,84,x08
112742818,POS,1,0FAC,-0.11,0.97,0.05,95,x0D
112742917,POS,0,C6AC,-0.03,0.19,0.48,89,x08
112742917,POS,1,0FAC,-0.12,0.94,0.12,83,x0D
112743017,POS,0,C6AC,-0.02,0.19,0.50,81,x08
112743023,POS,1,0FAC,-0.13,0.93,0.22,74,x0D
112743118,POS,0,C6AC,0.05,0.07,0.24,73,x08
112743122,POS,1,0FAC,-0.13,0.94,0.04,73,x0D
112743218,POS,0,C6AC,0.02,0.09,0.31,81,x08
112743222,POS,1,0FAC,-0.13,0.95,-0.10,71,x0D
112743317,POS,0,C6AC,0.00,0.13,0.33,89,x08
112743321,POS,1,0FAC,-0.15,0.98,-0.23,63,x0D
112743419,POS,0,C6AC,0.00,0.13,0.38,81,x08
112743421,POS,1,0FAC,-0.15,0.95,-0.04,75,x0D
112743517,POS,0,C6AC,-0.01,0.13,0.44,77,x08
112743522,POS,1,0FAC,-0.15,0.97,-0.14,73,x0D
112743619,POS,0,C6AC,-0.02,0.13,0.49,77,x08
112743619,POS,1,0FAC,-0.14,0.93,0.02,78,x0D
112743718,POS,0,C6AC,0.16,-0.13,0.23,63,x08
112743720,POS,1,0FAC,-0.13,0.93,-0.12,75,x0D
112743817,POS,0,C6AC,0.11,-0.05,0.07,88,x08
112743823,POS,1,0FAC,-0.13,0.94,-0.21,73,x0D
112743917,POS,0,C6AC,0.15,-0.12,-0.10,66,x08
112743923,POS,1,0FAC,-0.15,0.96,-0.28,69,x0D
112744017,POS,0,C6AC,0.18,-0.16,-0.20,74,x08
112744023,POS,1,0FAC,-0.14,0.96,-0.05,69,x0D
112744116,POS,0,C6AC,0.17,-0.18,-0.30,70,x08
112744122,POS,1,0FAC,-0.15,0.94,0.06,79,x0D
112744214,POS,0,C6AC,0.12,-0.12,-0.34,82,x08
112744222,POS,1,0FAC,-0.14,0.93,0.17,75,x0D
112744314,POS,0,C6AC,0.07,-0.06,-0.12,80,x08
112744322,POS,1,0FAC,-0.12,0.94,0.26,75,x0D
112744413,POS,0,C6AC,0.04,-0.00,0.05,81,x08
112744422,POS,1,0FAC,-0.12,0.94,0.26,80,x0D
112744513,POS,0,C6AC,0.02,0.01,0.17,79,x08
112744522,POS,1,0FAC,-0.12,0.96,0.10,75,x0D
112744619,POS,0,C6AC,0.01,0.03,0.27,78,x08
112744619,POS,1,0FAC,-0.12,0.99,-0.01,74,x0D
112744719,POS,0,C6AC,-0.01,0.05,0.34,80,x08
112744719,POS,1,0FAC,-0.10,0.98,0.14,73,x0D
112744817,POS,0,C6AC,-0.02,-0.03,0.43,60,x08
112744817,POS,1,0FAC,-0.11,0.97,0.26,70,x0D
112744918,POS,0,C6AC,-0.02,-0.09,0.51,60,x08
112744923,POS,1,0FAC,-0.10,0.97,0.06,73,x0D
112745016,POS,0,C6AC,0.05,-0.16,0.23,66,x08
112745023,POS,1,0FAC,-0.13,0.99,-0.12,63,x0D
112745115,POS,0,C6AC,0.04,-0.17,0.36,61,x08
112745123,POS,1,0FAC,-0.15,0.95,0.05,75,x0D
112745215,POS,0,C6AC,0.02,-0.18,0.45,63,x08
112745221,POS,1,0FAC,-0.12,0.94,0.14,80,x0D
112745314,POS,0,C6AC,0.07,-0.18,0.21,75,x08
112745321,POS,1,0FAC,-0.14,0.91,0.25,74,x0D
112745413,POS,0,C6AC,0.10,-0.19,0.02,75,x08
112745421,POS,1,0FAC,-0.15,0.92,0.03,68,x0D
112745506,POS,0,C6AC,0.12,-0.20,-0.11,73,x08
112745520,POS,1,0FAC,-0.13,0.94,-0.02,81,x0D
112745618,POS,0,C6AC,0.14,-0.21,-0.23,72,x08
112745619,POS,1,0FAC,-0.13,0.97,-0.10,75,x0D
112745718,POS,0,C6AC,0.10,-0.20,-0.37,60,x08
112745718,POS,1,0FAC,-0.13,0.94,0.03,79,x0D
112745817,POS,0,C6AC,0.12,-0.19,-0.44,72,x08
112745817,POS,1,0FAC,-0.13,0.98,-0.06,74,x0D
112745916,POS,0,C6AC,0.08,-0.09,-0.17,78,x08
112745916,POS,1,0FAC,-0.12,0.99,-0.10,78,x0D
112746016,POS,0,C6AC,0.04,-0.01,0.03,78,x08
112746016,POS,1,0FAC,-0.11,0.96,0.05,78,x0D
112746116,POS,0,C6AC,0.02,-0.06,0.23,58,x08
112746123,POS,1,0FAC,-0.11,0.95,0.04,84,x0D
112746215,POS,0,C6AC,0.06,-0.09,0.06,77,x08
112746222,POS,1,0FAC,-0.10,0.93,0.17,75,x0D
112746314,POS,0,C6AC,0.03,-0.01,0.20,80,x08
112746321,POS,1,0FAC,-0.12,0.92,0.25,75,x0D
112746414,POS,0,C6AC,-0.00,0.04,0.31,77,x08
112746420,POS,1,0FAC,-0.12,0.91,0.30,79,x0D
112746519,POS,0,C6AC,0.04,-0.03,0.09,72,x08
112746522,POS,1,0FAC,-0.13,0.90,0.37,73,x0D
112746612,POS,0,C6AC,0.01,0.02,0.23,77,x08
112746619,POS,1,0FAC,-0.14,0.94,0.15,68,x0D
112746718,POS,0,C6AC,-0.01,-0.02,0.38,60,x08
112746718,POS,1,0FAC,-0.14,0.96,0.06,78,x0D
112746817,POS,0,C6AC,-0.02,0.04,0.44,80,x08
112746817,POS,1,0FAC,-0.14,0.97,-0.05,75,x0D
112746917,POS,0,C6AC,-0.04,-0.02,0.53,57,x08
112746924,POS,1,0FAC,-0.15,1.01,-0.19,63,x0D
112747018,POS,0,C6AC,-0.05,0.05,0.55,80,x08
112747022,POS,1,0FAC,-0.14,0.98,-0.02,77,x0D
112747115,POS,0,C6AC,-0.06,-0.01,0.62,56,x08
112747122,POS,1,0FAC,-0.13,1.00,-0.09,76,x0D
112747215,POS,0,C6AC,-0.07,0.04,0.63,77,x08
112747221,POS,1,0FAC,-0.15,1.02,-0.23,62,x0D
112747314,POS,0,C6AC,-0.01,-0.02,0.34,75,x08
112747321,POS,1,0FAC,-0.14,0.99,-0.06,78,x0D
112747413,POS,0,C6AC,-0.04,0.04,0.42,77,x08
112747421,POS,1,0FAC,-0.13,0.97,0.11,71,x0D
112747513,POS,0,C6AC,-0.06,0.09,0.47,79,x08
112747520,POS,1,0FAC,-0.14,0.97,-0.01,76,x0D
112747618,POS,0,C6AC,-0.07,0.13,0.51,79,x08
112747619,POS,1,0FAC,-0.15,0.98,-0.17,66,x0D
112747718,POS,0,C6AC,-0.01,0.06,0.25,77,x08
112747718,POS,1,0FAC,-0.14,0.95,0.01,76,x0D
112747817,POS,0,C6AC,0.02,0.00,0.04,72,x08
112747817,POS,1,0FAC,-0.14,0.93,-0.15,72,x0D
112747917,POS,0,C6AC,-0.01,0.04,0.19,76,x08
112747923,POS,1,0FAC,-0.13,0.95,-0.25,71,x0D
112748017,POS,0,C6AC,0.03,-0.02,-0.00,71,x08
112748023,POS,1,0FAC,-0.12,0.93,-0.06,76,x0D
112748116,POS,0,C6AC,0.05,-0.07,-0.13,73,x08
112748123,POS,1,0FAC,-0.14,0.94,-0.18,70,x0D
112748214,POS,0,C6AC,0.07,-0.10,-0.26,70,x08
112748222,POS,1,0FAC,-0.11,0.93,-0.04,81,x0D
112748313,POS,0,C6AC,0.04,-0.13,0.01,57,x08
112748321,POS,1,0FAC,-0.11,0.97,-0.11,75,x0D
112748414,POS,0,C6AC,0.06,-0.16,-0.14,70,x08
112748421,POS,1,0FAC,-0.12,0.95,-0.03,82,x0D
112748513,POS,0,C6AC,0.02,-0.07,0.05,77,x08
112748520,POS,1,0FAC,-0.13,0.94,0.13,71,x0D
112748618,POS,0,C6AC,-0.00,-0.12,0.24,54,x08
112748618,POS,1,0FAC,-0.14,0.94,-0.02,74,x0D
112748718,POS,0,C6AC,-0.03,-0.15,0.38,58,x08
112748718,POS,1,0FAC,-0.13,0.94,0.00,85,x0D
112748818,POS,0,C6AC,-0.04,-0.16,0.48,59,x08
112748824,POS,1,0FAC,-0.14,0.92,0.14,73,x0D
112748916,POS,0,C6AC,0.01,-0.18,0.20,68,x08
112748924,POS,1,0FAC,-0.15,0.92,-0.05,68,x0D
112749019,POS,0,C6AC,0.04,-0.20,0.01,70,x08
112749023,POS,1,0FAC,-0.14,0.91,0.10,77,x0D
112749115,POS,0,C6AC,-0.00,-0.11,0.17,76,x08
112749122,POS,1,0FAC,-0.14,0.94,-0.01,75,x0D
112749215,POS,0,C6AC,0.04,-0.14,-0.00,74,x08
112749222,POS,1,0FAC,-0.15,0.93,0.12,75,x0D
112749314,POS,0,C6AC,0.05,-0.16,-0.11,77,x08
112749321,POS,1,0FAC,-0.15,0.91,0.25,70,x0D
112749413,POS,0,C6AC,0.02,-0.17,0.11,58,x08
112749421,POS,1,0FAC,-0.15,0.93,0.05,71,x0D
112749519,POS,0,C6AC,-0.02,-0.18,0.29,55,x08
112749520,POS,1,0FAC,-0.14,0.93,0.16,76,x0D
112749618,POS,0,C6AC,-0.05,-0.18,0.42,58,x08
112749618,POS,1,0FAC,-0.14,0.95,0.02,73,x0D
112749718,POS,0,C6AC,-0.07,-0.19,0.50,58,x08
112749718,POS,1,0FAC,-0.13,0.94,0.16,74,x0D
112749818,POS,0,C6AC,-0.09,-0.20,0.58,57,x08
112749818,POS,1,0FAC,-0.13,0.96,0.02,75,x0D
112749917,POS,0,C6AC,-0.10,-0.21,0.63,56,x08
112749917,POS,1,0FAC,-0.13,0.96,-0.10,74,x0D
112750016,POS,0,C6AC,-0.06,-0.21,0.36,74,x08
112750023,POS,1,0FAC,-0.12,0.94,0.06,75,x0D
112750114,POS,0,C6AC,-0.09,-0.22,0.46,56,x08
112750123,POS,1,0FAC,-0.13,0.95,-0.09,71,x0D
112750219,POS,0,C6AC,-0.03,-0.26,0.20,65,x08
112750222,POS,1,0FAC,-0.12,0.96,0.08,71,x0D
112750314,POS,0,C6AC,0.01,-0.27,0.01,69,x08
112750321,POS,1,0FAC,-0.12,0.95,0.21,72,x0D
112750413,POS,0,C6AC,-0.04,-0.25,0.19,59,x08
112750420,POS,1,0FAC,-0.13,0.97,0.07,74,x0D
112750517,POS,0,C6AC,-0.01,-0.23,0.02,76,x08
112750519,POS,1,0FAC,-0.12,0.97,0.20,72,x0D
112750619,POS,0,C6AC,0.01,-0.22,-0.10,76,x08
112750619,POS,1,0FAC,-0.14,0.99,-0.00,65,x0D
112750718,POS,0,C6AC,0.02,-0.20,-0.23,71,x08
112750718,POS,1,0FAC,-0.08,1.10,0.14,58,x0D
112750817,POS,0,C6AC,-0.03,-0.20,0.01,59,x08
112750817,POS,1,0FAC,-0.09,1.11,-0.05,63,x0D
112750917,POS,0,C6AC,0.01,-0.23,-0.14,67,x08
112750923,POS,1,0FAC,-0.11,1.18,-0.19,61,x0D
112751016,POS,0,C6AC,0.04,-0.23,-0.25,69,x08
112751023,POS,1,0FAC,-0.06,1.25,-0.02,60,x0D
112751115,POS,0,C6AC,-0.02,-0.23,0.00,57,x08
112751122,POS,1,0FAC,-0.01,1.29,0.11,60,x0D
112751216,POS,0,C6AC,-0.01,-0.24,-0.08,74,x08
112751222,POS,1,0FAC,-0.05,1.29,-0.06,58,x0D
112751307,POS,0,C6AC,0.02,-0.27,-0.18,70,x08
112751321,POS,1,0FAC,-0.06,1.28,-0.18,62,x0D
112751413,POS,0,C6AC,0.04,-0.26,-0.27,70,x08
112751413,POS,1,0FAC,-0.07,1.25,-0.25,67,x0D
112751512,POS,0,C6AC,0.03,-0.19,0.05,55,x08
112751520,POS,1,0FAC,-0.09,1.22,-0.34,63,x0D
112751612,POS,0,C6AC,0.01,-0.16,0.31,49,x08
112751619,POS,1,0FAC,-0.09,1.20,-0.40,66,x0D
112751718,POS,0,C6AC,-0.01,-0.12,0.49,51,x08
112751718,POS,1,0FAC,-0.09,1.19,-0.47,61,x0D
112751818,POS,0,C6AC,-0.07,-0.15,0.57,53,x08
112751818,POS,1,0FAC,-0.09,1.17,-0.52,63,x0D
112751917,POS,0,C6AC,-0.11,-0.18,0.62,54,x08
112751924,POS,1,0FAC,-0.07,1.16,-0.57,62,x0D
112752014,POS,0,C6AC,-0.13,-0.19,0.69,52,x08
112752023,POS,1,0FAC,-0.07,1.15,-0.62,60,x0D
112752115,POS,0,C6AC,-0.15,-0.20,0.73,51,x08
112752122,POS,1,0FAC,-0.07,1.14,-0.67,58,x0D
112752215,POS,0,C6AC,-0.16,-0.21,0.76,53,x08
112752222,POS,1,0FAC,-0.05,1.13,-0.68,63,x0D
112752314,POS,0,C6AC,-0.17,-0.22,0.78,52,x08
112752322,POS,1,0FAC,-0.05,1.13,-0.73,55,x0D
112752413,POS,0,C6AC,-0.18,-0.22,0.79,54,x08
112752420,POS,1,0FAC,-0.05,1.14,-0.75,57,x0D
112752518,POS,0,C6AC,-0.18,-0.22,0.81,53,x08
112752519,POS,1,0FAC,-0.04,1.14,-0.75,60,x0D
112752618,POS,0,C6AC,-0.18,-0.23,0.80,56,x08
112752618,POS,1,0FAC,-0.03,1.15,-0.75,60,x0D
112752719,POS,0,C6AC,-0.18,-0.23,0.81,53,x08
112752719,POS,1,0FAC,-0.04,1.15,-0.75,59,x0D
112752816,POS,0,C6AC,-0.19,-0.24,0.79,57,x08
112752822,POS,1,0FAC,-0.04,1.16,-0.73,62,x0D
112752917,POS,0,C6AC,-0.14,-0.24,0.45,68,x08
112752924,POS,1,0FAC,-0.04,1.16,-0.72,61,x0D
112753016,POS,0,C6AC,-0.10,-0.26,0.22,69,x08
112753023,POS,1,0FAC,-0.04,1.19,-0.71,58,x0D
112753115,POS,0,C6AC,-0.08,-0.25,0.03,70,x08
112753122,POS,1,0FAC,-0.05,1.19,-0.69,63,x0D
112753214,POS,0,C6AC,-0.04,-0.28,-0.13,62,x08
112753221,POS,1,0FAC,-0.05,1.18,-0.65,65,x0D
112753314,POS,0,C6AC,-0.08,-0.27,0.10,55,x08
112753314,POS,1,0FAC,-0.04,1.19,-0.63,65,x0D
112753406,POS,0,C6AC,-0.05,-0.26,-0.03,74,x08
112753422,POS,1,0FAC,-0.04,1.18,-0.60,68,x0D
112753512,POS,0,C6AC,-0.10,-0.27,0.17,53,x08
112753519,POS,1,0FAC,-0.05,1.19,-0.61,60,x0D
112753618,POS,0,C6AC,-0.07,-0.29,-0.02,63,x08
112753619,POS,1,0FAC,-0.04,1.18,-0.60,67,x0D
112753718,POS,0,C6AC,-0.10,-0.29,0.16,57,x08
112753720,POS,1,0FAC,-0.04,1.19,-0.59,64,x0D
112753818,POS,0,C6AC,-0.08,-0.30,-0.03,61,x08
112753818,POS,1,0FAC,-0.05,1.19,-0.57,66,x0D
112753918,POS,0,C6AC,-0.06,-0.32,-0.15,65,x08
112753923,POS,1,0FAC,-0.05,1.19,-0.56,66,x0D
112754016,POS,0,C6AC,-0.03,-0.33,-0.25,63,x08
112754023,POS,1,0FAC,-0.06,1.20,-0.57,60,x0D
112754115,POS,0,C6AC,-0.09,-0.32,-0.03,58,x08
112754122,POS,1,0FAC,-0.06,1.21,-0.56,64,x0D
112754215,POS,0,C6AC,-0.04,-0.33,-0.15,66,x08
112754221,POS,1,0FAC,-0.05,1.20,-0.55,68,x0D
112754314,POS,0,C6AC,-0.04,-0.32,-0.24,68,x08
112754320,POS,1,0FAC,-0.05,1.21,-0.56,61,x0D
112754412,POS,0,C6AC,-0.01,-0.33,-0.34,62,x08
112754420,POS,1,0FAC,-0.05,1.21,-0.55,65,x0D
112754519,POS,0,C6AC,-0.07,-0.33,-0.08,58,x08
112754519,POS,1,0FAC,-0.06,1.22,-0.54,63,x0D
112754619,POS,0,C6AC,-0.11,-0.32,0.11,58,x08
112754619,POS,1,0FAC,-0.07,1.23,-0.57,59,x0D
112754718,POS,0,C6AC,-0.14,-0.31,0.25,57,x08
112754718,POS,1,0FAC,-0.06,1.23,-0.59,61,x0D
112754817,POS,0,C6AC,-0.16,-0.30,0.36,58,x08
112754817,POS,1,0FAC,-0.02,1.24,-0.31,66,x0D
112754917,POS,0,C6AC,-0.13,-0.29,0.13,67,x08
112754917,POS,1,0FAC,-0.04,1.23,-0.38,62,x0D
112755018,POS,0,C6AC,-0.16,-0.28,0.28,56,x08
112755022,POS,1,0FAC,-0.05,1.24,-0.45,59,x0D
112755115,POS,0,C6AC,-0.18,-0.29,0.39,55,x08
112755122,POS,1,0FAC,-0.05,1.23,-0.48,63,x0D
112755215,POS,0,C6AC,-0.20,-0.29,0.46,56,x08
112755221,POS,1,0FAC,-0.06,1.23,-0.53,59,x0D
112755318,POS,0,C6AC,-0.15,-0.28,0.22,70,x08
112755321,POS,1,0FAC,-0.06,1.24,-0.54,61,x0D
112755413,POS,0,C6AC,-0.17,-0.27,0.34,57,x08
112755420,POS,1,0FAC,-0.07,1.25,-0.56,59,x0D
112755512,POS,0,C6AC,-0.13,-0.26,0.15,73,x08
112755520,POS,1,0FAC,-0.07,1.24,-0.57,62,x0D
112755619,POS,0,C6AC,-0.10,-0.26,0.02,74,x08
112755619,POS,1,0FAC,-0.08,1.22,-0.58,64,x0D
112755717,POS,0,C6AC,-0.14,-0.25,0.19,58,x08
112755717,POS,1,0FAC,-0.06,1.23,-0.28,61,x0D
112755817,POS,0,C6AC,-0.10,-0.26,0.07,74,x08
112755823,POS,1,0FAC,-0.06,1.23,-0.35,63,x0D
112755916,POS,0,C6AC,-0.14,-0.26,0.22,58,x08
112755916,POS,1,0FAC,-0.07,1.22,-0.41,62,x0D
112756016,POS,0,C6AC,-0.17,-0.24,0.34,61,x08
112756022,POS,1,0FAC,-0.08,1.22,-0.46,62,x0D
112756115,POS,0,C6AC,-0.15,-0.19,0.48,57,x08
112756122,POS,1,0FAC,-0.06,1.24,-0.19,59,x0D
112756214,POS,0,C6AC,-0.13,-0.15,0.60,56,x08
112756222,POS,1,0FAC,-0.06,1.25,-0.27,62,x0D
112756314,POS,0,C6AC,-0.16,-0.18,0.62,58,x08
112756320,POS,1,0FAC,-0.06,1.24,-0.34,65,x0D
112756417,POS,0,C6AC,-0.18,-0.19,0.64,58,x08
112756420,POS,1,0FAC,-0.06,1.23,-0.40,64,x0D
112756518,POS,0,C6AC,-0.19,-0.19,0.67,57,x08
112756519,POS,1,0FAC,-0.06,1.22,-0.46,62,x0D
112756618,POS,0,C6AC,-0.16,-0.14,0.73,59,x08
112756618,POS,1,0FAC,-0.06,1.21,-0.50,63,x0D
112756718,POS,0,C6AC,-0.11,-0.17,0.42,70,x08
112756718,POS,1,0FAC,-0.06,1.20,-0.53,64,x0D
112756817,POS,0,C6AC,-0.08,-0.17,0.17,70,x08
112756817,POS,1,0FAC,-0.05,1.20,-0.55,64,x0D
112756916,POS,0,C6AC,-0.07,-0.19,0.02,71,x08
112756923,POS,1,0FAC,-0.05,1.20,-0.57,61,x0D
112757016,POS,0,C6AC,-0.08,-0.16,0.24,56,x08
112757022,POS,1,0FAC,-0.06,1.20,-0.60,60,x0D
112757118,POS,0,C6AC,-0.12,-0.20,0.34,61,x08
112757122,POS,1,0FAC,-0.05,1.20,-0.61,63,x0D
112757214,POS,0,C6AC,-0.16,-0.22,0.45,53,x08
112757221,POS,1,0FAC,-0.05,1.21,-0.61,62,x0D
112757313,POS,0,C6AC,-0.18,-0.23,0.52,55,x08
112757321,POS,1,0FAC,-0.06,1.21,-0.61,62,x0D
112757413,POS,0,C6AC,-0.14,-0.23,0.32,77,x08
112757420,POS,1,0FAC,-0.07,1.22,-0.61,60,x0D
112757518,POS,0,C6AC,-0.11,-0.24,0.10,65,x08
112757520,POS,1,0FAC,-0.07,1.22,-0.60,62,x0D
112757618,POS,0,C6AC,-0.06,-0.13,0.33,58,x08
112757619,POS,1,0FAC,-0.08,1.23,-0.61,58,x0D
112757718,POS,0,C6AC,-0.07,-0.17,0.16,71,x08
112757718,POS,1,0FAC,-0.08,1.23,-0.62,61,x0D
112757817,POS,0,C6AC,-0.06,-0.20,-0.01,67,x08
112757822,POS,1,0FAC,-0.09,1.23,-0.64,58,x0D
112757917,POS,0,C6AC,-0.07,-0.22,-0.13,67,x08
112757923,POS,1,0FAC,-0.09,1.25,-0.65,58,x0D
112758016,POS,0,C6AC,-0.08,-0.25,-0.24,63,x08
112758023,POS,1,0FAC,-0.08,1.25,-0.65,61,x0D
112758114,POS,0,C6AC,-0.08,-0.25,-0.33,63,x08
112758122,POS,1,0FAC,-0.07,1.22,-0.63,66,x0D
112758217,POS,0,C6AC,-0.10,-0.23,-0.01,51,x08
112758222,POS,1,0FAC,-0.08,1.21,-0.63,63,x0D
112758314,POS,0,C6AC,-0.15,-0.25,0.17,53,x08
112758321,POS,1,0FAC,-0.09,1.21,-0.63,60,x0D
112758414,POS,0,C6AC,-0.19,-0.27,0.30,57,x08
112758420,POS,1,0FAC,-0.06,1.24,-0.33,60,x0D
112758515,POS,0,C6AC,-0.16,-0.31,0.07,63,x08
112758519,POS,1,0FAC,-0.07,1.24,-0.39,61,x0D
112758618,POS,0,C6AC,-0.16,-0.28,0.27,53,x08
112758619,POS,1,0FAC,-0.07,1.24,-0.45,60,x0D
112758716,POS,0,C6AC,-0.16,-0.31,0.06,64,x08
112758716,POS,1,0FAC,-0.08,1.24,-0.49,59,x0D
112758817,POS,0,C6AC,-0.20,-0.31,0.20,60,x08
112758817,POS,1,0FAC,-0.09,1.22,-0.53,62,x0D
112758916,POS,0,C6AC,-0.23,-0.32,0.34,55,x08
112758919,POS,1,0FAC,-0.09,1.23,-0.56,58,x0D
112759016,POS,0,C6AC,-0.21,-0.36,0.11,65,x08
112759022,POS,1,0FAC,-0.08,1.22,-0.56,64,x0D
112759116,POS,0,C6AC,-0.23,-0.36,0.24,60,x08
112759121,POS,1,0FAC,-0.08,1.23,-0.59,59,x0D
112759219,POS,0,C6AC,-0.24,-0.36,0.36,58,x08
112759222,POS,1,0FAC,-0.07,1.24,-0.61,57,x0D
112759316,POS,0,C6AC,-0.22,-0.38,0.12,65,x08
112759320,POS,1,0FAC,-0.07,1.24,-0.59,62,x0D
112759416,POS,0,C6AC,-0.25,-0.39,0.28,54,x08
112759416,POS,1,0FAC,-0.07,1.24,-0.58,64,x0D
112759519,POS,0,C6AC,-0.27,-0.40,0.40,55,x08
112759519,POS,1,0FAC,-0.06,1.23,-0.56,67,x0D
112759619,POS,0,C6AC,-0.28,-0.40,0.47,61,x08
112759619,POS,1,0FAC,-0.06,1.22,-0.59,61,x0D
112759718,POS,0,C6AC,-0.30,-0.39,0.52,57,x08
112759720,POS,1,0FAC,-0.05,1.22,-0.60,62,x0D
112759817,POS,0,C6AC,-0.30,-0.39,0.56,61,x08
112759824,POS,1,0FAC,-0.05,1.20,-0.60,66,x0D
112759918,POS,0,C6AC,-0.32,-0.41,0.60,58,x08
112759918,POS,1,0FAC,-0.05,1.19,-0.62,60,x0D
112800019,POS,0,C6AC,-0.32,-0.42,0.63,57,x08
112800023,POS,1,0FAC,-0.04,1.18,-0.60,68,x0D
112800116,POS,0,C6AC,-0.33,-0.44,0.67,55,x08
112800122,POS,1,0FAC,-0.04,1.17,-0.63,62,x0D
112800217,POS,0,C6AC,-0.34,-0.43,0.70,51,x08
112800221,POS,1,0FAC,-0.04,1.18,-0.63,63,x0D
112800317,POS,0,C6AC,-0.36,-0.45,0.74,45,x08
112800320,POS,1,0FAC,-0.04,1.17,-0.63,65,x0D
112800417,POS,0,C6AC,-0.37,-0.44,0.77,47,x08
112800420,POS,1,0FAC,-0.04,1.18,-0.63,61,x0D
112800517,POS,0,C6AC,-0.38,-0.45,0.78,50,x08
112800521,POS,1,0FAC,-0.04,1.18,-0.63,63,x0D
112800618,POS,0,C6AC,-0.38,-0.45,0.78,52,x08
112800621,POS,1,0FAC,-0.03,1.17,-0.61,67,x0D
112800718,POS,0,C6AC,-0.39,-0.45,0.80,46,x08
112800721,POS,1,0FAC,-0.03,1.18,-0.63,62,x0D
112800817,POS,0,C6AC,-0.39,-0.47,0.79,54,x08
112800822,POS,1,0FAC,-0.04,1.17,-0.64,63,x0D
112800917,POS,0,C6AC,-0.40,-0.48,0.78,57,x08
112800923,POS,1,0FAC,-0.03,1.17,-0.64,64,x0D
112801017,POS,0,C6AC,-0.42,-0.51,0.78,51,x08
112801023,POS,1,0FAC,-0.04,1.17,-0.63,65,x0D
112801117,POS,0,C6AC,-0.43,-0.49,0.79,50,x08
112801122,POS,1,0FAC,-0.04,1.17,-0.64,62,x0D
112801218,POS,0,C6AC,-0.45,-0.50,0.78,51,x08
112801221,POS,1,0FAC,-0.04,1.18,-0.66,60,x0D
112801318,POS,0,C6AC,-0.47,-0.52,0.80,45,x08
112801321,POS,1,0FAC,-0.03,1.18,-0.65,65,x0D
112801418,POS,0,C6AC,-0.48,-0.52,0.79,52,x08
112801419,POS,1,0FAC,-0.02,1.18,-0.63,66,x0D
112801518,POS,0,C6AC,-0.50,-0.53,0.80,46,x08
112801519,POS,1,0FAC,-0.01,1.18,-0.65,62,x0D
112801619,POS,0,C6AC,-0.51,-0.55,0.79,54,x08
112801619,POS,1,0FAC,-0.01,1.20,-0.65,61,x0D
112801718,POS,0,C6AC,-0.55,-0.56,0.78,48,x08
112801722,POS,1,0FAC,-0.00,1.21,-0.65,61,x0D
112801819,POS,0,C6AC,-0.58,-0.58,0.78,46,x08
112801819,POS,1,0FAC,-0.01,1.22,-0.64,62,x0D
112801917,POS,0,C6AC,-0.61,-0.57,0.78,45,x08
112801919,POS,1,0FAC,0.00,1.22,-0.63,65,x0D
112802019,POS,0,C6AC,-0.63,-0.59,0.77,50,x08
112802022,POS,1,0FAC,0.01,1.21,-0.64,62,x0D
112802114,POS,0,C6AC,-0.64,-0.60,0.77,46,x08
112802119,POS,1,0FAC,0.01,1.21,-0.62,66,x0D
112802214,POS,0,C6AC,-0.66,-0.62,0.76,47,x08
112802221,POS,1,0FAC,0.01,1.21,-0.62,64,x0D
112802313,POS,0,C6AC,-0.67,-0.63,0.76,46,x08
112802322,POS,1,0FAC,0.01,1.21,-0.66,57,x0D
112802413,POS,0,C6AC,-0.69,-0.64,0.78,39,x08
112802420,POS,1,0FAC,0.02,1.20,-0.67,63,x0D
112802511,POS,0,C6AC,-0.72,-0.64,0.77,42,x08
112802520,POS,1,0FAC,0.02,1.19,-0.67,65,x0D
112802618,POS,0,C6AC,-0.74,-0.64,0.77,41,x08
112802619,POS,1,0FAC,0.03,1.18,-0.67,65,x0D
112802718,POS,0,C6AC,-0.77,-0.63,0.77,37,x08
112802723,POS,1,0FAC,0.03,1.18,-0.66,65,x0D
112802817,POS,0,C6AC,-0.79,-0.62,0.76,42,x08
112802820,POS,1,0FAC,0.04,1.19,-0.67,62,x0D
112802919,POS,0,C6AC,-0.80,-0.62,0.38,42,x08
112802922,POS,1,0FAC,0.04,1.19,-0.66,64,x0D
112803015,POS,0,C6AC,-0.82,-0.64,0.11,44,x08
112803022,POS,1,0FAC,0.04,1.17,-0.66,66,x0D
112803115,POS,0,C6AC,-0.83,-0.66,-0.09,40,x08
112803122,POS,1,0FAC,0.04,1.17,-0.68,62,x0D
112803215,POS,0,C6AC,-0.87,-0.67,-0.27,29,x08
112803221,POS,1,0FAC,0.05,1.17,-0.68,65,x0D
112803317,POS,0,C6AC,-0.90,-0.69,-0.38,34,x08
112803320,POS,1,0FAC,0.06,1.17,-0.67,66,x0D
112803412,POS,0,C6AC,-0.92,-0.68,-0.47,31,x08
112803420,POS,1,0FAC,0.05,1.16,-0.70,60,x0D
112803519,POS,0,C6AC,-0.93,-0.69,-0.53,41,x08
112803521,POS,1,0FAC,0.06,1.16,-0.71,63,x0D
112803618,POS,0,C6AC,-0.94,-0.71,-0.59,33,x08
112803621,POS,1,0FAC,0.06,1.17,-0.74,57,x0D
112803717,POS,0,C6AC,-0.97,-0.69,-0.63,26,x08
112803724,POS,1,0FAC,0.05,1.16,-0.75,60,x0D
112803817,POS,0,C6AC,-1.00,-0.69,-0.67,24,x08
112803821,POS,1,0FAC,0.06,1.14,-0.73,68,x0D
112803916,POS,0,C6AC,-1.01,-0.69,-0.70,28,x08
112803923,POS,1,0FAC,0.06,1.14,-0.76,57,x0D
112804016,POS,0,C6AC,-1.03,-0.70,-0.71,26,x08
112804023,POS,1,0FAC,0.05,1.13,-0.78,59,x0D
112804115,POS,0,C6AC,-1.06,-0.70,-0.72,26,x08
112804121,POS,1,0FAC,0.06,1.12,-0.77,65,x0D
112804214,POS,0,C6AC,-1.07,-0.68,-0.73,22,x08
112804221,POS,1,0FAC,0.05,1.11,-0.77,63,x0D
112804314,POS,0,C6AC,-1.08,-0.66,-0.73,19,x08
112804322,POS,1,0FAC,0.06,1.10,-0.77,63,x0D
112804412,POS,0,C6AC,-1.08,-0.63,-0.75,17,x08
112804422,POS,1,0FAC,0.06,1.10,-0.78,61,x0D
112804519,POS,0,C6AC,-1.08,-0.61,-0.77,16,x08
112804522,POS,1,0FAC,0.05,1.12,-0.80,55,x0D
112804618,POS,0,C6AC,-1.11,-0.61,-0.78,16,x08
112804622,POS,1,0FAC,0.05,1.12,-0.80,60,x0D
112804718,POS,0,C6AC,-1.12,-0.60,-0.77,15,x08
112804722,POS,1,0FAC,0.05,1.13,-0.82,57,x0D
112804817,POS,0,C6AC,-1.14,-0.58,-0.79,13,x08
112804822,POS,1,0FAC,0.05,1.11,-0.82,60,x0D
112804916,POS,0,C6AC,-1.15,-0.57,-0.79,12,x08
112804923,POS,1,0FAC,0.04,1.09,-0.83,61,x0D
112805015,POS,0,C6AC,-1.17,-0.57,-0.80,14,x08
112805022,POS,1,0FAC,0.04,1.08,-0.82,63,x0D
112805115,POS,0,C6AC,-1.18,-0.57,-0.82,14,x08
112805122,POS,1,0FAC,0.04,1.06,-0.81,65,x0D
112805218,POS,0,C6AC,-1.19,-0.56,-0.83,12,x08
112805222,POS,1,0FAC,0.03,1.04,-0.82,61,x0D
112805313,POS,0,C6AC,-1.22,-0.55,-0.83,9,x08
112805322,POS,1,0FAC,0.02,1.04,-0.84,58,x0D
112805413,POS,0,C6AC,-1.23,-0.55,-0.83,10,x08
112805420,POS,1,0FAC,0.02,1.02,-0.85,61,x0D
112805519,POS,0,C6AC,-1.25,-0.53,-0.82,11,x08
112805522,POS,1,0FAC,0.02,1.01,-0.84,64,x0D
112805618,POS,0,C6AC,-1.28,-0.53,-0.80,12,x08
112805618,POS,1,0FAC,0.03,0.99,-0.83,66,x0D
112805717,POS,0,C6AC,-1.29,-0.53,-0.81,9,x08
112805717,POS,1,0FAC,0.03,0.98,-0.85,60,x0D
112805817,POS,0,C6AC,-1.29,-0.52,-0.80,13,x08
112805817,POS,1,0FAC,0.02,0.97,-0.86,61,x0D
112805916,POS,0,C6AC,-1.28,-0.51,-0.80,11,x08
112805923,POS,1,0FAC,0.02,0.95,-0.86,64,x0D
112806014,POS,0,C6AC,-1.29,-0.48,-0.79,13,x08
112806022,POS,1,0FAC,0.02,0.94,-0.84,69,x0D
112806114,POS,0,C6AC,-1.30,-0.47,-0.79,12,x08
112806123,POS,1,0FAC,0.01,0.93,-0.85,62,x0D
112806215,POS,0,C6AC,-1.31,-0.46,-0.77,13,x08
112806221,POS,1,0FAC,0.00,0.91,-0.85,64,x0D
112806316,POS,0,C6AC,-1.32,-0.44,-0.78,13,x08
112806321,POS,1,0FAC,-0.01,0.88,-0.87,62,x0D
112806412,POS,0,C6AC,-1.34,-0.43,-0.77,13,x08
112806419,POS,1,0FAC,-0.02,0.89,-0.42,58,x0D
112806512,POS,0,C6AC,-1.35,-0.42,-0.77,14,x08
112806519,POS,1,0FAC,-0.01,0.88,-0.11,66,x0D
112806611,POS,0,C6AC,-1.37,-0.38,-0.40,80,x08
112806611,POS,1,0FAC,-0.02,0.88,0.15,60,x0D
112806718,POS,0,C6AC,-1.39,-0.38,-0.50,20,x08
112806718,POS,1,0FAC,-0.03,0.88,0.34,59,x0D
112806817,POS,0,C6AC,-1.39,-0.37,-0.58,16,x08
112806817,POS,1,0FAC,-0.04,0.87,0.48,62,x0D
112806916,POS,0,C6AC,-1.40,-0.37,-0.61,18,x08
112806923,POS,1,0FAC,-0.04,0.86,0.56,68,x0D
112807016,POS,0,C6AC,-1.40,-0.37,-0.66,17,x08
112807022,POS,1,0FAC,-0.04,0.84,0.63,66,x0D
112807115,POS,0,C6AC,-1.41,-0.35,-0.69,21,x08
112807122,POS,1,0FAC,-0.05,0.83,0.69,65,x0D
112807213,POS,0,C6AC,-1.44,-0.35,-0.70,27,x08
112807221,POS,1,0FAC,-0.05,0.81,0.74,65,x0D
112807313,POS,0,C6AC,-1.44,-0.34,-0.71,22,x08
112807321,POS,1,0FAC,-0.06,0.79,0.77,65,x0D
112807413,POS,0,C6AC,-1.44,-0.33,-0.73,21,x08
112807413,POS,1,0FAC,-0.06,0.77,0.81,63,x0D
112807505,POS,0,C6AC,-1.43,-0.32,-0.75,19,x08
112807519,POS,1,0FAC,-0.07,0.75,0.83,66,x0D
112807618,POS,0,C6AC,-1.44,-0.31,-0.75,22,x08
112807618,POS,1,0FAC,-0.07,0.72,0.83,69,x0D
112807717,POS,0,C6AC,-1.44,-0.30,-0.77,23,x08
112807717,POS,1,0FAC,-0.08,0.71,0.87,60,x0D
112807816,POS,0,C6AC,-1.46,-0.29,-0.77,27,x08
112807816,POS,1,0FAC,-0.09,0.71,0.87,65,x0D
112807916,POS,0,C6AC,-1.46,-0.29,-0.77,23,x08
112807923,POS,1,0FAC,-0.09,0.69,0.87,67,x0D
112808015,POS,0,C6AC,-1.46,-0.27,-0.79,26,x08
112808022,POS,1,0FAC,-0.08,0.65,0.85,73,x0D
112808107,POS,0,C6AC,-1.46,-0.26,-0.80,25,x08
112808122,POS,1,0FAC,-0.08,0.64,0.86,66,x0D
112808207,POS,0,C6AC,-1.47,-0.25,-0.80,27,x08
112808222,POS,1,0FAC,-0.06,0.60,0.85,73,x0D
112808313,POS,0,C6AC,-1.47,-0.24,-0.80,27,x08
112808320,POS,1,0FAC,-0.07,0.59,0.84,71,x0D
112808418,POS,0,C6AC,-1.49,-0.22,-0.81,33,x08
112808420,POS,1,0FAC,-0.06,0.57,0.85,70,x0D
112808512,POS,0,C6AC,-1.51,-0.20,-0.82,35,x08
112808519,POS,1,0FAC,-0.07,0.55,0.42,70,x0D
112808617,POS,0,C6AC,-1.53,-0.20,-0.82,38,x08
112808617,POS,1,0FAC,-0.09,0.54,0.08,65,x0D
112808717,POS,0,C6AC,-1.53,-0.18,-0.84,32,x08
112808717,POS,1,0FAC,-0.10,0.52,-0.15,69,x0D
112808817,POS,0,C6AC,-1.54,-0.17,-0.82,35,x08
112808823,POS,1,0FAC,-0.09,0.50,-0.34,68,x0D
112808916,POS,0,C6AC,-1.55,-0.17,-0.80,35,x08
112808922,POS,1,0FAC,-0.10,0.49,-0.47,69,x0D
112809015,POS,0,C6AC,-1.54,-0.16,-0.78,33,x08
112809022,POS,1,0FAC,-0.08,0.48,-0.56,71,x0D
112809115,POS,0,C6AC,-1.54,-0.16,-0.75,42,x08
112809121,POS,1,0FAC,-0.09,0.46,-0.65,66,x0D
112809218,POS,0,C6AC,-1.55,-0.14,-0.74,38,x08
112809221,POS,1,0FAC,-0.08,0.44,-0.73,66,x0D
112809313,POS,0,C6AC,-1.56,-0.14,-0.74,37,x08
112809320,POS,1,0FAC,-0.12,0.42,-0.83,52,x0D
112809412,POS,0,C6AC,-1.56,-0.11,-0.76,35,x08
112809419,POS,1,0FAC,-0.10,0.42,-0.84,69,x0D
112809518,POS,0,C6AC,-1.55,-0.09,-0.75,40,x08
112809519,POS,1,0FAC,-0.14,0.40,-0.92,49,x0D
112809618,POS,0,C6AC,-1.55,-0.10,-0.73,39,x08
112809618,POS,1,0FAC,-0.16,0.37,-0.96,55,x0D
112809717,POS,0,C6AC,-1.56,-0.10,-0.74,35,x08
112809717,POS,1,0FAC,-0.19,0.36,-0.99,53,x0D
112809818,POS,0,C6AC,-1.55,-0.11,-0.75,31,x08
112809821,POS,1,0FAC,-0.21,0.36,-1.02,52,x0D
112809916,POS,0,C6AC,-1.55,-0.11,-0.76,33,x08
112809923,POS,1,0FAC,-0.23,0.35,-1.04,52,x0D
112810015,POS,0,C6AC,-1.56,-0.10,-0.78,40,x08
112810022,POS,1,0FAC,-0.25,0.33,-1.05,52,x0D
112810115,POS,0,C6AC,-1.57,-0.10,-0.79,36,x08
112810122,POS,1,0FAC,-0.27,0.33,-1.05,53,x0D
112810214,POS,0,C6AC,-1.57,-0.09,-0.78,36,x08
112810221,POS,1,0FAC,-0.28,0.32,-1.06,52,x0D
112810313,POS,0,C6AC,-1.58,-0.08,-0.78,39,x08
112810313,POS,1,0FAC,-0.28,0.32,-1.07,54,x0D
112810413,POS,0,C6AC,-1.57,-0.08,-0.80,35,x08
112810420,POS,1,0FAC,-0.30,0.32,-1.05,56,x0D
112810518,POS,0,C6AC,-1.57,-0.07,-0.81,36,x08
112810519,POS,1,0FAC,-0.31,0.32,-1.06,52,x0D
112810618,POS,0,C6AC,-1.57,-0.07,-0.82,37,x08
112810618,POS,1,0FAC,-0.31,0.31,-1.05,55,x0D
112810717,POS,0,C6AC,-1.56,-0.06,-0.84,34,x08
112810717,POS,1,0FAC,-0.33,0.30,-1.06,50,x0D
112810816,POS,0,C6AC,-1.56,-0.06,-0.83,34,x08
112810816,POS,1,0FAC,-0.35,0.30,-1.07,51,x0D
112810916,POS,0,C6AC,-1.55,-0.08,-0.82,33,x08
112810923,POS,1,0FAC,-0.34,0.30,-1.07,53,x0D
112811016,POS,0,C6AC,-1.55,-0.07,-0.83,36,x08
112811022,POS,1,0FAC,-0.36,0.30,-1.08,48,x0D
112811114,POS,0,C6AC,-1.54,-0.06,-0.85,34,x08
112811114,POS,1,0FAC,-0.37,0.29,-1.08,51,x0D
112811214,POS,0,C6AC,-1.53,-0.05,-0.87,32,x08
112811220,POS,1,0FAC,-0.40,0.28,-1.08,48,x0D
112811313,POS,0,C6AC,-1.51,-0.04,-0.87,30,x08
112811320,POS,1,0FAC,-0.39,0.28,-1.07,54,x0D
112811412,POS,0,C6AC,-1.51,-0.05,-0.89,41,x08
112811419,POS,1,0FAC,-0.38,0.28,-1.04,59,x0D
112811518,POS,0,C6AC,-1.52,-0.05,-0.89,37,x08
112811518,POS,1,0FAC,-0.39,0.28,-1.04,53,x0D
112811617,POS,0,C6AC,-1.51,-0.04,-0.90,31,x08
112811617,POS,1,0FAC,-0.40,0.29,-1.02,57,x0D
112811717,POS,0,C6AC,-1.50,-0.04,-0.91,32,x08
112811717,POS,1,0FAC,-0.40,0.29,-1.03,53,x0D
112811817,POS,0,C6AC,-1.49,-0.06,-0.91,29,x08
112811821,POS,1,0FAC,-0.41,0.29,-1.01,56,x0D
112811916,POS,0,C6AC,-1.49,-0.06,-0.88,30,x08
112811923,POS,1,0FAC,-0.41,0.30,-0.98,63,x0D
112812015,POS,0,C6AC,-1.49,-0.07,-0.86,30,x08
112812022,POS,1,0FAC,-0.42,0.30,-0.98,56,x0D
112812114,POS,0,C6AC,-1.48,-0.08,-0.84,29,x08
112812121,POS,1,0FAC,-0.42,0.32,-0.98,57,x0D
112812214,POS,0,C6AC,-1.48,-0.08,-0.82,37,x08
112812221,POS,1,0FAC,-0.43,0.31,-0.97,58,x0D
112812313,POS,0,C6AC,-1.48,-0.07,-0.81,33,x08
112812320,POS,1,0FAC,-0.44,0.29,-0.96,56,x0D
112812405,POS,0,C6AC,-1.47,-0.07,-0.80,33,x08
112812420,POS,1,0FAC,-0.46,0.29,-0.96,54,x0D
112812518,POS,0,C6AC,-1.47,-0.08,-0.78,36,x08
112812519,POS,1,0FAC,-0.47,0.29,-0.97,54,x0D
112812618,POS,0,C6AC,-1.46,-0.09,-0.77,35,x08
112812618,POS,1,0FAC,-0.48,0.29,-0.96,55,x0D
112812716,POS,0,C6AC,-1.44,-0.09,-0.76,35,x08
112812716,POS,1,0FAC,-0.48,0.28,-0.95,58,x0D
112812817,POS,0,C6AC,-1.45,-0.10,-0.75,36,x08
112812820,POS,1,0FAC,-0.48,0.27,-0.93,58,x0D
112812916,POS,0,C6AC,-1.44,-0.12,-0.75,27,x08
112812923,POS,1,0FAC,-0.49,0.27,-0.93,57,x0D
112813015,POS,0,C6AC,-1.43,-0.12,-0.76,28,x08
112813022,POS,1,0FAC,-0.49,0.28,-0.91,62,x0D
112813115,POS,0,C6AC,-1.43,-0.13,-0.76,30,x08
112813121,POS,1,0FAC,-0.50,0.28,-0.90,60,x0D
112813214,POS,0,C6AC,-1.42,-0.13,-0.76,29,x08
112813221,POS,1,0FAC,-0.51,0.28,-0.90,59,x0D
112813313,POS,0,C6AC,-1.44,-0.14,-0.78,28,x08
112813320,POS,1,0FAC,-0.51,0.28,-0.90,57,x0D
112813412,POS,0,C6AC,-1.43,-0.14,-0.78,29,x08
112813419,POS,1,0FAC,-0.52,0.27,-0.89,57,x0D
112813518,POS,0,C6AC,-1.44,-0.13,-0.78,31,x08
112813521,POS,1,0FAC,-0.54,0.27,-0.89,56,x0D
112813618,POS,0,C6AC,-1.43,-0.12,-0.78,28,x08
112813618,POS,1,0FAC,-0.55,0.26,-0.88,58,x0D
112813717,POS,0,C6AC,-1.44,-0.12,-0.80,26,x08
112813717,POS,1,0FAC,-0.55,0.26,-0.88,57,x0D
112813817,POS,0,C6AC,-1.44,-0.14,-0.80,23,x08
112813817,POS,1,0FAC,-0.54,0.28,-0.87,63,x0D
112813915,POS,0,C6AC,-1.43,-0.14,-0.80,25,x08
112813923,POS,1,0FAC,-0.55,0.27,-0.87,58,x0D
112814015,POS,0,C6AC,-1.43,-0.15,-0.81,24,x08
112814022,POS,1,0FAC,-0.56,0.27,-0.85,61,x0D
112814114,POS,0,C6AC,-1.43,-0.15,-0.79,30,x08
112814121,POS,1,0FAC,-0.57,0.28,-0.86,58,x0D
112814214,POS,0,C6AC,-1.43,-0.15,-0.80,24,x08
112814220,POS,1,0FAC,-0.58,0.28,-0.85,58,x0D
112814313,POS,0,C6AC,-1.43,-0.14,-0.77,39,x08
112814320,POS,1,0FAC,-0.57,0.29,-0.83,65,x0D
112814412,POS,0,C6AC,-1.43,-0.14,-0.77,29,x08
112814419,POS,1,0FAC,-0.57,0.31,-0.83,62,x0D
112814518,POS,0,C6AC,-1.43,-0.14,-0.78,25,x08
112814518,POS,1,0FAC,-0.56,0.31,-0.82,64,x0D
112814618,POS,0,C6AC,-1.44,-0.14,-0.77,32,x08
112814618,POS,1,0FAC,-0.57,0.32,-0.82,61,x0D
112814718,POS,0,C6AC,-1.43,-0.13,-0.78,29,x08
112814718,POS,1,0FAC,-0.59,0.33,-0.81,62,x0D
112814818,POS,0,C6AC,-1.44,-0.14,-0.78,28,x08
112814824,POS,1,0FAC,-0.59,0.33,-0.80,63,x0D
112814916,POS,0,C6AC,-1.44,-0.14,-0.79,24,x08
112814923,POS,1,0FAC,-0.61,0.33,-0.80,60,x0D
112815015,POS,0,C6AC,-1.43,-0.13,-0.80,23,x08
112815022,POS,1,0FAC,-0.60,0.34,-0.80,63,x0D
112815118,POS,0,C6AC,-1.42,-0.13,-0.81,23,x08
112815120,POS,1,0FAC,-0.62,0.34,-0.80,61,x0D
112815214,POS,0,C6AC,-1.42,-0.13,-0.81,26,x08
112815221,POS,1,0FAC,-0.62,0.34,-0.80,60,x0D
112815312,POS,0,C6AC,-1.43,-0.12,-0.80,29,x08
112815320,POS,1,0FAC,-0.61,0.34,-0.80,63,x0D
112815412,POS,0,C6AC,-1.43,-0.12,-0.80,29,x08
112815419,POS,1,0FAC,-0.60,0.35,-0.79,67,x0D
112815518,POS,0,C6AC,-1.44,-0.11,-0.81,27,x08
112815519,POS,1,0FAC,-0.58,0.36,-0.75,71,x0D
112815618,POS,0,C6AC,-1.43,-0.12,-0.82,24,x08
112815618,POS,1,0FAC,-0.61,0.35,-0.77,58,x0D
112815717,POS,0,C6AC,-1.44,-0.11,-0.82,28,x08
112815717,POS,1,0FAC,-0.61,0.36,-0.75,68,x0D
112815817,POS,0,C6AC,-1.44,-0.12,-0.83,25,x08
112815817,POS,1,0FAC,-0.62,0.36,-0.74,67,x0D
112815916,POS,0,C6AC,-1.43,-0.11,-0.83,26,x08
112815923,POS,1,0FAC,-0.62,0.36,-0.74,65,x0D
112816015,POS,0,C6AC,-1.43,-0.10,-0.83,26,x08
112816022,POS,1,0FAC,-0.64,0.36,-0.76,59,x0D
112816114,POS,0,C6AC,-1.43,-0.10,-0.82,30,x08
112816121,POS,1,0FAC,-0.64,0.37,-0.75,65,x0D
112816214,POS,0,C6AC,-1.43,-0.10,-0.80,34,x08
112816221,POS,1,0FAC,-0.65,0.36,-0.78,55,x0D
112816313,POS,0,C6AC,-1.43,-0.10,-0.79,33,x08
112816320,POS,1,0FAC,-0.66,0.36,-0.80,57,x0D
112816412,POS,0,C6AC,-1.44,-0.11,-0.79,28,x08
112816419,POS,1,0FAC,-0.65,0.35,-0.80,61,x0D
112816511,POS,0,C6AC,-1.43,-0.12,-0.78,30,x08
112816518,POS,1,0FAC,-0.65,0.35,-0.81,58,x0D
112816618,POS,0,C6AC,-1.45,-0.12,-0.77,31,x08
112816618,POS,1,0FAC,-0.65,0.34,-0.83,56,x0D
112816717,POS,0,C6AC,-1.44,-0.13,-0.78,24,x08
112816717,POS,1,0FAC,-0.61,0.35,-0.80,71,x0D
112816817,POS,0,C6AC,-1.45,-0.13,-0.77,35,x08
112816817,POS,1,0FAC,-0.62,0.34,-0.83,54,x0D
112816916,POS,0,C6AC,-1.44,-0.12,-0.75,41,x08
112816923,POS,1,0FAC,-0.64,0.33,-0.86,51,x0D
112817015,POS,0,C6AC,-1.46,-0.13,-0.74,37,x08
112817021,POS,1,0FAC,-0.64,0.33,-0.88,53,x0D
112817114,POS,0,C6AC,-1.44,-0.12,-0.73,36,x08
112817121,POS,1,0FAC,-0.61,0.34,-0.86,65,x0D
112817214,POS,0,C6AC,-1.43,-0.13,-0.73,31,x08
112817221,POS,1,0FAC,-0.59,0.35,-0.87,60,x0D
112817313,POS,0,C6AC,-1.44,-0.14,-0.73,34,x08
112817320,POS,1,0FAC,-0.60,0.34,-0.88,55,x0D
112817412,POS,0,C6AC,-1.44,-0.14,-0.74,31,x08
112817419,POS,1,0FAC,-0.60,0.34,-0.90,53,x0D
112817518,POS,0,C6AC,-1.44,-0.14,-0.73,37,x08
112817518,POS,1,0FAC,-0.62,0.33,-0.91,52,x0D
112817618,POS,0,C6AC,-1.45,-0.13,-0.73,32,x08
112817618,POS,1,0FAC,-0.59,0.34,-0.88,65,x0D
112817717,POS,0,C6AC,-1.48,-0.13,-0.73,35,x08
112817717,POS,1,0FAC,-0.55,0.35,-0.86,66,x0D
112817816,POS,0,C6AC,-1.48,-0.14,-0.73,33,x08
112817816,POS,1,0FAC,-0.57,0.34,-0.88,54,x0D
112817916,POS,0,C6AC,-1.47,-0.14,-0.74,30,x08
112817923,POS,1,0FAC,-0.59,0.34,-0.90,51,x0D
112818015,POS,0,C6AC,-1.47,-0.14,-0.74,31,x08
112818021,POS,1,0FAC,-0.59,0.35,-0.90,58,x0D
112818114,POS,0,C6AC,-1.46,-0.15,-0.76,24,x08
112818122,POS,1,0FAC,-0.61,0.34,-0.90,55,x0D
112818214,POS,0,C6AC,-1.45,-0.15,-0.77,26,x08
112818220,POS,1,0FAC,-0.58,0.35,-0.85,70,x0D
112818314,POS,0,C6AC,-1.45,-0.15,-0.78,24,x08
112818320,POS,1,0FAC,-0.59,0.35,-0.88,53,x0D
112818418,POS,0,C6AC,-1.44,-0.15,-0.78,27,x08
112818419,POS,1,0FAC,-0.59,0.35,-0.88,58,x0D
112818518,POS,0,C6AC,-1.43,-0.15,-0.78,27,x08
112818518,POS,1,0FAC,-0.56,0.37,-0.86,67,x0D
112818618,POS,0,C6AC,-1.42,-0.15,-0.77,29,x08
112818618,POS,1,0FAC,-0.54,0.37,-0.84,67,x0D
112818717,POS,0,C6AC,-1.43,-0.16,-0.77,29,x08
112818717,POS,1,0FAC,-0.55,0.37,-0.87,54,x0D
112818818,POS,0,C6AC,-1.44,-0.16,-0.77,27,x08
112818823,POS,1,0FAC,-0.54,0.39,-0.85,66,x0D
112818918,POS,0,C6AC,-1.43,-0.16,-0.77,27,x08
112818922,POS,1,0FAC,-0.57,0.37,-0.86,54,x0D
112819018,POS,0,C6AC,-1.43,-0.16,-0.77,27,x08
112819022,POS,1,0FAC,-0.60,0.36,-0.89,50,x0D
112819114,POS,0,C6AC,-1.43,-0.15,-0.78,29,x08
112819121,POS,1,0FAC,-0.61,0.35,-0.89,55,x0D
112819214,POS,0,C6AC,-1.44,-0.16,-0.78,23,x08
112819221,POS,1,0FAC,-0.59,0.36,-0.87,64,x0D
112819312,POS,0,C6AC,-1.44,-0.15,-0.80,25,x08
112819320,POS,1,0FAC,-0.61,0.36,-0.88,56,x0D
112819411,POS,0,C6AC,-1.44,-0.16,-0.80,25,x08
112819420,POS,1,0FAC,-0.59,0.37,-0.86,64,x0D
112819518,POS,0,C6AC,-1.44,-0.16,-0.80,25,x08
112819521,POS,1,0FAC,-0.59,0.36,-0.87,58,x0D
112819618,POS,0,C6AC,-1.44,-0.17,-0.80,25,x08
112819621,POS,1,0FAC,-0.60,0.36,-0.87,58,x0D
112819717,POS,0,C6AC,-1.43,-0.16,-0.80,26,x08
112819721,POS,1,0FAC,-0.61,0.35,-0.89,54,x0D
112819816,POS,0,C6AC,-1.42,-0.15,-0.80,25,x08
112819816,POS,1,0FAC,-0.61,0.36,-0.90,54,x0D
112819915,POS,0,C6AC,-1.42,-0.15,-0.79,32,x08
112819922,POS,1,0FAC,-0.58,0.37,-0.87,67,x0D
112820015,POS,0,C6AC,-1.43,-0.14,-0.77,34,x08
112820022,POS,1,0FAC,-0.57,0.38,-0.87,60,x0D
112820114,POS,0,C6AC,-1.44,-0.14,-0.78,28,x08
112820121,POS,1,0FAC,-0.54,0.39,-0.84,70,x0D
112820215,POS,0,C6AC,-1.43,-0.15,-0.78,26,x08
112820220,POS,1,0FAC,-0.52,0.39,-0.81,70,x0D
112820313,POS,0,C6AC,-1.43,-0.15,-0.77,29,x08
112820320,POS,1,0FAC,-0.51,0.39,-0.80,68,x0D
112820417,POS,0,C6AC,-1.41,-0.15,-0.76,33,x08
112820419,POS,1,0FAC,-0.52,0.39,-0.80,63,x0D
112820518,POS,0,C6AC,-1.41,-0.14,-0.75,34,x08
112820518,POS,1,0FAC,-0.51,0.39,-0.80,66,x0D
112820618,POS,0,C6AC,-1.41,-0.14,-0.75,30,x08
112820618,POS,1,0FAC,-0.55,0.38,-0.82,57,x0D
112820718,POS,0,C6AC,-1.41,-0.14,-0.75,33,x08
112820718,POS,1,0FAC,-0.58,0.38,-0.85,53,x0D
112820809,POS,0,C6AC,-1.42,-0.13,-0.74,35,x08
112820809,POS,1,0FAC,-0.56,0.38,-0.82,68,x0D
112820916,POS,0,C6AC,-1.43,-0.13,-0.73,40,x08
112820922,POS,1,0FAC,-0.53,0.38,-0.80,70,x0D
112821014,POS,0,C6AC,-1.44,-0.12,-0.72,39,x08
112821021,POS,1,0FAC,-0.57,0.36,-0.83,53,x0D
112821117,POS,0,C6AC,-1.46,-0.11,-0.71,42,x08
112821129,POS,1,0FAC,-0.55,0.37,-0.84,61,x0D
112821213,POS,0,C6AC,-1.46,-0.12,-0.72,34,x08
112821221,POS,1,0FAC,-0.54,0.38,-0.82,68,x0D
112821313,POS,0,C6AC,-1.47,-0.11,-0.72,37,x08
112821320,POS,1,0FAC,-0.53,0.38,-0.79,71,x0D
112821412,POS,0,C6AC,-1.46,-0.11,-0.72,36,x08
112821412,POS,1,0FAC,-0.56,0.38,-0.81,56,x0D
112821518,POS,0,C6AC,-1.46,-0.11,-0.72,35,x08
112821518,POS,1,0FAC,-0.55,0.38,-0.77,72,x0D
112821617,POS,0,C6AC,-1.45,-0.11,-0.72,36,x08
112821617,POS,1,0FAC,-0.55,0.38,-0.79,64,x0D
112821716,POS,0,C6AC,-1.47,-0.11,-0.72,37,x08
112821716,POS,1,0FAC,-0.57,0.37,-0.83,53,x0D
112821816,POS,0,C6AC,-1.49,-0.12,-0.73,33,x08
112821816,POS,1,0FAC,-0.60,0.36,-0.85,55,x0D
112821909,POS,0,C6AC,-1.48,-0.12,-0.74,28,x08
112821923,POS,1,0FAC,-0.59,0.36,-0.86,59,x0D
112822018,POS,0,C6AC,-1.48,-0.11,-0.75,32,x08
112822023,POS,1,0FAC,-0.60,0.36,-0.89,52,x0D
112822113,POS,0,C6AC,-1.47,-0.11,-0.74,37,x08
112822113,POS,1,0FAC,-0.59,0.36,-0.88,60,x0D
112822214,POS,0,C6AC,-1.46,-0.11,-0.73,38,x08
112822221,POS,1,0FAC,-0.59,0.36,-0.88,57,x0D
112822313,POS,0,C6AC,-1.47,-0.11,-0.72,40,x08
112822320,POS,1,0FAC,-0.60,0.35,-0.89,56,x0D
112822411,POS,0,C6AC,-1.48,-0.10,-0.73,37,x08
112822419,POS,1,0FAC,-0.59,0.34,-0.89,57,x0D
112822518,POS,0,C6AC,-1.47,-0.09,-0.73,36,x08
112822518,POS,1,0FAC,-0.56,0.36,-0.85,70,x0D
112822617,POS,0,C6AC,-1.47,-0.10,-0.72,39,x08
112822621,POS,1,0FAC,-0.54,0.36,-0.81,73,x0D
112822715,POS,0,C6AC,-1.47,-0.10,-0.72,36,x08
112822715,POS,1,0FAC,-0.56,0.35,-0.83,55,x0D
112822816,POS,0,C6AC,-1.48,-0.08,-0.38,80,x08
112822821,POS,1,0FAC,-0.58,0.34,-0.85,55,x0D
112822916,POS,0,C6AC,-1.48,-0.09,-0.47,35,x08
112822923,POS,1,0FAC,-0.59,0.33,-0.87,54,x0D
112823015,POS,0,C6AC,-1.48,-0.08,-0.55,33,x08
112823022,POS,1,0FAC,-0.57,0.34,-0.85,66,x0D
112823114,POS,0,C6AC,-1.50,-0.08,-0.61,34,x08
112823122,POS,1,0FAC,-0.57,0.35,-0.86,58,x0D
112823213,POS,0,C6AC,-1.52,-0.08,-0.65,36,x08
112823220,POS,1,0FAC,-0.58,0.34,-0.86,58,x0D
112823313,POS,0,C6AC,-1.52,-0.08,-0.68,33,x08
112823320,POS,1,0FAC,-0.60,0.34,-0.86,59,x0D
112823412,POS,0,C6AC,-1.54,-0.07,-0.71,35,x08
112823419,POS,1,0FAC,-0.62,0.34,-0.89,51,x0D
112823511,POS,0,C6AC,-1.54,-0.06,-0.75,36,x08
112823518,POS,1,0FAC,-0.60,0.34,-0.91,55,x0D
112823618,POS,0,C6AC,-1.55,-0.06,-0.75,37,x08
112823618,POS,1,0FAC,-0.58,0.35,-0.88,65,x0D
112823717,POS,0,C6AC,-1.55,-0.06,-0.75,37,x08
112823717,POS,1,0FAC,-0.55,0.36,-0.84,72,x0D
112823816,POS,0,C6AC,-1.56,-0.05,-0.75,40,x08
112823822,POS,1,0FAC,-0.56,0.36,-0.85,58,x0D
112823915,POS,0,C6AC,-1.57,-0.03,-0.75,38,x08
112823922,POS,1,0FAC,-0.56,0.36,-0.86,58,x0D
112824015,POS,0,C6AC,-1.58,-0.04,-0.75,39,x08
112824022,POS,1,0FAC,-0.56,0.35,-0.86,60,x0D
112824114,POS,0,C6AC,-1.59,-0.04,-0.73,43,x08
112824123,POS,1,0FAC,-0.58,0.34,-0.87,56,x0D
112824214,POS,0,C6AC,-1.59,-0.02,-0.73,44,x08
112824221,POS,1,0FAC,-0.56,0.37,-0.42,65,x0D
112824313,POS,0,C6AC,-1.59,-0.01,-0.72,44,x08
112824320,POS,1,0FAC,-0.57,0.37,-0.52,60,x0D
112824412,POS,0,C6AC,-1.58,0.00,-0.73,40,x08
112824419,POS,1,0FAC,-0.58,0.36,-0.59,61,x0D
112824517,POS,0,C6AC,-1.57,0.01,-0.76,35,x08
112824517,POS,1,0FAC,-0.60,0.36,-0.65,60,x0D
112824617,POS,0,C6AC,-1.57,0.02,-0.77,38,x08
112824617,POS,1,0FAC,-0.60,0.35,-0.72,55,x0D
112824716,POS,0,C6AC,-1.59,0.03,-0.78,43,x08
112824716,POS,1,0FAC,-0.58,0.36,-0.74,65,x0D
112824816,POS,0,C6AC,-1.58,0.03,-0.78,36,x08
112824822,POS,1,0FAC,-0.59,0.34,-0.78,56,x0D
112824915,POS,0,C6AC,-1.58,0.03,-0.79,38,x08
112824922,POS,1,0FAC,-0.59,0.35,-0.80,61,x0D
112825015,POS,0,C6AC,-1.58,0.05,-0.79,39,x08
112825021,POS,1,0FAC,-0.62,0.34,-0.83,53,x0D
112825114,POS,0,C6AC,-1.58,0.06,-0.77,47,x08
112825121,POS,1,0FAC,-0.61,0.34,-0.84,58,x0D
112825217,POS,0,C6AC,-1.58,0.07,-0.78,38,x08
112825220,POS,1,0FAC,-0.62,0.34,-0.86,56,x0D
112825312,POS,0,C6AC,-1.57,0.09,-0.77,43,x08
112825312,POS,1,0FAC,-0.60,0.34,-0.86,60,x0D
112825418,POS,0,C6AC,-1.57,0.09,-0.75,50,x08
112825419,POS,1,0FAC,-0.58,0.35,-0.83,67,x0D
112825511,POS,0,C6AC,-1.55,0.09,-0.76,38,x08
112825521,POS,1,0FAC,-0.58,0.36,-0.83,63,x0D
112825617,POS,0,C6AC,-1.56,0.10,-0.76,40,x08
112825617,POS,1,0FAC,-0.57,0.37,-0.80,68,x0D
112825718,POS,0,C6AC,-1.56,0.10,-0.76,43,x08
112825721,POS,1,0FAC,-0.59,0.36,-0.82,58,x0D
112825816,POS,0,C6AC,-1.55,0.11,-0.77,38,x08
112825816,POS,1,0FAC,-0.58,0.38,-0.79,68,x0D
112825915,POS,0,C6AC,-1.56,0.12,-0.75,50,x08
112825922,POS,1,0FAC,-0.55,0.39,-0.78,69,x0D
112826014,POS,0,C6AC,-1.57,0.12,-0.74,45,x08
112826022,POS,1,0FAC,-0.52,0.40,-0.76,73,x0D
112826114,POS,0,C6AC,-1.55,0.12,-0.76,39,x08
112826121,POS,1,0FAC,-0.51,0.41,-0.76,66,x0D
112826217,POS,0,C6AC,-1.54,0.13,-0.78,35,x08
112826221,POS,1,0FAC,-0.53,0.40,-0.80,56,x0D
112826312,POS,0,C6AC,-1.54,0.15,-0.80,36,x08
112826319,POS,1,0FAC,-0.51,0.39,-0.78,71,x0D
112826418,POS,0,C6AC,-1.53,0.15,-0.82,36,x08
112826419,POS,1,0FAC,-0.49,0.41,-0.75,73,x0D
112826518,POS,0,C6AC,-1.53,0.16,-0.83,37,x08
112826518,POS,1,0FAC,-0.48,0.41,-0.75,70,x0D
112826617,POS,0,C6AC,-1.53,0.16,-0.82,38,x08
112826617,POS,1,0FAC,-0.47,0.41,-0.74,71,x0D
112826717,POS,0,C6AC,-1.52,0.16,-0.82,39,x08
112826717,POS,1,0FAC,-0.47,0.42,-0.76,64,x0D
112826816,POS,0,C6AC,-1.51,0.15,-0.80,45,x08
112826816,POS,1,0FAC,-0.46,0.43,-0.78,65,x0D
112826915,POS,0,C6AC,-1.53,0.15,-0.79,43,x08
112826922,POS,1,0FAC,-0.46,0.43,-0.77,69,x0D
112827014,POS,0,C6AC,-1.52,0.15,-0.77,46,x08
112827022,POS,1,0FAC,-0.45,0.44,-0.77,67,x0D
112827114,POS,0,C6AC,-1.52,0.16,-0.75,50,x08
112827121,POS,1,0FAC,-0.44,0.45,-0.75,72,x0D
112827217,POS,0,C6AC,-1.52,0.19,-0.64,79,x08
112827221,POS,1,0FAC,-0.44,0.45,-0.77,65,x0D
112827312,POS,0,C6AC,-1.51,0.18,-0.65,52,x08
112827319,POS,1,0FAC,-0.42,0.47,-0.77,68,x0D
112827412,POS,0,C6AC,-1.51,0.18,-0.62,64,x08
112827412,POS,1,0FAC,-0.43,0.49,-0.77,66,x0D
112827518,POS,0,C6AC,-1.51,0.18,-0.62,58,x08
112827519,POS,1,0FAC,-0.43,0.50,-0.77,68,x0D
112827617,POS,0,C6AC,-1.49,0.19,-0.64,51,x08
112827617,POS,1,0FAC,-0.43,0.51,-0.77,65,x0D
112827716,POS,0,C6AC,-1.49,0.19,-0.65,50,x08
112827716,POS,1,0FAC,-0.43,0.53,-0.75,69,x0D
112827815,POS,0,C6AC,-1.47,0.20,-0.66,54,x08
112827823,POS,1,0FAC,-0.44,0.55,-0.74,67,x0D
112827915,POS,0,C6AC,-1.46,0.20,-0.67,48,x08
112827923,POS,1,0FAC,-0.45,0.57,-0.76,61,x0D
112828015,POS,0,C6AC,-1.45,0.20,-0.70,40,x08
112828021,POS,1,0FAC,-0.47,0.60,-0.36,59,x0D
112828113,POS,0,C6AC,-1.44,0.20,-0.71,46,x08
112828121,POS,1,0FAC,-0.47,0.63,-0.06,56,x0D
112828214,POS,0,C6AC,-1.44,0.21,-0.72,45,x08
112828223,POS,1,0FAC,-0.48,0.67,0.17,54,x0D
112828313,POS,0,C6AC,-1.43,0.21,-0.72,47,x08
112828319,POS,1,0FAC,-0.48,0.70,0.33,56,x0D
112828412,POS,0,C6AC,-1.43,0.22,-0.72,49,x08
112828419,POS,1,0FAC,-0.50,0.73,0.47,51,x0D
112828517,POS,0,C6AC,-1.42,0.24,-0.73,43,x08
112828518,POS,1,0FAC,-0.51,0.75,0.55,57,x0D
112828617,POS,0,C6AC,-1.41,0.25,-0.70,57,x08
112828617,POS,1,0FAC,-0.49,0.77,0.56,65,x0D
112828716,POS,0,C6AC,-1.41,0.25,-0.70,49,x08
112828716,POS,1,0FAC,-0.49,0.78,0.58,63,x0D
112828816,POS,0,C6AC,-1.39,0.26,-0.68,56,x08
112828823,POS,1,0FAC,-0.48,0.79,0.59,66,x0D
112828915,POS,0,C6AC,-1.38,0.27,-0.66,59,x08
112828922,POS,1,0FAC,-0.47,0.80,0.59,66,x0D
112829014,POS,0,C6AC,-1.39,0.27,-0.63,67,x08
112829021,POS,1,0FAC,-0.48,0.83,0.59,61,x0D
112829117,POS,0,C6AC,-1.38,0.28,-0.61,64,x08
112829121,POS,1,0FAC,-0.48,0.84,0.60,62,x0D
112829215,POS,0,C6AC,-1.38,0.29,-0.60,60,x08
112829221,POS,1,0FAC,-0.50,0.85,0.63,55,x0D
112829317,POS,0,C6AC,-1.37,0.29,-0.60,59,x08
112829321,POS,1,0FAC,-0.49,0.87,0.63,60,x0D
112829411,POS,0,C6AC,-1.36,0.30,-0.60,58,x08
112829411,POS,1,0FAC,-0.49,0.89,0.64,58,x0D
112829504,POS,0,C6AC,-1.35,0.30,-0.61,55,x08
112829519,POS,1,0FAC,-0.51,0.91,0.67,51,x0D
112829618,POS,0,C6AC,-1.35,0.31,-0.61,59,x08
112829618,POS,1,0FAC,-0.49,0.92,0.65,61,x0D
112829717,POS,0,C6AC,-1.34,0.32,-0.63,50,x08
112829717,POS,1,0FAC,-0.49,0.92,0.64,62,x0D
112829816,POS,0,C6AC,-1.33,0.32,-0.64,49,x08
112829822,POS,1,0FAC,-0.48,0.94,0.65,56,x0D
112829915,POS,0,C6AC,-1.32,0.33,-0.67,42,x08
112829922,POS,1,0FAC,-0.49,0.95,0.66,55,x0D
112830014,POS,0,C6AC,-1.32,0.33,-0.67,52,x08
112830022,POS,1,0FAC,-0.48,0.94,0.65,61,x0D
112830113,POS,0,C6AC,-1.29,0.34,-0.66,50,x08
112830121,POS,1,0FAC,-0.48,0.94,0.62,64,x0D
112830213,POS,0,C6AC,-1.28,0.34,-0.66,49,x08
112830220,POS,1,0FAC,-0.48,0.94,0.62,60,x0D
112830312,POS,0,C6AC,-1.27,0.36,-0.67,45,x08
112830320,POS,1,0FAC,-0.47,0.95,0.61,60,x0D
112830418,POS,0,C6AC,-1.27,0.36,-0.69,43,x08
112830418,POS,1,0FAC,-0.47,0.97,0.62,57,x0D
112830517,POS,0,C6AC,-1.25,0.37,-0.68,47,x08
112830518,POS,1,0FAC,-0.46,0.98,0.61,60,x0D
112830616,POS,0,C6AC,-1.24,0.38,-0.68,48,x08
112830616,POS,1,0FAC,-0.45,0.99,0.56,65,x0D
112830716,POS,0,C6AC,-1.23,0.37,-0.68,45,x08
112830716,POS,1,0FAC,-0.43,0.99,0.52,69,x0D
112830816,POS,0,C6AC,-1.22,0.37,-0.70,40,x08
112830823,POS,1,0FAC,-0.43,1.00,0.48,64,x0D
112830915,POS,0,C6AC,-1.20,0.37,-0.69,43,x08
112830922,POS,1,0FAC,-0.43,1.08,0.18,66,x0D
112831019,POS,0,C6AC,-1.19,0.37,-0.71,38,x08
112831021,POS,1,0FAC,-0.45,1.08,0.26,60,x0D
112831114,POS,0,C6AC,-1.18,0.37,-0.70,43,x08
112831121,POS,1,0FAC,-0.45,1.08,0.31,60,x0D
112831213,POS,0,C6AC,-1.17,0.38,-0.72,39,x08
112831220,POS,1,0FAC,-0.44,1.10,0.34,62,x0D
112831314,POS,0,C6AC,-1.16,0.38,-0.71,44,x08
112831319,POS,1,0FAC,-0.47,1.14,0.09,60,x0D
112831418,POS,0,C6AC,-1.14,0.39,-0.71,44,x08
112831418,POS,1,0FAC,-0.47,1.15,0.22,61,x0D
112831518,POS,0,C6AC,-1.12,0.39,-0.71,47,x08
112831518,POS,1,0FAC,-0.46,1.16,0.30,64,x0D
112831617,POS,0,C6AC,-1.11,0.38,-0.69,50,x08
112831617,POS,1,0FAC,-0.45,1.16,0.34,63,x0D
112831717,POS,0,C6AC,-1.10,0.37,-0.71,44,x08
112831717,POS,1,0FAC,-0.43,1.20,0.41,64,x0D
112831816,POS,0,C6AC,-1.07,0.37,-0.70,52,x08
112831816,POS,1,0FAC,-0.42,1.21,0.48,59,x0D
112831915,POS,0,C6AC,-1.08,0.38,-0.73,41,x08
112831922,POS,1,0FAC,-0.45,1.26,0.58,49,x0D
112832014,POS,0,C6AC,-1.07,0.37,-0.71,49,x08
112832021,POS,1,0FAC,-0.45,1.31,0.62,59,x0D
112832114,POS,0,C6AC,-1.06,0.37,-0.72,47,x08
112832121,POS,1,0FAC,-0.44,1.30,0.64,60,x0D
112832213,POS,0,C6AC,-1.03,0.36,-0.73,51,x08
112832221,POS,1,0FAC,-0.43,1.27,0.63,62,x0D
112832312,POS,0,C6AC,-1.01,0.36,-0.70,58,x08
112832320,POS,1,0FAC,-0.40,1.26,0.61,61,x0D
112832412,POS,0,C6AC,-0.98,0.36,-0.71,54,x08
112832419,POS,1,0FAC,-0.39,1.23,0.60,62,x0D
112832517,POS,0,C6AC,-0.96,0.37,-0.70,57,x08
112832517,POS,1,0FAC,-0.36,1.21,0.58,62,x0D
112832617,POS,0,C6AC,-0.94,0.37,-0.69,59,x08
112832617,POS,1,0FAC,-0.35,1.21,0.51,63,x0D
112832716,POS,0,C6AC,-0.93,0.36,-0.70,55,x08
112832716,POS,1,0FAC,-0.34,1.18,0.50,63,x0D
112832816,POS,0,C6AC,-0.93,0.36,-0.72,49,x08
112832822,POS,1,0FAC,-0.33,1.17,0.47,65,x0D
112832915,POS,0,C6AC,-0.91,0.36,-0.71,60,x08
112832922,POS,1,0FAC,-0.32,1.16,0.49,62,x0D
112833015,POS,0,C6AC,-0.90,0.35,-0.71,57,x08
112833022,POS,1,0FAC,-0.32,1.17,0.50,61,x0D
112833113,POS,0,C6AC,-0.92,0.35,-0.73,49,x08
112833121,POS,1,0FAC,-0.32,1.18,0.54,61,x0D
112833213,POS,0,C6AC,-0.94,0.34,-0.76,42,x08
112833220,POS,1,0FAC,-0.32,1.18,0.62,48,x0D
112833318,POS,0,C6AC,-0.95,0.33,-0.79,44,x08
112833319,POS,1,0FAC,-0.32,1.17,0.69,47,x0D
112833411,POS,0,C6AC,-0.94,0.32,-0.80,50,x08
112833419,POS,1,0FAC,-0.33,1.15,0.69,56,x0D
112833518,POS,0,C6AC,-0.95,0.31,-0.83,40,x08
112833518,POS,1,0FAC,-0.32,1.15,0.66,60,x0D
112833617,POS,0,C6AC,-0.94,0.32,-0.84,49,x08
112833617,POS,1,0FAC,-0.31,1.17,0.67,60,x0D
112833716,POS,0,C6AC,-0.90,0.33,-0.82,58,x08
112833716,POS,1,0FAC,-0.29,1.19,0.67,61,x0D
112833815,POS,0,C6AC,-0.87,0.34,-0.79,61,x08
112833823,POS,1,0FAC,-0.28,1.21,0.63,59,x0D
112833915,POS,0,C6AC,-0.85,0.35,-0.80,55,x08
112833922,POS,1,0FAC,-0.26,1.27,0.33,62,x0D
112834014,POS,0,C6AC,-0.85,0.36,-0.80,52,x08
112834022,POS,1,0FAC,-0.23,1.26,0.33,65,x0D
112834117,POS,0,C6AC,-0.81,0.35,-0.79,60,x08
112834121,POS,1,0FAC,-0.22,1.27,0.13,61,x0D
112834212,POS,0,C6AC,-0.79,0.35,-0.79,59,x08
112834212,POS,1,0FAC,-0.22,1.25,-0.05,60,x0D
112834313,POS,0,C6AC,-0.82,0.34,-0.83,45,x08
112834319,POS,1,0FAC,-0.19,1.22,-0.19,63,x0D
112834418,POS,0,C6AC,-0.82,0.32,-0.85,46,x08
112834418,POS,1,0FAC,-0.12,1.26,-0.00,60,x0D
112834518,POS,0,C6AC,-0.83,0.32,-0.86,47,x08
112834518,POS,1,0FAC,-0.11,1.24,-0.15,63,x0D
112834618,POS,0,C6AC,-0.80,0.32,-0.86,58,x08
112834618,POS,1,0FAC,-0.11,1.23,-0.20,68,x0D
112834717,POS,0,C6AC,-0.80,0.32,-0.89,45,x08
112834721,POS,1,0FAC,-0.12,1.27,-0.01,60,x0D
112834808,POS,0,C6AC,-0.80,0.32,-0.91,46,x08
112834823,POS,1,0FAC,-0.10,1.25,-0.11,71,x0D
112834915,POS,0,C6AC,-0.79,0.32,-0.91,52,x08
112834922,POS,1,0FAC,-0.09,1.24,-0.20,66,x0D
112835015,POS,0,C6AC,-0.78,0.32,-0.91,50,x08
112835021,POS,1,0FAC,-0.11,1.26,-0.02,59,x0D
112835113,POS,0,C6AC,-0.78,0.32,-0.92,48,x08
112835120,POS,1,0FAC,-0.09,1.24,-0.14,67,x0D
112835213,POS,0,C6AC,-0.77,0.31,-0.93,50,x08
112835220,POS,1,0FAC,-0.06,1.22,-0.23,71,x0D
112835312,POS,0,C6AC,-0.77,0.31,-0.93,50,x08
112835320,POS,1,0FAC,-0.04,1.22,-0.29,68,x0D
112835411,POS,0,C6AC,-0.75,0.30,-0.93,51,x08
112835420,POS,1,0FAC,-0.02,1.22,-0.33,69,x0D
112835510,POS,0,C6AC,-0.75,0.30,-0.93,49,x08
112835518,POS,1,0FAC,-0.05,1.30,-0.11,62,x0D
112835617,POS,0,C6AC,-0.73,0.29,-0.93,51,x08
112835617,POS,1,0FAC,-0.02,1.28,-0.17,73,x0D
112835717,POS,0,C6AC,-0.71,0.28,-0.94,50,x08
112835717,POS,1,0FAC,0.03,1.28,-0.01,70,x0D
112835818,POS,0,C6AC,-0.70,0.28,-0.94,51,x08
112835822,POS,1,0FAC,0.03,1.27,-0.13,67,x0D
112835915,POS,0,C6AC,-0.68,0.28,-0.93,56,x08
112835922,POS,1,0FAC,0.03,1.30,0.05,57,x0D
112836014,POS,0,C6AC,-0.66,0.30,-0.93,56,x08
112836022,POS,1,0FAC,0.02,1.32,0.19,57,x0D
112836113,POS,0,C6AC,-0.65,0.30,-0.94,51,x08
112836121,POS,1,0FAC,0.02,1.33,0.27,60,x0D
112836213,POS,0,C6AC,-0.63,0.29,-0.93,56,x08
112836213,POS,1,0FAC,0.05,1.32,0.07,66,x0D
112836317,POS,0,C6AC,-0.61,0.29,-0.93,55,x08
112836319,POS,1,0FAC,0.06,1.33,-0.09,60,x0D
112836411,POS,0,C6AC,-0.60,0.29,-0.94,54,x08
112836418,POS,1,0FAC,0.08,1.33,-0.19,66,x0D
112836517,POS,0,C6AC,-0.59,0.29,-0.96,50,x08
112836517,POS,1,0FAC,0.10,1.34,-0.02,70,x0D
112836617,POS,0,C6AC,-0.59,0.27,-0.98,48,x08
112836617,POS,1,0FAC,0.12,1.33,-0.14,68,x0D
112836715,POS,0,C6AC,-0.58,0.27,-0.98,52,x08
112836715,POS,1,0FAC,0.14,1.33,-0.24,65,x0D
112836816,POS,0,C6AC,-0.56,0.26,-0.98,52,x08
112836816,POS,1,0FAC,0.15,1.33,-0.29,68,x0D
112836915,POS,0,C6AC,-0.55,0.24,-1.00,49,x08
112836922,POS,1,0FAC,0.18,1.36,-0.35,61,x0D
112837015,POS,0,C6AC,-0.54,0.23,-0.99,52,x08
112837021,POS,1,0FAC,0.18,1.39,-0.42,55,x0D
112837114,POS,0,C6AC,-0.52,0.23,-1.00,51,x08
112837120,POS,1,0FAC,0.19,1.40,-0.46,62,x0D
112837214,POS,0,C6AC,-0.49,0.24,-1.00,55,x08
112837220,POS,1,0FAC,0.20,1.39,-0.51,58,x0D
112837315,POS,0,C6AC,-0.47,0.24,-1.00,55,x08
112837319,POS,1,0FAC,0.23,1.41,-0.54,56,x0D
112837418,POS,0,C6AC,-0.45,0.24,-1.00,54,x08
112837418,POS,1,0FAC,0.29,1.45,-0.55,58,x0D
112837518,POS,0,C6AC,-0.42,0.23,-1.00,56,x08
112837518,POS,1,0FAC,0.27,1.43,-0.26,62,x0D
112837616,POS,0,C6AC,-0.39,0.22,-1.01,54,x08
112837616,POS,1,0FAC,0.30,1.43,-0.35,56,x0D
112837717,POS,0,C6AC,-0.39,0.22,-1.02,52,x08
112837717,POS,1,0FAC,0.29,1.39,-0.15,71,x0D
112837816,POS,0,C6AC,-0.36,0.23,-1.01,58,x08
112837823,POS,1,0FAC,0.28,1.29,0.03,78,x0D
112837917,POS,0,C6AC,-0.35,0.23,-1.01,55,x08
112837922,POS,1,0FAC,0.29,1.26,0.15,71,x0D
112838014,POS,0,C6AC,-0.33,0.25,-1.00,61,x08
112838021,POS,1,0FAC,0.29,1.25,0.24,71,x0D
112838114,POS,0,C6AC,-0.31,0.25,-0.99,60,x08
112838120,POS,1,0FAC,0.22,1.28,0.04,60,x0D
112838213,POS,0,C6AC,-0.31,0.25,-0.99,57,x08
112838220,POS,1,0FAC,0.25,1.17,-0.07,86,x0D
112838312,POS,0,C6AC,-0.32,0.24,-1.02,48,x08
112838319,POS,1,0FAC,0.27,1.12,0.07,79,x0D
112838417,POS,0,C6AC,-0.31,0.25,-1.02,56,x08
112838420,POS,1,0FAC,0.25,1.14,-0.11,66,x0D
112838518,POS,0,C6AC,-0.31,0.24,-1.01,57,x08
112838520,POS,1,0FAC,0.27,1.10,0.08,73,x0D
112838617,POS,0,C6AC,-0.30,0.23,-1.02,55,x08
112838621,POS,1,0FAC,0.30,1.05,0.21,75,x0D
112838717,POS,0,C6AC,-0.30,0.23,-1.02,54,x08
112838721,POS,1,0FAC,0.29,1.07,-0.00,70,x0D
112838815,POS,0,C6AC,-0.32,0.21,-1.03,49,x08
112838822,POS,1,0FAC,0.31,1.05,0.15,73,x0D
112838915,POS,0,C6AC,-0.33,0.22,-1.04,52,x08
112838922,POS,1,0FAC,0.34,1.01,0.25,78,x0D
112839014,POS,0,C6AC,-0.34,0.21,-1.05,50,x08
112839023,POS,1,0FAC,0.35,1.00,0.35,72,x0D
112839114,POS,0,C6AC,-0.35,0.21,-1.05,50,x08
112839121,POS,1,0FAC,0.37,0.98,0.41,74,x0D
112839206,POS,0,C6AC,-0.34,0.21,-1.06,52,x08
112839220,POS,1,0FAC,0.39,0.97,0.47,72,x0D
112839312,POS,0,C6AC,-0.32,0.22,-1.05,55,x08
112839319,POS,1,0FAC,0.36,1.03,0.19,67,x0D
112839417,POS,0,C6AC,-0.34,0.22,-1.06,50,x08
112839418,POS,1,0FAC,0.37,1.00,0.30,73,x0D
112839518,POS,0,C6AC,-0.33,0.23,-1.06,52,x08
112839518,POS,1,0FAC,0.36,1.04,0.11,74,x0D
112839617,POS,0,C6AC,-0.33,0.23,-1.08,48,x08
112839617,POS,1,0FAC,0.38,0.99,0.21,80,x0D
112839716,POS,0,C6AC,-0.34,0.22,-1.08,50,x08
112839716,POS,1,0FAC,0.38,1.02,0.02,71,x0D
112839808,POS,0,C6AC,-0.34,0.22,-1.08,52,x08
112839822,POS,1,0FAC,0.41,1.01,0.16,73,x0D
112839914,POS,0,C6AC,-0.35,0.21,-1.08,50,x08
112839922,POS,1,0FAC,0.42,0.96,0.26,78,x0D
112840014,POS,0,C6AC,-0.33,0.22,-1.07,54,x08
112840022,POS,1,0FAC,0.43,0.95,0.34,74,x0D
112840114,POS,0,C6AC,-0.33,0.22,-1.07,52,x08
112840120,POS,1,0FAC,0.42,0.98,0.12,73,x0D
112840212,POS,0,C6AC,-0.34,0.22,-1.08,48,x08
112840219,POS,1,0FAC,0.42,0.99,-0.05,74,x0D
112840312,POS,0,C6AC,-0.35,0.21,-1.09,47,x08
112840312,POS,1,0FAC,0.43,0.99,-0.17,74,x0D
112840411,POS,0,C6AC,-0.36,0.23,-1.09,51,x08
112840419,POS,1,0FAC,0.43,0.99,-0.17,84,x0D
112840511,POS,0,C6AC,-0.36,0.23,-1.09,49,x08
112840511,POS,1,0FAC,0.43,1.00,-0.27,72,x0D
112840617,POS,0,C6AC,-0.35,0.23,-1.08,55,x08
112840617,POS,1,0FAC,0.45,1.00,-0.33,75,x0D
112840716,POS,0,C6AC,-0.34,0.25,-1.06,55,x08
112840716,POS,1,0FAC,0.45,1.00,-0.35,78,x0D
112840815,POS,0,C6AC,-0.35,0.25,-1.07,51,x08
112840822,POS,1,0FAC,0.45,1.00,-0.42,69,x0D
112840914,POS,0,C6AC,-0.35,0.26,-1.06,53,x08
112840921,POS,1,0FAC,0.45,1.00,-0.39,82,x0D
112841014,POS,0,C6AC,-0.34,0.26,-1.05,56,x08
112841021,POS,1,0FAC,0.46,0.99,-0.41,76,x0D
112841117,POS,0,C6AC,-0.35,0.26,-1.04,55,x08
112841120,POS,1,0FAC,0.45,1.01,-0.46,71,x0D
112841213,POS,0,C6AC,-0.35,0.26,-1.03,55,x08
112841219,POS,1,0FAC,0.46,1.01,-0.51,68,x0D
112841312,POS,0,C6AC,-0.35,0.27,-1.01,61,x08
112841319,POS,1,0FAC,0.46,1.01,-0.48,78,x0D
112841411,POS,0,C6AC,-0.35,0.27,-1.02,53,x08
112841418,POS,1,0FAC,0.47,1.01,-0.47,76,x0D
112841518,POS,0,C6AC,-0.34,0.28,-1.00,61,x08
112841518,POS,1,0FAC,0.47,0.98,-0.20,73,x0D
112841617,POS,0,C6AC,-0.33,0.29,-1.00,58,x08
112841621,POS,1,0FAC,0.47,0.99,-0.29,72,x0D
112841716,POS,0,C6AC,-0.31,0.29,-1.00,58,x08
112841723,POS,1,0FAC,0.47,1.00,-0.28,82,x0D
112841815,POS,0,C6AC,-0.34,0.27,-1.01,51,x08
112841822,POS,1,0FAC,0.47,1.01,-0.08,72,x0D
112841914,POS,0,C6AC,-0.35,0.27,-1.02,53,x08
112841921,POS,1,0FAC,0.47,1.00,-0.12,82,x0D
112842007,POS,0,C6AC,-0.36,0.25,-1.03,50,x08
112842021,POS,1,0FAC,0.48,1.00,-0.16,80,x0D
112842113,POS,0,C6AC,-0.36,0.25,-1.03,52,x08
112842120,POS,1,0FAC,0.47,0.99,-0.16,84,x0D
112842212,POS,0,C6AC,-0.38,0.24,-1.04,50,x08
112842220,POS,1,0FAC,0.47,1.01,-0.22,77,x0D
112842312,POS,0,C6AC,-0.37,0.23,-1.04,54,x08
112842319,POS,1,0FAC,0.46,1.02,-0.29,75,x0D
112842417,POS,0,C6AC,-0.38,0.23,-1.04,52,x08
112842418,POS,1,0FAC,0.46,1.01,-0.36,72,x0D
112842517,POS,0,C6AC,-0.39,0.21,-1.02,54,x08
112842517,POS,1,0FAC,0.46,1.02,-0.33,80,x0D
112842617,POS,0,C6AC,-0.39,0.20,-1.04,47,x08
112842617,POS,1,0FAC,0.47,1.02,-0.34,78,x0D
112842716,POS,0,C6AC,-0.41,0.18,-1.04,47,x08
112842716,POS,1,0FAC,0.47,1.01,-0.34,81,x0D
112842815,POS,0,C6AC,-0.40,0.20,-1.04,53,x08
112842821,POS,1,0FAC,0.48,1.00,-0.34,80,x0D
112842915,POS,0,C6AC,-0.41,0.19,-1.05,48,x08
112842922,POS,1,0FAC,0.46,1.01,-0.41,70,x0D
112843014,POS,0,C6AC,-0.42,0.18,-1.06,47,x08
112843021,POS,1,0FAC,0.47,0.98,-0.15,71,x0D
112843113,POS,0,C6AC,-0.43,0.17,-1.06,48,x08
112843113,POS,1,0FAC,0.47,0.99,-0.27,69,x0D
112843212,POS,0,C6AC,-0.41,0.18,-1.05,54,x08
112843219,POS,1,0FAC,0.46,1.01,-0.34,71,x0D
112843311,POS,0,C6AC,-0.41,0.17,-1.04,51,x08
112843319,POS,1,0FAC,0.49,0.97,-0.09,72,x0D
112843418,POS,0,C6AC,-0.41,0.18,-1.03,53,x08
112843419,POS,1,0FAC,0.49,0.96,0.09,71,x0D
112843517,POS,0,C6AC,-0.41,0.18,-1.03,52,x08
112843517,POS,1,0FAC,0.47,0.98,-0.08,72,x0D
112843617,POS,0,C6AC,-0.39,0.19,-1.04,52,x08
112843617,POS,1,0FAC,0.47,0.97,0.10,71,x0D
112843709,POS,0,C6AC,-0.38,0.20,-1.05,50,x08
112843709,POS,1,0FAC,0.47,0.95,0.23,73,x0D
112843808,POS,0,C6AC,-0.39,0.20,-1.05,51,x08
112843822,POS,1,0FAC,0.47,0.94,0.32,75,x0D
112843914,POS,0,C6AC,-0.39,0.21,-1.06,50,x08
112843921,POS,1,0FAC,0.46,0.96,0.14,78,x0D
112844014,POS,0,C6AC,-0.38,0.21,-1.06,51,x08
112844021,POS,1,0FAC,0.46,0.95,0.27,73,x0D
112844113,POS,0,C6AC,-0.38,0.20,-1.05,51,x08
112844120,POS,1,0FAC,0.45,0.97,0.05,71,x0D
112844212,POS,0,C6AC,-0.35,0.23,-0.50,62,x08
112844219,POS,1,0FAC,0.44,0.98,-0.11,73,x0D
112844312,POS,0,C6AC,-0.35,0.23,-0.65,49,x08
112844319,POS,1,0FAC,0.45,0.96,0.06,76,x0D
112844418,POS,0,C6AC,-0.36,0.22,-0.74,52,x08
112844418,POS,1,0FAC,0.46,0.97,-0.08,74,x0D
112844517,POS,0,C6AC,-0.38,0.21,-0.82,51,x08
112844517,POS,1,0FAC,0.46,0.97,-0.16,78,x0D
112844617,POS,0,C6AC,-0.38,0.21,-0.87,52,x08
112844617,POS,1,0FAC,0.46,0.99,-0.28,69,x0D
112844716,POS,0,C6AC,-0.38,0.20,-0.91,52,x08
112844716,POS,1,0FAC,0.46,0.97,-0.06,73,x0D
112844818,POS,0,C6AC,-0.39,0.19,-0.94,52,x08
112844822,POS,1,0FAC,0.45,0.96,0.12,72,x0D
112844914,POS,0,C6AC,-0.39,0.21,-0.95,55,x08
112844921,POS,1,0FAC,0.44,0.94,0.23,78,x0D
112845016,POS,0,C6AC,-0.39,0.21,-0.97,53,x08
112845022,POS,1,0FAC,0.43,0.96,0.02,72,x0D
112845117,POS,0,C6AC,-0.39,0.21,-0.99,52,x08
112845120,POS,1,0FAC,0.43,0.98,-0.14,70,x0D
112845213,POS,0,C6AC,-0.39,0.20,-1.00,51,x08
112845220,POS,1,0FAC,0.44,0.95,0.06,73,x0D
112845312,POS,0,C6AC,-0.38,0.19,-1.01,52,x08
112845320,POS,1,0FAC,0.43,0.97,-0.10,73,x0D
112845418,POS,0,C6AC,-0.37,0.19,-1.00,55,x08
112845418,POS,1,0FAC,0.43,0.95,0.08,74,x0D
112845517,POS,0,C6AC,-0.36,0.19,-1.02,52,x08
112845518,POS,1,0FAC,0.42,0.93,0.21,77,x0D
112845616,POS,0,C6AC,-0.37,0.18,-1.01,52,x08
112845616,POS,1,0FAC,0.43,0.89,0.29,79,x0D
112845715,POS,0,C6AC,-0.36,0.20,-1.02,54,x08
112845715,POS,1,0FAC,0.43,0.93,0.08,73,x0D
112845815,POS,0,C6AC,-0.35,0.21,-1.03,53,x08
112845822,POS,1,0FAC,0.44,0.91,0.20,77,x0D
112845914,POS,0,C6AC,-0.35,0.21,-1.04,52,x08
112845921,POS,1,0FAC,0.44,0.90,0.29,77,x0D
112846013,POS,0,C6AC,-0.34,0.22,-1.06,48,x08
112846020,POS,1,0FAC,0.46,0.89,0.37,74,x0D
112846113,POS,0,C6AC,-0.34,0.22,-1.06,51,x08
112846120,POS,1,0FAC,0.45,0.92,0.13,73,x0D
112846213,POS,0,C6AC,-0.34,0.24,-1.06,53,x08
112846220,POS,1,0FAC,0.44,0.90,0.25,76,x0D
112846312,POS,0,C6AC,-0.35,0.24,-1.07,49,x08
112846319,POS,1,0FAC,0.45,0.89,0.34,75,x0D
112846418,POS,0,C6AC,-0.33,0.25,-1.09,49,x08
112846418,POS,1,0FAC,0.45,0.92,0.11,72,x0D
112846517,POS,0,C6AC,-0.35,0.25,-1.10,49,x08
112846518,POS,1,0FAC,0.45,0.90,0.24,74,x0D
112846616,POS,0,C6AC,-0.35,0.24,-1.10,50,x08
112846616,POS,1,0FAC,0.43,0.93,0.06,78,x0D
112846709,POS,0,C6AC,-0.34,0.24,-1.10,50,x08
112846722,POS,1,0FAC,0.43,0.92,0.21,73,x0D
112846815,POS,0,C6AC,-0.36,0.24,-1.11,46,x08
112846821,POS,1,0FAC,0.44,0.90,0.30,76,x0D
112846917,POS,0,C6AC,-0.34,0.23,-1.11,51,x08
112846921,POS,1,0FAC,0.44,0.93,0.08,73,x0D
112847014,POS,0,C6AC,-0.32,0.23,-1.10,52,x08
112847021,POS,1,0FAC,0.45,0.93,-0.07,76,x0D
112847113,POS,0,C6AC,-0.33,0.23,-1.11,48,x08
112847121,POS,1,0FAC,0.44,0.94,-0.21,72,x0D
112847213,POS,0,C6AC,-0.33,0.24,-1.11,50,x08
112847220,POS,1,0FAC,0.44,0.96,-0.29,74,x0D
112847312,POS,0,C6AC,-0.32,0.24,-1.09,54,x08
112847319,POS,1,0FAC,0.42,0.92,-0.07,79,x0D
112847418,POS,0,C6AC,-0.31,0.25,-1.09,52,x08
112847418,POS,1,0FAC,0.43,0.92,0.09,76,x0D
112847517,POS,0,C6AC,-0.29,0.27,-1.08,57,x08
112847518,POS,1,0FAC,0.45,0.94,-0.06,74,x0D
112847617,POS,0,C6AC,-0.29,0.29,-1.07,56,x08
112847617,POS,1,0FAC,0.46,0.95,-0.15,79,x0D
112847716,POS,0,C6AC,-0.29,0.28,-1.08,50,x08
112847716,POS,1,0FAC,0.46,0.95,-0.17,83,x0D
112847815,POS,0,C6AC,-0.29,0.29,-1.07,56,x08
112847823,POS,1,0FAC,0.46,0.94,0.01,76,x0D
112847915,POS,0,C6AC,-0.29,0.28,-1.06,56,x08
112847922,POS,1,0FAC,0.45,0.92,0.16,76,x0D
112848014,POS,0,C6AC,-0.27,0.29,-1.04,59,x08
112848021,POS,1,0FAC,0.46,0.94,0.03,79,x0D
112848114,POS,0,C6AC,-0.26,0.30,-1.04,58,x08
112848121,POS,1,0FAC,0.46,0.95,-0.07,79,x0D
112848212,POS,0,C6AC,-0.23,0.31,-1.03,59,x08
112848220,POS,1,0FAC,0.45,0.93,0.10,76,x0D
112848312,POS,0,C6AC,-0.23,0.23,-0.88,77,x08
112848320,POS,1,0FAC,0.46,0.94,-0.05,76,x0D
112848411,POS,0,C6AC,-0.21,0.17,-0.74,82,x08
112848418,POS,1,0FAC,0.47,0.95,-0.15,76,x0D
112848517,POS,0,C6AC,-0.20,0.13,-0.67,77,x08
112848517,POS,1,0FAC,0.47,0.93,0.04,74,x0D
112848609,POS,0,C6AC,-0.18,0.11,-0.56,86,x08
112848609,POS,1,0FAC,0.48,0.92,0.04,97,x0D
112848716,POS,0,C6AC,-0.18,0.09,-0.55,76,x08
112848716,POS,1,0FAC,0.46,0.94,-0.12,72,x0D
112848815,POS,0,C6AC,-0.18,0.08,-0.52,80,x08
112848821,POS,1,0FAC,0.45,0.95,-0.24,72,x0D
112848914,POS,0,C6AC,-0.18,0.08,-0.46,85,x08
112848921,POS,1,0FAC,0.46,0.96,-0.30,77,x0D
112849014,POS,0,C6AC,-0.18,0.08,-0.46,80,x08
112849021,POS,1,0FAC,0.46,0.95,-0.08,73,x0D
112849113,POS,0,C6AC,-0.15,0.08,-0.36,89,x08
112849120,POS,1,0FAC,0.47,0.94,0.10,72,x0D
112849212,POS,0,C6AC,-0.15,0.08,-0.39,80,x08
112849220,POS,1,0FAC,0.47,0.95,-0.01,80,x0D
112849312,POS,0,C6AC,-0.15,0.09,-0.41,82,x08
112849312,POS,1,0FAC,0.45,0.97,-0.16,72,x0D
112849417,POS,0,C6AC,-0.16,0.11,-0.42,83,x08
112849418,POS,1,0FAC,0.46,0.95,0.02,74,x0D
112849517,POS,0,C6AC,-0.15,0.13,-0.42,85,x08
112849517,POS,1,0FAC,0.45,0.93,0.14,79,x0D
112849617,POS,0,C6AC,-0.13,0.11,-0.41,85,x08
112849617,POS,1,0FAC,0.45,0.91,0.25,79,x0D
112849715,POS,0,C6AC,-0.13,0.11,-0.43,80,x08
112849715,POS,1,0FAC,0.46,0.92,0.07,78,x0D
112849815,POS,0,C6AC,-0.18,0.19,-0.16,77,x08
112849822,POS,1,0FAC,0.46,0.93,-0.06,77,x0D
112849914,POS,0,C6AC,-0.17,0.16,-0.24,80,x08
112849921,POS,1,0FAC,0.45,0.91,0.11,76,x0D
112850014,POS,0,C6AC,-0.14,0.17,-0.21,93,x08
112850021,POS,1,0FAC,0.45,0.92,0.00,82,x0D
112850114,POS,0,C6AC,-0.13,0.15,-0.21,89,x08
112850120,POS,1,0FAC,0.47,0.90,0.14,78,x0D
112850212,POS,0,C6AC,-0.13,0.15,-0.31,77,x08
112850219,POS,1,0FAC,0.47,0.93,0.01,78,x0D
112850312,POS,0,C6AC,-0.13,0.16,-0.26,91,x08
112850319,POS,1,0FAC,0.46,0.95,-0.14,73,x0D
112850411,POS,0,C6AC,-0.13,0.15,-0.31,83,x08
112850411,POS,1,0FAC,0.46,0.93,0.05,76,x0D
112850517,POS,0,C6AC,-0.14,0.16,-0.37,79,x08
112850517,POS,1,0FAC,0.46,0.94,-0.07,77,x0D
112850617,POS,0,C6AC,-0.14,0.14,-0.39,81,x08
112850621,POS,1,0FAC,0.46,0.94,0.10,74,x0D
112850716,POS,0,C6AC,-0.11,0.12,-0.45,77,x08
112850723,POS,1,0FAC,0.44,0.97,-0.07,73,x0D
112850815,POS,0,C6AC,-0.13,0.13,-0.48,78,x08
112850821,POS,1,0FAC,0.44,0.96,0.09,76,x0D
112850914,POS,0,C6AC,-0.12,0.13,-0.45,86,x08
112850921,POS,1,0FAC,0.43,0.93,0.20,80,x0D
112851007,POS,0,C6AC,-0.12,0.13,-0.40,89,x08
112851021,POS,1,0FAC,0.44,0.93,0.28,77,x0D
112851113,POS,0,C6AC,-0.12,0.14,-0.43,82,x08
112851120,POS,1,0FAC,0.44,0.93,0.34,76,x0D
112851212,POS,0,C6AC,-0.12,0.13,-0.45,80,x08
112851212,POS,1,0FAC,0.45,0.94,0.38,76,x0D
112851312,POS,0,C6AC,-0.12,0.13,-0.46,81,x08
112851319,POS,1,0FAC,0.46,0.94,0.36,91,x0D
112851411,POS,0,C6AC,-0.13,0.15,-0.49,78,x08
112851411,POS,1,0FAC,0.48,0.96,0.42,70,x0D
112851517,POS,0,C6AC,-0.13,0.21,-0.53,81,x08
112851517,POS,1,0FAC,0.49,0.95,0.41,80,x0D
112851616,POS,0,C6AC,-0.14,0.21,-0.51,84,x08
112851616,POS,1,0FAC,0.49,1.00,0.15,65,x0D
112851716,POS,0,C6AC,-0.15,0.20,-0.53,77,x08
112851722,POS,1,0FAC,0.45,1.04,0.01,75,x0D
112851815,POS,0,C6AC,-0.15,0.19,-0.53,81,x08
112851822,POS,1,0FAC,0.48,0.99,0.16,73,x0D
112851915,POS,0,C6AC,-0.20,0.16,-0.25,71,x08
112851921,POS,1,0FAC,0.46,1.02,-0.04,68,x0D
112852014,POS,0,C6AC,-0.18,0.15,-0.33,77,x08
112852014,POS,1,0FAC,0.47,0.97,0.13,74,x0D
112852112,POS,0,C6AC,-0.23,0.14,-0.06,65,x08
112852119,POS,1,0FAC,0.47,0.96,0.23,76,x0D
112852217,POS,0,C6AC,-0.20,0.12,-0.14,83,x08
112852220,POS,1,0FAC,0.46,0.94,0.28,83,x0D
112852312,POS,0,C6AC,-0.20,0.14,-0.26,76,x08
112852319,POS,1,0FAC,0.46,0.97,0.05,68,x0D
112852417,POS,0,C6AC,-0.19,0.15,-0.32,81,x08
112852418,POS,1,0FAC,0.43,0.99,-0.10,74,x0D
112852514,POS,0,C6AC,-0.21,0.17,-0.40,76,x08
112852514,POS,1,0FAC,0.43,0.96,0.04,81,x0D
112852616,POS,0,C6AC,-0.18,0.16,-0.44,78,x08
112852616,POS,1,0FAC,0.44,0.97,-0.01,83,x0D
112852716,POS,0,C6AC,-0.19,0.17,-0.45,83,x08
112852716,POS,1,0FAC,0.45,0.99,-0.06,81,x0D
112852815,POS,0,C6AC,-0.17,0.16,-0.45,83,x08
112852822,POS,1,0FAC,0.46,0.99,-0.07,82,x0D
112852907,POS,0,C6AC,-0.14,0.15,-0.40,90,x08
112852921,POS,1,0FAC,0.47,1.00,-0.19,72,x0D
112853017,POS,0,C6AC,-0.13,0.15,-0.42,82,x08
112853021,POS,1,0FAC,0.48,0.98,-0.21,83,x0D
112853112,POS,0,C6AC,-0.12,0.13,-0.43,81,x08
112853120,POS,1,0FAC,0.49,1.00,-0.31,68,x0D
112853212,POS,0,C6AC,-0.13,0.14,-0.46,80,x08
112853212,POS,1,0FAC,0.49,0.99,-0.30,82,x0D
112853311,POS,0,C6AC,-0.13,0.15,-0.42,88,x08
112853318,POS,1,0FAC,0.49,0.99,-0.27,83,x0D
112853417,POS,0,C6AC,-0.14,0.14,-0.47,76,x08
112853418,POS,1,0FAC,0.49,0.98,-0.34,73,x0D
112853517,POS,0,C6AC,-0.17,0.14,-0.17,70,x08
112853517,POS,1,0FAC,0.48,0.98,-0.42,71,x0D
112853616,POS,0,C6AC,-0.17,0.16,-0.28,79,x08
112853616,POS,1,0FAC,0.48,0.99,-0.46,71,x0D
112853715,POS,0,C6AC,-0.17,0.16,-0.31,85,x08
112853715,POS,1,0FAC,0.48,0.98,-0.51,69,x0D
112853815,POS,0,C6AC,-0.15,0.16,-0.33,86,x08
112853822,POS,1,0FAC,0.48,0.99,-0.54,70,x0D
112853915,POS,0,C6AC,-0.15,0.16,-0.38,81,x08
112853921,POS,1,0FAC,0.49,0.99,-0.56,69,x0D
112854016,POS,0,C6AC,-0.13,0.15,-0.40,82,x08
112854020,POS,1,0FAC,0.49,0.99,-0.58,69,x0D
112854117,POS,0,C6AC,-0.12,0.13,-0.40,84,x08
112854121,POS,1,0FAC,0.48,0.99,-0.58,72,x0D
112854205,POS,0,C6AC,-0.11,0.13,-0.43,81,x08
112854220,POS,1,0FAC,0.48,0.99,-0.51,82,x0D
112854304,POS,0,C6AC,-0.15,0.15,-0.16,74,x08
112854319,POS,1,0FAC,0.48,0.99,-0.42,84,x0D
112854417,POS,0,C6AC,-0.17,0.15,-0.27,76,x08
112854417,POS,1,0FAC,0.47,0.98,-0.47,72,x0D
112854517,POS,0,C6AC,-0.15,0.13,-0.30,84,x08
112854522,POS,1,0FAC,0.48,0.98,-0.40,82,x0D
112854616,POS,0,C6AC,-0.13,0.12,-0.31,85,x08
112854616,POS,1,0FAC,0.48,0.98,-0.33,84,x0D
112854715,POS,0,C6AC,-0.14,0.12,-0.38,78,x08
112854715,POS,1,0FAC,0.48,0.97,-0.41,71,x0D
112854815,POS,0,C6AC,-0.14,0.12,-0.41,80,x08
112854822,POS,1,0FAC,0.48,0.97,-0.44,75,x0D
112854914,POS,0,C6AC,-0.14,0.14,-0.41,85,x08
112854921,POS,1,0FAC,0.48,0.98,-0.49,70,x0D
112855014,POS,0,C6AC,-0.14,0.13,-0.44,79,x08
112855021,POS,1,0FAC,0.48,0.98,-0.53,70,x0D
112855111,POS,0,C6AC,-0.15,0.15,-0.46,81,x08
112855120,POS,1,0FAC,0.48,0.99,-0.53,71,x0D
112855217,POS,0,C6AC,-0.15,0.16,-0.48,80,x08
112855219,POS,1,0FAC,0.48,0.99,-0.53,74,x0D
112855316,POS,0,C6AC,-0.15,0.15,-0.48,81,x08
112855321,POS,1,0FAC,0.48,0.99,-0.44,82,x0D
112855417,POS,0,C6AC,-0.16,0.15,-0.51,77,x08
112855418,POS,1,0FAC,0.48,0.98,-0.36,86,x0D
112855517,POS,0,C6AC,-0.15,0.15,-0.48,85,x08
112855521,POS,1,0FAC,0.47,0.97,-0.43,72,x0D
112855618,POS,0,C6AC,-0.19,0.14,-0.19,69,x08
112855618,POS,1,0FAC,0.47,0.97,-0.39,82,x0D
112855716,POS,0,C6AC,-0.18,0.14,-0.27,81,x08
112855720,POS,1,0FAC,0.47,0.98,-0.44,73,x0D
112855815,POS,0,C6AC,-0.18,0.14,-0.35,75,x08
112855822,POS,1,0FAC,0.47,0.98,-0.49,69,x0D
112855914,POS,0,C6AC,-0.16,0.14,-0.38,83,x08
112855922,POS,1,0FAC,0.48,0.98,-0.53,69,x0D
112856013,POS,0,C6AC,-0.15,0.12,-0.38,85,x08
112856021,POS,1,0FAC,0.48,0.99,-0.47,81,x0D
112856113,POS,0,C6AC,-0.20,0.13,-0.11,69,x08
112856120,POS,1,0FAC,0.48,0.99,-0.40,82,x0D
112856217,POS,0,C6AC,-0.18,0.13,-0.18,85,x08
112856220,POS,1,0FAC,0.47,0.99,-0.45,72,x0D
112856313,POS,0,C6AC,-0.16,0.12,-0.25,81,x08
112856318,POS,1,0FAC,0.48,1.00,-0.35,82,x0D
112856417,POS,0,C6AC,-0.15,0.14,-0.34,80,x08
112856418,POS,1,0FAC,0.49,1.00,-0.34,80,x0D
112856517,POS,0,C6AC,-0.15,0.12,-0.39,77,x08
112856517,POS,1,0FAC,0.48,0.99,-0.41,72,x0D
112856617,POS,0,C6AC,-0.14,0.14,-0.42,82,x08
112856622,POS,1,0FAC,0.48,0.96,-0.36,87,x0D
112856715,POS,0,C6AC,-0.15,0.15,-0.45,80,x08
112856722,POS,1,0FAC,0.49,0.97,-0.43,69,x0D
112856815,POS,0,C6AC,-0.13,0.14,-0.40,89,x08
112856821,POS,1,0FAC,0.47,0.96,-0.46,76,x0D
112856915,POS,0,C6AC,-0.14,0.14,-0.43,80,x08
112856922,POS,1,0FAC,0.48,0.96,-0.35,85,x0D
112857016,POS,0,C6AC,-0.14,0.14,-0.47,78,x08
112857021,POS,1,0FAC,0.48,0.96,-0.40,74,x0D
112857116,POS,0,C6AC,-0.15,0.15,-0.50,77,x08
112857121,POS,1,0FAC,0.48,0.97,-0.43,75,x0D
112857217,POS,0,C6AC,-0.14,0.14,-0.50,81,x08
112857219,POS,1,0FAC,0.48,0.96,-0.35,85,x0D
112857316,POS,0,C6AC,-0.13,0.12,-0.53,76,x08
112857321,POS,1,0FAC,0.48,0.97,-0.42,70,x0D
112857417,POS,0,C6AC,-0.14,0.14,-0.53,79,x08
112857421,POS,1,0FAC,0.48,0.98,-0.46,72,x0D
112857517,POS,0,C6AC,-0.14,0.14,-0.53,80,x08
112857520,POS,1,0FAC,0.48,0.98,-0.50,70,x0D
112857618,POS,0,C6AC,-0.21,0.25,-0.27,78,x08
112857622,POS,1,0FAC,0.48,0.98,-0.46,80,x0D
112857716,POS,0,C6AC,-0.25,0.18,-0.42,55,x08
112857720,POS,1,0FAC,0.48,0.99,-0.50,70,x0D
112857817,POS,0,C6AC,-0.20,0.17,-0.41,87,x08
112857822,POS,1,0FAC,0.49,0.99,-0.44,81,x0D
112857915,POS,0,C6AC,-0.17,0.14,-0.44,78,x08
112857922,POS,1,0FAC,0.49,1.00,-0.48,69,x0D
112858014,POS,0,C6AC,-0.15,0.13,-0.40,88,x08
112858021,POS,1,0FAC,0.49,0.99,-0.51,73,x0D
112858117,POS,0,C6AC,-0.14,0.13,-0.46,77,x08
112858121,POS,1,0FAC,0.48,0.99,-0.49,78,x0D
112858218,POS,0,C6AC,-0.15,0.15,-0.47,82,x08
112858221,POS,1,0FAC,0.48,0.99,-0.43,81,x0D
112858317,POS,0,C6AC,-0.14,0.14,-0.50,77,x08
112858321,POS,1,0FAC,0.48,1.00,-0.47,71,x0D
112858418,POS,0,C6AC,-0.14,0.14,-0.50,80,x08
112858418,POS,1,0FAC,0.48,0.99,-0.51,71,x0D
112858517,POS,0,C6AC,-0.14,0.15,-0.49,84,x08
112858517,POS,1,0FAC,0.49,0.98,-0.47,80,x0D
112858616,POS,0,C6AC,-0.19,0.21,-0.22,79,x08
112858622,POS,1,0FAC,0.49,0.97,-0.40,84,x0D
112858716,POS,0,C6AC,-0.16,0.18,-0.27,84,x08
112858716,POS,1,0FAC,0.49,0.98,-0.39,79,x0D
112858817,POS,0,C6AC,-0.16,0.18,-0.34,80,x08
112858822,POS,1,0FAC,0.49,0.99,-0.45,70,x0D
112858914,POS,0,C6AC,-0.15,0.17,-0.40,80,x08
112858921,POS,1,0FAC,0.48,0.98,-0.35,86,x0D
112859013,POS,0,C6AC,-0.12,0.14,-0.40,84,x08
112859021,POS,1,0FAC,0.49,0.98,-0.28,83,x0D
112859113,POS,0,C6AC,-0.13,0.14,-0.46,74,x08
112859121,POS,1,0FAC,0.49,0.99,-0.27,81,x0D
112859218,POS,0,C6AC,-0.13,0.16,-0.44,87,x08
112859219,POS,1,0FAC,0.49,0.99,-0.28,79,x0D
112859317,POS,0,C6AC,-0.13,0.15,-0.47,79,x08
112859318,POS,1,0FAC,0.49,0.99,-0.36,71,x0D
112859417,POS,0,C6AC,-0.11,0.13,-0.42,88,x08
112859417,POS,1,0FAC,0.49,1.00,-0.41,71,x0D
112859517,POS,0,C6AC,-0.12,0.16,-0.44,83,x08
112859521,POS,1,0FAC,0.49,1.00,-0.44,73,x0D
112859616,POS,0,C6AC,-0.12,0.14,-0.47,78,x08
112859621,POS,1,0FAC,0.49,0.99,-0.49,71,x0D
112859716,POS,0,C6AC,-0.12,0.14,-0.49,80,x08
112859716,POS,1,0FAC,0.48,0.99,-0.40,84,x0D
112859815,POS,0,C6AC,-0.12,0.13,-0.50,79,x08
112859822,POS,1,0FAC,0.48,1.00,-0.46,68,x0D
112859917,POS,0,C6AC,-0.12,0.13,-0.51,80,x08
112859922,POS,1,0FAC,0.49,1.01,-0.51,68,x0D
112900013,POS,0,C6AC,-0.12,0.14,-0.49,84,x08
112900020,POS,1,0FAC,0.49,1.00,-0.48,78,x0D
112900113,POS,0,C6AC,-0.12,0.14,-0.48,83,x08
112900120,POS,1,0FAC,0.49,0.99,-0.42,82,x0D
112900212,POS,0,C6AC,-0.17,0.19,-0.22,79,x08
112900219,POS,1,0FAC,0.50,1.00,-0.48,68,x0D
112900317,POS,0,C6AC,-0.15,0.18,-0.26,85,x08
112900319,POS,1,0FAC,0.49,1.01,-0.42,81,x0D
112900417,POS,0,C6AC,-0.16,0.18,-0.34,80,x08
112900421,POS,1,0FAC,0.50,1.01,-0.47,70,x0D
112900509,POS,0,C6AC,-0.15,0.18,-0.36,85,x08
112900509,POS,1,0FAC,0.49,1.02,-0.50,69,x0D
112900616,POS,0,C6AC,-0.13,0.16,-0.40,81,x08
112900616,POS,1,0FAC,0.50,1.00,-0.54,70,x0D
112900716,POS,0,C6AC,-0.13,0.15,-0.44,78,x08
112900722,POS,1,0FAC,0.48,0.99,-0.42,87,x0D
112900814,POS,0,C6AC,-0.13,0.14,-0.48,76,x08
112900822,POS,1,0FAC,0.49,0.98,-0.39,81,x0D
112900914,POS,0,C6AC,-0.13,0.15,-0.47,85,x08
112900921,POS,1,0FAC,0.49,0.98,-0.45,71,x0D
112901017,POS,0,C6AC,-0.14,0.16,-0.44,88,x08
112901020,POS,1,0FAC,0.50,0.97,-0.49,70,x0D
112901112,POS,0,C6AC,-0.14,0.17,-0.46,81,x08
112901120,POS,1,0FAC,0.50,0.98,-0.53,68,x0D
112901216,POS,0,C6AC,-0.14,0.15,-0.48,79,x08
112901222,POS,1,0FAC,0.49,0.97,-0.42,87,x0D
112901317,POS,0,C6AC,-0.14,0.15,-0.48,82,x08
112901322,POS,1,0FAC,0.49,0.98,-0.48,68,x0D
112901417,POS,0,C6AC,-0.14,0.14,-0.51,76,x08
112901423,POS,1,0FAC,0.50,0.97,-0.49,74,x0D
112901517,POS,0,C6AC,-0.15,0.13,-0.52,79,x08
112901523,POS,1,0FAC,0.49,0.98,-0.53,70,x0D
112901616,POS,0,C6AC,-0.14,0.13,-0.51,81,x08
112901621,POS,1,0FAC,0.49,0.97,-0.55,71,x0D
112901716,POS,0,C6AC,-0.13,0.14,-0.47,88,x08
112901723,POS,1,0FAC,0.49,0.98,-0.44,83,x0D
112901815,POS,0,C6AC,-0.15,0.15,-0.49,79,x08
112901822,POS,1,0FAC,0.48,0.99,-0.47,72,x0D
112901914,POS,0,C6AC,-0.13,0.12,-0.50,78,x08
112901921,POS,1,0FAC,0.49,0.99,-0.40,82,x0D
112902013,POS,0,C6AC,-0.14,0.12,-0.52,76,x08
112902021,POS,1,0FAC,0.48,0.99,-0.35,84,x0D
112902118,POS,0,C6AC,-0.13,0.13,-0.53,79,x08
112902120,POS,1,0FAC,0.48,0.97,-0.29,86,x0D
112902217,POS,0,C6AC,-0.14,0.14,-0.53,81,x08
112902219,POS,1,0FAC,0.48,0.97,-0.28,82,x0D
112902317,POS,0,C6AC,-0.15,0.13,-0.55,74,x08
112902318,POS,1,0FAC,0.49,0.96,-0.25,86,x0D
112902417,POS,0,C6AC,-0.13,0.13,-0.50,87,x08
112902417,POS,1,0FAC,0.48,0.96,-0.33,72,x0D
112902517,POS,0,C6AC,-0.12,0.13,-0.49,84,x08
112902523,POS,1,0FAC,0.49,0.97,-0.41,70,x0D
112902616,POS,0,C6AC,-0.13,0.13,-0.49,80,x08
112902623,POS,1,0FAC,0.49,0.97,-0.47,70,x0D
112902715,POS,0,C6AC,-0.13,0.13,-0.49,81,x08
112902722,POS,1,0FAC,0.48,0.97,-0.51,70,x0D
112902814,POS,0,C6AC,-0.11,0.12,-0.47,85,x08
112902821,POS,1,0FAC,0.49,0.99,-0.53,70,x0D
112902913,POS,0,C6AC,-0.12,0.12,-0.50,76,x08
112902913,POS,1,0FAC,0.49,0.99,-0.55,71,x0D
112903013,POS,0,C6AC,-0.13,0.12,-0.53,77,x08
112903020,POS,1,0FAC,0.48,0.99,-0.56,72,x0D
112903112,POS,0,C6AC,-0.11,0.13,-0.48,87,x08
112903120,POS,1,0FAC,0.49,0.98,-0.51,78,x0D
112903212,POS,0,C6AC,-0.13,0.15,-0.50,80,x08
112903219,POS,1,0FAC,0.49,0.99,-0.54,70,x0D
112903318,POS,0,C6AC,-0.14,0.17,-0.52,80,x08
112903318,POS,1,0FAC,0.48,0.99,-0.55,73,x0D
112903417,POS,0,C6AC,-0.14,0.17,-0.52,82,x08
112903417,POS,1,0FAC,0.48,0.99,-0.56,71,x0D
112903517,POS,0,C6AC,-0.14,0.16,-0.46,88,x08
112903523,POS,1,0FAC,0.48,0.98,-0.57,73,x0D
112903609,POS,0,C6AC,-0.14,0.17,-0.45,85,x08
112903622,POS,1,0FAC,0.48,0.98,-0.52,80,x0D
112903672,qPOS,0,C6AC,-0.11,0.15,-0.39,90,x08
112903722,POS,1,0FAC,0.49,0.98,-0.54,71,x0D
112903814,POS,0,C6AC,-0.16,0.21,-0.15,81,x08
112903821,POS,1,0FAC,0.48,0.97,-0.55,73,x0D
112903914,POS,0,C6AC,-0.14,0.19,-0.19,88,x08
112903920,POS,1,0FAC,0.48,0.97,-0.48,82,x0D
112904013,POS,0,C6AC,-0.13,0.16,-0.25,82,x08
112904020,POS,1,0FAC,0.49,0.98,-0.39,82,x0D
112904112,POS,0,C6AC,-0.12,0.16,-0.29,86,x08
112904120,POS,1,0FAC,0.48,0.97,-0.34,84,x0D
112904212,POS,0,C6AC,-0.14,0.14,-0.34,80,x08
112904219,POS,1,0FAC,0.49,0.98,-0.41,69,x0D
112904219,uiPOS,0,C6AC,-0.14,0.15,-0.37,83,x08
112904317,POS,1,0FAC,0.48,0.98,-0.46,73,x0D
112904417,POS,0,C6AC,-0.14,0.15,-0.43,78,x08
112904417,POS,1,0FAC,0.48,0.98,-0.50,71,x0D
112904516,POS,0,C6AC,-0.13,0.13,-0.45,78,x08
112904523,POS,1,0FAC,0.48,0.99,-0.52,70,x0D
112904523,tPOS,0,C6AC,-0.18,0.19,-0.18,77,x08
112904623,POS,1,0FAC,0.48,0.99,-0.54,72,x0D

