120917992,=~=~=~=~=~=~=~=~=~=~=~= KiTTY log 2025.11.03 12:09:17 =~=~=~=~=~=~=~=~=~=~=~=
120917993,POS,0,C6AC,0.14,0.13,0.04,79,x06
120918001,POS,1,0FAC,-0.01,0.96,1.09,83,x0E
120918078,POS,0,C6AC,0.13,0.13,0.02,74,x06
120918082,POS,1,0FAC,-0.05,1.03,1.13,59,x0E
120918178,POS,0,C6AC,0.11,0.10,0.03,78,x06
120918182,POS,1,0FAC,-0.02,0.98,1.12,78,x0E
120918278,POS,0,C6AC,0.12,0.07,0.06,82,x06
120918282,POS,1,0FAC,-0.06,1.05,1.16,55,x0E
120918379,POS,0,C6AC,0.13,0.09,0.10,88,x06
120918384,POS,1,0FAC,-0.03,0.99,1.14,81,x0E
120918478,POS,0,C6AC,0.13,0.10,0.10,83,x06
120918483,POS,1,0FAC,-0.03,0.95,1.13,75,x0E
120918578,POS,0,C6AC,0.12,0.10,0.06,73,x06
120918581,POS,1,0FAC,-0.06,1.03,1.16,59,x0E
120918678,POS,0,C6AC,0.09,0.06,0.07,75,x06
120918681,POS,1,0FAC,-0.03,0.98,1.14,78,x0E
120918778,POS,0,C6AC,0.10,0.06,0.04,74,x06
120918781,POS,1,0FAC,-0.00,0.94,1.11,82,x0E
120918878,POS,0,C6AC,0.10,0.05,0.04,77,x06
120918882,POS,1,0FAC,-0.01,0.92,1.08,79,x0E
120918977,POS,0,C6AC,0.11,0.07,0.06,84,x06
120918981,POS,1,0FAC,0.01,0.89,1.08,80,x0E
120919078,POS,0,C6AC,0.11,0.09,0.06,81,x06
120919082,POS,1,0FAC,-0.03,0.98,1.09,66,x0E
120919178,POS,0,C6AC,0.12,0.08,0.04,74,x06
120919181,POS,1,0FAC,-0.06,1.05,1.13,57,x0E
120919279,POS,0,C6AC,0.12,0.06,0.02,73,x06
120919283,POS,1,0FAC,-0.09,1.10,1.17,56,x0E
120919378,POS,0,C6AC,0.12,0.09,0.02,79,x06
120919382,POS,1,0FAC,-0.10,1.14,1.18,61,x0E
120919478,POS,0,C6AC,0.09,0.03,-0.03,60,x06
120919483,POS,1,0FAC,-0.13,1.16,1.20,58,x0E
120919578,POS,0,C6AC,0.09,0.02,-0.00,79,x06
120919582,POS,1,0FAC,-0.08,1.07,1.15,83,x0E
120919679,POS,0,C6AC,0.10,0.04,-0.02,73,x06
120919682,POS,1,0FAC,-0.11,1.11,1.18,58,x0E
120919777,POS,0,C6AC,0.10,0.03,-0.01,76,x06
120919784,POS,1,0FAC,-0.06,1.04,1.16,78,x0E
120919879,POS,0,C6AC,0.10,0.02,-0.02,71,x06
120919882,POS,1,0FAC,-0.03,0.98,1.13,82,x0E
120919977,POS,0,C6AC,0.11,0.04,0.01,82,x06
120919983,POS,1,0FAC,-0.00,0.94,1.11,80,x0E
120920079,POS,0,C6AC,0.11,0.07,-0.01,75,x06
120920082,POS,1,0FAC,0.02,0.90,1.12,79,x0E
120920178,POS,0,C6AC,0.12,0.08,0.05,88,x06
120920183,POS,1,0FAC,0.01,0.88,1.11,77,x0E
120920279,POS,0,C6AC,0.12,0.10,0.06,82,x06
120920283,POS,1,0FAC,0.02,0.88,1.12,74,x0E
120920378,POS,0,C6AC,0.12,0.10,0.02,71,x06
120920396,POS,1,0FAC,0.04,0.85,1.06,88,x0E
120920478,POS,0,C6AC,0.13,0.07,0.00,72,x06
120920483,POS,1,0FAC,-0.01,0.95,1.11,60,x0E
120920578,POS,0,C6AC,0.13,0.10,0.02,82,x06
120920583,POS,1,0FAC,-0.01,0.93,1.10,75,x0E
120920679,POS,0,C6AC,0.13,0.11,0.08,91,x06
120920683,POS,1,0FAC,-0.02,0.90,1.10,76,x0E
120920778,POS,0,C6AC,0.13,0.12,0.04,72,x06
120920783,POS,1,0FAC,-0.00,0.89,1.11,76,x0E
120920879,POS,0,C6AC,0.13,0.14,0.04,82,x06
120920883,POS,1,0FAC,0.02,0.86,1.07,85,x0E
120920978,POS,0,C6AC,0.13,0.14,0.06,84,x06
120920982,POS,1,0FAC,0.02,0.85,1.04,83,x0E
120921078,POS,0,C6AC,0.13,0.14,0.03,74,x06
120921082,POS,1,0FAC,0.04,0.85,1.05,79,x0E
120921178,POS,0,C6AC,0.13,0.16,0.24,90,x06
120921183,POS,1,0FAC,-0.02,0.96,1.09,60,x0E
120921277,POS,0,C6AC,0.11,0.11,0.17,71,x06
120921282,POS,1,0FAC,-0.01,0.95,1.07,76,x0E
120921378,POS,0,C6AC,0.12,0.11,0.12,76,x06
120921382,POS,1,0FAC,-0.05,1.02,1.11,60,x0E
120921478,POS,0,C6AC,0.12,0.09,0.08,74,x06
120921482,POS,1,0FAC,-0.08,1.07,1.14,62,x0E
120921578,POS,0,C6AC,0.11,0.07,0.05,72,x06
120921582,POS,1,0FAC,-0.10,1.12,1.18,56,x0E
120921678,POS,0,C6AC,0.12,0.09,0.04,79,x06
120921683,POS,1,0FAC,-0.08,1.06,1.19,70,x0E
120921778,POS,0,C6AC,0.12,0.06,0.01,70,x06
120921782,POS,1,0FAC,-0.04,0.99,1.12,86,x0E
120921877,POS,0,C6AC,0.13,0.09,0.01,78,x06
120921881,POS,1,0FAC,-0.07,1.04,1.15,60,x0E
120921979,POS,0,C6AC,0.13,0.10,0.03,83,x06
120921982,POS,1,0FAC,-0.04,0.98,1.13,80,x0E
120922078,POS,0,C6AC,0.13,0.11,0.05,82,x06
120922082,POS,1,0FAC,-0.01,0.93,1.09,85,x0E
120922179,POS,0,C6AC,0.13,0.11,0.05,80,x06
120922183,POS,1,0FAC,-0.02,0.91,1.09,77,x0E
120922277,POS,0,C6AC,0.13,0.10,0.03,73,x06
120922282,POS,1,0FAC,-0.01,0.90,1.07,78,x0E
120922378,POS,0,C6AC,0.14,0.09,0.01,74,x06
120922382,POS,1,0FAC,0.01,0.89,1.08,78,x0E
120922478,POS,0,C6AC,0.13,0.10,0.02,79,x06
120922482,POS,1,0FAC,0.03,0.86,1.06,84,x0E
120922579,POS,0,C6AC,0.13,0.07,0.04,80,x06
120922583,POS,1,0FAC,-0.03,0.98,1.11,52,x0E
120922678,POS,0,C6AC,0.12,0.06,0.02,74,x06
120922683,POS,1,0FAC,-0.00,0.94,1.09,81,x0E
120922778,POS,0,C6AC,0.12,0.05,0.01,72,x06
120922782,POS,1,0FAC,0.01,0.91,1.10,77,x0E
120922878,POS,0,C6AC,0.13,0.08,0.02,81,x06
120922882,POS,1,0FAC,0.01,0.90,1.12,73,x0E
120922979,POS,0,C6AC,0.13,0.05,0.00,71,x06
120922983,POS,1,0FAC,0.02,0.88,1.10,80,x0E
120923078,POS,0,C6AC,0.09,0.01,-0.04,59,x06
120923081,POS,1,0FAC,-0.04,1.00,1.14,52,x0E
120923178,POS,0,C6AC,0.12,0.03,-0.04,74,x06
120923182,POS,1,0FAC,-0.00,0.97,1.10,82,x0E
120923278,POS,0,C6AC,0.12,0.04,-0.05,73,x06
120923282,POS,1,0FAC,-0.04,1.03,1.15,57,x0E
120923379,POS,0,C6AC,0.12,0.07,-0.02,81,x06
120923383,POS,1,0FAC,-0.01,0.98,1.12,81,x0E
120923478,POS,0,C6AC,0.12,0.08,-0.03,74,x06
120923483,POS,1,0FAC,0.04,1.04,0.86,79,x0E
120923578,POS,0,C6AC,0.12,0.07,-0.02,75,x06
120923582,POS,1,0FAC,0.04,1.00,0.93,76,x0E
120923678,POS,0,C6AC,0.13,0.08,0.03,87,x06
120923682,POS,1,0FAC,0.04,0.95,0.98,78,x0E
120923778,POS,0,C6AC,0.14,0.08,0.02,75,x06
120923782,POS,1,0FAC,0.05,0.92,1.01,78,x0E
120923878,POS,0,C6AC,0.10,0.05,0.04,77,x06
120923882,POS,1,0FAC,0.06,0.89,1.02,82,x0E
120923978,POS,0,C6AC,0.10,0.07,0.02,76,x06
120923984,POS,1,0FAC,0.00,0.97,1.05,68,x0E
120924078,POS,0,C6AC,0.11,0.09,0.07,89,x06
120924082,POS,1,0FAC,0.02,0.92,1.04,83,x0E
120924178,POS,0,C6AC,0.10,0.06,0.06,73,x06
120924183,POS,1,0FAC,-0.03,1.00,1.10,57,x0E
120924278,POS,0,C6AC,0.11,0.09,0.02,74,x06
120924281,POS,1,0FAC,-0.02,0.96,1.10,77,x0E
120924379,POS,0,C6AC,0.12,0.07,0.04,79,x06
120924383,POS,1,0FAC,0.00,0.93,1.09,80,x0E
120924478,POS,0,C6AC,0.13,0.10,0.06,86,x06
120924483,POS,1,0FAC,0.02,0.91,1.06,82,x0E
120924579,POS,0,C6AC,0.12,0.09,0.04,73,x06
120924583,POS,1,0FAC,0.01,0.89,1.08,74,x0E
120924677,POS,0,C6AC,0.12,0.10,0.01,73,x06
120924682,POS,1,0FAC,0.03,0.87,1.09,80,x0E
120924778,POS,0,C6AC,0.12,0.07,0.02,77,x06
120924782,POS,1,0FAC,0.03,0.86,1.09,77,x0E
120924878,POS,0,C6AC,0.12,0.10,0.05,86,x06
120924882,POS,1,0FAC,0.04,0.84,1.09,79,x0E
120924978,POS,0,C6AC,0.12,0.08,0.12,89,x06
120924984,POS,1,0FAC,0.03,0.85,1.11,73,x0E
120925077,POS,0,C6AC,0.12,0.08,0.09,77,x06
120925081,POS,1,0FAC,0.03,0.84,1.08,82,x0E
120925179,POS,0,C6AC,0.13,0.09,0.08,80,x06
120925183,POS,1,0FAC,0.02,0.84,1.09,76,x0E
120925278,POS,0,C6AC,0.12,0.09,0.05,74,x06
120925282,POS,1,0FAC,-0.02,0.94,1.13,58,x0E
120925378,POS,0,C6AC,0.12,0.11,0.02,74,x06
120925382,POS,1,0FAC,-0.00,0.92,1.13,76,x0E
120925478,POS,0,C6AC,0.13,0.10,-0.01,70,x06
120925483,POS,1,0FAC,-0.01,0.91,1.13,74,x0E
120925579,POS,0,C6AC,0.12,0.09,-0.02,72,x06
120925583,POS,1,0FAC,0.01,0.86,1.09,86,x0E
120925678,POS,0,C6AC,0.12,0.07,-0.01,77,x06
120925682,POS,1,0FAC,0.03,0.86,1.05,84,x0E
120925778,POS,0,C6AC,0.13,0.11,-0.03,73,x06
120925782,POS,1,0FAC,0.04,0.86,1.07,76,x0E
120925879,POS,0,C6AC,0.12,0.10,0.01,83,x06
120925883,POS,1,0FAC,0.04,0.86,1.08,76,x0E
120925978,POS,0,C6AC,-0.02,-0.11,-0.02,65,x06
120925982,POS,1,0FAC,0.03,0.87,1.10,71,x0E
120926078,POS,0,C6AC,0.03,-0.03,-0.03,74,x06
120926082,POS,1,0FAC,0.04,0.87,1.09,78,x0E
120926178,POS,0,C6AC,0.05,0.02,-0.04,75,x06
120926182,POS,1,0FAC,0.02,0.86,1.09,77,x0E
120926278,POS,0,C6AC,0.09,0.05,-0.05,71,x06
120926283,POS,1,0FAC,0.03,0.84,1.08,83,x0E
120926377,POS,0,C6AC,0.10,0.06,-0.03,79,x06
120926382,POS,1,0FAC,0.02,0.84,1.08,77,x0E
120926479,POS,0,C6AC,0.10,0.07,-0.00,81,x06
120926483,POS,1,0FAC,-0.02,0.93,1.12,60,x0E
120926578,POS,0,C6AC,0.11,0.06,-0.01,74,x06
120926582,POS,1,0FAC,0.01,0.92,1.09,80,x0E
120926679,POS,0,C6AC,0.12,0.10,0.00,81,x06
120926683,POS,1,0FAC,-0.03,1.00,1.12,61,x0E
120926777,POS,0,C6AC,0.12,0.08,-0.00,73,x06
120926781,POS,1,0FAC,-0.01,0.97,1.11,77,x0E
120926878,POS,0,C6AC,0.13,0.10,0.11,94,x06
120926882,POS,1,0FAC,0.01,0.93,1.08,84,x0E
120926978,POS,0,C6AC,0.13,0.10,0.15,89,x06
120926981,POS,1,0FAC,0.02,0.90,1.07,81,x0E
120927078,POS,0,C6AC,0.08,0.03,0.08,61,x06
120927083,POS,1,0FAC,0.04,0.89,1.05,81,x0E
120927178,POS,0,C6AC,0.11,0.06,0.04,74,x06
120927183,POS,1,0FAC,0.02,0.88,1.06,76,x0E
120927278,POS,0,C6AC,0.10,0.09,0.01,72,x06
120927282,POS,1,0FAC,-0.03,0.97,1.09,63,x0E
120927377,POS,0,C6AC,0.13,0.11,-0.01,74,x06
120927381,POS,1,0FAC,-0.03,0.95,1.09,74,x0E
120927478,POS,0,C6AC,0.13,0.13,-0.03,73,x06
120927484,POS,1,0FAC,-0.08,1.06,1.14,48,x0E
120927578,POS,0,C6AC,0.13,0.10,-0.02,76,x06
120927582,POS,1,0FAC,-0.11,1.14,1.17,53,x0E
120927679,POS,0,C6AC,0.13,0.09,0.03,85,x06
120927683,POS,1,0FAC,-0.07,1.06,1.18,74,x0E
120927777,POS,0,C6AC,0.13,0.09,0.07,86,x06
120927782,POS,1,0FAC,-0.03,1.01,1.18,74,x0E
120927879,POS,0,C6AC,0.12,0.10,0.04,76,x06
120927883,POS,1,0FAC,-0.06,1.07,1.19,59,x0E
120927978,POS,0,C6AC,0.12,0.11,0.02,73,x06
120927981,POS,1,0FAC,-0.03,1.01,1.15,81,x0E
120928079,POS,0,C6AC,0.13,0.09,0.01,74,x06
120928083,POS,1,0FAC,-0.03,0.96,1.15,75,x0E
120928178,POS,0,C6AC,0.14,0.10,-0.00,76,x06
120928183,POS,1,0FAC,-0.07,1.03,1.18,59,x0E
120928279,POS,0,C6AC,0.13,0.11,0.02,83,x06
120928282,POS,1,0FAC,-0.09,1.07,1.19,60,x0E
120928377,POS,0,C6AC,0.02,-0.06,-0.02,59,x06
120928382,POS,1,0FAC,-0.06,1.01,1.18,77,x0E
120928479,POS,0,C6AC,0.05,-0.00,-0.03,76,x06
120928482,POS,1,0FAC,-0.04,0.98,1.15,77,x0E
120928578,POS,0,C6AC,0.07,0.04,-0.00,82,x06
120928584,POS,1,0FAC,-0.08,1.03,1.18,58,x0E
120928678,POS,0,C6AC,0.08,0.05,0.05,87,x06
120928682,POS,1,0FAC,-0.04,0.98,1.16,80,x0E
120928778,POS,0,C6AC,0.10,0.08,0.02,74,x06
120928782,POS,1,0FAC,-0.02,0.93,1.11,84,x0E
120928879,POS,0,C6AC,0.11,0.09,0.01,77,x06
120928884,POS,1,0FAC,-0.00,0.91,1.11,78,x0E
120928978,POS,0,C6AC,0.12,0.11,-0.01,72,x06
120928982,POS,1,0FAC,-0.00,0.90,1.11,73,x0E
120929079,POS,0,C6AC,0.12,0.12,0.01,82,x06
120929083,POS,1,0FAC,-0.03,0.98,1.14,62,x0E
120929178,POS,0,C6AC,0.12,0.14,-0.01,73,x06
120929182,POS,1,0FAC,-0.02,0.96,1.12,77,x0E
120929279,POS,0,C6AC,0.13,0.12,0.01,81,x06
120929283,POS,1,0FAC,-0.04,1.01,1.16,59,x0E
120929377,POS,0,C6AC,0.13,0.10,-0.02,70,x06
120929382,POS,1,0FAC,-0.06,0.95,0.82,76,x0E
120929479,POS,0,C6AC,0.12,0.10,0.01,81,x06
120929484,POS,1,0FAC,-0.03,0.92,0.90,76,x0E
120929578,POS,0,C6AC,0.13,0.12,0.06,89,x06
120929583,POS,1,0FAC,-0.06,1.01,1.00,56,x0E
120929679,POS,0,C6AC,0.15,0.14,0.11,91,x06
120929684,POS,1,0FAC,-0.03,0.96,1.02,80,x0E
120929777,POS,0,C6AC,0.14,0.15,0.09,80,x06
120929781,POS,1,0FAC,-0.01,0.94,1.03,78,x0E
120929878,POS,0,C6AC,0.14,0.15,0.09,82,x06
120929882,POS,1,0FAC,0.01,0.90,1.05,80,x0E
120929978,POS,0,C6AC,0.13,0.15,0.07,79,x06
120929983,POS,1,0FAC,-0.00,0.89,1.08,72,x0E
120930078,POS,0,C6AC,0.14,0.12,0.07,79,x06
120930081,POS,1,0FAC,-0.01,0.88,1.07,76,x0E
120930177,POS,0,C6AC,0.13,0.08,0.04,69,x06
120930181,POS,1,0FAC,-0.03,0.95,1.11,63,x0E
120930278,POS,0,C6AC,0.14,0.11,0.00,73,x06
120930281,POS,1,0FAC,-0.07,1.03,1.15,55,x0E
120930377,POS,0,C6AC,0.13,0.12,0.05,87,x06
120930382,POS,1,0FAC,-0.02,0.97,1.12,83,x0E
120930478,POS,0,C6AC,0.13,0.12,0.06,83,x06
120930483,POS,1,0FAC,0.00,0.94,1.12,78,x0E
120930578,POS,0,C6AC,0.13,0.09,0.09,83,x06
120930585,POS,1,0FAC,0.02,0.91,1.10,81,x0E
120930677,POS,0,C6AC,0.13,0.07,0.05,71,x06
120930690,POS,1,0FAC,0.04,0.89,1.09,80,x0E
120930778,POS,0,C6AC,0.12,0.06,0.04,76,x06
120930781,POS,1,0FAC,0.05,0.88,1.08,81,x0E
120930879,POS,0,C6AC,0.13,0.07,0.07,86,x06
120930883,POS,1,0FAC,0.06,0.87,1.08,79,x0E
120930978,POS,0,C6AC,0.13,0.05,0.08,80,x06
120930983,POS,1,0FAC,0.06,0.85,1.07,81,x0E
120931078,POS,0,C6AC,0.13,0.08,0.04,73,x06
120931081,POS,1,0FAC,0.06,0.85,1.06,82,x0E
120931177,POS,0,C6AC,0.13,0.10,0.02,75,x06
120931181,POS,1,0FAC,0.04,0.84,1.07,75,x0E
120931279,POS,0,C6AC,0.01,-0.06,-0.03,58,x06
120931284,POS,1,0FAC,0.04,0.84,1.09,76,x0E
120931378,POS,0,C6AC,0.04,-0.02,-0.05,71,x06
120931383,POS,1,0FAC,-0.01,0.93,1.14,59,x0E
120931479,POS,0,C6AC,0.05,-0.01,-0.05,72,x06
120931482,POS,1,0FAC,-0.05,0.90,1.19,61,x0E
120931578,POS,0,C6AC,0.07,-0.01,-0.02,78,x06
120931583,POS,1,0FAC,-0.06,0.88,1.19,71,x0E
120931677,POS,0,C6AC,0.08,-0.00,-0.00,77,x06
120931682,POS,1,0FAC,-0.07,0.90,0.91,65,x0E
120931778,POS,0,C6AC,0.10,0.03,-0.03,71,x06
120931783,POS,1,0FAC,-0.13,1.03,1.01,45,x0E
120931879,POS,0,C6AC,0.11,0.03,-0.03,74,x06
120931882,POS,1,0FAC,-0.15,0.98,0.69,51,x0E
120931978,POS,0,C6AC,0.11,0.02,-0.02,74,x06
120931984,POS,1,0FAC,-0.19,1.12,0.84,51,x0E
120932078,POS,0,C6AC,0.11,0.04,0.02,85,x06
120932081,POS,1,0FAC,-0.16,1.10,0.84,73,x0E
120932179,POS,0,C6AC,0.12,0.07,-0.00,73,x06
120932182,POS,1,0FAC,-0.14,1.04,0.90,74,x0E
120932277,POS,0,C6AC,0.13,0.10,-0.03,72,x06
120932283,POS,1,0FAC,-0.12,0.99,0.95,76,x0E
120932379,POS,0,C6AC,0.12,0.06,-0.02,73,x06
120932383,POS,1,0FAC,-0.09,0.95,0.93,84,x0E
120932478,POS,0,C6AC,0.12,0.07,-0.03,74,x06
120932481,POS,1,0FAC,-0.10,1.01,0.80,68,x0E
120932578,POS,0,C6AC,0.11,0.05,-0.02,73,x06
120932583,POS,1,0FAC,-0.04,0.91,0.90,78,x0E
120932678,POS,0,C6AC,0.10,0.05,-0.01,78,x06
120932682,POS,1,0FAC,-0.05,0.87,0.92,82,x0E
120932778,POS,0,C6AC,0.10,0.06,0.01,82,x06
120932781,POS,1,0FAC,-0.02,0.85,0.69,70,x0E
120932878,POS,0,C6AC,0.12,0.09,-0.02,71,x06
120932883,POS,1,0FAC,-0.02,0.84,0.76,82,x0E
120932979,POS,0,C6AC,0.11,0.09,-0.03,72,x06
120932983,POS,1,0FAC,-0.01,0.83,0.88,73,x0E
120933078,POS,0,C6AC,0.12,0.10,-0.04,74,x06
120933082,POS,1,0FAC,-0.01,0.81,0.90,83,x0E
120933178,POS,0,C6AC,0.12,0.08,-0.02,76,x06
120933183,POS,1,0FAC,-0.02,0.87,0.96,67,x0E
120933278,POS,0,C6AC,0.12,0.10,0.01,85,x06
120933283,POS,1,0FAC,-0.02,0.85,0.94,84,x0E
120933379,POS,0,C6AC,0.11,0.06,0.03,77,x06
120933384,POS,1,0FAC,-0.03,0.90,1.00,64,x0E
120933477,POS,0,C6AC,0.12,0.07,0.01,73,x06
120933483,POS,1,0FAC,-0.06,0.98,1.05,61,x0E
120933579,POS,0,C6AC,0.09,0.03,0.02,75,x06
120933583,POS,1,0FAC,-0.05,0.94,1.05,79,x0E
120933678,POS,0,C6AC,0.10,0.05,0.04,81,x06
120933682,POS,1,0FAC,-0.03,0.92,1.06,78,x0E
120933779,POS,0,C6AC,0.12,0.06,0.01,73,x06
120933783,POS,1,0FAC,-0.02,0.90,1.03,81,x0E
120933878,POS,0,C6AC,0.12,0.08,0.01,78,x06
120933881,POS,1,0FAC,-0.04,0.97,1.07,66,x0E
120933979,POS,0,C6AC,0.12,0.09,0.07,89,x06
120933983,POS,1,0FAC,-0.06,1.02,1.12,60,x0E
120934078,POS,0,C6AC,0.12,0.07,0.06,76,x06
120934082,POS,1,0FAC,-0.03,0.96,1.15,73,x0E
120934179,POS,0,C6AC,0.11,0.03,0.29,75,x06
120934182,POS,1,0FAC,-0.05,1.00,1.17,61,x0E
120934278,POS,0,C6AC,0.12,0.06,0.23,81,x06
120934282,POS,1,0FAC,-0.03,0.95,1.19,73,x0E
120934379,POS,0,C6AC,0.12,0.05,0.18,76,x06
120934385,POS,1,0FAC,-0.02,0.96,1.17,70,x0E
120934478,POS,0,C6AC,0.13,0.07,0.11,72,x06
120934481,POS,1,0FAC,-0.01,0.97,1.16,69,x0E
120934579,POS,0,C6AC,0.07,-0.01,0.08,64,x06
120934583,POS,1,0FAC,-0.05,1.00,1.17,61,x0E
120934678,POS,0,C6AC,0.01,-0.08,0.00,51,x06
120934682,POS,1,0FAC,-0.04,0.99,1.17,68,x0E
120934778,POS,0,C6AC,-0.03,-0.11,-0.04,56,x06
120934786,POS,1,0FAC,-0.02,0.99,1.17,69,x0E
120934878,POS,0,C6AC,-0.02,-0.06,-0.10,60,x06
120934882,POS,1,0FAC,-0.01,0.95,1.13,82,x0E
120934979,POS,0,C6AC,-0.04,-0.10,-0.12,56,x06
120934982,POS,1,0FAC,-0.01,0.90,1.07,87,x0E
120935077,POS,0,C6AC,-0.03,-0.10,-0.10,70,x06
120935082,POS,1,0FAC,-0.03,0.93,1.12,59,x0E
120935178,POS,0,C6AC,-0.02,-0.05,-0.07,78,x06
120935184,POS,1,0FAC,-0.03,0.96,1.06,72,x0E
120935278,POS,0,C6AC,-0.01,-0.09,-0.09,60,x06
120935284,POS,1,0FAC,-0.01,0.91,1.09,77,x0E
120935379,POS,0,C6AC,-0.00,-0.05,-0.11,65,x06
120935383,POS,1,0FAC,0.00,0.88,1.12,75,x0E
120935478,POS,0,C6AC,0.01,-0.02,-0.15,60,x06
120935482,POS,1,0FAC,-0.00,0.90,1.12,71,x0E
120935578,POS,0,C6AC,0.01,-0.06,-0.08,72,x06
120935584,POS,1,0FAC,-0.01,0.92,1.13,67,x0E
120935678,POS,0,C6AC,0.01,-0.10,0.22,63,x06
120935682,POS,1,0FAC,-0.01,0.89,1.10,82,x0E
120935777,POS,0,C6AC,-0.01,-0.15,0.14,57,x06
120935781,POS,1,0FAC,-0.01,0.91,1.12,68,x0E
120935878,POS,0,C6AC,-0.06,-0.25,0.14,58,x06
120935883,POS,1,0FAC,-0.01,0.91,1.13,71,x0E
120935979,POS,0,C6AC,0.04,-0.20,0.02,58,x06
120935983,POS,1,0FAC,0.02,0.87,1.06,89,x0E
120936078,POS,0,C6AC,0.04,-0.16,0.03,76,x06
120936082,POS,1,0FAC,0.02,0.91,1.07,69,x0E
120936178,POS,0,C6AC,0.02,-0.21,-0.01,55,x06
120936182,POS,1,0FAC,0.02,0.88,1.07,80,x0E
120936278,POS,0,C6AC,-0.03,-0.29,-0.04,58,x06
120936282,POS,1,0FAC,0.02,0.86,1.02,86,x0E
120936379,POS,0,C6AC,0.09,-0.11,-0.05,74,x06
120936383,POS,1,0FAC,0.02,0.84,1.01,84,x0E
120936478,POS,0,C6AC,0.08,-0.11,0.22,73,x06
120936482,POS,1,0FAC,0.01,0.83,1.00,81,x0E
120936578,POS,0,C6AC,0.11,-0.20,0.11,65,x06
120936582,POS,1,0FAC,0.01,0.81,1.02,81,x0E
120936678,POS,0,C6AC,0.03,-0.31,0.03,63,x06
120936682,POS,1,0FAC,0.05,0.79,0.78,77,x0E
120936779,POS,0,C6AC,0.14,-0.13,0.03,80,x06
120936782,POS,1,0FAC,0.06,0.79,0.85,82,x0E
120936878,POS,0,C6AC,0.06,-0.24,0.03,60,x06
120936881,POS,1,0FAC,0.08,0.77,0.88,87,x0E
120936978,POS,0,C6AC,0.15,-0.12,0.02,78,x06
120936982,POS,1,0FAC,0.07,0.83,0.94,71,x0E
120937078,POS,0,C6AC,0.07,-0.23,0.04,60,x06
120937083,POS,1,0FAC,0.07,0.82,0.98,79,x0E
120937179,POS,0,C6AC,-0.02,-0.34,0.03,63,x06
120937182,POS,1,0FAC,0.04,0.88,1.06,58,x0E
120937278,POS,0,C6AC,0.06,-0.30,-0.03,59,x06
120937284,POS,1,0FAC,0.04,0.85,1.03,86,x0E
120937379,POS,0,C6AC,0.08,-0.27,-0.01,69,x06
120937383,POS,1,0FAC,0.01,0.93,1.10,59,x0E
120937478,POS,0,C6AC,-0.01,-0.36,-0.03,62,x06
120937482,POS,1,0FAC,0.01,0.89,1.08,82,x0E
120937578,POS,0,C6AC,0.10,-0.18,-0.05,72,x06
120937582,POS,1,0FAC,0.02,0.87,1.08,80,x0E
120937678,POS,0,C6AC,0.18,-0.05,-0.03,80,x06
120937682,POS,1,0FAC,0.02,0.84,1.04,85,x0E
120937779,POS,0,C6AC,0.06,-0.25,0.01,71,x06
120937781,POS,1,0FAC,0.04,0.87,1.00,80,x0E
120937878,POS,0,C6AC,-0.03,-0.38,0.03,69,x06
120937882,POS,1,0FAC,0.05,0.85,1.00,85,x0E
120937979,POS,0,C6AC,-0.11,-0.51,0.03,73,x06
120937983,POS,1,0FAC,0.06,0.84,1.01,81,x0E
120938078,POS,0,C6AC,-0.12,-0.58,0.01,69,x06
120938082,POS,1,0FAC,0.07,0.83,1.03,81,x0E
120938179,POS,0,C6AC,-0.15,-0.63,0.01,69,x06
120938183,POS,1,0FAC,0.09,0.82,0.84,84,x0E
120938278,POS,0,C6AC,-0.18,-0.69,-0.01,72,x06
120938283,POS,1,0FAC,0.09,0.79,0.89,85,x0E
120938379,POS,0,C6AC,-0.18,-0.72,-0.03,70,x06
120938384,POS,1,0FAC,0.10,0.82,0.89,83,x0E
120938478,POS,0,C6AC,-0.07,-0.56,-0.04,66,x06
120938483,POS,1,0FAC,0.10,0.79,0.91,87,x0E
120938579,POS,0,C6AC,-0.13,-0.64,-0.06,73,x06
120938582,POS,1,0FAC,0.09,0.81,0.95,80,x0E
120938678,POS,0,C6AC,-0.14,-0.67,-0.07,68,x06
120938683,POS,1,0FAC,0.09,0.79,0.98,82,x0E
120938779,POS,0,C6AC,0.04,-0.40,0.02,92,x06
120938782,POS,1,0FAC,0.08,0.79,0.97,83,x0E
120938877,POS,0,C6AC,0.07,-0.38,-0.03,59,x06
120938883,POS,1,0FAC,0.05,0.83,0.99,74,x0E
120938979,POS,0,C6AC,0.20,-0.19,0.05,91,x06
120938983,POS,1,0FAC,0.07,0.78,1.02,81,x0E
120939078,POS,0,C6AC,0.30,-0.07,0.10,88,x06
120939082,POS,1,0FAC,0.06,0.73,1.05,80,x0E
120939179,POS,0,C6AC,0.37,0.02,0.08,78,x06
120939183,POS,1,0FAC,0.06,0.69,1.05,84,x0E
120939278,POS,0,C6AC,0.37,0.04,0.04,71,x06
120939282,POS,1,0FAC,0.09,0.67,0.84,87,x0E
120939379,POS,0,C6AC,0.41,0.07,0.01,71,x06
120939383,POS,1,0FAC,0.10,0.65,0.82,96,x0E
120939477,POS,0,C6AC,0.46,0.14,0.03,81,x06
120939481,POS,1,0FAC,0.10,0.65,0.93,74,x0E
120939578,POS,0,C6AC,0.51,0.20,0.07,86,x06
120939583,POS,1,0FAC,0.10,0.65,0.96,84,x0E
120939678,POS,0,C6AC,0.53,0.18,-0.02,56,x06
120939682,POS,1,0FAC,0.11,0.63,0.96,89,x0E
120939778,POS,0,C6AC,0.55,0.13,-0.10,50,x06
120939782,POS,1,0FAC,0.12,0.61,0.71,75,x0E
120939878,POS,0,C6AC,0.37,-0.10,-0.10,70,x06
120939882,POS,1,0FAC,0.12,0.53,0.80,82,x0E
120939979,POS,0,C6AC,0.44,-0.06,-0.17,48,x06
120939983,POS,1,0FAC,0.14,0.57,0.58,72,x0E
120940078,POS,0,C6AC,0.50,-0.05,-0.23,49,x06
120940083,POS,1,0FAC,0.18,0.49,0.73,78,x0E
120940179,POS,0,C6AC,0.53,-0.05,-0.28,51,x06
120940183,POS,1,0FAC,0.15,0.35,0.91,56,x0E
120940278,POS,0,C6AC,0.57,-0.05,-0.32,49,x06
120940282,POS,1,0FAC,0.15,0.37,0.98,77,x0E
120940379,POS,0,C6AC,0.40,-0.24,-0.28,71,x06
120940383,POS,1,0FAC,0.14,0.34,1.04,73,x0E
120940478,POS,0,C6AC,0.40,-0.17,-0.19,76,x06
120940482,POS,1,0FAC,0.15,0.32,1.07,77,x0E
120940578,POS,0,C6AC,0.39,-0.13,-0.14,73,x06
120940583,POS,1,0FAC,0.14,0.34,1.10,77,x0E
120940678,POS,0,C6AC,0.38,-0.11,-0.09,75,x06
120940682,POS,1,0FAC,0.14,0.30,1.12,75,x0E
120940778,POS,0,C6AC,0.32,-0.16,-0.01,71,x06
120940781,POS,1,0FAC,0.13,0.27,1.15,73,x0E
120940878,POS,0,C6AC,0.27,-0.22,0.02,62,x06
120940882,POS,1,0FAC,0.13,0.17,1.21,57,x0E
120940979,POS,0,C6AC,0.26,-0.25,0.02,61,x06
120940983,POS,1,0FAC,0.20,0.06,1.21,64,x0E
120941078,POS,0,C6AC,0.24,-0.19,0.29,76,x06
120941082,POS,1,0FAC,0.19,0.07,1.21,71,x0E
120941179,POS,0,C6AC,0.16,-0.31,0.20,67,x06
120941182,POS,1,0FAC,0.23,0.03,1.18,77,x0E
120941278,POS,0,C6AC,0.17,-0.27,0.28,85,x06
120941282,POS,1,0FAC,0.20,0.08,1.17,77,x0E
120941379,POS,0,C6AC,0.17,-0.23,0.46,77,x06
120941383,POS,1,0FAC,0.17,0.04,1.23,56,x0E
120941477,POS,0,C6AC,0.17,-0.20,0.59,75,x06
120941481,POS,1,0FAC,0.14,0.01,1.25,60,x0E
120941578,POS,0,C6AC,0.19,-0.20,0.47,71,x06
120941582,POS,1,0FAC,0.14,0.04,1.21,79,x0E
120941677,POS,0,C6AC,0.16,-0.08,0.78,55,x06
120941682,POS,1,0FAC,0.13,0.10,1.20,76,x0E
120941777,POS,0,C6AC,0.15,-0.02,0.43,56,x06
120941781,POS,1,0FAC,0.11,0.14,1.20,74,x0E
120941878,POS,0,C6AC,0.15,-0.06,0.16,63,x06
120941882,POS,1,0FAC,0.12,0.18,1.19,79,x0E
120941976,POS,0,C6AC,0.10,-0.02,0.47,59,x06
120941981,POS,1,0FAC,0.10,0.20,1.17,78,x0E
120942078,POS,0,C6AC,0.05,-0.00,0.69,58,x06
120942083,POS,1,0FAC,0.09,0.25,1.13,86,x0E
120942177,POS,0,C6AC,0.00,0.01,0.89,50,x06
120942181,POS,1,0FAC,0.08,0.23,1.14,75,x0E
120942278,POS,0,C6AC,0.02,-0.01,0.66,73,x06
120942282,POS,1,0FAC,0.15,0.11,1.11,71,x0E
120942378,POS,0,C6AC,0.03,-0.02,0.49,72,x06
120942383,POS,1,0FAC,0.13,0.14,1.12,77,x0E
120942478,POS,0,C6AC,0.04,-0.03,0.36,71,x06
120942483,POS,1,0FAC,0.20,-0.01,1.12,59,x0E
120942578,POS,0,C6AC,0.01,-0.18,0.26,65,x06
120942583,POS,1,0FAC,0.24,-0.08,1.09,71,x0E
120942678,POS,0,C6AC,-0.02,-0.34,0.16,71,x06
120942682,POS,1,0FAC,0.24,-0.12,1.12,65,x0E
120942777,POS,0,C6AC,-0.05,-0.26,0.02,46,x06
120942781,POS,1,0FAC,0.20,-0.12,1.12,68,x0E
120942878,POS,0,C6AC,-0.09,-0.22,-0.05,53,x06
120942882,POS,1,0FAC,0.18,-0.02,1.07,88,x0E
120942978,POS,0,C6AC,-0.09,-0.36,-0.04,69,x06
120942982,POS,1,0FAC,0.16,0.02,0.81,79,x0E
120943078,POS,0,C6AC,-0.05,-0.35,-0.02,64,x06
120943083,POS,1,0FAC,0.16,0.06,0.84,87,x0E
120943178,POS,0,C6AC,-0.03,-0.34,-0.02,61,x06
120943182,POS,1,0FAC,0.15,0.10,0.75,95,x0E
120943278,POS,0,C6AC,0.00,-0.32,0.04,75,x06
120943282,POS,1,0FAC,0.15,0.16,0.85,80,x0E
120943378,POS,0,C6AC,0.05,-0.25,0.30,74,x06
120943383,POS,1,0FAC,0.18,0.17,0.70,90,x0E
120943478,POS,0,C6AC,0.07,-0.25,0.27,75,x06
120943483,POS,1,0FAC,0.17,0.16,0.80,77,x0E
120943578,POS,0,C6AC,0.11,-0.21,0.47,75,x06
120943582,POS,1,0FAC,0.15,0.22,0.87,83,x0E
120943677,POS,0,C6AC,0.13,-0.21,0.62,69,x06
120943683,POS,1,0FAC,0.12,0.26,0.93,80,x0E
120943776,POS,0,C6AC,0.14,-0.23,0.76,62,x06
120943782,POS,1,0FAC,0.10,0.29,0.95,85,x0E
120943878,POS,0,C6AC,0.17,-0.26,0.83,67,x06
120943882,POS,1,0FAC,0.09,0.31,0.99,81,x0E
120943978,POS,0,C6AC,0.18,-0.21,0.87,79,x06
120943982,POS,1,0FAC,0.08,0.32,1.04,76,x0E
120944078,POS,0,C6AC,0.20,-0.25,0.89,69,x06
120944083,POS,1,0FAC,0.07,0.35,1.07,79,x0E
120944178,POS,0,C6AC,0.18,-0.25,0.95,63,x06
120944182,POS,1,0FAC,0.13,0.19,1.08,68,x0E
120944278,POS,0,C6AC,0.17,-0.25,0.92,76,x06
120944282,POS,1,0FAC,0.17,0.10,1.12,65,x0E
120944378,POS,0,C6AC,0.19,-0.20,0.97,74,x06
120944384,POS,1,0FAC,0.13,0.15,1.14,74,x0E
120944478,POS,0,C6AC,0.18,-0.22,0.79,75,x06
120944483,POS,1,0FAC,0.17,0.06,1.16,64,x0E
120944578,POS,0,C6AC,0.19,-0.21,0.83,76,x06
120944582,POS,1,0FAC,0.21,-0.00,1.15,71,x0E
120944678,POS,0,C6AC,0.20,-0.15,0.89,78,x06
120944682,POS,1,0FAC,0.21,-0.01,1.15,73,x0E
120944778,POS,0,C6AC,0.11,-0.27,0.63,65,x06
120944782,POS,1,0FAC,0.20,-0.03,1.16,68,x0E
120944878,POS,0,C6AC,0.13,-0.21,0.75,75,x06
120944882,POS,1,0FAC,0.22,-0.09,1.17,63,x0E
120944978,POS,0,C6AC,0.14,-0.16,0.85,71,x06
120944981,POS,1,0FAC,0.24,-0.12,1.13,75,x0E
120945078,POS,0,C6AC,0.15,-0.17,0.92,67,x06
120945083,POS,1,0FAC,0.18,-0.02,1.15,73,x0E
120945178,POS,0,C6AC,0.16,-0.14,0.98,70,x06
120945182,POS,1,0FAC,0.14,0.05,1.12,82,x0E
120945278,POS,0,C6AC,0.16,-0.16,0.99,71,x06
120945281,POS,1,0FAC,0.14,0.02,1.13,69,x0E
120945378,POS,0,C6AC,0.16,-0.14,1.04,68,x06
120945382,POS,1,0FAC,0.10,0.10,1.15,73,x0E
120945478,POS,0,C6AC,0.16,-0.11,1.07,71,x06
120945482,POS,1,0FAC,0.07,0.15,1.17,72,x0E
120945578,POS,0,C6AC,0.16,-0.09,1.08,75,x06
120945581,POS,1,0FAC,0.12,0.04,1.10,76,x0E
120945678,POS,0,C6AC,0.16,-0.08,1.10,71,x06
120945692,POS,1,0FAC,0.08,0.12,1.08,83,x0E
120945777,POS,0,C6AC,0.09,-0.22,0.88,63,x06
120945782,POS,1,0FAC,0.11,0.04,1.08,70,x0E
120945878,POS,0,C6AC,0.04,-0.34,0.65,66,x06
120945880,POS,1,0FAC,0.12,-0.01,1.11,65,x0E
120945978,POS,0,C6AC,0.07,-0.27,0.50,74,x06
120945982,POS,1,0FAC,0.14,-0.02,1.11,73,x0E
120946078,POS,0,C6AC,-0.04,-0.48,0.37,80,x06
120946082,POS,1,0FAC,0.13,-0.01,1.14,68,x0E
120946178,POS,0,C6AC,-0.02,-0.47,0.30,60,x06
120946182,POS,1,0FAC,0.10,0.06,1.13,80,x0E
120946277,POS,0,C6AC,-0.04,-0.50,0.26,62,x06
120946281,POS,1,0FAC,0.07,0.11,1.11,80,x0E
120946378,POS,0,C6AC,0.01,-0.42,0.24,77,x06
120946382,POS,1,0FAC,0.11,0.04,1.11,70,x0E
120946478,POS,0,C6AC,-0.05,-0.56,0.14,77,x06
120946483,POS,1,0FAC,0.12,0.02,1.13,69,x0E
120946578,POS,0,C6AC,-0.00,-0.51,0.19,73,x06
120946581,POS,1,0FAC,0.11,0.04,1.08,83,x0E
120946678,POS,0,C6AC,0.03,-0.46,0.18,66,x06
120946683,POS,1,0FAC,0.14,-0.01,1.11,66,x0E
120946778,POS,0,C6AC,0.05,-0.47,0.25,66,x06
120946782,POS,1,0FAC,0.17,-0.05,1.10,73,x0E
120946878,POS,0,C6AC,0.07,-0.47,0.25,62,x06
120946882,POS,1,0FAC,0.12,0.03,1.11,75,x0E
120946978,POS,0,C6AC,0.08,-0.47,0.26,64,x06
120946981,POS,1,0FAC,0.15,-0.02,1.10,72,x0E
120947078,POS,0,C6AC,0.08,-0.53,0.20,69,x06
120947083,POS,1,0FAC,0.15,-0.03,1.14,66,x0E
120947177,POS,0,C6AC,0.08,-0.54,0.40,65,x06
120947181,POS,1,0FAC,0.11,0.08,1.14,77,x0E
120947278,POS,0,C6AC,0.06,-0.63,0.27,75,x06
120947282,POS,1,0FAC,0.14,0.03,1.13,74,x0E
120947378,POS,0,C6AC,0.02,-0.74,0.32,78,x06
120947381,POS,1,0FAC,0.15,0.01,1.15,68,x0E
120947478,POS,0,C6AC,0.04,-0.69,0.53,65,x06
120947482,POS,1,0FAC,0.15,-0.01,1.15,70,x0E
120947578,POS,0,C6AC,0.07,-0.70,0.64,68,x06
120947581,POS,1,0FAC,0.14,-0.00,1.17,68,x0E
120947677,POS,0,C6AC,0.07,-0.70,0.75,69,x06
120947681,POS,1,0FAC,0.13,0.09,0.89,81,x0E
120947778,POS,0,C6AC,0.08,-0.68,0.55,67,x06
120947781,POS,1,0FAC,0.11,0.11,0.91,82,x0E
120947877,POS,0,C6AC,0.07,-0.70,0.66,71,x06
120947882,POS,1,0FAC,0.04,0.05,0.66,61,x0E
120947977,POS,0,C6AC,0.07,-0.72,0.80,71,x06
120947980,POS,1,0FAC,0.03,0.04,0.56,82,x0E
120948078,POS,0,C6AC,0.09,-0.78,0.82,73,x06
120948082,POS,1,0FAC,0.02,0.01,0.44,75,x0E
120948177,POS,0,C6AC,0.09,-0.78,0.89,71,x06
120948181,POS,1,0FAC,0.04,0.01,0.30,67,x0E
120948278,POS,0,C6AC,0.09,-0.80,0.92,71,x06
120948282,POS,1,0FAC,0.08,0.08,0.16,63,x0E
120948377,POS,0,C6AC,0.09,-0.79,0.98,70,x06
120948383,POS,1,0FAC,0.09,0.10,0.48,60,x0E
120948478,POS,0,C6AC,0.10,-0.87,1.01,77,x06
120948482,POS,1,0FAC,0.10,0.10,0.68,67,x0E
120948578,POS,0,C6AC,0.09,-0.85,1.04,71,x06
120948582,POS,1,0FAC,0.10,0.10,0.81,73,x0E
120948677,POS,0,C6AC,0.10,-0.92,1.06,77,x06
120948682,POS,1,0FAC,0.11,0.07,0.90,71,x0E
120948778,POS,0,C6AC,0.11,-0.97,1.09,77,x06
120948782,POS,1,0FAC,0.12,0.04,0.94,75,x0E
120948878,POS,0,C6AC,0.11,-1.03,1.11,78,x06
120948881,POS,1,0FAC,0.13,0.02,0.68,67,x0E
120948977,POS,0,C6AC,0.10,-0.98,1.12,72,x06
120948980,POS,1,0FAC,0.14,-0.04,0.49,63,x0E
120949078,POS,0,C6AC,0.09,-0.95,1.13,72,x06
120949081,POS,1,0FAC,0.13,-0.07,0.35,65,x0E
120949177,POS,0,C6AC,0.11,-1.05,1.12,81,x06
120949183,POS,1,0FAC,0.06,-0.08,0.64,53,x0E
120949278,POS,0,C6AC,0.10,-1.02,1.13,73,x06
120949282,POS,1,0FAC,0.07,-0.12,0.48,65,x0E
120949377,POS,0,C6AC,0.11,-1.07,1.13,79,x06
120949381,POS,1,0FAC,0.07,-0.13,0.66,63,x0E
120949478,POS,0,C6AC,0.09,-1.04,1.10,75,x06
120949483,POS,1,0FAC,0.08,-0.24,0.47,64,x0E
120949577,POS,0,C6AC,0.10,-1.12,1.11,81,x06
120949582,POS,1,0FAC,0.09,-0.31,0.32,66,x0E
120949677,POS,0,C6AC,0.12,-1.20,0.97,83,x06
120949681,POS,1,0FAC,0.11,-0.33,0.28,66,x0E
120949778,POS,0,C6AC,0.11,-1.25,0.99,82,x06
120949782,POS,1,0FAC,0.08,-0.43,0.27,68,x0E
120949878,POS,0,C6AC,0.11,-1.24,1.02,78,x06
120949882,POS,1,0FAC,0.09,-0.48,0.25,66,x0E
120949977,POS,0,C6AC,0.12,-1.26,1.01,80,x06
120949982,POS,1,0FAC,0.11,-0.45,0.20,61,x0E
120950078,POS,0,C6AC,0.10,-1.19,1.04,76,x06
120950082,POS,1,0FAC,0.14,-0.40,0.15,63,x0E
120950178,POS,0,C6AC,0.09,-1.19,1.03,79,x06
120950183,POS,1,0FAC,0.11,-0.45,0.06,65,x0E
120950278,POS,0,C6AC,0.09,-1.21,1.06,80,x06
120950282,POS,1,0FAC,0.12,-0.40,0.06,68,x0E
120950378,POS,0,C6AC,0.08,-1.21,1.06,79,x06
120950382,POS,1,0FAC,0.10,-0.44,-0.00,65,x0E
120950478,POS,0,C6AC,0.07,-1.16,1.07,76,x06
120950483,POS,1,0FAC,0.07,-0.49,-0.03,66,x0E
120950578,POS,0,C6AC,0.07,-1.11,1.08,75,x06
120950582,POS,1,0FAC,0.09,-0.46,-0.02,60,x0E
120950678,POS,0,C6AC,0.06,-1.09,1.08,76,x06
120950682,POS,1,0FAC,0.10,-0.45,-0.02,61,x0E
120950777,POS,0,C6AC,0.07,-1.10,1.11,77,x06
120950781,POS,1,0FAC,0.11,-0.43,-0.01,60,x0E
120950878,POS,0,C6AC,0.09,-1.16,0.96,82,x06
120950881,POS,1,0FAC,0.12,-0.42,-0.00,59,x0E
120950977,POS,0,C6AC,0.08,-1.10,1.03,74,x06
120950981,POS,1,0FAC,0.12,-0.41,-0.01,60,x0E
120951078,POS,0,C6AC,0.07,-1.06,1.06,75,x06
120951082,POS,1,0FAC,0.09,-0.46,-0.02,65,x0E
120951177,POS,0,C6AC,0.09,-1.12,1.05,80,x06
120951182,POS,1,0FAC,0.11,-0.46,-0.02,63,x0E
120951278,POS,0,C6AC,0.11,-1.17,1.08,80,x06
120951282,POS,1,0FAC,0.12,-0.46,-0.03,61,x0E
120951378,POS,0,C6AC,0.11,-1.17,1.07,78,x06
120951382,POS,1,0FAC,0.11,-0.49,0.06,64,x0E
120951478,POS,0,C6AC,0.10,-1.18,1.05,79,x06
120951483,POS,1,0FAC,0.12,-0.45,0.05,62,x0E
120951578,POS,0,C6AC,0.12,-1.20,1.05,79,x06
120951581,POS,1,0FAC,0.13,-0.42,0.03,59,x0E
120951678,POS,0,C6AC,0.15,-1.30,0.92,86,x06
120951682,POS,1,0FAC,0.11,-0.45,-0.01,64,x0E
120951778,POS,0,C6AC,0.13,-1.27,0.95,78,x06
120951782,POS,1,0FAC,0.11,-0.44,-0.00,59,x0E
120951878,POS,0,C6AC,0.11,-1.18,1.02,74,x06
120951881,POS,1,0FAC,0.10,-0.48,-0.02,65,x0E
120951977,POS,0,C6AC,0.10,-1.14,1.06,76,x06
120951982,POS,1,0FAC,0.09,-0.47,-0.06,62,x0E
120952077,POS,0,C6AC,0.08,-1.13,1.07,77,x06
120952080,POS,1,0FAC,0.10,-0.47,-0.04,62,x0E
120952178,POS,0,C6AC,0.08,-1.10,1.11,76,x06
120952182,POS,1,0FAC,0.11,-0.45,-0.04,60,x0E
120952278,POS,0,C6AC,0.07,-1.10,1.10,77,x06
120952282,POS,1,0FAC,0.11,-0.46,0.02,62,x0E
120952378,POS,0,C6AC,0.06,-1.09,1.10,76,x06
120952382,POS,1,0FAC,0.10,-0.49,-0.02,66,x0E
120952478,POS,0,C6AC,0.06,-1.13,1.09,80,x06
120952483,POS,1,0FAC,0.12,-0.48,-0.01,62,x0E
120952577,POS,0,C6AC,0.05,-1.10,1.09,76,x06
120952582,POS,1,0FAC,0.13,-0.48,0.04,62,x0E
120952677,POS,0,C6AC,0.04,-1.08,1.11,76,x06
120952681,POS,1,0FAC,0.13,-0.44,0.02,60,x0E
120952777,POS,0,C6AC,0.06,-1.17,1.12,82,x06
120952781,POS,1,0FAC,0.14,-0.42,0.00,60,x0E
120952878,POS,0,C6AC,0.06,-1.14,1.13,76,x06
120952882,POS,1,0FAC,0.15,-0.44,0.04,63,x0E
120952978,POS,0,C6AC,0.06,-1.10,1.14,75,x06
120952982,POS,1,0FAC,0.15,-0.46,0.04,64,x0E
120953078,POS,0,C6AC,0.06,-1.14,1.14,80,x06
120953081,POS,1,0FAC,0.13,-0.51,0.27,67,x0E
120953178,POS,0,C6AC,0.05,-1.09,1.15,75,x06
120953182,POS,1,0FAC,0.13,-0.51,0.23,64,x0E
120953278,POS,0,C6AC,0.06,-1.18,1.12,83,x06
120953283,POS,1,0FAC,0.14,-0.49,0.19,62,x0E
120953378,POS,0,C6AC,0.08,-1.26,1.12,84,x06
120953382,POS,1,0FAC,0.14,-0.53,0.14,67,x0E
120953478,POS,0,C6AC,0.07,-1.19,1.13,75,x06
120953483,POS,1,0FAC,0.10,-0.57,0.09,68,x0E
120953577,POS,0,C6AC,0.06,-1.16,1.11,77,x06
120953582,POS,1,0FAC,0.10,-0.57,0.09,64,x0E
120953678,POS,0,C6AC,0.07,-1.22,1.12,82,x06
120953682,POS,1,0FAC,0.11,-0.53,0.07,61,x0E
120953777,POS,0,C6AC,0.06,-1.25,0.92,83,x06
120953782,POS,1,0FAC,0.09,-0.57,0.01,68,x0E
120953878,POS,0,C6AC,0.05,-1.25,0.97,80,x06
120953882,POS,1,0FAC,0.10,-0.52,0.01,59,x0E
120953977,POS,0,C6AC,0.05,-1.21,0.98,77,x06
120953982,POS,1,0FAC,0.10,-0.47,0.01,63,x0E
120954078,POS,0,C6AC,0.06,-1.22,0.99,80,x06
120954082,POS,1,0FAC,0.11,-0.48,-0.00,64,x0E
120954178,POS,0,C6AC,0.05,-1.19,0.95,77,x06
120954183,POS,1,0FAC,0.10,-0.53,0.05,67,x0E
120954279,POS,0,C6AC,0.06,-1.21,0.81,81,x06
120954282,POS,1,0FAC,0.07,-0.56,0.01,67,x0E
120954378,POS,0,C6AC,0.07,-1.22,0.87,80,x06
120954383,POS,1,0FAC,0.06,-0.61,0.02,69,x0E
120954478,POS,0,C6AC,0.05,-1.13,0.95,74,x06
120954482,POS,1,0FAC,0.04,-0.62,-0.01,67,x0E
120954578,POS,0,C6AC,0.07,-1.18,0.99,81,x06
120954581,POS,1,0FAC,0.02,-0.64,-0.03,68,x0E
120954678,POS,0,C6AC,0.05,-1.16,1.01,77,x06
120954682,POS,1,0FAC,0.06,-0.57,-0.04,60,x0E
120954778,POS,0,C6AC,0.09,-1.20,0.98,81,x06
120954781,POS,1,0FAC,0.09,-0.52,-0.02,61,x0E
120954878,POS,0,C6AC,0.11,-1.20,1.00,78,x06
120954882,POS,1,0FAC,0.11,-0.49,0.03,63,x0E
120954977,POS,0,C6AC,0.11,-1.19,1.02,78,x06
120954981,POS,1,0FAC,0.12,-0.51,0.03,65,x0E
120955078,POS,0,C6AC,0.12,-1.19,1.03,78,x06
120955082,POS,1,0FAC,0.13,-0.51,0.07,63,x0E
120955177,POS,0,C6AC,0.13,-1.18,1.05,77,x06
120955182,POS,1,0FAC,0.11,-0.55,0.27,67,x0E
120955278,POS,0,C6AC,0.14,-1.17,1.06,77,x06
120955283,POS,1,0FAC,0.10,-0.58,0.25,67,x0E
120955377,POS,0,C6AC,0.12,-1.07,1.09,71,x06
120955381,POS,1,0FAC,0.10,-0.52,0.24,68,x0E
120955478,POS,0,C6AC,0.11,-1.12,1.11,80,x06
120955483,POS,1,0FAC,0.06,-0.58,0.14,70,x0E
120955577,POS,0,C6AC,0.12,-1.16,1.11,80,x06
120955582,POS,1,0FAC,0.05,-0.63,0.08,70,x0E
120955678,POS,0,C6AC,0.09,-1.14,1.07,77,x06
120955686,POS,1,0FAC,-0.01,-0.71,0.04,76,x0E
120955778,POS,0,C6AC,0.07,-1.06,1.10,73,x06
120955781,POS,1,0FAC,-0.03,-0.74,0.05,71,x0E
120955878,POS,0,C6AC,0.06,-1.07,1.08,77,x06
120955882,POS,1,0FAC,-0.05,-0.73,0.06,67,x0E
120955978,POS,0,C6AC,0.09,-1.12,1.10,80,x06
120955981,POS,1,0FAC,-0.06,-0.75,0.04,70,x0E
120956077,POS,0,C6AC,0.08,-1.14,1.11,79,x06
120956082,POS,1,0FAC,0.00,-0.63,0.02,62,x0E
120956178,POS,0,C6AC,0.10,-1.19,1.12,81,x06
120956183,POS,1,0FAC,0.02,-0.63,-0.03,67,x0E
120956277,POS,0,C6AC,0.13,-1.24,0.97,82,x06
120956281,POS,1,0FAC,0.04,-0.57,0.03,68,x0E
120956378,POS,0,C6AC,0.11,-1.13,1.03,72,x06
120956382,POS,1,0FAC,0.03,-0.60,0.05,68,x0E
120956478,POS,0,C6AC,0.09,-1.05,1.08,73,x06
120956482,POS,1,0FAC,0.00,-0.65,0.07,70,x0E
120956578,POS,0,C6AC,0.11,-1.08,1.04,77,x06
120956581,POS,1,0FAC,-0.01,-0.66,0.08,66,x0E
120956678,POS,0,C6AC,0.09,-1.04,1.06,74,x06
120956682,POS,1,0FAC,0.07,-0.56,0.09,67,x0E
120956778,POS,0,C6AC,0.08,-1.03,1.08,75,x06
120956781,POS,1,0FAC,0.04,-0.60,0.03,69,x0E
120956878,POS,0,C6AC,0.09,-1.06,1.08,78,x06
120956882,POS,1,0FAC,0.01,-0.63,0.03,67,x0E
120956978,POS,0,C6AC,0.08,-1.00,1.10,72,x06
120956981,POS,1,0FAC,-0.00,-0.67,-0.02,71,x0E
120957078,POS,0,C6AC,0.08,-1.04,1.11,78,x06
120957082,POS,1,0FAC,0.01,-0.66,-0.05,68,x0E
120957178,POS,0,C6AC,0.06,-0.96,1.12,70,x06
120957181,POS,1,0FAC,0.04,-0.61,-0.02,61,x0E
120957278,POS,0,C6AC,0.05,-0.98,1.09,77,x06
120957283,POS,1,0FAC,0.03,-0.61,-0.05,66,x0E
120957378,POS,0,C6AC,0.07,-1.03,1.09,78,x06
120957381,POS,1,0FAC,0.03,-0.61,-0.06,66,x0E
120957478,POS,0,C6AC,0.10,-1.06,1.08,77,x06
120957483,POS,1,0FAC,0.02,-0.64,-0.06,69,x0E
120957578,POS,0,C6AC,0.11,-1.11,1.09,79,x06
120957582,POS,1,0FAC,0.03,-0.65,-0.04,67,x0E
120957678,POS,0,C6AC,0.12,-1.12,1.05,77,x06
120957681,POS,1,0FAC,0.02,-0.67,0.07,69,x0E
120957778,POS,0,C6AC,0.11,-1.13,1.04,78,x06
120957782,POS,1,0FAC,-0.01,-0.68,0.16,66,x0E
120957878,POS,0,C6AC,0.12,-1.18,1.03,80,x06
120957882,POS,1,0FAC,0.05,-0.58,0.18,89,x0E
120957978,POS,0,C6AC,0.13,-1.16,1.06,76,x06
120957983,POS,1,0FAC,0.08,-0.53,0.19,67,x0E
120958078,POS,0,C6AC,0.13,-1.19,1.06,80,x06
120958082,POS,1,0FAC,0.10,-0.50,0.18,64,x0E
120958177,POS,0,C6AC,0.10,-1.08,1.09,71,x06
120958182,POS,1,0FAC,0.09,-0.52,0.11,66,x0E
120958278,POS,0,C6AC,0.11,-1.08,1.07,76,x06
120958282,POS,1,0FAC,0.11,-0.46,0.09,66,x0E
120958378,POS,0,C6AC,0.11,-1.02,1.10,72,x06
120958382,POS,1,0FAC,0.10,-0.40,0.03,59,x0E
120958478,POS,0,C6AC,0.16,-1.10,1.05,80,x06
120958483,POS,1,0FAC,0.06,-0.50,0.03,71,x0E
120958578,POS,0,C6AC,0.17,-1.12,1.07,77,x06
120958582,POS,1,0FAC,0.04,-0.52,0.01,63,x0E
120958678,POS,0,C6AC,0.16,-1.06,1.09,72,x06
120958681,POS,1,0FAC,0.07,-0.47,0.02,65,x0E
120958778,POS,0,C6AC,0.19,-1.11,1.07,79,x06
120958782,POS,1,0FAC,0.04,-0.51,0.05,64,x0E
120958878,POS,0,C6AC,0.19,-1.06,1.09,71,x06
120958882,POS,1,0FAC,0.08,-0.46,0.06,65,x0E
120958978,POS,0,C6AC,0.20,-1.07,1.09,76,x06
120958983,POS,1,0FAC,0.06,-0.51,0.07,65,x0E
120959078,POS,0,C6AC,0.22,-1.12,1.09,78,x06
120959082,POS,1,0FAC,0.08,-0.49,0.08,61,x0E
120959177,POS,0,C6AC,0.24,-1.06,1.12,70,x06
120959181,POS,1,0FAC,0.05,-0.43,0.33,64,x0E
120959278,POS,0,C6AC,0.26,-1.08,1.07,75,x06
120959283,POS,1,0FAC,0.04,-0.40,0.49,64,x0E
120959377,POS,0,C6AC,0.28,-1.06,1.07,72,x06
120959382,POS,1,0FAC,0.02,-0.35,0.62,66,x0E
120959478,POS,0,C6AC,0.33,-1.11,0.85,80,x06
120959482,POS,1,0FAC,0.01,-0.43,0.68,67,x0E
120959578,POS,0,C6AC,0.35,-1.14,0.89,77,x06
120959583,POS,1,0FAC,0.01,-0.50,0.72,68,x0E
120959678,POS,0,C6AC,0.37,-1.11,0.67,75,x06
120959682,POS,1,0FAC,0.06,-0.45,0.82,63,x0E
120959777,POS,0,C6AC,0.37,-1.14,0.53,79,x06
120959781,POS,1,0FAC,0.06,-0.49,0.63,65,x0E
120959878,POS,0,C6AC,0.39,-1.13,0.40,76,x06
120959881,POS,1,0FAC,0.08,-0.51,0.43,67,x0E
120959978,POS,0,C6AC,0.40,-1.14,0.43,77,x06
120959982,POS,1,0FAC,0.09,-0.51,0.30,64,x0E
121000078,POS,0,C6AC,0.42,-1.13,0.37,75,x06
121000081,POS,1,0FAC,0.15,-0.45,0.23,64,x0E
121000178,POS,0,C6AC,0.43,-1.13,0.32,76,x06
121000182,POS,1,0FAC,0.20,-0.41,0.18,62,x0E
121000277,POS,0,C6AC,0.45,-1.12,0.50,72,x06
121000281,POS,1,0FAC,0.24,-0.40,0.15,64,x0E
121000378,POS,0,C6AC,0.47,-1.10,0.41,74,x06
121000382,POS,1,0FAC,0.27,-0.42,0.16,66,x0E
121000478,POS,0,C6AC,0.48,-1.09,0.54,71,x06
121000482,POS,1,0FAC,0.28,-0.47,0.37,62,x0E
121000577,POS,0,C6AC,0.48,-1.09,0.63,73,x06
121000582,POS,1,0FAC,0.32,-0.47,0.30,67,x0E
121000678,POS,0,C6AC,0.50,-1.08,0.48,73,x06
121000690,POS,1,0FAC,0.37,-0.46,0.26,68,x0E
121000777,POS,0,C6AC,0.51,-1.07,0.40,74,x06
121000780,POS,1,0FAC,0.42,-0.39,0.19,65,x0E
121000877,POS,0,C6AC,0.51,-1.08,0.55,73,x06
121000881,POS,1,0FAC,0.46,-0.37,0.14,67,x0E
121000978,POS,0,C6AC,0.51,-1.07,0.42,73,x06
121000982,POS,1,0FAC,0.50,-0.38,0.12,70,x0E
121001077,POS,0,C6AC,0.51,-1.08,0.32,76,x06
121001082,POS,1,0FAC,0.53,-0.36,0.10,68,x0E
121001177,POS,0,C6AC,0.47,-1.16,0.45,81,x06
121001182,POS,1,0FAC,0.53,-0.36,0.33,68,x0E
121001277,POS,0,C6AC,0.48,-1.14,0.35,75,x06
121001281,POS,1,0FAC,0.54,-0.37,0.47,69,x0E
121001377,POS,0,C6AC,0.49,-1.12,0.25,74,x06
121001382,POS,1,0FAC,0.54,-0.38,0.39,69,x0E
121001477,POS,0,C6AC,0.49,-1.11,0.46,72,x06
121001481,POS,1,0FAC,0.55,-0.39,0.56,69,x0E
121001578,POS,0,C6AC,0.49,-1.09,0.62,71,x06
121001582,POS,1,0FAC,0.57,-0.40,0.48,70,x0E
121001678,POS,0,C6AC,0.49,-1.09,0.69,73,x06
121001682,POS,1,0FAC,0.58,-0.40,0.38,70,x0E
121001778,POS,0,C6AC,0.51,-1.14,0.77,77,x06
121001782,POS,1,0FAC,0.58,-0.40,0.33,69,x0E
121001876,POS,0,C6AC,0.51,-1.14,0.83,74,x06
121001880,POS,1,0FAC,0.58,-0.41,0.31,69,x0E
121001978,POS,0,C6AC,0.51,-1.13,0.86,73,x06
121001982,POS,1,0FAC,0.57,-0.44,0.47,68,x0E
121002077,POS,0,C6AC,0.52,-1.17,0.88,78,x06
121002081,POS,1,0FAC,0.52,-0.49,0.44,63,x0E
121002178,POS,0,C6AC,0.52,-1.15,0.92,72,x06
121002182,POS,1,0FAC,0.50,-0.53,0.35,63,x0E
121002277,POS,0,C6AC,0.50,-1.15,0.94,75,x06
121002280,POS,1,0FAC,0.52,-0.51,0.28,70,x0E
121002378,POS,0,C6AC,0.52,-1.14,0.99,72,x06
121002382,POS,1,0FAC,0.50,-0.54,0.23,62,x0E
121002477,POS,0,C6AC,0.54,-1.18,0.85,80,x06
121002481,POS,1,0FAC,0.42,-0.69,0.16,78,x0E
121002577,POS,0,C6AC,0.54,-1.18,0.89,75,x06
121002582,POS,1,0FAC,0.47,-0.60,0.38,70,x0E
121002678,POS,0,C6AC,0.53,-1.19,0.88,76,x06
121002681,POS,1,0FAC,0.50,-0.56,0.30,69,x0E
121002778,POS,0,C6AC,0.53,-1.20,0.72,78,x06
121002782,POS,1,0FAC,0.49,-0.54,0.24,65,x0E
121002877,POS,0,C6AC,0.52,-1.19,0.77,75,x06
121002881,POS,1,0FAC,0.48,-0.53,0.19,64,x0E
121002978,POS,0,C6AC,0.52,-1.17,0.58,75,x06
121002981,POS,1,0FAC,0.49,-0.51,0.36,69,x0E
121003077,POS,0,C6AC,0.53,-1.18,0.45,78,x06
121003081,POS,1,0FAC,0.53,-0.47,0.29,68,x0E
121003178,POS,0,C6AC,0.52,-1.18,0.59,76,x06
121003182,POS,1,0FAC,0.52,-0.46,0.43,68,x0E
121003277,POS,0,C6AC,0.51,-1.18,0.71,75,x06
121003280,POS,1,0FAC,0.54,-0.42,0.34,68,x0E
121003378,POS,0,C6AC,0.51,-1.20,0.82,77,x06
121003382,POS,1,0FAC,0.55,-0.40,0.27,68,x0E
121003477,POS,0,C6AC,0.51,-1.18,0.91,73,x06
121003482,POS,1,0FAC,0.55,-0.38,0.47,68,x0E
121003577,POS,0,C6AC,0.51,-1.20,0.91,77,x06
121003583,POS,1,0FAC,0.57,-0.34,0.35,67,x0E
121003677,POS,0,C6AC,0.51,-1.18,0.95,73,x06
121003681,POS,1,0FAC,0.57,-0.33,0.25,68,x0E
121003778,POS,0,C6AC,0.51,-1.18,0.97,75,x06
121003781,POS,1,0FAC,0.62,-0.33,0.14,56,x0E
121003876,POS,0,C6AC,0.51,-1.17,0.96,74,x06
121003881,POS,1,0FAC,0.65,-0.32,0.08,65,x0E
121003978,POS,0,C6AC,0.51,-1.15,1.00,72,x06
121003982,POS,1,0FAC,0.64,-0.34,0.04,65,x0E
121004077,POS,0,C6AC,0.55,-1.13,0.65,75,x06
121004082,POS,1,0FAC,0.62,-0.36,0.01,66,x0E
121004178,POS,0,C6AC,0.54,-1.17,0.79,78,x06
121004182,POS,1,0FAC,0.65,-0.34,-0.04,57,x0E
121004277,POS,0,C6AC,0.52,-1.17,0.85,76,x06
121004282,POS,1,0FAC,0.68,-0.36,-0.08,59,x0E
121004378,POS,0,C6AC,0.52,-1.19,0.62,79,x06
121004381,POS,1,0FAC,0.71,-0.36,-0.11,57,x0E
121004477,POS,0,C6AC,0.50,-1.21,0.67,78,x06
121004483,POS,1,0FAC,0.67,-0.38,-0.09,66,x0E
121004577,POS,0,C6AC,0.49,-1.22,0.77,77,x06
121004582,POS,1,0FAC,0.70,-0.38,-0.13,54,x0E
121004677,POS,0,C6AC,0.49,-1.23,0.59,79,x06
121004681,POS,1,0FAC,0.73,-0.38,-0.14,60,x0E
121004778,POS,0,C6AC,0.49,-1.20,0.43,77,x06
121004781,POS,1,0FAC,0.74,-0.35,-0.17,49,x0E
121004877,POS,0,C6AC,0.49,-1.21,0.34,79,x06
121004882,POS,1,0FAC,0.75,-0.34,-0.20,50,x0E
121004978,POS,0,C6AC,0.50,-1.18,0.22,76,x06
121004982,POS,1,0FAC,0.73,-0.36,-0.17,65,x0E
121005077,POS,0,C6AC,0.50,-1.20,0.19,79,x06
121005080,POS,1,0FAC,0.76,-0.38,-0.17,58,x0E
121005178,POS,0,C6AC,0.49,-1.19,0.38,75,x06
121005182,POS,1,0FAC,0.71,-0.39,-0.15,67,x0E
121005277,POS,0,C6AC,0.47,-1.19,0.53,76,x06
121005281,POS,1,0FAC,0.72,-0.36,-0.17,54,x0E
121005378,POS,0,C6AC,0.46,-1.19,0.61,76,x06
121005382,POS,1,0FAC,0.73,-0.34,-0.18,54,x0E
121005477,POS,0,C6AC,0.46,-1.18,0.47,76,x06
121005483,POS,1,0FAC,0.74,-0.35,-0.17,64,x0E
121005577,POS,0,C6AC,0.46,-1.16,0.40,76,x06
121005581,POS,1,0FAC,0.70,-0.35,-0.12,68,x0E
121005679,POS,0,C6AC,0.46,-1.16,0.51,75,x06
121005684,POS,1,0FAC,0.71,-0.34,-0.12,62,x0E
121005777,POS,0,C6AC,0.46,-1.15,0.36,77,x06
121005781,POS,1,0FAC,0.70,-0.32,-0.11,66,x0E
121005877,POS,0,C6AC,0.48,-1.21,0.34,82,x06
121005881,POS,1,0FAC,0.67,-0.33,-0.08,68,x0E
121005978,POS,0,C6AC,0.48,-1.16,0.24,73,x06
121005982,POS,1,0FAC,0.65,-0.33,-0.06,68,x0E
121006076,POS,0,C6AC,0.48,-1.15,0.42,73,x06
121006080,POS,1,0FAC,0.61,-0.33,-0.01,66,x0E
121006178,POS,0,C6AC,0.49,-1.11,0.56,70,x06
121006182,POS,1,0FAC,0.58,-0.34,0.04,66,x0E
121006277,POS,0,C6AC,0.51,-1.16,0.71,78,x06
121006281,POS,1,0FAC,0.58,-0.34,0.07,67,x0E
121006378,POS,0,C6AC,0.51,-1.15,0.77,74,x06
121006383,POS,1,0FAC,0.68,-0.31,-0.06,43,x0E
121006478,POS,0,C6AC,0.52,-1.14,0.61,75,x06
121006484,POS,1,0FAC,0.64,-0.33,-0.08,63,x0E
121006578,POS,0,C6AC,0.52,-1.17,0.55,79,x06
121006582,POS,1,0FAC,0.72,-0.33,-0.16,46,x0E
121006678,POS,0,C6AC,0.53,-1.20,0.53,79,x06
121006682,POS,1,0FAC,0.67,-0.36,-0.15,60,x0E
121006777,POS,0,C6AC,0.57,-1.28,0.48,85,x06
121006782,POS,1,0FAC,0.75,-0.34,-0.22,45,x0E
121006878,POS,0,C6AC,0.55,-1.24,0.58,74,x06
121006882,POS,1,0FAC,0.69,-0.36,-0.11,67,x0E
121006978,POS,0,C6AC,0.55,-1.27,0.69,80,x06
121006981,POS,1,0FAC,0.77,-0.34,-0.19,44,x0E
121007078,POS,0,C6AC,0.54,-1.23,0.76,73,x06
121007083,POS,1,0FAC,0.77,-0.31,-0.18,56,x0E
121007178,POS,0,C6AC,0.53,-1.20,0.82,73,x06
121007185,POS,1,0FAC,0.72,-0.33,-0.16,68,x0E
121007278,POS,0,C6AC,0.53,-1.18,0.86,73,x06
121007282,POS,1,0FAC,0.69,-0.34,-0.13,68,x0E
121007378,POS,0,C6AC,0.52,-1.17,0.87,74,x06
121007382,POS,1,0FAC,0.66,-0.34,-0.10,68,x0E
121007478,POS,0,C6AC,0.52,-1.15,0.88,72,x06
121007482,POS,1,0FAC,0.64,-0.31,-0.07,66,x0E
121007577,POS,0,C6AC,0.52,-1.18,0.93,77,x06
121007581,POS,1,0FAC,0.61,-0.37,0.08,70,x0E
121007678,POS,0,C6AC,0.52,-1.16,0.91,73,x06
121007682,POS,1,0FAC,0.58,-0.39,0.30,69,x0E
121007778,POS,0,C6AC,0.52,-1.12,0.94,70,x06
121007781,POS,1,0FAC,0.56,-0.40,0.21,65,x0E
121007878,POS,0,C6AC,0.51,-1.11,0.96,71,x06
121007882,POS,1,0FAC,0.57,-0.39,0.19,68,x0E
121007978,POS,0,C6AC,0.51,-1.11,0.97,73,x06
121007982,POS,1,0FAC,0.58,-0.37,0.21,67,x0E
121008078,POS,0,C6AC,0.54,-1.22,0.79,86,x06
121008082,POS,1,0FAC,0.61,-0.36,0.16,70,x0E
121008177,POS,0,C6AC,0.52,-1.20,0.84,74,x06
121008181,POS,1,0FAC,0.58,-0.37,0.12,67,x0E
121008277,POS,0,C6AC,0.52,-1.18,0.91,73,x06
121008282,POS,1,0FAC,0.58,-0.35,0.08,67,x0E
121008377,POS,0,C6AC,0.52,-1.18,0.90,75,x06
121008382,POS,1,0FAC,0.56,-0.38,0.27,69,x0E
121008478,POS,0,C6AC,0.51,-1.17,0.91,73,x06
121008482,POS,1,0FAC,0.57,-0.35,0.22,67,x0E
121008578,POS,0,C6AC,0.53,-1.15,0.68,75,x06
121008581,POS,1,0FAC,0.58,-0.36,0.16,69,x0E
121008678,POS,0,C6AC,0.53,-1.15,0.77,74,x06
121008683,POS,1,0FAC,0.59,-0.36,0.10,67,x0E
121008778,POS,0,C6AC,0.53,-1.13,0.57,75,x06
121008782,POS,1,0FAC,0.59,-0.36,0.06,69,x0E
121008878,POS,0,C6AC,0.52,-1.13,0.47,76,x06
121008881,POS,1,0FAC,0.57,-0.41,0.02,61,x0E
121008977,POS,0,C6AC,0.52,-1.12,0.61,72,x06
121008982,POS,1,0FAC,0.69,-0.39,-0.11,46,x0E
121009078,POS,0,C6AC,0.51,-1.12,0.50,76,x06
121009082,POS,1,0FAC,0.65,-0.40,-0.09,65,x0E
121009178,POS,0,C6AC,0.50,-1.12,0.63,73,x06
121009182,POS,1,0FAC,0.57,-0.52,-0.07,72,x0E
121009278,POS,0,C6AC,0.51,-1.13,0.71,75,x06
121009282,POS,1,0FAC,0.52,-0.60,-0.08,71,x0E
121009377,POS,0,C6AC,0.50,-1.14,0.76,75,x06
121009381,POS,1,0FAC,0.62,-0.62,-0.18,62,x0E
121009478,POS,0,C6AC,0.50,-1.15,0.60,77,x06
121009483,POS,1,0FAC,0.72,-0.57,-0.25,50,x0E
121009577,POS,0,C6AC,0.50,-1.13,0.42,75,x06
121009582,POS,1,0FAC,0.79,-0.50,-0.30,46,x0E
121009678,POS,0,C6AC,0.50,-1.15,0.58,77,x06
121009681,POS,1,0FAC,0.73,-0.50,-0.22,64,x0E
121009777,POS,0,C6AC,0.49,-1.18,0.45,80,x06
121009781,POS,1,0FAC,0.76,-0.51,-0.24,55,x0E
121009878,POS,0,C6AC,0.49,-1.18,0.60,75,x06
121009882,POS,1,0FAC,0.71,-0.49,-0.16,69,x0E
121009978,POS,0,C6AC,0.50,-1.19,0.48,78,x06
121009982,POS,1,0FAC,0.65,-0.51,-0.12,60,x0E
121010078,POS,0,C6AC,0.50,-1.17,0.37,75,x06
121010082,POS,1,0FAC,0.64,-0.49,-0.10,68,x0E
121010178,POS,0,C6AC,0.49,-1.17,0.55,75,x06
121010181,POS,1,0FAC,0.68,-0.46,-0.13,55,x0E
121010278,POS,0,C6AC,0.49,-1.17,0.67,75,x06
121010282,POS,1,0FAC,0.66,-0.43,-0.10,69,x0E
121010377,POS,0,C6AC,0.49,-1.18,0.78,76,x06
121010382,POS,1,0FAC,0.71,-0.41,-0.16,48,x0E
121010478,POS,0,C6AC,0.49,-1.18,0.83,76,x06
121010483,POS,1,0FAC,0.65,-0.44,-0.03,69,x0E
121010577,POS,0,C6AC,0.50,-1.17,0.64,76,x06
121010582,POS,1,0FAC,0.64,-0.42,-0.04,69,x0E
121010677,POS,0,C6AC,0.50,-1.18,0.68,77,x06
121010682,POS,1,0FAC,0.75,-0.22,0.05,84,x0E
121010778,POS,0,C6AC,0.49,-1.17,0.73,75,x06
121010781,POS,1,0FAC,0.66,-0.34,0.05,66,x0E
121010877,POS,0,C6AC,0.49,-1.18,0.76,75,x06
121010880,POS,1,0FAC,0.73,-0.39,-0.08,55,x0E
121010976,POS,0,C6AC,0.50,-1.16,0.61,75,x06
121010981,POS,1,0FAC,0.64,-0.47,-0.07,67,x0E
121011077,POS,0,C6AC,0.51,-1.13,0.45,74,x06
121011081,POS,1,0FAC,0.57,-0.58,-0.07,73,x0E
121011178,POS,0,C6AC,0.52,-1.12,0.33,75,x06
121011182,POS,1,0FAC,0.54,-0.60,-0.08,65,x0E
121011277,POS,0,C6AC,0.52,-1.12,0.47,74,x06
121011282,POS,1,0FAC,0.49,-0.63,-0.05,66,x0E
121011377,POS,0,C6AC,0.52,-1.11,0.39,74,x06
121011382,POS,1,0FAC,0.47,-0.65,-0.02,65,x0E
121011477,POS,0,C6AC,0.52,-1.09,0.31,73,x06
121011481,POS,1,0FAC,0.42,-0.74,-0.04,75,x0E
121011578,POS,0,C6AC,0.52,-1.07,0.49,69,x06
121011587,POS,1,0FAC,0.39,-0.75,0.06,68,x0E
121011677,POS,0,C6AC,0.52,-1.07,0.42,74,x06
121011681,POS,1,0FAC,0.37,-0.77,0.05,71,x0E
121011778,POS,0,C6AC,0.53,-1.04,0.32,70,x06
121011781,POS,1,0FAC,0.50,-0.65,-0.04,44,x0E
121011877,POS,0,C6AC,0.53,-1.02,0.23,71,x06
121011881,POS,1,0FAC,0.52,-0.55,-0.03,66,x0E
121011978,POS,0,C6AC,0.55,-1.00,0.18,69,x06
121011982,POS,1,0FAC,0.49,-0.56,0.01,62,x0E
121012077,POS,0,C6AC,0.55,-0.99,0.12,72,x06
121012083,POS,1,0FAC,0.49,-0.52,0.06,67,x0E
121012178,POS,0,C6AC,0.55,-0.96,0.13,67,x06
121012182,POS,1,0FAC,0.51,-0.45,0.04,66,x0E
121012277,POS,0,C6AC,0.56,-0.91,0.10,63,x06
121012283,POS,1,0FAC,0.53,-0.44,0.01,66,x0E
121012378,POS,0,C6AC,0.56,-0.89,0.13,65,x06
121012383,POS,1,0FAC,0.52,-0.48,0.06,66,x0E
121012477,POS,0,C6AC,0.56,-0.96,0.36,75,x06
121012481,POS,1,0FAC,0.51,-0.50,0.05,60,x0E
121012577,POS,0,C6AC,0.56,-0.89,0.55,58,x06
121012582,POS,1,0FAC,0.50,-0.52,0.06,60,x0E
121012676,POS,0,C6AC,0.55,-0.84,0.67,59,x06
121012682,POS,1,0FAC,0.51,-0.52,0.10,69,x0E
121012778,POS,0,C6AC,0.54,-0.80,0.72,58,x06
121012782,POS,1,0FAC,0.49,-0.53,0.10,63,x0E
121012877,POS,0,C6AC,0.53,-0.78,0.75,59,x06
121012881,POS,1,0FAC,0.50,-0.51,0.14,68,x0E
121012978,POS,0,C6AC,0.52,-0.75,0.79,59,x06
121012982,POS,1,0FAC,0.53,-0.45,0.29,71,x0E
121013077,POS,0,C6AC,0.53,-0.71,0.65,69,x06
121013081,POS,1,0FAC,0.54,-0.40,0.29,70,x0E
121013178,POS,0,C6AC,0.53,-0.69,0.56,66,x06
121013182,POS,1,0FAC,0.55,-0.35,0.26,67,x0E
121013277,POS,0,C6AC,0.53,-0.66,0.65,65,x06
121013282,POS,1,0FAC,0.54,-0.36,0.50,59,x0E
121013378,POS,0,C6AC,0.53,-0.65,0.50,60,x06
121013383,POS,1,0FAC,0.52,-0.29,0.66,74,x0E
121013477,POS,0,C6AC,0.53,-0.66,0.38,63,x06
121013482,POS,1,0FAC,0.51,-0.27,0.80,65,x0E
121013577,POS,0,C6AC,0.51,-0.70,0.26,69,x06
121013582,POS,1,0FAC,0.50,-0.21,0.91,71,x0E
121013677,POS,0,C6AC,0.48,-0.73,0.23,69,x06
121013681,POS,1,0FAC,0.51,-0.17,1.00,68,x0E
121013778,POS,0,C6AC,0.50,-0.72,0.22,60,x06
121013781,POS,1,0FAC,0.51,-0.13,1.04,75,x0E
121013877,POS,0,C6AC,0.51,-0.72,0.20,62,x06
121013882,POS,1,0FAC,0.55,-0.09,1.12,65,x0E
121013978,POS,0,C6AC,0.51,-0.70,0.19,61,x06
121013985,POS,1,0FAC,0.56,-0.05,1.16,72,x0E
121014078,POS,0,C6AC,0.52,-0.66,0.18,67,x06
121014082,POS,1,0FAC,0.59,-0.08,1.19,61,x0E
121014178,POS,0,C6AC,0.52,-0.64,0.20,69,x06
121014183,POS,1,0FAC,0.58,-0.03,0.94,81,x0E
121014277,POS,0,C6AC,0.53,-0.61,0.23,70,x06
121014283,POS,1,0FAC,0.51,-0.10,0.67,62,x0E
121014378,POS,0,C6AC,0.54,-0.59,0.23,70,x06
121014382,POS,1,0FAC,0.53,-0.02,0.50,73,x0E
121014477,POS,0,C6AC,0.53,-0.57,0.26,70,x06
121014482,POS,1,0FAC,0.55,0.05,0.39,78,x0E
121014577,POS,0,C6AC,0.55,-0.63,0.47,62,x06
121014582,POS,1,0FAC,0.55,0.08,0.27,69,x0E
121014677,POS,0,C6AC,0.55,-0.65,0.61,58,x06
121014682,POS,1,0FAC,0.53,0.09,0.24,82,x0E
121014777,POS,0,C6AC,0.56,-0.60,0.49,70,x06
121014782,POS,1,0FAC,0.54,0.12,0.20,80,x0E
121014878,POS,0,C6AC,0.56,-0.60,0.62,62,x06
121014883,POS,1,0FAC,0.60,0.22,0.13,70,x0E
121014977,POS,0,C6AC,0.55,-0.59,0.69,66,x06
121014981,POS,1,0FAC,0.55,0.19,0.06,68,x0E
121015077,POS,0,C6AC,0.55,-0.58,0.74,66,x06
121015081,POS,1,0FAC,0.57,0.19,0.06,75,x0E
121015177,POS,0,C6AC,0.56,-0.63,0.85,61,x06
121015181,POS,1,0FAC,0.55,0.17,0.08,82,x0E
121015278,POS,0,C6AC,0.55,-0.62,0.87,64,x06
121015282,POS,1,0FAC,0.56,0.17,0.11,83,x0E
121015377,POS,0,C6AC,0.57,-0.59,0.94,61,x06
121015382,POS,1,0FAC,0.55,0.19,0.11,83,x0E
121015478,POS,0,C6AC,0.58,-0.65,0.99,61,x06
121015481,POS,1,0FAC,0.59,0.27,0.07,74,x0E
121015577,POS,0,C6AC,0.57,-0.62,0.98,64,x06
121015581,POS,1,0FAC,0.59,0.25,0.06,77,x0E
121015678,POS,0,C6AC,0.57,-0.65,0.99,59,x06
121015681,POS,1,0FAC,0.64,0.34,0.03,71,x0E
121015777,POS,0,C6AC,0.57,-0.61,0.79,70,x06
121015781,POS,1,0FAC,0.60,0.31,0.07,86,x0E
121015877,POS,0,C6AC,0.55,-0.61,0.68,68,x06
121015880,POS,1,0FAC,0.63,0.38,0.04,73,x0E
121015977,POS,0,C6AC,0.55,-0.60,0.61,71,x06
121015981,POS,1,0FAC,0.60,0.34,0.06,82,x0E
121016078,POS,0,C6AC,0.55,-0.59,0.45,62,x06
121016081,POS,1,0FAC,0.60,0.32,0.04,74,x0E
121016177,POS,0,C6AC,0.55,-0.59,0.57,63,x06
121016181,POS,1,0FAC,0.60,0.30,0.01,71,x0E
121016278,POS,0,C6AC,0.56,-0.59,0.49,93,x06
121016282,POS,1,0FAC,0.57,0.27,0.00,75,x0E
121016377,POS,0,C6AC,0.57,-0.60,0.58,66,x06
121016382,POS,1,0FAC,0.56,0.26,-0.01,73,x0E
121016478,POS,0,C6AC,0.57,-0.61,0.67,59,x06
121016482,POS,1,0FAC,0.58,0.25,-0.03,69,x0E
121016577,POS,0,C6AC,0.57,-0.64,0.58,60,x06
121016581,POS,1,0FAC,0.58,0.24,-0.04,70,x0E
121016677,POS,0,C6AC,0.56,-0.66,0.45,63,x06
121016681,POS,1,0FAC,0.58,0.21,-0.02,76,x0E
121016777,POS,0,C6AC,0.56,-0.65,0.37,63,x06
121016781,POS,1,0FAC,0.58,0.20,-0.01,75,x0E
121016878,POS,0,C6AC,0.55,-0.64,0.52,60,x06
121016883,POS,1,0FAC,0.59,0.21,0.01,79,x0E
121016978,POS,0,C6AC,0.55,-0.64,0.60,62,x06
121016982,POS,1,0FAC,0.60,0.21,-0.01,70,x0E
121017078,POS,0,C6AC,0.55,-0.65,0.67,61,x06
121017083,POS,1,0FAC,0.58,0.20,-0.02,73,x0E
121017177,POS,0,C6AC,0.54,-0.65,0.72,60,x06
121017181,POS,1,0FAC,0.59,0.23,-0.04,70,x0E
121017278,POS,0,C6AC,0.54,-0.65,0.77,59,x06
121017282,POS,1,0FAC,0.58,0.21,-0.03,74,x0E
121017377,POS,0,C6AC,0.51,-0.73,0.81,69,x06
121017381,POS,1,0FAC,0.58,0.20,0.00,78,x0E
121017478,POS,0,C6AC,0.53,-0.70,0.66,66,x06
121017483,POS,1,0FAC,0.58,0.22,-0.02,71,x0E
121017577,POS,0,C6AC,0.53,-0.70,0.57,62,x06
121017581,POS,1,0FAC,0.57,0.21,-0.03,71,x0E
121017677,POS,0,C6AC,0.54,-0.70,0.51,62,x06
121017681,POS,1,0FAC,0.59,0.21,-0.05,68,x0E
121017777,POS,0,C6AC,0.55,-0.73,0.44,65,x06
121017780,POS,1,0FAC,0.58,0.22,-0.06,72,x0E
121017877,POS,0,C6AC,0.55,-0.72,0.38,60,x06
121017882,POS,1,0FAC,0.54,0.21,0.02,87,x0E
121017977,POS,0,C6AC,0.53,-0.74,0.34,66,x06
121017982,POS,1,0FAC,0.60,0.28,-0.01,69,x0E
121018078,POS,0,C6AC,0.53,-0.73,0.37,64,x06
121018082,POS,1,0FAC,0.56,0.24,0.05,85,x0E
121018177,POS,0,C6AC,0.52,-0.73,0.29,64,x06
121018182,POS,1,0FAC,0.57,0.21,0.05,76,x0E
121018278,POS,0,C6AC,0.51,-0.71,0.21,62,x06
121018282,POS,1,0FAC,0.61,0.29,0.02,72,x0E
121018378,POS,0,C6AC,0.52,-0.70,0.27,65,x06
121018383,POS,1,0FAC,0.61,0.28,0.00,73,x0E
121018477,POS,0,C6AC,0.51,-0.71,0.42,61,x06
121018482,POS,1,0FAC,0.58,0.24,0.05,83,x0E
121018578,POS,0,C6AC,0.50,-0.72,0.33,65,x06
121018581,POS,1,0FAC,0.56,0.22,0.05,77,x0E
121018677,POS,0,C6AC,0.51,-0.69,0.28,65,x06
121018681,POS,1,0FAC,0.54,0.21,0.06,80,x0E
121018777,POS,0,C6AC,0.51,-0.65,0.29,71,x06
121018781,POS,1,0FAC,0.61,0.30,0.05,77,x0E
121018878,POS,0,C6AC,0.52,-0.63,0.31,71,x06
121018881,POS,1,0FAC,0.60,0.27,0.06,79,x0E
121018978,POS,0,C6AC,0.53,-0.61,0.45,68,x06
121018981,POS,1,0FAC,0.57,0.23,0.09,84,x0E
121019078,POS,0,C6AC,0.55,-0.58,0.40,70,x06
121019082,POS,1,0FAC,0.61,0.29,0.05,70,x0E
121019178,POS,0,C6AC,0.57,-0.59,0.57,56,x06
121019182,POS,1,0FAC,0.58,0.24,0.11,87,x0E
121019278,POS,0,C6AC,0.58,-0.57,0.47,71,x06
121019281,POS,1,0FAC,0.57,0.23,0.11,81,x0E
121019377,POS,0,C6AC,0.59,-0.55,0.42,71,x06
121019382,POS,1,0FAC,0.57,0.21,0.11,79,x0E
121019476,POS,0,C6AC,0.59,-0.56,0.51,70,x06
121019481,POS,1,0FAC,0.56,0.20,0.11,80,x0E
121019577,POS,0,C6AC,0.59,-0.56,0.36,59,x06
121019582,POS,1,0FAC,0.54,0.20,0.11,81,x0E
121019677,POS,0,C6AC,0.60,-0.55,0.35,71,x06
121019680,POS,1,0FAC,0.54,0.19,0.10,78,x0E
121019777,POS,0,C6AC,0.57,-0.56,0.44,66,x06
121019780,POS,1,0FAC,0.53,0.17,0.10,79,x0E
121019877,POS,0,C6AC,0.56,-0.57,0.37,64,x06
121019881,POS,1,0FAC,0.53,0.19,0.09,79,x0E
121019978,POS,0,C6AC,0.54,-0.60,0.48,60,x06
121019982,POS,1,0FAC,0.61,0.30,0.05,72,x0E
121020077,POS,0,C6AC,0.55,-0.59,0.46,72,x06
121020081,POS,1,0FAC,0.66,0.37,0.01,69,x0E
121020177,POS,0,C6AC,0.55,-0.57,0.47,69,x06
121020182,POS,1,0FAC,0.60,0.32,-0.00,74,x0E
121020277,POS,0,C6AC,0.54,-0.57,0.41,68,x06
121020281,POS,1,0FAC,0.58,0.29,0.02,80,x0E
121020378,POS,0,C6AC,0.52,-0.60,0.51,60,x06
121020382,POS,1,0FAC,0.56,0.26,0.02,76,x0E
121020477,POS,0,C6AC,0.53,-0.56,0.38,65,x06
121020481,POS,1,0FAC,0.62,0.35,-0.01,71,x0E
121020577,POS,0,C6AC,0.53,-0.56,0.46,71,x06
121020581,POS,1,0FAC,0.67,0.42,-0.01,76,x0E
121020677,POS,0,C6AC,0.55,-0.59,0.60,56,x06
121020682,POS,1,0FAC,0.66,0.37,-0.02,71,x0E
121020777,POS,0,C6AC,0.56,-0.56,0.72,65,x06
121020780,POS,1,0FAC,0.67,0.30,0.30,73,x0E
121020877,POS,0,C6AC,0.57,-0.54,0.80,66,x06
121020881,POS,1,0FAC,0.63,0.27,0.23,76,x0E
121020978,POS,0,C6AC,0.58,-0.55,0.65,70,x06
121020982,POS,1,0FAC,0.64,0.28,0.15,72,x0E
121021077,POS,0,C6AC,0.58,-0.57,0.75,57,x06
121021081,POS,1,0FAC,0.60,0.26,0.15,83,x0E
121021177,POS,0,C6AC,0.57,-0.59,0.75,66,x06
121021183,POS,1,0FAC,0.60,0.25,0.11,73,x0E
121021277,POS,0,C6AC,0.58,-0.59,0.79,63,x06
121021282,POS,1,0FAC,0.60,0.24,0.07,73,x0E
121021377,POS,0,C6AC,0.58,-0.59,0.63,67,x06
121021383,POS,1,0FAC,0.55,0.22,0.09,83,x0E
121021477,POS,0,C6AC,0.57,-0.59,0.49,62,x06
121021482,POS,1,0FAC,0.53,0.22,0.07,77,x0E
121021577,POS,0,C6AC,0.57,-0.59,0.45,70,x06
121021582,POS,1,0FAC,0.54,0.23,0.07,79,x0E
121021677,POS,0,C6AC,0.56,-0.60,0.59,57,x06
121021681,POS,1,0FAC,0.52,0.22,0.07,80,x0E
121021777,POS,0,C6AC,0.57,-0.60,0.49,65,x06
121021781,POS,1,0FAC,0.53,0.21,0.05,75,x0E
121021877,POS,0,C6AC,0.58,-0.60,0.40,66,x06
121021881,POS,1,0FAC,0.52,0.20,0.05,78,x0E
121021977,POS,0,C6AC,0.57,-0.61,0.52,63,x06
121021983,POS,1,0FAC,0.54,0.22,0.04,77,x0E
121022077,POS,0,C6AC,0.57,-0.60,0.62,65,x06
121022081,POS,1,0FAC,0.55,0.22,0.03,74,x0E
121022177,POS,0,C6AC,0.57,-0.58,0.48,65,x06
121022183,POS,1,0FAC,0.57,0.22,0.01,71,x0E
121022277,POS,0,C6AC,0.58,-0.58,0.41,69,x06
121022281,POS,1,0FAC,0.58,0.21,0.02,77,x0E
121022377,POS,0,C6AC,0.58,-0.57,0.37,70,x06
121022382,POS,1,0FAC,0.60,0.23,0.08,96,x0E
121022477,POS,0,C6AC,0.57,-0.57,0.39,70,x06
121022491,POS,1,0FAC,0.61,0.22,0.06,74,x0E
121022577,POS,0,C6AC,0.56,-0.56,0.34,68,x06
121022582,POS,1,0FAC,0.63,0.22,0.03,69,x0E
121022676,POS,0,C6AC,0.54,-0.60,0.31,62,x06
121022681,POS,1,0FAC,0.65,0.21,-0.01,66,x0E
121022777,POS,0,C6AC,0.46,-0.80,0.20,84,x06
121022780,POS,1,0FAC,0.66,0.21,-0.02,69,x0E
121022877,POS,0,C6AC,0.46,-0.71,0.36,68,x06
121022881,POS,1,0FAC,0.65,0.20,-0.02,73,x0E
121022977,POS,0,C6AC,0.46,-0.69,0.49,60,x06
121022982,POS,1,0FAC,0.64,0.21,-0.01,75,x0E
121023077,POS,0,C6AC,0.48,-0.78,0.66,71,x06
121023081,POS,1,0FAC,0.65,0.20,-0.01,72,x0E
121023178,POS,0,C6AC,0.53,-0.73,0.43,60,x06
121023182,POS,1,0FAC,0.65,0.20,-0.02,70,x0E
121023277,POS,0,C6AC,0.55,-0.82,0.62,71,x06
121023281,POS,1,0FAC,0.66,0.21,-0.05,66,x0E
121023378,POS,0,C6AC,0.59,-0.95,0.76,78,x06
121023382,POS,1,0FAC,0.67,0.20,-0.08,64,x0E
121023477,POS,0,C6AC,0.59,-1.00,0.81,74,x06
121023480,POS,1,0FAC,0.67,0.21,-0.09,65,x0E
121023577,POS,0,C6AC,0.59,-1.04,0.86,74,x06
121023581,POS,1,0FAC,0.66,0.21,0.24,74,x0E
121023677,POS,0,C6AC,0.60,-1.10,0.88,77,x06
121023681,POS,1,0FAC,0.67,0.22,0.15,68,x0E
121023777,POS,0,C6AC,0.58,-1.07,0.96,69,x06
121023782,POS,1,0FAC,0.67,0.23,0.10,70,x0E
121023877,POS,0,C6AC,0.58,-1.12,1.01,77,x06
121023880,POS,1,0FAC,0.68,0.23,0.06,71,x0E
121023978,POS,0,C6AC,0.60,-1.14,1.05,74,x06
121023982,POS,1,0FAC,0.67,0.22,0.02,69,x0E
121024077,POS,0,C6AC,0.56,-0.96,1.02,67,x06
121024082,POS,1,0FAC,0.67,0.22,-0.01,67,x0E
121024178,POS,0,C6AC,0.51,-0.91,0.78,68,x06
121024181,POS,1,0FAC,0.65,0.19,0.30,76,x0E
121024276,POS,0,C6AC,0.50,-0.83,0.63,65,x06
121024281,POS,1,0FAC,0.64,0.16,0.53,74,x0E
121024378,POS,0,C6AC,0.49,-0.74,0.70,69,x06
121024382,POS,1,0FAC,0.65,0.18,0.38,68,x0E
121024477,POS,0,C6AC,0.47,-0.70,0.79,58,x06
121024481,POS,1,0FAC,0.63,0.18,0.31,80,x0E
121024578,POS,0,C6AC,0.46,-0.65,0.82,68,x06
121024581,POS,1,0FAC,0.62,0.16,0.53,77,x0E
121024677,POS,0,C6AC,0.45,-0.59,0.74,68,x06
121024681,POS,1,0FAC,0.61,0.17,0.41,75,x0E
121024777,POS,0,C6AC,0.44,-0.54,0.64,65,x06
121024781,POS,1,0FAC,0.61,0.14,0.63,70,x0E
121024877,POS,0,C6AC,0.43,-0.51,0.48,65,x06
121024881,POS,1,0FAC,0.60,0.14,0.78,75,x0E
121024978,POS,0,C6AC,0.40,-0.49,0.62,64,x06
121024983,POS,1,0FAC,0.61,0.13,0.91,70,x0E
121025077,POS,0,C6AC,0.37,-0.48,0.73,62,x06
121025081,POS,1,0FAC,0.60,0.11,1.01,70,x0E
121025176,POS,0,C6AC,0.37,-0.45,0.79,68,x06
121025185,POS,1,0FAC,0.60,0.11,1.10,66,x0E
121025277,POS,0,C6AC,0.37,-0.39,0.86,71,x06
121025281,POS,1,0FAC,0.60,0.09,1.17,63,x0E
121025378,POS,0,C6AC,0.37,-0.33,0.91,75,x06
121025383,POS,1,0FAC,0.60,0.10,1.25,59,x0E
121025477,POS,0,C6AC,0.35,-0.29,0.96,73,x06
121025481,POS,1,0FAC,0.55,0.15,0.94,79,x0E
121025578,POS,0,C6AC,0.34,-0.29,0.96,71,x06
121025582,POS,1,0FAC,0.60,0.30,0.68,69,x0E
121025678,POS,0,C6AC,0.31,-0.30,0.93,75,x06
121025683,POS,1,0FAC,0.56,0.30,0.49,73,x0E
121025777,POS,0,C6AC,0.28,-0.30,0.69,60,x06
121025781,POS,1,0FAC,0.49,0.23,0.66,73,x0E
121025877,POS,0,C6AC,0.21,-0.38,0.47,66,x06
121025882,POS,1,0FAC,0.42,0.25,0.51,83,x0E
121025978,POS,0,C6AC,0.23,-0.40,0.66,60,x06
121025982,POS,1,0FAC,0.37,0.25,0.60,91,x0E
121026077,POS,0,C6AC,0.24,-0.43,0.79,61,x06
121026081,POS,1,0FAC,0.32,0.23,0.69,86,x0E
121026178,POS,0,C6AC,0.22,-0.38,0.66,78,x06
121026183,POS,1,0FAC,0.28,0.22,0.81,76,x0E
121026277,POS,0,C6AC,0.19,-0.39,0.73,63,x06
121026282,POS,1,0FAC,0.24,0.19,0.91,73,x0E
121026377,POS,0,C6AC,0.17,-0.39,0.61,67,x06
121026380,POS,1,0FAC,0.26,0.06,0.97,63,x0E
121026477,POS,0,C6AC,0.17,-0.39,0.51,68,x06
121026482,POS,1,0FAC,0.23,0.09,1.04,72,x0E
121026577,POS,0,C6AC,0.16,-0.41,0.35,63,x06
121026581,POS,1,0FAC,0.24,0.02,1.09,65,x0E
121026676,POS,0,C6AC,0.13,-0.42,0.25,61,x06
121026681,POS,1,0FAC,0.20,0.10,1.12,74,x0E
121026777,POS,0,C6AC,0.15,-0.29,0.03,58,x06
121026782,POS,1,0FAC,0.18,0.14,1.08,87,x0E
121026876,POS,0,C6AC,0.13,-0.18,0.44,56,x06
121026881,POS,1,0FAC,0.15,0.11,0.89,86,x0E
121026978,POS,0,C6AC,0.14,-0.08,0.20,55,x06
121026982,POS,1,0FAC,0.11,0.10,0.90,80,x0E
121027077,POS,0,C6AC,0.09,-0.00,-0.05,54,x06
121027081,POS,1,0FAC,0.10,0.11,0.73,89,x0E
121027177,POS,0,C6AC,0.11,0.05,-0.10,62,x06
121027181,POS,1,0FAC,0.09,0.11,0.58,85,x0E
121027277,POS,0,C6AC,0.10,0.06,0.22,72,x06
121027282,POS,1,0FAC,0.07,0.13,0.45,82,x0E
121027378,POS,0,C6AC,0.07,0.06,0.46,68,x06
121027381,POS,1,0FAC,0.06,0.13,0.39,86,x0E
121027477,POS,0,C6AC,0.05,0.04,0.68,60,x06
121027483,POS,1,0FAC,0.04,0.13,0.53,81,x0E
121027578,POS,0,C6AC,0.07,0.04,0.49,71,x06
121027582,POS,1,0FAC,0.02,0.16,0.61,87,x0E
121027677,POS,0,C6AC,0.08,0.05,0.67,69,x06
121027682,POS,1,0FAC,0.02,0.19,0.72,81,x0E
121027777,POS,0,C6AC,0.08,0.01,0.54,79,x06
121027781,POS,1,0FAC,0.06,0.09,0.80,72,x0E
121027876,POS,0,C6AC,0.10,0.07,0.33,60,x06
121027882,POS,1,0FAC,0.10,0.02,0.86,71,x0E
121027977,POS,0,C6AC,0.12,-0.12,0.49,66,x06
121027981,POS,1,0FAC,0.15,-0.06,0.87,74,x0E
121028077,POS,0,C6AC,0.16,-0.27,0.67,66,x06
121028082,POS,1,0FAC,0.20,-0.13,0.97,58,x0E
121028177,POS,0,C6AC,0.17,-0.30,0.79,60,x06
121028182,POS,1,0FAC,0.13,-0.17,1.07,58,x0E
121028277,POS,0,C6AC,0.16,-0.21,0.82,85,x06
121028281,POS,1,0FAC,0.17,-0.22,1.11,58,x0E
121028377,POS,0,C6AC,0.15,-0.15,0.86,80,x06
121028381,POS,1,0FAC,0.14,-0.08,0.81,74,x0E
121028477,POS,0,C6AC,0.15,-0.10,0.90,79,x06
121028482,POS,1,0FAC,0.12,0.06,0.64,85,x0E
121028576,POS,0,C6AC,0.15,-0.08,0.69,78,x06
121028581,POS,1,0FAC,0.10,0.19,0.55,89,x0E
121028677,POS,0,C6AC,0.15,-0.10,0.74,78,x06
121028681,POS,1,0FAC,0.11,0.27,0.43,83,x0E
121028776,POS,0,C6AC,0.14,-0.12,0.85,64,x06
121028781,POS,1,0FAC,0.11,0.31,0.32,78,x0E
121028877,POS,0,C6AC,0.15,-0.17,0.86,73,x06
121028881,POS,1,0FAC,0.10,0.35,0.47,91,x0E
121028977,POS,0,C6AC,0.15,-0.21,0.84,71,x06
121028982,POS,1,0FAC,0.12,0.39,0.35,78,x0E
121029077,POS,0,C6AC,0.14,-0.19,0.87,75,x06
121029081,POS,1,0FAC,0.13,0.44,0.51,88,x0E
121029177,POS,0,C6AC,0.12,-0.16,0.88,78,x06
121029182,POS,1,0FAC,0.14,0.47,0.64,86,x0E
121029278,POS,0,C6AC,0.12,-0.15,0.96,65,x06
121029283,POS,1,0FAC,0.15,0.52,0.76,81,x0E
121029377,POS,0,C6AC,0.15,-0.17,1.01,65,x06
121029381,POS,1,0FAC,0.14,0.57,0.84,82,x0E
121029477,POS,0,C6AC,0.17,-0.18,1.03,69,x06
121029483,POS,1,0FAC,0.14,0.63,0.92,79,x0E
121029577,POS,0,C6AC,0.17,-0.20,1.01,73,x06
121029581,POS,1,0FAC,0.14,0.70,0.95,78,x0E
121029677,POS,0,C6AC,0.19,-0.30,1.03,63,x06
121029680,POS,1,0FAC,0.14,0.75,0.96,80,x0E
121029777,POS,0,C6AC,0.18,-0.29,0.80,70,x06
121029780,POS,1,0FAC,0.14,0.80,0.97,81,x0E
121029877,POS,0,C6AC,0.17,-0.30,0.83,69,x06
121029882,POS,1,0FAC,0.14,0.90,1.01,64,x0E
121029977,POS,0,C6AC,0.19,-0.38,0.90,64,x06
121029981,POS,1,0FAC,0.12,1.02,1.04,57,x0E
121030077,POS,0,C6AC,0.20,-0.41,0.92,61,x06
121030082,POS,1,0FAC,0.11,1.13,1.05,57,x0E
121030177,POS,0,C6AC,0.26,-0.56,0.95,70,x06
121030181,POS,1,0FAC,0.12,1.20,0.89,66,x0E
121030278,POS,0,C6AC,0.26,-0.58,1.02,65,x06
121030283,POS,1,0FAC,0.14,1.27,0.78,66,x0E
121030377,POS,0,C6AC,0.29,-0.48,0.73,60,x06
121030381,POS,1,0FAC,0.12,1.34,0.87,59,x0E
121030477,POS,0,C6AC,0.29,-0.36,0.79,83,x06
121030483,POS,1,0FAC,0.13,1.41,0.81,60,x0E
121030577,POS,0,C6AC,0.38,-0.30,0.50,51,x06
121030581,POS,1,0FAC,0.12,1.47,0.69,60,x0E
121030678,POS,0,C6AC,0.27,-0.40,0.34,68,x06
121030681,POS,1,0FAC,0.08,1.63,0.58,76,x0E
121030777,POS,0,C6AC,0.28,-0.41,0.30,65,x06
121030780,POS,1,0FAC,0.11,1.63,0.46,63,x0E
121030877,POS,0,C6AC,0.29,-0.45,0.52,61,x06
121030881,POS,1,0FAC,0.12,1.59,0.59,58,x0E
121030977,POS,0,C6AC,0.26,-0.37,0.77,61,x06
121030981,POS,1,0FAC,0.15,1.59,0.47,63,x0E
121031077,POS,0,C6AC,0.19,-0.42,0.94,68,x06
121031081,POS,1,0FAC,0.16,1.59,0.45,60,x0E
121031177,POS,0,C6AC,0.23,-0.47,1.01,62,x06
121031182,POS,1,0FAC,0.12,1.74,0.40,78,x0E
121031277,POS,0,C6AC,0.21,-0.42,1.10,61,x06
121031281,POS,1,0FAC,0.14,1.75,0.58,68,x0E
121031377,POS,0,C6AC,0.21,-0.38,1.20,61,x06
121031381,POS,1,0FAC,0.10,1.89,0.51,82,x0E
121031476,POS,0,C6AC,0.22,-0.28,0.84,60,x06
121031480,POS,1,0FAC,0.13,1.90,0.42,72,x0E
121031577,POS,0,C6AC,0.23,-0.22,0.57,57,x06
121031580,POS,1,0FAC,0.16,1.91,0.32,73,x0E
121031677,POS,0,C6AC,0.23,-0.15,0.34,56,x06
121031681,POS,1,0FAC,0.18,1.90,0.33,70,x0E
121031777,POS,0,C6AC,0.22,-0.31,0.54,69,x06
121031781,POS,1,0FAC,0.19,1.91,0.33,72,x0E
121031877,POS,0,C6AC,0.15,-0.26,0.63,74,x06
121031881,POS,1,0FAC,0.20,1.93,0.33,74,x0E
121031977,POS,0,C6AC,0.11,-0.23,0.70,73,x06
121031981,POS,1,0FAC,0.15,2.08,0.35,86,x0E
121032077,POS,0,C6AC,0.08,-0.22,0.79,66,x06
121032082,POS,1,0FAC,0.17,2.06,0.52,74,x0E
121032177,POS,0,C6AC,0.06,-0.21,0.85,68,x06
121032182,POS,1,0FAC,0.15,2.07,0.66,76,x0E
121032277,POS,0,C6AC,0.04,-0.17,0.86,77,x06
121032281,POS,1,0FAC,0.19,2.10,0.57,80,x0E
121032377,POS,0,C6AC,0.04,-0.20,0.87,68,x06
121032382,POS,1,0FAC,0.18,2.23,0.55,87,x0E
121032477,POS,0,C6AC,0.02,-0.21,0.93,64,x06
121032481,POS,1,0FAC,0.20,2.22,0.68,79,x0E
121032577,POS,0,C6AC,0.01,-0.19,0.96,67,x06
121032580,POS,1,0FAC,0.22,2.23,0.60,80,x0E
121032677,POS,0,C6AC,-0.00,-0.22,0.77,68,x06
121032681,POS,1,0FAC,0.22,2.22,0.71,79,x0E
121032777,POS,0,C6AC,0.02,-0.37,0.84,71,x06
121032783,POS,1,0FAC,0.24,2.22,0.83,80,x0E
121032877,POS,0,C6AC,0.02,-0.48,0.91,72,x06
121032881,POS,1,0FAC,0.25,2.23,0.93,80,x0E
121032978,POS,0,C6AC,-0.01,-0.43,0.94,66,x06
121032981,POS,1,0FAC,0.27,2.27,0.95,83,x0E
121033077,POS,0,C6AC,-0.04,-0.40,0.98,67,x06
121033082,POS,1,0FAC,0.28,2.29,0.99,83,x0E
121033178,POS,0,C6AC,-0.03,-0.45,0.96,64,x06
121033182,POS,1,0FAC,0.29,2.35,1.03,85,x0E
121033277,POS,0,C6AC,-0.04,-0.51,1.06,71,x06
121033283,POS,1,0FAC,0.30,2.37,1.12,84,x0E
121033378,POS,0,C6AC,-0.05,-0.47,1.17,61,x06
121033381,POS,1,0FAC,0.30,2.39,1.18,84,x0E
121033476,POS,0,C6AC,-0.06,-0.29,1.30,52,x06
121033481,POS,1,0FAC,0.30,2.43,1.19,86,x0E
121033578,POS,0,C6AC,-0.06,-0.14,1.38,49,x06
121033582,POS,1,0FAC,0.32,2.46,1.23,86,x0E
121033677,POS,0,C6AC,-0.05,-0.04,1.43,51,x06
121033681,POS,1,0FAC,0.30,2.50,1.29,86,x0E
121033778,POS,0,C6AC,-0.07,-0.02,1.40,60,x06
121033782,POS,1,0FAC,0.27,2.71,1.13,93,x0E
121033877,POS,0,C6AC,-0.02,-0.26,1.27,74,x06
121033882,POS,1,0FAC,0.22,2.90,0.97,93,x0E
121033977,POS,0,C6AC,-0.03,-0.20,1.25,65,x06
121033982,POS,1,0FAC,0.18,3.06,0.90,94,x0E
121034077,POS,0,C6AC,0.01,-0.08,0.84,55,x06
121034081,POS,1,0FAC,0.20,3.02,1.01,90,x0E
121034178,POS,0,C6AC,0.02,-0.12,1.06,65,x06
121034182,POS,1,0FAC,0.23,2.97,1.12,89,x0E
121034277,POS,0,C6AC,0.06,-0.05,0.70,54,x06
121034282,POS,1,0FAC,0.27,2.92,1.25,88,x0E
121034377,POS,0,C6AC,0.08,0.02,0.43,53,x06
121034381,POS,1,0FAC,0.38,2.79,0.69,84,x0E
121034477,POS,0,C6AC,0.04,0.02,0.62,66,x06
121034482,POS,1,0FAC,0.38,2.80,0.95,89,x0E
121034576,POS,0,C6AC,0.06,0.02,0.87,59,x06
121034580,POS,1,0FAC,0.33,2.98,1.01,94,x0E
121034677,POS,0,C6AC,0.04,-0.08,1.00,61,x06
121034681,POS,1,0FAC,0.29,3.15,0.94,94,x0E
121034777,POS,0,C6AC,0.02,-0.06,1.06,64,x06
121034780,POS,1,0FAC,0.29,3.09,0.80,90,x0E
121034877,POS,0,C6AC,-0.01,-0.03,1.03,76,x06
121034882,POS,1,0FAC,0.30,3.09,0.86,92,x0E
121034976,POS,0,C6AC,-0.03,-0.04,1.05,66,x06
121034981,POS,1,0FAC,0.31,3.11,0.68,92,x0E
121035077,POS,0,C6AC,-0.03,-0.08,1.06,63,x06
121035082,POS,1,0FAC,0.34,3.08,0.49,90,x0E
121035176,POS,0,C6AC,-0.02,-0.07,0.79,74,x06
121035181,POS,1,0FAC,0.35,3.19,0.53,94,x0E
121035278,POS,0,C6AC,0.01,-0.10,0.63,74,x06
121035281,POS,1,0FAC,0.34,3.17,0.68,92,x0E
121035377,POS,0,C6AC,0.03,-0.15,0.54,73,x06
121035381,POS,1,0FAC,0.34,3.15,0.51,91,x0E
121035477,POS,0,C6AC,0.07,-0.18,0.65,70,x06
121035482,POS,1,0FAC,0.34,3.23,0.69,94,x0E
121035576,POS,0,C6AC,0.09,-0.32,0.78,69,x06
121035581,POS,1,0FAC,0.35,3.24,0.59,93,x0E
121035677,POS,0,C6AC,0.08,-0.23,0.87,72,x06
121035680,POS,1,0FAC,0.31,3.19,0.80,91,x0E
121035777,POS,0,C6AC,0.08,-0.16,0.94,74,x06
121035781,POS,1,0FAC,0.33,3.16,0.90,91,x0E
121035877,POS,0,C6AC,0.13,-0.24,1.01,60,x06
121035881,POS,1,0FAC,0.33,3.17,0.94,93,x0E
121035977,POS,0,C6AC,0.11,-0.18,1.05,68,x06
121035980,POS,1,0FAC,0.34,3.21,0.88,93,x0E
121036078,POS,0,C6AC,0.15,-0.23,1.09,58,x06
121036082,POS,1,0FAC,0.37,3.20,0.72,92,x0E
121036177,POS,0,C6AC,0.17,-0.25,1.08,68,x06
121036181,POS,1,0FAC,0.37,3.20,0.78,93,x0E
121036278,POS,0,C6AC,0.17,-0.18,1.08,78,x06
121036281,POS,1,0FAC,0.40,3.22,0.64,93,x0E
121036376,POS,0,C6AC,0.17,-0.20,0.83,67,x06
121036381,POS,1,0FAC,0.41,3.21,0.73,92,x0E
121036477,POS,0,C6AC,0.18,-0.24,0.63,61,x06
121036482,POS,1,0FAC,0.41,3.19,0.84,92,x0E
121036577,POS,0,C6AC,0.20,-0.25,0.49,65,x06
121036581,POS,1,0FAC,0.40,3.19,0.89,93,x0E
121036675,POS,0,C6AC,0.22,-0.26,0.40,68,x06
121036680,POS,1,0FAC,0.40,3.18,0.96,92,x0E
121036777,POS,0,C6AC,0.22,-0.29,0.33,64,x06
121036781,POS,1,0FAC,0.39,3.17,1.02,92,x0E
121036877,POS,0,C6AC,0.22,-0.30,0.26,63,x06
121036880,POS,1,0FAC,0.39,3.17,1.03,92,x0E
121036977,POS,0,C6AC,0.23,-0.29,0.26,73,x06
121036981,POS,1,0FAC,0.40,3.15,1.07,92,x0E
121037077,POS,0,C6AC,0.21,-0.30,0.48,61,x06
121037081,POS,1,0FAC,0.40,3.16,1.04,93,x0E
121037177,POS,0,C6AC,0.18,-0.32,0.62,63,x06
121037182,POS,1,0FAC,0.41,3.17,0.96,93,x0E
121037276,POS,0,C6AC,0.09,-0.43,0.43,68,x06
121037280,POS,1,0FAC,0.45,3.18,0.84,93,x0E
121037377,POS,0,C6AC,0.05,-0.40,0.35,67,x06
121037382,POS,1,0FAC,0.45,3.19,0.79,93,x0E
121037476,POS,0,C6AC,0.04,-0.39,0.32,67,x06
121037489,POS,1,0FAC,0.43,3.18,0.89,92,x0E
121037577,POS,0,C6AC,0.04,-0.27,0.52,73,x06
121037581,POS,1,0FAC,0.41,3.16,1.00,91,x0E
121037675,POS,0,C6AC,0.02,-0.29,0.60,65,x06
121037681,POS,1,0FAC,0.43,3.20,0.88,94,x0E
121037777,POS,0,C6AC,0.05,-0.28,0.75,60,x06
121037781,POS,1,0FAC,0.42,3.19,0.93,92,x0E
121037877,POS,0,C6AC,0.04,-0.29,0.69,72,x06
121037881,POS,1,0FAC,0.43,3.18,0.94,93,x0E
121037978,POS,0,C6AC,0.12,-0.47,0.82,72,x06
121037982,POS,1,0FAC,0.42,3.18,0.99,92,x0E
121038077,POS,0,C6AC,0.11,-0.46,0.64,60,x06
121038081,POS,1,0FAC,0.42,3.19,1.01,93,x0E
121038177,POS,0,C6AC,0.05,-0.52,0.49,66,x06
121038182,POS,1,0FAC,0.44,3.28,0.90,95,x0E
121038277,POS,0,C6AC,0.06,-0.47,0.59,68,x06
121038281,POS,1,0FAC,0.47,3.28,0.71,93,x0E
121038377,POS,0,C6AC,0.06,-0.47,0.47,60,x06
121038382,POS,1,0FAC,0.44,3.27,0.81,93,x0E
121038477,POS,0,C6AC,0.08,-0.43,0.38,68,x06
121038481,POS,1,0FAC,0.44,3.26,0.79,93,x0E
121038577,POS,0,C6AC,0.08,-0.38,0.34,74,x06
121038581,POS,1,0FAC,0.43,3.24,0.83,93,x0E
121038677,POS,0,C6AC,0.09,-0.39,0.52,62,x06
121038680,POS,1,0FAC,0.44,3.23,0.77,93,x0E
121038778,POS,0,C6AC,0.10,-0.38,0.48,74,x06
121038782,POS,1,0FAC,0.43,3.22,0.84,93,x0E
121038877,POS,0,C6AC,0.13,-0.39,0.62,62,x06
121038881,POS,1,0FAC,0.42,3.19,0.92,92,x0E
121038977,POS,0,C6AC,0.14,-0.37,0.67,73,x06
121038981,POS,1,0FAC,0.42,3.19,0.84,93,x0E
121039077,POS,0,C6AC,0.14,-0.33,0.51,67,x06
121039082,POS,1,0FAC,0.44,3.25,0.69,94,x0E
121039178,POS,0,C6AC,0.15,-0.33,0.53,76,x06
121039182,POS,1,0FAC,0.42,3.24,0.79,93,x0E
121039277,POS,0,C6AC,0.16,-0.34,0.64,68,x06
121039281,POS,1,0FAC,0.41,3.23,0.82,93,x0E
121039377,POS,0,C6AC,0.15,-0.32,0.57,78,x06
121039381,POS,1,0FAC,0.43,3.23,0.74,93,x0E
121039477,POS,0,C6AC,0.15,-0.34,0.68,62,x06
121039482,POS,1,0FAC,0.43,3.22,0.74,93,x0E
121039578,POS,0,C6AC,0.17,-0.33,0.56,72,x06
121039582,POS,1,0FAC,0.42,3.19,0.89,91,x0E
121039677,POS,0,C6AC,0.17,-0.32,0.49,74,x06
121039681,POS,1,0FAC,0.44,3.20,0.77,93,x0E
121039777,POS,0,C6AC,0.16,-0.35,0.61,63,x06
121039781,POS,1,0FAC,0.43,3.18,0.90,92,x0E
121039877,POS,0,C6AC,0.17,-0.38,0.70,64,x06
121039882,POS,1,0FAC,0.41,3.17,0.96,92,x0E
121039977,POS,0,C6AC,0.16,-0.38,0.77,63,x06
121039981,POS,1,0FAC,0.43,3.23,0.75,93,x0E
121040077,POS,0,C6AC,0.16,-0.37,0.75,74,x06
121040081,POS,1,0FAC,0.45,3.22,0.62,92,x0E
121040177,POS,0,C6AC,0.17,-0.35,0.63,75,x06
121040181,POS,1,0FAC,0.44,3.20,0.75,92,x0E
121040277,POS,0,C6AC,0.17,-0.33,0.48,66,x06
121040281,POS,1,0FAC,0.43,3.18,0.85,92,x0E
121040377,POS,0,C6AC,0.18,-0.34,0.63,63,x06
121040381,POS,1,0FAC,0.43,3.17,0.91,92,x0E
121040477,POS,0,C6AC,0.18,-0.34,0.55,72,x06
121040482,POS,1,0FAC,0.43,3.15,0.98,92,x0E
121040576,POS,0,C6AC,0.17,-0.33,0.40,62,x06
121040580,POS,1,0FAC,0.43,3.14,1.06,91,x0E
121040677,POS,0,C6AC,0.17,-0.32,0.45,77,x06
121040681,POS,1,0FAC,0.41,3.13,1.11,92,x0E
121040777,POS,0,C6AC,0.16,-0.33,0.59,63,x06
121040780,POS,1,0FAC,0.44,3.16,0.88,93,x0E
121040877,POS,0,C6AC,0.16,-0.33,0.44,61,x06
121040882,POS,1,0FAC,0.43,3.18,0.89,93,x0E
121040977,POS,0,C6AC,0.16,-0.34,0.55,69,x06
121040980,POS,1,0FAC,0.43,3.18,0.91,93,x0E
121041077,POS,0,C6AC,0.15,-0.34,0.61,70,x06
121041082,POS,1,0FAC,0.42,3.18,0.92,93,x0E
121041177,POS,0,C6AC,0.16,-0.33,0.54,76,x06
121041182,POS,1,0FAC,0.41,3.18,0.95,92,x0E
121041277,POS,0,C6AC,0.17,-0.33,0.60,72,x06
121041281,POS,1,0FAC,0.41,3.17,0.99,92,x0E
121041377,POS,0,C6AC,0.17,-0.34,0.67,68,x06
121041382,POS,1,0FAC,0.42,3.18,0.98,93,x0E
121041477,POS,0,C6AC,0.17,-0.32,0.51,65,x06
121041481,POS,1,0FAC,0.43,3.23,0.93,94,x0E
121041577,POS,0,C6AC,0.17,-0.32,0.58,73,x06
121041581,POS,1,0FAC,0.42,3.21,1.00,92,x0E
121041677,POS,0,C6AC,0.17,-0.36,0.68,62,x06
121041681,POS,1,0FAC,0.44,3.22,0.79,93,x0E
121041777,POS,0,C6AC,0.17,-0.35,0.61,77,x06
121041780,POS,1,0FAC,0.45,3.22,0.73,93,x0E
121041877,POS,0,C6AC,0.17,-0.34,0.66,72,x06
121041880,POS,1,0FAC,0.43,3.20,0.87,92,x0E
121041976,POS,0,C6AC,0.16,-0.36,0.76,61,x06
121041983,POS,1,0FAC,0.46,3.18,0.64,92,x0E
121042077,POS,0,C6AC,0.17,-0.35,0.84,64,x06
121042081,POS,1,0FAC,0.47,3.21,0.54,93,x0E
121042177,POS,0,C6AC,0.17,-0.33,0.63,63,x06
121042181,POS,1,0FAC,0.48,3.18,0.72,92,x0E
121042277,POS,0,C6AC,0.17,-0.33,0.67,73,x06
121042284,POS,1,0FAC,0.45,3.16,0.47,92,x0E
121042377,POS,0,C6AC,0.18,-0.34,0.71,72,x06
121042381,POS,1,0FAC,0.43,3.17,0.62,93,x0E
121042477,POS,0,C6AC,0.18,-0.35,0.56,62,x06
121042482,POS,1,0FAC,0.44,3.17,0.55,92,x0E
121042577,POS,0,C6AC,0.18,-0.37,0.69,61,x06
121042580,POS,1,0FAC,0.43,3.16,0.71,92,x0E
121042677,POS,0,C6AC,0.17,-0.36,0.63,76,x06
121042681,POS,1,0FAC,0.42,3.14,0.87,92,x0E
121042777,POS,0,C6AC,0.18,-0.38,0.70,65,x06
121042781,POS,1,0FAC,0.41,3.15,0.91,92,x0E
121042877,POS,0,C6AC,0.18,-0.37,0.69,74,x06
121042881,POS,1,0FAC,0.42,3.15,0.94,92,x0E
121042977,POS,0,C6AC,0.18,-0.38,0.74,67,x06
121042980,POS,1,0FAC,0.41,3.14,1.03,92,x0E
121043077,POS,0,C6AC,0.18,-0.35,0.60,73,x06
121043082,POS,1,0FAC,0.41,3.15,1.03,92,x0E
121043177,POS,0,C6AC,0.17,-0.34,0.58,76,x06
121043182,POS,1,0FAC,0.43,3.16,0.90,93,x0E
121043277,POS,0,C6AC,0.18,-0.34,0.48,69,x06
121043282,POS,1,0FAC,0.41,3.17,0.93,93,x0E
121043376,POS,0,C6AC,0.18,-0.36,0.42,66,x06
121043381,POS,1,0FAC,0.42,3.17,0.95,92,x0E
121043477,POS,0,C6AC,0.17,-0.35,0.46,75,x06
121043481,POS,1,0FAC,0.43,3.18,0.89,93,x0E
121043576,POS,0,C6AC,0.19,-0.36,0.38,62,x06
121043580,POS,1,0FAC,0.43,3.18,0.95,92,x0E
121043675,POS,0,C6AC,0.18,-0.35,0.38,75,x06
121043681,POS,1,0FAC,0.42,3.17,1.03,92,x0E
121043776,POS,0,C6AC,0.17,-0.33,0.29,65,x06
121043780,POS,1,0FAC,0.43,3.17,1.02,92,x0E
121043876,POS,0,C6AC,0.18,-0.34,0.24,63,x06
121043881,POS,1,0FAC,0.43,3.17,1.02,92,x0E
121043986,POS,0,C6AC,0.18,-0.33,0.29,78,x06
121044000,POS,1,0FAC,0.43,3.17,1.01,93,x0E
121044077,POS,0,C6AC,0.18,-0.32,0.41,75,x06
121044082,POS,1,0FAC,0.46,3.17,0.82,92,x0E
121044177,POS,0,C6AC,0.18,-0.35,0.53,65,x06
121044184,POS,1,0FAC,0.45,3.17,0.86,92,x0E
121044276,POS,0,C6AC,0.18,-0.36,0.68,61,x06
121044282,POS,1,0FAC,0.45,3.18,0.82,93,x0E
121044377,POS,0,C6AC,0.17,-0.36,0.71,70,x06
121044385,POS,1,0FAC,0.44,3.17,0.92,92,x0E
121044476,POS,0,C6AC,0.17,-0.40,0.79,62,x06
121044481,POS,1,0FAC,0.45,3.20,0.79,93,x0E
121044579,POS,0,C6AC,0.17,-0.39,0.81,68,x06
121044581,POS,1,0FAC,0.45,3.19,0.84,92,x0E
121044676,POS,0,C6AC,0.18,-0.40,0.64,62,x06
121044681,POS,1,0FAC,0.45,3.17,0.91,92,x0E
121044777,POS,0,C6AC,0.18,-0.39,0.51,63,x06
121044781,POS,1,0FAC,0.43,3.17,0.94,92,x0E
121044876,POS,0,C6AC,0.17,-0.38,0.66,62,x06
121044882,POS,1,0FAC,0.45,3.18,0.75,92,x0E
121044977,POS,0,C6AC,0.16,-0.38,0.75,62,x06
121044984,POS,1,0FAC,0.44,3.17,0.87,92,x0E
121045077,POS,0,C6AC,0.17,-0.40,0.59,63,x06
121045081,POS,1,0FAC,0.43,3.18,0.91,93,x0E
121045177,POS,0,C6AC,0.16,-0.38,0.45,62,x06
121045183,POS,1,0FAC,0.46,3.21,0.72,93,x0E
121045277,POS,0,C6AC,0.16,-0.38,0.59,63,x06
121045282,POS,1,0FAC,0.46,3.18,0.87,92,x0E
121045377,POS,0,C6AC,0.17,-0.39,0.47,62,x06
121045382,POS,1,0FAC,0.44,3.17,0.96,92,x0E
121045476,POS,0,C6AC,0.17,-0.37,0.35,61,x06
121045483,POS,1,0FAC,0.43,3.15,1.04,92,x0E
121045577,POS,0,C6AC,0.16,-0.37,0.47,69,x06
121045582,POS,1,0FAC,0.44,3.17,0.92,93,x0E
121045678,POS,0,C6AC,0.17,-0.35,0.56,74,x06
121045683,POS,1,0FAC,0.44,3.17,0.94,92,x0E
121045777,POS,0,C6AC,0.17,-0.34,0.52,75,x06
121045782,POS,1,0FAC,0.43,3.16,1.00,92,x0E
121045877,POS,0,C6AC,0.17,-0.34,0.48,76,x06
121045883,POS,1,0FAC,0.43,3.16,1.04,92,x0E
121045977,POS,0,C6AC,0.17,-0.32,0.43,75,x06
121045984,POS,1,0FAC,0.43,3.17,1.07,92,x0E
121046077,POS,0,C6AC,0.17,-0.31,0.56,71,x06
121046083,POS,1,0FAC,0.41,3.18,1.08,93,x0E
121046177,POS,0,C6AC,0.17,-0.31,0.64,71,x06
121046183,POS,1,0FAC,0.41,3.18,1.10,92,x0E
121047516,P