113734911,=~=~=~=~=~=~=~=~=~=~=~= KiTTY log 2025.11.03 11:37:34 =~=~=~=~=~=~=~=~=~=~=~=
113734911,POS,0,C6AC,-0.10,0.85,0.96,76,x06
113734918,POS,1,0FAC,0.24,-0.00,-0.23,63,x0E
113735011,POS,0,C6AC,-0.11,0.84,0.97,78,x06
113735017,POS,1,0FAC,0.24,0.01,-0.24,58,x0E
113735111,POS,0,C6AC,-0.13,0.86,1.04,61,x06
113735114,POS,1,0FAC,0.21,0.01,-0.21,67,x0E
113735211,POS,0,C6AC,-0.11,0.85,1.01,80,x06
113735214,POS,1,0FAC,0.22,0.03,-0.22,60,x0E
113735311,POS,0,C6AC,-0.11,0.88,0.99,74,x06
113735314,POS,1,0FAC,0.19,0.02,-0.21,64,x0E
113735411,POS,0,C6AC,-0.11,0.86,1.02,75,x06
113735416,POS,1,0FAC,0.21,0.03,-0.23,58,x0E
113735510,POS,0,C6AC,-0.09,0.84,1.04,79,x06
113735513,POS,1,0FAC,0.24,0.01,-0.25,59,x0E
113735610,POS,0,C6AC,-0.10,0.86,0.99,77,x06
113735616,POS,1,0FAC,0.25,0.04,-0.24,62,x0E
113735711,POS,0,C6AC,-0.11,0.83,0.99,80,x06
113735716,POS,1,0FAC,0.26,0.05,-0.25,60,x0E
113735809,POS,0,C6AC,-0.10,0.81,0.99,82,x06
113735816,POS,1,0FAC,0.26,0.05,-0.24,62,x0E
113735910,POS,0,C6AC,-0.10,0.84,1.00,74,x06
113735916,POS,1,0FAC,0.26,0.05,-0.26,57,x0E
113736011,POS,0,C6AC,-0.09,0.83,1.03,75,x06
113736014,POS,1,0FAC,0.26,0.03,-0.26,57,x0E
113736110,POS,0,C6AC,-0.10,0.82,1.02,80,x06
113736116,POS,1,0FAC,0.27,0.03,-0.26,60,x0E
113736211,POS,0,C6AC,-0.10,0.83,1.02,75,x06
113736216,POS,1,0FAC,0.27,0.04,-0.26,60,x0E
113736311,POS,0,C6AC,-0.11,0.84,1.02,74,x06
113736315,POS,1,0FAC,0.27,0.05,-0.27,57,x0E
113736411,POS,0,C6AC,-0.09,0.82,0.78,75,x06
113736414,POS,1,0FAC,0.28,0.05,-0.27,57,x0E
113736511,POS,0,C6AC,-0.09,0.82,0.85,77,x06
113736513,POS,1,0FAC,0.28,0.04,-0.26,60,x0E
113736611,POS,0,C6AC,-0.09,0.85,0.87,76,x06
113736613,POS,1,0FAC,0.29,0.05,-0.27,57,x0E
113736710,POS,0,C6AC,-0.10,0.83,0.93,74,x06
113736714,POS,1,0FAC,0.24,0.05,-0.24,67,x0E
113736811,POS,0,C6AC,-0.10,0.86,0.92,75,x06
113736827,POS,1,0FAC,0.25,0.04,-0.26,57,x0E
113736911,POS,0,C6AC,-0.14,0.93,1.00,58,x06
113736916,POS,1,0FAC,0.25,0.05,-0.25,62,x0E
113737010,POS,0,C6AC,-0.12,0.90,0.96,84,x06
113737018,POS,1,0FAC,0.26,0.06,-0.26,58,x0E
113737111,POS,0,C6AC,-0.11,0.87,0.97,80,x06
113737117,POS,1,0FAC,0.26,0.07,-0.26,59,x0E
113737210,POS,0,C6AC,-0.10,0.89,0.94,77,x06
113737216,POS,1,0FAC,0.26,0.06,-0.27,57,x0E
113737311,POS,0,C6AC,-0.09,0.86,0.98,78,x06
113737318,POS,1,0FAC,0.26,0.06,-0.27,59,x0E
113737410,POS,0,C6AC,-0.11,0.84,1.02,73,x06
113737417,POS,1,0FAC,0.22,0.03,-0.24,64,x0E
113737510,POS,0,C6AC,-0.10,0.83,0.96,85,x06
113737516,POS,1,0FAC,0.23,0.04,-0.24,59,x0E
113737610,POS,0,C6AC,-0.10,0.82,0.95,82,x06
113737616,POS,1,0FAC,0.24,0.05,-0.26,57,x0E
113737710,POS,0,C6AC,-0.10,0.82,1.00,72,x06
113737716,POS,1,0FAC,0.25,0.04,-0.27,57,x0E
113737810,POS,0,C6AC,-0.09,0.81,1.02,77,x06
113737815,POS,1,0FAC,0.22,0.02,-0.24,63,x0E
113737911,POS,0,C6AC,-0.10,0.80,1.05,74,x06
113737913,POS,1,0FAC,0.24,0.02,-0.26,57,x0E
113738010,POS,0,C6AC,-0.08,0.81,1.05,78,x06
113738014,POS,1,0FAC,0.25,0.02,-0.27,57,x0E
113738111,POS,0,C6AC,-0.10,0.83,1.06,71,x06
113738114,POS,1,0FAC,0.22,-0.01,-0.24,63,x0E
113738210,POS,0,C6AC,-0.10,0.82,1.09,72,x06
113738214,POS,1,0FAC,0.23,-0.00,-0.26,57,x0E
113738310,POS,0,C6AC,-0.10,0.81,1.09,75,x06
113738313,POS,1,0FAC,0.25,-0.00,-0.29,59,x0E
113738410,POS,0,C6AC,-0.09,0.82,1.00,85,x06
113738415,POS,1,0FAC,0.26,-0.01,-0.27,60,x0E
113738510,POS,0,C6AC,-0.09,0.84,0.96,78,x06
113738513,POS,1,0FAC,0.25,0.03,-0.27,62,x0E
113738610,POS,0,C6AC,-0.11,0.83,0.97,79,x06
113738614,POS,1,0FAC,0.22,0.01,-0.24,64,x0E
113738710,POS,0,C6AC,-0.10,0.82,1.00,76,x06
113738714,POS,1,0FAC,0.24,0.01,-0.25,57,x0E
113738811,POS,0,C6AC,-0.10,0.81,1.01,78,x06
113738815,POS,1,0FAC,0.25,0.03,-0.25,59,x0E
113738910,POS,0,C6AC,-0.10,0.81,0.96,83,x06
113738914,POS,1,0FAC,0.25,0.02,-0.26,57,x0E
113739010,POS,0,C6AC,-0.11,0.81,0.99,75,x06
113739013,POS,1,0FAC,0.26,0.02,-0.27,57,x0E
113739111,POS,0,C6AC,-0.13,0.85,1.02,64,x06
113739114,POS,1,0FAC,0.27,0.01,-0.27,58,x0E
113739210,POS,0,C6AC,-0.14,0.90,1.07,59,x06
113739214,POS,1,0FAC,0.28,0.01,-0.28,57,x0E
113739311,POS,0,C6AC,-0.14,0.87,1.07,76,x06
113739313,POS,1,0FAC,0.28,0.02,-0.26,62,x0E
113739409,POS,0,C6AC,-0.15,0.89,1.12,61,x06
113739415,POS,1,0FAC,0.26,0.03,-0.26,60,x0E
113739511,POS,0,C6AC,-0.14,0.86,1.07,82,x06
113739514,POS,1,0FAC,0.26,0.04,-0.26,61,x0E
113739610,POS,0,C6AC,-0.17,0.93,1.12,56,x06
113739614,POS,1,0FAC,0.27,0.02,-0.27,58,x0E
113739711,POS,0,C6AC,-0.15,0.94,1.05,74,x06
113739715,POS,1,0FAC,0.27,0.01,-0.28,57,x0E
113739811,POS,0,C6AC,-0.14,0.90,1.07,75,x06
113739814,POS,1,0FAC,0.28,0.02,-0.29,57,x0E
113739911,POS,0,C6AC,-0.14,0.87,1.09,74,x06
113739914,POS,1,0FAC,0.27,0.04,-0.28,61,x0E
113740011,POS,0,C6AC,-0.14,0.84,1.08,78,x06
113740013,POS,1,0FAC,0.27,0.03,-0.27,58,x0E
113740110,POS,0,C6AC,-0.12,0.86,1.04,77,x06
113740114,POS,1,0FAC,0.23,0.01,-0.24,64,x0E
113740211,POS,0,C6AC,-0.12,0.88,1.01,76,x06
113740214,POS,1,0FAC,0.25,0.03,-0.24,61,x0E
113740311,POS,0,C6AC,-0.10,0.90,0.98,76,x06
113740313,POS,1,0FAC,0.25,0.03,-0.24,60,x0E
113740410,POS,0,C6AC,-0.10,0.88,1.00,76,x06
113740413,POS,1,0FAC,0.26,0.03,-0.24,59,x0E
113740511,POS,0,C6AC,-0.10,0.89,0.99,74,x06
113740514,POS,1,0FAC,0.27,0.03,-0.26,57,x0E
113740611,POS,0,C6AC,-0.12,0.92,1.02,64,x06
113740613,POS,1,0FAC,0.27,0.03,-0.26,58,x0E
113740711,POS,0,C6AC,-0.12,0.89,1.01,79,x06
113740714,POS,1,0FAC,0.27,0.04,-0.26,60,x0E
113740811,POS,0,C6AC,-0.10,0.86,0.96,86,x06
113740814,POS,1,0FAC,0.28,0.04,-0.26,59,x0E
113740911,POS,0,C6AC,-0.13,0.88,1.02,63,x06
113740914,POS,1,0FAC,0.27,0.03,-0.27,57,x0E
113741010,POS,0,C6AC,-0.12,0.86,0.95,85,x06
113741013,POS,1,0FAC,0.28,0.03,-0.26,60,x0E
113741111,POS,0,C6AC,-0.13,0.89,1.02,62,x06
113741113,POS,1,0FAC,0.23,0.02,-0.22,69,x0E
113741211,POS,0,C6AC,-0.11,0.87,1.03,78,x06
113741214,POS,1,0FAC,0.25,0.02,-0.23,58,x0E
113741310,POS,0,C6AC,-0.09,0.85,1.03,79,x06
113741314,POS,1,0FAC,0.21,0.01,-0.21,64,x0E
113741411,POS,0,C6AC,-0.10,0.83,1.04,77,x06
113741414,POS,1,0FAC,0.23,0.01,-0.22,59,x0E
113741510,POS,0,C6AC,-0.10,0.86,1.00,77,x06
113741514,POS,1,0FAC,0.23,0.03,-0.22,63,x0E
113741610,POS,0,C6AC,-0.11,0.87,1.03,70,x06
113741614,POS,1,0FAC,0.24,0.04,-0.23,60,x0E
113741710,POS,0,C6AC,-0.10,0.85,0.99,83,x06
113741713,POS,1,0FAC,0.25,0.03,-0.24,57,x0E
113741811,POS,0,C6AC,-0.12,0.88,1.02,65,x06
113741814,POS,1,0FAC,0.21,0.02,-0.21,65,x0E
113741910,POS,0,C6AC,-0.12,0.85,1.05,76,x06
113741914,POS,1,0FAC,0.23,0.01,-0.22,59,x0E
113742010,POS,0,C6AC,-0.12,0.83,1.05,77,x06
113742013,POS,1,0FAC,0.24,0.01,-0.24,57,x0E
113742110,POS,0,C6AC,-0.11,0.83,1.06,75,x06
113742114,POS,1,0FAC,0.25,0.01,-0.26,58,x0E
113742211,POS,0,C6AC,-0.11,0.84,1.02,78,x06
113742213,POS,1,0FAC,0.26,0.01,-0.26,58,x0E
113742310,POS,0,C6AC,-0.10,0.83,1.02,80,x06
113742314,POS,1,0FAC,0.26,0.01,-0.27,59,x0E
113742411,POS,0,C6AC,-0.11,0.82,1.01,79,x06
113742413,POS,1,0FAC,0.23,-0.00,-0.24,63,x0E
113742510,POS,0,C6AC,-0.10,0.86,0.98,73,x06
113742514,POS,1,0FAC,0.24,0.01,-0.24,61,x0E
113742610,POS,0,C6AC,-0.08,0.84,1.00,79,x06
113742614,POS,1,0FAC,0.21,0.01,-0.22,65,x0E
113742709,POS,0,C6AC,-0.10,0.83,1.01,78,x06
113742714,POS,1,0FAC,0.18,-0.01,-0.21,62,x0E
113742811,POS,0,C6AC,-0.09,0.82,0.96,85,x06
113742814,POS,1,0FAC,0.16,-0.01,-0.19,66,x0E
113742911,POS,0,C6AC,-0.08,0.81,0.98,79,x06
113742914,POS,1,0FAC,0.15,-0.01,-0.18,64,x0E
113743010,POS,0,C6AC,-0.09,0.85,1.04,64,x06
113743013,POS,1,0FAC,0.19,-0.00,-0.21,57,x0E
113743111,POS,0,C6AC,-0.10,0.83,1.04,78,x06
113743114,POS,1,0FAC,0.21,-0.00,-0.24,58,x0E
113743211,POS,0,C6AC,-0.10,0.83,0.99,81,x06
113743214,POS,1,0FAC,0.23,-0.00,-0.25,57,x0E
113743311,POS,0,C6AC,-0.10,0.82,0.96,84,x06
113743314,POS,1,0FAC,0.25,0.01,-0.26,57,x0E
113743410,POS,0,C6AC,-0.13,0.86,1.04,57,x06
113743413,POS,1,0FAC,0.26,0.01,-0.25,59,x0E
113743511,POS,0,C6AC,-0.12,0.84,1.03,80,x06
113743514,POS,1,0FAC,0.26,0.02,-0.26,59,x0E
113743610,POS,0,C6AC,-0.14,0.86,1.08,62,x06
113743614,POS,1,0FAC,0.26,0.03,-0.26,57,x0E
113743711,POS,0,C6AC,-0.13,0.84,1.09,74,x06
113743714,POS,1,0FAC,0.22,0.02,-0.23,65,x0E
113743811,POS,0,C6AC,-0.14,0.83,1.11,72,x06
113743814,POS,1,0FAC,0.24,0.03,-0.24,58,x0E
113743911,POS,0,C6AC,-0.13,0.82,1.11,74,x06
113743914,POS,1,0FAC,0.21,0.03,-0.23,64,x0E
113744010,POS,0,C6AC,-0.11,0.81,1.02,87,x06
113744013,POS,1,0FAC,0.23,0.02,-0.25,58,x0E
113744111,POS,0,C6AC,-0.10,0.81,1.05,74,x06
113744114,POS,1,0FAC,0.20,0.01,-0.23,65,x0E
113744210,POS,0,C6AC,-0.09,0.80,1.06,78,x06
113744212,POS,1,0FAC,0.22,0.02,-0.24,57,x0E
113744310,POS,0,C6AC,-0.08,0.81,1.05,79,x06
113744314,POS,1,0FAC,0.24,0.03,-0.24,60,x0E
113744411,POS,0,C6AC,-0.10,0.84,1.09,63,x06
113744413,POS,1,0FAC,0.21,0.02,-0.21,67,x0E
113744510,POS,0,C6AC,-0.11,0.82,1.06,80,x06
113744514,POS,1,0FAC,0.23,0.04,-0.24,57,x0E
113744611,POS,0,C6AC,-0.11,0.82,1.05,78,x06
113744613,POS,1,0FAC,0.25,0.05,-0.25,57,x0E
113744710,POS,0,C6AC,-0.13,0.86,1.09,62,x06
113744713,POS,1,0FAC,0.26,0.05,-0.25,59,x0E
113744810,POS,0,C6AC,-0.12,0.83,1.08,80,x06
113744813,POS,1,0FAC,0.25,0.05,-0.27,56,x0E
113744910,POS,0,C6AC,-0.13,0.88,1.11,59,x06
113744913,POS,1,0FAC,0.23,0.11,-0.27,60,x0E
113745010,POS,0,C6AC,-0.13,0.86,1.11,74,x06
113745014,POS,1,0FAC,0.21,0.08,-0.24,65,x0E
113745110,POS,0,C6AC,-0.13,0.84,1.09,78,x06
113745114,POS,1,0FAC,0.22,0.06,-0.26,56,x0E
113745211,POS,0,C6AC,-0.13,0.85,1.07,75,x06
113745213,POS,1,0FAC,0.23,0.06,-0.26,59,x0E
113745310,POS,0,C6AC,-0.15,0.89,1.11,58,x06
113745314,POS,1,0FAC,0.25,0.07,-0.26,60,x0E
113745410,POS,0,C6AC,-0.13,0.85,1.04,87,x06
113745414,POS,1,0FAC,0.27,0.05,-0.28,59,x0E
113745511,POS,0,C6AC,-0.12,0.87,1.03,75,x06
113745514,POS,1,0FAC,0.22,0.03,-0.24,65,x0E
113745611,POS,0,C6AC,-0.11,0.85,0.97,85,x06
113745614,POS,1,0FAC,0.24,0.04,-0.26,56,x0E
113745710,POS,0,C6AC,-0.12,0.86,1.00,71,x06
113745714,POS,1,0FAC,0.26,0.03,-0.27,58,x0E
113745810,POS,0,C6AC,-0.10,0.85,0.99,82,x06
113745814,POS,1,0FAC,0.26,0.02,-0.28,57,x0E
113745910,POS,0,C6AC,-0.10,0.85,1.00,76,x06
113745913,POS,1,0FAC,0.22,0.02,-0.25,66,x0E
113746011,POS,0,C6AC,-0.09,0.87,0.97,78,x06
113746013,POS,1,0FAC,0.24,0.03,-0.24,61,x0E
113746111,POS,0,C6AC,-0.10,0.85,1.01,74,x06
113746113,POS,1,0FAC,0.25,0.05,-0.26,56,x0E
113746210,POS,0,C6AC,-0.12,0.87,1.06,62,x06
113746213,POS,1,0FAC,0.25,0.04,-0.26,58,x0E
113746310,POS,0,C6AC,-0.12,0.87,1.04,77,x06
113746313,POS,1,0FAC,0.27,0.05,-0.27,57,x0E
113746410,POS,0,C6AC,-0.11,0.86,0.98,83,x06
113746414,POS,1,0FAC,0.27,0.05,-0.27,58,x0E
113746511,POS,0,C6AC,-0.10,0.85,1.00,78,x06
113746514,POS,1,0FAC,0.27,0.05,-0.27,57,x0E
113746610,POS,0,C6AC,-0.10,0.84,1.02,75,x06
113746614,POS,1,0FAC,0.27,0.05,-0.28,56,x0E
113746710,POS,0,C6AC,-0.10,0.82,1.02,80,x06
113746713,POS,1,0FAC,0.27,0.04,-0.28,59,x0E
113746810,POS,0,C6AC,-0.10,0.80,0.98,85,x06
113746813,POS,1,0FAC,0.27,0.03,-0.28,57,x0E
113746911,POS,0,C6AC,-0.09,0.82,1.00,75,x06
113746914,POS,1,0FAC,0.27,0.02,-0.29,57,x0E
113747010,POS,0,C6AC,-0.09,0.84,0.97,79,x06
113747013,POS,1,0FAC,0.27,0.01,-0.29,57,x0E
113747110,POS,0,C6AC,-0.08,0.81,1.01,77,x06
113747113,POS,1,0FAC,0.27,0.01,-0.29,57,x0E
113747210,POS,0,C6AC,-0.10,0.80,1.03,76,x06
113747214,POS,1,0FAC,0.27,0.01,-0.29,56,x0E
113747311,POS,0,C6AC,-0.09,0.80,0.97,85,x06
113747314,POS,1,0FAC,0.22,0.01,-0.25,68,x0E
113747410,POS,0,C6AC,-0.09,0.80,0.96,82,x06
113747413,POS,1,0FAC,0.22,-0.00,-0.23,63,x0E
113747510,POS,0,C6AC,-0.09,0.84,0.93,76,x06
113747514,POS,1,0FAC,0.23,0.02,-0.23,60,x0E
113747610,POS,0,C6AC,-0.08,0.83,0.96,78,x06
113747613,POS,1,0FAC,0.25,0.02,-0.25,58,x0E
113747711,POS,0,C6AC,-0.08,0.83,0.98,77,x06
113747714,POS,1,0FAC,0.26,0.03,-0.26,59,x0E
113747810,POS,0,C6AC,-0.08,0.83,1.02,74,x06
113747813,POS,1,0FAC,0.26,0.02,-0.26,57,x0E
113747911,POS,0,C6AC,-0.08,0.82,1.00,81,x06
113747914,POS,1,0FAC,0.22,0.00,-0.24,63,x0E
113748010,POS,0,C6AC,-0.08,0.82,1.02,76,x06
113748013,POS,1,0FAC,0.24,0.01,-0.25,57,x0E
113748111,POS,0,C6AC,-0.10,0.80,1.00,82,x06
113748114,POS,1,0FAC,0.21,0.01,-0.22,67,x0E
113748210,POS,0,C6AC,-0.09,0.82,1.02,74,x06
113748213,POS,1,0FAC,0.22,0.03,-0.24,56,x0E
113748310,POS,0,C6AC,-0.09,0.82,1.04,76,x06
113748314,POS,1,0FAC,0.23,0.03,-0.24,60,x0E
113748411,POS,0,C6AC,-0.10,0.81,1.04,78,x06
113748413,POS,1,0FAC,0.23,0.02,-0.22,64,x0E
113748510,POS,0,C6AC,-0.08,0.82,0.82,76,x06
113748514,POS,1,0FAC,0.19,0.02,-0.08,86,x0E
113748611,POS,0,C6AC,-0.08,0.80,0.88,80,x06
113748614,POS,1,0FAC,0.07,-0.05,0.27,49,x0E
113748710,POS,0,C6AC,-0.10,0.84,0.96,63,x06
113748714,POS,1,0FAC,0.06,-0.04,0.49,70,x0E
113748811,POS,0,C6AC,-0.09,0.83,1.00,75,x06
113748814,POS,1,0FAC,0.05,-0.07,0.59,73,x0E
113748910,POS,0,C6AC,-0.08,0.83,1.03,75,x06
113748914,POS,1,0FAC,0.04,-0.08,0.73,66,x0E
113749010,POS,0,C6AC,-0.11,0.86,1.07,61,x06
113749014,POS,1,0FAC,0.02,-0.10,0.82,65,x0E
113749110,POS,0,C6AC,-0.11,0.84,1.06,79,x06
113749114,POS,1,0FAC,-0.00,-0.11,0.88,66,x0E
113749211,POS,0,C6AC,-0.10,0.84,1.06,76,x06
113749213,POS,1,0FAC,-0.01,-0.10,0.87,77,x0E
113749310,POS,0,C6AC,-0.10,0.82,1.05,81,x06
113749314,POS,1,0FAC,-0.01,-0.13,0.94,63,x0E
113749411,POS,0,C6AC,-0.09,0.81,1.06,78,x06
113749413,POS,1,0FAC,-0.01,-0.07,0.94,80,x0E
113749509,POS,0,C6AC,-0.06,0.79,0.82,79,x06
113749513,POS,1,0FAC,-0.02,-0.07,0.96,72,x0E
113749611,POS,0,C6AC,-0.07,0.79,0.85,80,x06
113749614,POS,1,0FAC,-0.01,-0.08,0.76,78,x0E
113749710,POS,0,C6AC,-0.07,0.79,0.84,86,x06
113749714,POS,1,0FAC,0.00,-0.09,0.87,64,x0E
113749811,POS,0,C6AC,-0.09,0.79,0.89,77,x06
113749814,POS,1,0FAC,0.02,-0.07,0.68,80,x0E
113749910,POS,0,C6AC,-0.08,0.80,0.94,76,x06
113749914,POS,1,0FAC,0.01,-0.01,0.79,74,x0E
113750011,POS,0,C6AC,-0.09,0.83,0.92,77,x06
113750013,POS,1,0FAC,0.00,-0.00,0.84,76,x0E
113750111,POS,0,C6AC,-0.10,0.85,0.93,76,x06
113750113,POS,1,0FAC,0.03,-0.02,0.92,68,x0E
113750210,POS,0,C6AC,-0.10,0.88,0.91,76,x06
113750213,POS,1,0FAC,0.05,0.01,0.70,79,x0E
113750311,POS,0,C6AC,-0.11,0.86,0.96,74,x06
113750314,POS,1,0FAC,0.06,0.01,0.54,78,x0E
113750411,POS,0,C6AC,-0.11,0.84,1.00,75,x06
113750414,POS,1,0FAC,0.07,0.01,0.46,85,x0E
113750510,POS,0,C6AC,-0.12,0.87,1.05,62,x06
113750513,POS,1,0FAC,0.08,0.01,0.37,81,x0E
113750611,POS,0,C6AC,-0.12,0.87,1.04,77,x06
113750614,POS,1,0FAC,0.10,0.00,0.34,85,x0E
113750710,POS,0,C6AC,-0.11,0.89,0.99,76,x06
113750715,POS,1,0FAC,0.09,0.01,0.46,85,x0E
113750809,POS,0,C6AC,-0.10,0.87,0.98,82,x06
113750814,POS,1,0FAC,0.08,0.03,0.63,74,x0E
113750910,POS,0,C6AC,-0.10,0.88,1.01,70,x06
113750913,POS,1,0FAC,0.09,0.03,0.50,83,x0E
113751010,POS,0,C6AC,-0.10,0.86,1.00,80,x06
113751014,POS,1,0FAC,0.07,0.04,0.65,75,x0E
113751111,POS,0,C6AC,-0.12,0.87,1.02,70,x06
113751113,POS,1,0FAC,0.06,0.06,0.75,78,x0E
113751209,POS,0,C6AC,-0.11,0.85,1.03,77,x06
113751214,POS,1,0FAC,0.07,0.08,0.80,83,x0E
113751311,POS,0,C6AC,-0.11,0.82,0.99,84,x06
113751314,POS,1,0FAC,0.07,0.07,0.84,81,x0E
113751410,POS,0,C6AC,-0.09,0.85,0.76,68,x06
113751414,POS,1,0FAC,0.07,0.05,0.91,71,x0E
113751511,POS,0,C6AC,-0.09,0.85,0.84,77,x06
113751513,POS,1,0FAC,0.08,0.07,0.70,81,x0E
113751610,POS,0,C6AC,-0.09,0.88,0.87,72,x06
113751614,POS,1,0FAC,0.07,0.05,0.78,76,x0E
113751711,POS,0,C6AC,-0.08,0.89,0.90,75,x06
113751714,POS,1,0FAC,0.07,0.03,0.84,75,x0E
113751810,POS,0,C6AC,-0.10,0.92,0.73,67,x06
113751814,POS,1,0FAC,0.07,0.06,0.67,87,x0E
113751911,POS,0,C6AC,-0.09,0.91,0.82,74,x06
113751913,POS,1,0FAC,0.06,0.09,0.73,84,x0E
113752010,POS,0,C6AC,-0.09,0.88,0.89,77,x06
113752014,POS,1,0FAC,0.05,0.06,0.83,71,x0E
113752111,POS,0,C6AC,-0.10,0.90,0.96,65,x06
113752113,POS,1,0FAC,0.04,0.04,0.87,75,x0E
113752210,POS,0,C6AC,-0.10,0.96,1.04,61,x06
113752214,POS,1,0FAC,0.05,0.05,0.66,78,x0E
113752311,POS,0,C6AC,-0.10,0.92,1.01,82,x06
113752314,POS,1,0FAC,0.05,0.04,0.76,75,x0E
113752410,POS,0,C6AC,-0.09,0.90,0.99,81,x06
113752413,POS,1,0FAC,0.05,0.06,0.82,80,x0E
113752511,POS,0,C6AC,-0.12,0.97,1.03,67,x06
113752514,POS,1,0FAC,0.03,0.04,0.85,77,x0E
113752610,POS,0,C6AC,-0.15,1.01,1.05,66,x06
113752613,POS,1,0FAC,0.03,0.02,0.89,74,x0E
113752711,POS,0,C6AC,-0.12,0.96,1.07,75,x06
113752714,POS,1,0FAC,0.03,0.03,0.76,89,x0E
113752810,POS,0,C6AC,-0.11,0.92,1.10,72,x06
113752813,POS,1,0FAC,0.03,0.02,0.82,75,x0E
113752911,POS,0,C6AC,-0.10,0.88,1.12,74,x06
113752913,POS,1,0FAC,0.02,0.01,0.89,71,x0E
113753010,POS,0,C6AC,-0.08,0.87,1.14,71,x06
113753013,POS,1,0FAC,0.04,0.02,0.69,79,x0E
113753111,POS,0,C6AC,-0.07,0.86,1.15,74,x06
113753113,POS,1,0FAC,0.05,0.03,0.54,83,x0E
113753210,POS,0,C6AC,-0.07,0.82,1.16,74,x06
113753213,POS,1,0FAC,0.04,0.02,0.68,73,x0E
113753311,POS,0,C6AC,-0.06,0.81,1.16,75,x06
113753314,POS,1,0FAC,0.04,0.04,0.76,79,x0E
113753411,POS,0,C6AC,-0.09,0.89,1.16,65,x06
113753413,POS,1,0FAC,0.03,0.05,0.84,76,x0E
113753510,POS,0,C6AC,-0.13,0.98,1.13,71,x06
113753513,POS,1,0FAC,0.04,0.05,0.82,86,x0E
113753611,POS,0,C6AC,-0.10,0.93,1.15,73,x06
113753613,POS,1,0FAC,0.03,0.05,0.89,72,x0E
113753710,POS,0,C6AC,-0.14,0.99,1.14,69,x06
113753714,POS,1,0FAC,0.03,0.06,0.91,82,x0E
113753811,POS,0,C6AC,-0.09,0.94,0.97,88,x06
113753814,POS,1,0FAC,0.03,0.06,0.87,86,x0E
113753910,POS,0,C6AC,-0.10,0.94,1.00,69,x06
113753914,POS,1,0FAC,0.03,0.06,0.89,79,x0E
113754011,POS,0,C6AC,-0.10,0.96,1.02,68,x06
113754013,POS,1,0FAC,0.03,0.09,0.94,78,x0E
113754110,POS,0,C6AC,-0.09,0.97,1.03,68,x06
113754114,POS,1,0FAC,0.03,0.09,0.90,86,x0E
113754211,POS,0,C6AC,-0.09,0.96,1.06,69,x06
113754213,POS,1,0FAC,0.03,0.09,0.88,85,x0E
113754310,POS,0,C6AC,-0.09,0.91,1.06,79,x06
113754314,POS,1,0FAC,0.02,0.08,0.93,75,x0E
113754410,POS,0,C6AC,-0.10,0.88,1.05,78,x06
113754413,POS,1,0FAC,0.03,0.07,0.92,81,x0E
113754510,POS,0,C6AC,-0.07,0.86,0.89,86,x06
113754513,POS,1,0FAC,0.03,0.06,0.97,73,x0E
113754610,POS,0,C6AC,-0.09,0.88,0.94,69,x06
113754614,POS,1,0FAC,0.02,0.08,1.03,70,x0E
113754710,POS,0,C6AC,-0.08,0.87,1.00,71,x06
113754714,POS,1,0FAC,0.01,0.06,1.06,69,x0E
113754810,POS,0,C6AC,-0.12,0.91,1.06,55,x06
113754813,POS,1,0FAC,0.02,0.04,0.99,83,x0E
113754909,POS,0,C6AC,-0.11,0.92,1.07,69,x06
113754914,POS,1,0FAC,0.04,0.04,0.95,84,x0E
113755010,POS,0,C6AC,-0.11,0.93,1.10,66,x06
113755013,POS,1,0FAC,0.05,0.04,0.73,81,x0E
113755110,POS,0,C6AC,-0.13,0.97,1.15,57,x06
113755114,POS,1,0FAC,0.07,0.04,0.58,82,x0E
113755210,POS,0,C6AC,-0.11,0.97,1.15,66,x06
113755213,POS,1,0FAC,0.08,0.05,0.47,84,x0E
113755310,POS,0,C6AC,-0.08,0.93,0.87,72,x06
113755314,POS,1,0FAC,0.07,0.08,0.62,79,x0E
113755410,POS,0,C6AC,-0.08,0.91,0.88,79,x06
113755413,POS,1,0FAC,0.06,0.09,0.69,84,x0E
113755510,POS,0,C6AC,-0.08,0.90,0.88,81,x06
113755514,POS,1,0FAC,0.06,0.09,0.78,76,x0E
113755611,POS,0,C6AC,-0.08,0.89,0.96,69,x06
113755614,POS,1,0FAC,0.08,0.06,0.62,82,x0E
113755711,POS,0,C6AC,-0.07,0.88,1.02,72,x06
113755714,POS,1,0FAC,0.07,0.08,0.66,88,x0E
113755810,POS,0,C6AC,-0.09,0.87,1.02,75,x06
113755814,POS,1,0FAC,0.07,0.05,0.51,77,x0E
113755910,POS,0,C6AC,-0.09,0.86,0.87,82,x06
113755913,POS,1,0FAC,0.08,0.04,0.42,82,x0E
113756011,POS,0,C6AC,-0.09,0.85,0.95,70,x06
113756013,POS,1,0FAC,0.06,0.03,0.59,72,x0E
113756110,POS,0,C6AC,-0.07,0.84,0.81,85,x06
113756114,POS,1,0FAC,0.05,0.04,0.71,75,x0E
113756211,POS,0,C6AC,-0.06,0.84,0.89,72,x06
113756214,POS,1,0FAC,0.04,0.02,0.82,68,x0E
113756310,POS,0,C6AC,-0.10,0.92,0.98,61,x06
113756313,POS,1,0FAC,0.05,-0.01,0.64,78,x0E
113756411,POS,0,C6AC,-0.08,0.89,1.03,74,x06
113756413,POS,1,0FAC,0.04,0.03,0.75,78,x0E
113756510,POS,0,C6AC,-0.12,0.94,1.07,62,x06
113756513,POS,1,0FAC,0.03,0.04,0.78,81,x0E
113756611,POS,0,C6AC,-0.11,0.91,1.03,82,x06
113756614,POS,1,0FAC,0.03,0.06,0.85,77,x0E
113756710,POS,0,C6AC,-0.11,0.87,1.06,74,x06
113756713,POS,1,0FAC,0.03,0.06,0.83,86,x0E
113756811,POS,0,C6AC,-0.13,0.92,1.02,68,x06
113756813,POS,1,0FAC,0.03,0.03,0.89,71,x0E
113756910,POS,0,C6AC,-0.10,0.89,0.78,73,x06
113756913,POS,1,0FAC,0.03,0.02,0.68,78,x0E
113757011,POS,0,C6AC,-0.09,0.86,0.71,87,x06
113757014,POS,1,0FAC,0.02,0.02,0.80,70,x0E
113757110,POS,0,C6AC,-0.11,0.89,0.76,72,x06
113757113,POS,1,0FAC,0.01,0.01,0.86,72,x0E
113757210,POS,0,C6AC,-0.11,0.87,0.83,78,x06
113757213,POS,1,0FAC,0.01,0.03,0.88,81,x0E
113757311,POS,0,C6AC,-0.11,0.86,0.86,78,x06
113757314,POS,1,0FAC,0.00,0.04,0.89,80,x0E
113757410,POS,0,C6AC,-0.12,0.86,0.86,80,x06
113757414,POS,1,0FAC,-0.01,0.02,0.96,67,x0E
113757510,POS,0,C6AC,-0.10,0.86,0.65,68,x06
113757513,POS,1,0FAC,-0.01,0.02,0.95,79,x0E
113757610,POS,0,C6AC,-0.08,0.86,0.49,70,x06
113757614,POS,1,0FAC,-0.01,0.03,0.99,71,x0E
113757710,POS,0,C6AC,-0.08,0.85,0.65,74,x06
113757713,POS,1,0FAC,-0.01,0.03,0.96,81,x0E
113757810,POS,0,C6AC,-0.08,0.84,0.76,75,x06
113757814,POS,1,0FAC,-0.01,0.03,0.93,81,x0E
113757910,POS,0,C6AC,-0.07,0.83,0.86,75,x06
113757914,POS,1,0FAC,-0.02,0.02,0.98,69,x0E
113758010,POS,0,C6AC,-0.07,0.83,0.92,75,x06
113758015,POS,1,0FAC,-0.01,0.02,1.01,72,x0E
113758111,POS,0,C6AC,-0.06,0.82,0.96,78,x06
113758113,POS,1,0FAC,0.00,0.02,0.98,82,x0E
113758210,POS,0,C6AC,-0.07,0.82,1.01,72,x06
113758214,POS,1,0FAC,0.00,0.03,0.97,79,x0E
113758310,POS,0,C6AC,-0.07,0.82,1.04,75,x06
113758314,POS,1,0FAC,0.00,0.04,1.02,70,x0E
113758410,POS,0,C6AC,-0.06,0.83,1.06,74,x06
113758414,POS,1,0FAC,0.01,0.02,1.01,77,x0E
113758510,POS,0,C6AC,-0.12,0.92,1.11,57,x06
113758513,POS,1,0FAC,0.02,0.03,0.82,86,x0E
113758610,POS,0,C6AC,-0.11,0.89,1.13,71,x06
113758614,POS,1,0FAC,0.02,0.02,0.85,78,x0E
113758711,POS,0,C6AC,-0.10,0.87,1.14,73,x06
113758714,POS,1,0FAC,0.02,0.02,0.93,69,x0E
113758810,POS,0,C6AC,-0.08,0.85,1.16,73,x06
113758813,POS,1,0FAC,0.02,0.02,0.98,73,x0E
113758911,POS,0,C6AC,-0.12,0.92,1.17,62,x06
113758913,POS,1,0FAC,0.03,0.03,1.03,71,x0E
113759010,POS,0,C6AC,-0.11,0.89,1.17,71,x06
113759012,POS,1,0FAC,0.04,0.02,1.01,80,x0E
113759111,POS,0,C6AC,-0.15,0.95,1.16,66,x06
113759114,POS,1,0FAC,0.06,0.03,1.00,80,x0E
113759210,POS,0,C6AC,-0.13,0.92,1.15,75,x06
113759213,POS,1,0FAC,0.06,0.03,0.99,80,x0E
113759311,POS,0,C6AC,-0.11,0.89,1.13,77,x06
113759314,POS,1,0FAC,0.08,0.01,1.02,72,x0E
113759410,POS,0,C6AC,-0.10,0.87,1.14,71,x06
113759413,POS,1,0FAC,0.10,0.01,0.75,70,x0E
113759510,POS,0,C6AC,-0.09,0.87,1.15,72,x06
113759513,POS,1,0FAC,0.12,0.02,0.57,78,x0E
113759610,POS,0,C6AC,-0.13,0.93,1.16,61,x06
113759613,POS,1,0FAC,0.12,0.01,0.43,74,x0E
113759710,POS,0,C6AC,-0.11,0.89,1.16,75,x06
113759714,POS,1,0FAC,0.10,-0.01,0.59,70,x0E
113759811,POS,0,C6AC,-0.15,0.95,1.16,62,x06
113759814,POS,1,0FAC,0.10,-0.11,0.71,63,x0E
113759910,POS,0,C6AC,-0.13,0.91,1.14,76,x06
113759913,POS,1,0FAC,0.08,-0.16,0.80,63,x0E
113800010,POS,0,C6AC,-0.12,0.88,1.15,74,x06
113800013,POS,1,0FAC,0.07,-0.30,0.86,70,x0E
113800110,POS,0,C6AC,-0.11,0.85,1.16,72,x06
113800114,POS,1,0FAC,0.03,-0.28,0.94,65,x0E
113800210,POS,0,C6AC,-0.10,0.84,1.16,73,x06
113800213,POS,1,0FAC,0.03,-0.27,0.93,69,x0E
113800310,POS,0,C6AC,-0.12,0.84,1.13,73,x06
113800314,POS,1,0FAC,0.02,-0.25,0.95,68,x0E
113800411,POS,0,C6AC,-0.11,0.86,0.90,72,x06
113800414,POS,1,0FAC,0.02,-0.23,0.93,74,x0E
113800510,POS,0,C6AC,-0.10,0.87,0.76,78,x06
113800514,POS,1,0FAC,0.03,-0.22,0.78,78,x0E
113800611,POS,0,C6AC,-0.13,0.94,0.60,70,x06
113800614,POS,1,0FAC,0.03,-0.21,0.80,74,x0E
113800712,POS,0,C6AC,-0.12,0.93,0.54,77,x06
113800715,POS,1,0FAC,0.02,-0.21,0.59,65,x0E
113800810,POS,0,C6AC,-0.13,0.93,0.65,73,x06
113800814,POS,1,0FAC,0.02,-0.21,0.67,71,x0E
113800910,POS,0,C6AC,-0.12,0.91,0.54,75,x06
113800914,POS,1,0FAC,0.02,-0.25,0.76,64,x0E
113801011,POS,0,C6AC,-0.13,0.95,0.54,71,x06
113801013,POS,1,0FAC,0.01,-0.27,0.77,66,x0E
113801110,POS,0,C6AC,-0.14,0.99,0.43,70,x06
113801114,POS,1,0FAC,0.00,-0.31,0.81,66,x0E
113801211,POS,0,C6AC,-0.18,1.02,0.62,59,x06
113801214,POS,1,0FAC,0.00,-0.34,0.84,65,x0E
113801310,POS,0,C6AC,-0.12,0.87,0.73,83,x06
113801313,POS,1,0FAC,-0.01,-0.36,0.89,65,x0E
113801410,POS,0,C6AC,-0.08,0.79,0.81,84,x06
113801414,POS,1,0FAC,-0.01,-0.38,0.72,65,x0E
113801510,POS,0,C6AC,-0.06,0.73,0.84,90,x06
113801514,POS,1,0FAC,-0.02,-0.38,0.81,65,x0E
113801610,POS,0,C6AC,-0.10,0.81,0.95,55,x06
113801613,POS,1,0FAC,-0.04,-0.40,0.83,67,x0E
113801710,POS,0,C6AC,-0.15,0.86,1.01,56,x06
113801714,POS,1,0FAC,-0.05,-0.42,0.87,64,x0E
113801811,POS,0,C6AC,-0.12,0.81,1.01,86,x06
113801814,POS,1,0FAC,-0.04,-0.44,0.71,62,x0E
113801910,POS,0,C6AC,-0.15,0.87,1.07,55,x06
113801913,POS,1,0FAC,-0.05,-0.43,0.56,61,x0E
113802011,POS,0,C6AC,-0.11,0.80,1.06,84,x06
113802013,POS,1,0FAC,-0.05,-0.47,0.49,60,x0E
113802110,POS,0,C6AC,-0.09,0.75,1.10,76,x06
113802114,POS,1,0FAC,-0.06,-0.49,0.59,62,x0E
113802211,POS,0,C6AC,-0.14,0.82,1.13,54,x06
113802213,POS,1,0FAC,-0.06,-0.50,0.69,61,x0E
113802310,POS,0,C6AC,-0.18,0.88,1.16,53,x06
113802312,POS,1,0FAC,-0.09,-0.49,0.75,67,x0E
113802411,POS,0,C6AC,-0.14,0.83,0.99,91,x06
113802414,POS,1,0FAC,-0.10,-0.49,0.85,60,x0E
113802510,POS,0,C6AC,-0.12,0.77,0.97,89,x06
113802513,POS,1,0FAC,-0.10,-0.52,0.86,63,x0E
113802610,POS,0,C6AC,-0.13,0.74,0.94,88,x06
113802613,POS,1,0FAC,-0.12,-0.52,0.87,64,x0E
113802710,POS,0,C6AC,-0.19,0.78,1.01,57,x06
113802714,POS,1,0FAC,-0.14,-0.51,0.89,65,x0E
113802811,POS,0,C6AC,-0.20,0.74,0.99,84,x06
113802814,POS,1,0FAC,-0.13,-0.56,0.94,68,x0E
113802910,POS,0,C6AC,-0.22,0.73,1.04,69,x06
113802913,POS,1,0FAC,-0.15,-0.53,0.90,70,x0E
113803011,POS,0,C6AC,-0.24,0.75,1.08,66,x06
113803014,POS,1,0FAC,-0.17,-0.53,0.91,64,x0E
113803111,POS,0,C6AC,-0.20,0.70,0.81,77,x06
113803113,POS,1,0FAC,-0.19,-0.55,0.94,63,x0E
113803210,POS,0,C6AC,-0.17,0.65,0.72,94,x06
113803214,POS,1,0FAC,-0.19,-0.55,0.80,64,x0E
113803310,POS,0,C6AC,-0.21,0.67,0.80,72,x06
113803313,POS,1,0FAC,-0.20,-0.57,0.86,65,x0E
113803411,POS,0,C6AC,-0.22,0.67,0.88,74,x06
113803413,POS,1,0FAC,-0.19,-0.58,0.84,62,x0E
113803510,POS,0,C6AC,-0.22,0.67,0.94,76,x06
113803513,POS,1,0FAC,-0.21,-0.61,0.81,66,x0E
113803610,POS,0,C6AC,-0.23,0.66,0.99,75,x06
113803613,POS,1,0FAC,-0.22,-0.63,0.83,66,x0E
113803710,POS,0,C6AC,-0.21,0.62,0.96,89,x06
113803713,POS,1,0FAC,-0.21,-0.63,0.69,60,x0E
113803811,POS,0,C6AC,-0.20,0.60,0.95,88,x06
113803814,POS,1,0FAC,-0.22,-0.62,0.73,61,x0E
113803910,POS,0,C6AC,-0.23,0.64,0.95,74,x06
113803912,POS,1,0FAC,-0.23,-0.63,0.77,63,x0E
113804010,POS,0,C6AC,-0.24,0.59,1.00,74,x06
113804013,POS,1,0FAC,-0.24,-0.61,0.83,73,x0E
113804110,POS,0,C6AC,-0.23,0.61,1.00,81,x06
113804113,POS,1,0FAC,-0.25,-0.64,0.85,66,x0E
113804211,POS,0,C6AC,-0.23,0.60,1.03,77,x06
113804214,POS,1,0FAC,-0.27,-0.65,0.88,66,x0E
113804311,POS,0,C6AC,-0.25,0.58,0.78,82,x06
113804312,POS,1,0FAC,-0.29,-0.71,0.93,74,x0E
113804411,POS,0,C6AC,-0.26,0.55,0.85,77,x06
113804414,POS,1,0FAC,-0.30,-0.71,0.94,67,x0E
113804510,POS,0,C6AC,-0.24,0.53,0.89,83,x06
113804513,POS,1,0FAC,-0.29,-0.77,0.93,76,x0E
113804610,POS,0,C6AC,-0.23,0.52,0.92,83,x06
113804613,POS,1,0FAC,-0.29,-0.82,0.80,77,x0E
113804710,POS,0,C6AC,-0.23,0.51,0.94,82,x06
113804712,POS,1,0FAC,-0.31,-0.84,0.83,75,x0E
113804810,POS,0,C6AC,-0.24,0.50,0.98,77,x06
113804814,POS,1,0FAC,-0.35,-0.82,0.87,68,x0E
113804910,POS,0,C6AC,-0.22,0.50,0.98,84,x06
113804913,POS,1,0FAC,-0.35,-0.87,0.88,79,x0E
113805010,POS,0,C6AC,-0.23,0.49,0.98,82,x06
113805014,POS,1,0FAC,-0.37,-0.80,0.92,59,x0E
113805110,POS,0,C6AC,-0.22,0.47,0.98,82,x06
113805112,POS,1,0FAC,-0.39,-0.76,0.94,61,x0E
113805210,POS,0,C6AC,-0.21,0.46,0.96,87,x06
113805214,POS,1,0FAC,-0.39,-0.78,0.93,73,x0E
113805310,POS,0,C6AC,-0.20,0.45,0.84,94,x06
113805313,POS,1,0FAC,-0.40,-0.79,0.91,72,x0E
113805410,POS,0,C6AC,-0.20,0.44,0.84,88,x06
113805414,POS,1,0FAC,-0.41,-0.83,0.95,77,x0E
113805511,POS,0,C6AC,-0.20,0.42,0.92,73,x06
113805513,POS,1,0FAC,-0.41,-0.87,0.96,78,x0E
113805610,POS,0,C6AC,-0.20,0.41,0.90,87,x06
113805614,POS,1,0FAC,-0.43,-0.88,0.95,75,x0E
113805710,POS,0,C6AC,-0.27,0.50,0.98,58,x06
113805714,POS,1,0FAC,-0.40,-0.93,0.82,81,x0E
113805810,POS,0,C6AC,-0.25,0.45,0.83,90,x06
113805814,POS,1,0FAC,-0.41,-0.96,0.84,80,x0E
113805910,POS,0,C6AC,-0.25,0.41,0.90,72,x06
113805913,POS,1,0FAC,-0.41,-1.00,0.89,81,x0E
113806010,POS,0,C6AC,-0.33,0.49,0.96,59,x06
113806013,POS,1,0FAC,-0.43,-1.00,0.92,79,x0E
113806111,POS,0,C6AC,-0.30,0.43,0.93,84,x06
113806114,POS,1,0FAC,-0.44,-0.94,0.91,69,x0E
113806210,POS,0,C6AC,-0.33,0.39,0.96,70,x06
113806214,POS,1,0FAC,-0.44,-0.94,0.79,75,x0E
113806309,POS,0,C6AC,-0.34,0.36,0.97,73,x06
113806313,POS,1,0FAC,-0.44,-0.95,0.85,78,x0E
113806410,POS,0,C6AC,-0.35,0.35,0.99,72,x06
113806414,POS,1,0FAC,-0.47,-0.93,0.89,74,x0E
113806510,POS,0,C6AC,-0.39,0.33,0.94,75,x06
113806513,POS,1,0FAC,-0.47,-0.95,0.77,80,x0E
113806610,POS,0,C6AC,-0.41,0.30,0.72,70,x06
113806614,POS,1,0FAC,-0.47,-0.95,0.69,77,x0E
113806710,POS,0,C6AC,-0.44,0.30,0.77,70,x06
113806713,POS,1,0FAC,-0.48,-0.91,0.64,70,x0E
113806810,POS,0,C6AC,-0.42,0.29,0.86,68,x06
113806814,POS,1,0FAC,-0.47,-0.94,0.71,80,x0E
113806911,POS,0,C6AC,-0.41,0.27,0.92,66,x06
113806913,POS,1,0FAC,-0.48,-0.93,0.76,76,x0E
113807010,POS,0,C6AC,-0.44,0.26,0.70,66,x06
113807013,POS,1,0FAC,-0.49,-0.93,0.78,79,x0E
113807111,POS,0,C6AC,-0.47,0.26,0.74,71,x06
113807114,POS,1,0FAC,-0.52,-0.86,0.81,60,x0E
113807210,POS,0,C6AC,-0.50,0.25,0.57,64,x06
113807214,POS,1,0FAC,-0.56,-0.81,0.88,62,x0E
113807311,POS,0,C6AC,-0.50,0.23,0.43,67,x06
113807313,POS,1,0FAC,-0.57,-0.82,0.91,75,x0E
113807410,POS,0,C6AC,-0.53,0.22,0.32,57,x06
113807413,POS,1,0FAC,-0.57,-0.81,0.92,69,x0E
113807511,POS,0,C6AC,-0.61,0.15,0.20,33,x06
113807514,POS,1,0FAC,-0.59,-0.78,0.94,63,x0E
113807610,POS,0,C6AC,-0.62,0.16,0.15,61,x06
113807613,POS,1,0FAC,-0.59,-0.80,0.95,75,x0E
113807710,POS,0,C6AC,-0.71,0.09,0.06,23,x06
113807712,POS,1,0FAC,-0.58,-0.83,0.78,76,x0E
113807810,POS,0,C6AC,-0.67,0.12,0.07,67,x06
113807813,POS,1,0FAC,-0.59,-0.80,0.61,64,x0E
113807911,POS,0,C6AC,-0.68,0.26,0.11,75,x06
113807913,POS,1,0FAC,-0.59,-0.80,0.53,71,x0E
113808009,POS,0,C6AC,-0.67,0.25,0.30,65,x06
113808013,POS,1,0FAC,-0.59,-0.82,0.55,76,x0E
113808111,POS,0,C6AC,-0.69,0.27,0.47,58,x06
113808113,POS,1,0FAC,-0.60,-0.79,0.63,64,x0E
113808210,POS,0,C6AC,-0.66,0.23,0.38,62,x06
113808213,POS,1,0FAC,-0.62,-0.77,0.72,68,x0E
113808311,POS,0,C6AC,-0.62,0.21,0.39,74,x06
113808313,POS,1,0FAC,-0.64,-0.78,0.76,73,x0E
113808410,POS,0,C6AC,-0.59,0.19,0.30,64,x06
113808413,POS,1,0FAC,-0.66,-0.81,0.81,78,x0E
113808510,POS,0,C6AC,-0.57,0.17,0.25,65,x06
113808514,POS,1,0FAC,-0.66,-0.85,0.72,80,x0E
113808610,POS,0,C6AC,-0.59,0.19,0.26,71,x06
113808613,POS,1,0FAC,-0.66,-0.89,0.60,82,x0E
113808709,POS,0,C6AC,-0.56,0.18,0.21,65,x06
113808713,POS,1,0FAC,-0.67,-0.89,0.52,78,x0E
113808811,POS,0,C6AC,-0.55,0.18,0.19,69,x06
113808813,POS,1,0FAC,-0.68,-0.88,0.48,74,x0E
113808910,POS,0,C6AC,-0.59,0.18,0.14,54,x06
113808913,POS,1,0FAC,-0.69,-0.84,0.58,69,x0E
113809011,POS,0,C6AC,-0.59,0.18,0.34,62,x06
113809014,POS,1,0FAC,-0.71,-0.84,0.52,75,x0E
113809110,POS,0,C6AC,-0.65,0.25,0.52,56,x06
113809114,POS,1,0FAC,-0.71,-0.82,0.54,74,x0E
113809210,POS,0,C6AC,-0.65,0.27,0.46,73,x06
113809212,POS,1,0FAC,-0.72,-0.80,0.47,66,x0E
113809310,POS,0,C6AC,-0.66,0.30,0.40,70,x06
113809313,POS,1,0FAC,-0.74,-0.79,0.40,72,x0E
113809410,POS,0,C6AC,-0.69,0.26,0.53,54,x06
113809413,POS,1,0FAC,-0.76,-0.73,0.52,52,x0E
113809510,POS,0,C6AC,-0.68,0.24,0.41,61,x06
113809514,POS,1,0FAC,-0.77,-0.67,0.61,57,x0E
113809611,POS,0,C6AC,-0.67,0.23,0.53,62,x06
113809613,POS,1,0FAC,-0.79,-0.66,0.50,58,x0E
113809710,POS,0,C6AC,-0.67,0.22,0.52,67,x06
113809713,POS,1,0FAC,-0.81,-0.67,0.48,70,x0E
113809811,POS,0,C6AC,-0.71,0.22,0.43,56,x06
113809813,POS,1,0FAC,-0.81,-0.69,0.45,70,x0E
113809910,POS,0,C6AC,-0.73,0.20,0.39,58,x06
113809914,POS,1,0FAC,-0.82,-0.66,0.56,53,x0E
113810011,POS,0,C6AC,-0.76,0.19,0.37,55,x06
113810013,POS,1,0FAC,-0.84,-0.64,0.63,57,x0E
113810110,POS,0,C6AC,-0.78,0.18,0.34,52,x06
113810114,POS,1,0FAC,-0.86,-0.62,0.66,56,x0E
113810210,POS,0,C6AC,-0.80,0.18,0.30,51,x06
113810213,POS,1,0FAC,-0.88,-0.64,0.70,68,x0E
113810310,POS,0,C6AC,-0.82,0.17,0.29,52,x06
113810313,POS,1,0FAC,-0.87,-0.61,0.73,52,x0E
113810410,POS,0,C6AC,-0.81,0.19,0.28,60,x06
113810414,POS,1,0FAC,-0.90,-0.67,0.63,84,x0E
113810509,POS,0,C6AC,-0.82,0.20,0.34,59,x06
113810513,POS,1,0FAC,-0.91,-0.68,0.68,71,x0E
113810610,POS,0,C6AC,-0.82,0.20,0.32,57,x06
113810614,POS,1,0FAC,-0.94,-0.69,0.56,71,x0E
113810710,POS,0,C6AC,-0.84,0.19,0.32,53,x06
113810714,POS,1,0FAC,-0.96,-0.78,0.51,85,x0E
113810810,POS,0,C6AC,-0.78,0.18,0.46,62,x06
113810813,POS,1,0FAC,-1.00,-0.76,0.59,77,x0E
113810910,POS,0,C6AC,-0.80,0.18,0.38,51,x06
113810917,POS,1,0FAC,-1.02,-0.74,0.64,74,x0E
113811010,POS,0,C6AC,-0.82,0.19,0.38,57,x06
113811013,POS,1,0FAC,-1.02,-0.72,0.68,74,x0E
113811109,POS,0,C6AC,-0.86,0.21,0.33,60,x06
113811113,POS,1,0FAC,-1.01,-0.76,0.61,84,x0E
113811209,POS,0,C6AC,-0.89,0.22,0.30,61,x06
113811214,POS,1,0FAC,-1.01,-0.66,0.57,81,x0E
113811310,POS,0,C6AC,-0.89,0.20,0.30,54,x06
113811313,POS,1,0FAC,-1.02,-0.57,0.52,79,x0E
113811409,POS,0,C6AC,-0.94,0.22,0.29,75,x06
113811413,POS,1,0FAC,-1.02,-0.66,0.49,84,x0E
113811510,POS,0,C6AC,-0.96,0.21,0.28,67,x06
113811513,POS,1,0FAC,-1.04,-0.58,0.56,58,x0E
113811610,POS,0,C6AC,-0.97,0.21,0.23,47,x06
113811614,POS,1,0FAC,-1.02,-0.63,0.50,79,x0E
113811710,POS,0,C6AC,-0.94,0.17,0.20,46,x06
113811713,POS,1,0FAC,-1.03,-0.60,0.50,62,x0E
113811810,POS,0,C6AC,-0.97,0.19,0.37,57,x06
113811813,POS,1,0FAC,-1.03,-0.59,0.47,56,x0E
113811909,POS,0,C6AC,-0.97,0.17,0.34,55,x06
113811913,POS,1,0FAC,-1.05,-0.54,0.43,48,x0E
113812010,POS,0,C6AC,-0.97,0.16,0.49,41,x06
113812014,POS,1,0FAC,-1.08,-0.52,0.38,40,x0E
113812111,POS,0,C6AC,-0.99,0.18,0.58,65,x06
113812113,POS,1,0FAC,-1.08,-0.50,0.36,45,x0E
113812210,POS,0,C6AC,-1.01,0.16,0.48,58,x06
113812213,POS,1,0FAC,-1.09,-0.48,0.38,66,x0E
113812311,POS,0,C6AC,-0.96,0.14,0.58,50,x06
113812313,POS,1,0FAC,-1.10,-0.48,0.34,45,x0E
113812410,POS,0,C6AC,-0.94,0.12,0.65,46,x06
113812413,POS,1,0FAC,-1.11,-0.50,0.32,55,x0E
113812511,POS,0,C6AC,-0.96,0.12,0.54,57,x06
113812513,POS,1,0FAC,-1.10,-0.49,0.30,41,x0E
113812610,POS,0,C6AC,-0.99,0.12,0.49,75,x06
113812612,POS,1,0FAC,-1.08,-0.46,0.32,79,x0E
113812710,POS,0,C6AC,-0.94,0.10,0.62,45,x06
113812713,POS,1,0FAC,-1.08,-0.44,0.34,69,x0E
113812810,POS,0,C6AC,-0.98,0.11,0.57,80,x06
113812813,POS,1,0FAC,-1.10,-0.45,0.31,42,x0E
113812911,POS,0,C6AC,-1.03,0.18,0.69,51,x06
113812913,POS,1,0FAC,-1.16,-0.49,0.43,78,x0E
113813010,POS,0,C6AC,-1.06,0.16,0.53,50,x06
113813012,POS,1,0FAC,-1.15,-0.50,0.39,49,x0E
113813111,POS,0,C6AC,-1.09,0.15,0.42,52,x06
113813113,POS,1,0FAC,-1.14,-0.49,0.37,42,x0E
113813210,POS,0,C6AC,-1.08,0.16,0.40,76,x06
113813213,POS,1,0FAC,-1.13,-0.48,0.32,41,x0E
113813311,POS,0,C6AC,-1.10,0.18,0.37,81,x06
113813314,POS,1,0FAC,-1.11,-0.43,0.35,81,x0E
113813409,POS,0,C6AC,-1.08,0.17,0.41,77,x06
113813412,POS,1,0FAC,-1.09,-0.42,0.32,51,x0E
113813510,POS,0,C6AC,-1.02,0.16,0.42,54,x06
113813513,POS,1,0FAC,-1.07,-0.41,0.36,81,x0E
113813610,POS,0,C6AC,-1.01,0.16,0.53,50,x06
113813613,POS,1,0FAC,-1.06,-0.40,0.38,81,x0E
113813710,POS,0,C6AC,-1.00,0.16,0.41,42,x06
113813714,POS,1,0FAC,-1.07,-0.41,0.34,41,x0E
113813809,POS,0,C6AC,-1.00,0.16,0.33,47,x06
113813813,POS,1,0FAC,-1.06,-0.40,0.36,79,x0E
113813910,POS,0,C6AC,-0.99,0.17,0.38,73,x06
113813914,POS,1,0FAC,-1.06,-0.42,0.32,41,x0E
113814010,POS,0,C6AC,-1.03,0.19,0.37,87,x06
113814013,POS,1,0FAC,-1.07,-0.44,0.29,43,x0E
113814110,POS,0,C6AC,-1.06,0.23,0.36,80,x06
113814114,POS,1,0FAC,-1.10,-0.48,0.38,83,x0E
113814210,POS,0,C6AC,-1.11,0.28,0.50,64,x06
113814213,POS,1,0FAC,-1.10,-0.48,0.34,42,x0E
113814310,POS,0,C6AC,-1.11,0.27,0.41,66,x06
113814313,POS,1,0FAC,-1.09,-0.48,0.31,41,x0E
113814410,POS,0,C6AC,-1.07,0.27,0.41,68,x06
113814413,POS,1,0FAC,-1.10,-0.50,0.39,83,x0E
113814511,POS,0,C6AC,-1.05,0.27,0.38,69,x06
113814514,POS,1,0FAC,-1.10,-0.48,0.34,41,x0E
113814611,POS,0,C6AC,-1.07,0.26,0.35,79,x06
113814613,POS,1,0FAC,-1.09,-0.46,0.33,50,x0E
113814709,POS,0,C6AC,-1.04,0.26,0.49,45,x06
113814714,POS,1,0FAC,-1.07,-0.44,0.35,81,x0E
113814810,POS,0,C6AC,-1.05,0.26,0.60,51,x06
113814813,POS,1,0FAC,-1.07,-0.45,0.33,41,x0E
113814910,POS,0,C6AC,-1.04,0.27,0.68,50,x06
113814913,POS,1,0FAC,-1.08,-0.48,0.36,68,x0E
113815010,POS,0,C6AC,-1.04,0.28,0.75,48,x06
113815012,POS,1,0FAC,-1.07,-0.50,0.36,58,x0E
113815110,POS,0,C6AC,-1.00,0.29,0.66,64,x06
113815113,POS,1,0FAC,-1.12,-0.55,0.43,85,x0E
113815210,POS,0,C6AC,-0.98,0.31,0.59,72,x06
113815213,POS,1,0FAC,-1.11,-0.53,0.38,41,x0E
113815310,POS,0,C6AC,-0.99,0.32,0.70,43,x06
113815314,POS,1,0FAC,-1.10,-0.52,0.34,41,x0E
113815410,POS,0,C6AC,-1.00,0.34,0.77,45,x06
113815413,POS,1,0FAC,-1.08,-0.51,0.31,40,x0E
113815510,POS,0,C6AC,-1.00,0.34,0.84,42,x06
113815513,POS,1,0FAC,-1.07,-0.51,0.30,44,x0E
113815610,POS,0,C6AC,-0.99,0.33,0.66,52,x06
113815613,POS,1,0FAC,-1.07,-0.48,0.28,44,x0E
113815711,POS,0,C6AC,-0.98,0.32,0.59,72,x06
113815714,POS,1,0FAC,-1.09,-0.52,0.34,83,x0E
113815810,POS,0,C6AC,-0.98,0.31,0.52,70,x06
113815813,POS,1,0FAC,-1.07,-0.50,0.31,39,x0E
113815910,POS,0,C6AC,-1.08,0.38,0.64,57,x06
113815914,POS,1,0FAC,-1.06,-0.49,0.30,45,x0E
113816010,POS,0,C6AC,-1.05,0.36,0.55,67,x06
113816013,POS,1,0FAC,-1.05,-0.47,0.32,71,x0E
113816110,POS,0,C6AC,-1.08,0.34,0.45,69,x06
113816113,POS,1,0FAC,-1.05,-0.44,0.32,68,x0E
113816211,POS,0,C6AC,-1.05,0.32,0.42,70,x06
113816216,POS,1,0FAC,-1.05,-0.45,0.29,41,x0E
113816310,POS,0,C6AC,-1.11,0.37,0.55,64,x06
113816319,POS,1,0FAC,-1.04,-0.43,0.33,81,x0E
113816410,POS,0,C6AC,-1.08,0.35,0.50,72,x06
113816416,POS,1,0FAC,-1.05,-0.45,0.29,45,x0E
113816509,POS,0,C6AC,-1.06,0.33,0.43,67,x06
113816516,POS,1,0FAC,-1.06,-0.46,0.29,42,x0E
113816610,POS,0,C6AC,-1.04,0.32,0.40,68,x06
113816616,POS,1,0FAC,-1.12,-0.52,0.39,85,x0E
113816710,POS,0,C6AC,-1.04,0.30,0.54,44,x06
113816716,POS,1,0FAC,-1.10,-0.48,0.38,75,x0E
113816811,POS,0,C6AC,-1.15,0.39,0.66,50,x06
113816816,POS,1,0FAC,-1.08,-0.48,0.50,44,x0E
113816910,POS,0,C6AC,-1.11,0.35,0.73,46,x06
113816916,POS,1,0FAC,-1.11,-0.51,0.58,69,x0E
113817011,POS,0,C6AC,-1.08,0.33,0.63,70,x06
113817017,POS,1,0FAC,-1.09,-0.51,0.48,48,x0E
113817110,POS,0,C6AC,-1.07,0.31,0.72,40,x06
113817117,POS,1,0FAC,-1.07,-0.50,0.49,73,x0E
113817211,POS,0,C6AC,-1.06,0.30,0.78,48,x06
113817216,POS,1,0FAC,-1.06,-0.49,0.45,56,x0E
113817310,POS,0,C6AC,-1.04,0.29,0.81,47,x06
113817316,POS,1,0FAC,-1.10,-0.50,0.44,78,x0E
113817411,POS,0,C6AC,-1.02,0.29,0.84,46,x06
113817416,POS,1,0FAC,-1.08,-0.48,0.43,71,x0E
113817509,POS,0,C6AC,-1.00,0.29,0.88,46,x06
113817516,POS,1,0FAC,-1.06,-0.46,0.41,66,x0E
113817611,POS,0,C6AC,-0.98,0.29,0.78,68,x06
113817617,POS,1,0FAC,-1.06,-0.45,0.40,65,x0E
113817710,POS,0,C6AC,-1.06,0.36,0.83,55,x06
113817735,POS,1,0FAC,-1.11,-0.51,0.49,83,x0E
113817811,POS,0,C6AC,-1.05,0.34,0.87,43,x06
113817816,POS,1,0FAC,-1.09,-0.48,0.46,69,x0E
113817910,POS,0,C6AC,-1.05,0.32,0.89,47,x06
113817915,POS,1,0FAC,-1.06,-0.48,0.50,72,x0E
113818011,POS,0,C6AC,-1.04,0.31,0.91,45,x06
113818013,POS,1,0FAC,-1.05,-0.46,0.47,66,x0E
113818110,POS,0,C6AC,-1.03,0.29,0.91,48,x06
113818116,POS,1,0FAC,-1.06,-0.47,0.40,42,x0E
113818210,POS,0,C6AC,-1.07,0.28,0.72,70,x06
113818216,POS,1,0FAC,-1.05,-0.47,0.41,63,x0E
113818310,POS,0,C6AC,-1.05,0.27,0.80,40,x06
113818317,POS,1,0FAC,-1.05,-0.48,0.36,43,x0E
113818410,POS,0,C6AC,-1.01,0.28,0.69,63,x06
113818413,POS,1,0FAC,-1.08,-0.52,0.40,84,x0E
113818510,POS,0,C6AC,-1.01,0.27,0.77,41,x06
113818512,POS,1,0FAC,-1.07,-0.52,0.41,57,x0E
113818608,POS,0,C6AC,-0.98,0.28,0.69,63,x06
113818614,POS,1,0FAC,-1.07,-0.51,0.36,41,x0E
113818710,POS,0,C6AC,-0.96,0.28,0.62,64,x06
113818713,POS,1,0FAC,-1.05,-0.49,0.37,73,x0E
113818810,POS,0,C6AC,-1.00,0.28,0.51,75,x06
113818816,POS,1,0FAC,-1.07,-0.53,0.38,81,x0E
113818910,POS,0,C6AC,-1.01,0.28,0.64,40,x06
113818916,POS,1,0FAC,-1.06,-0.50,0.38,63,x0E
113819010,POS,0,C6AC,-1.01,0.27,0.72,46,x06
113819017,POS,1,0FAC,-1.06,-0.50,0.33,42,x0E
113819110,POS,0,C6AC,-1.01,0.27,0.79,41,x06
113819117,POS,1,0FAC,-1.06,-0.52,0.31,55,x0E
113819210,POS,0,C6AC,-1.01,0.26,0.83,49,x06
113819215,POS,1,0FAC,-1.07,-0.50,0.29,41,x0E
113819311,POS,0,C6AC,-1.02,0.26,0.86,47,x06
113819313,POS,1,0FAC,-1.05,-0.48,0.34,78,x0E
113819410,POS,0,C6AC,-1.00,0.26,0.77,71,x06
113819416,POS,1,0FAC,-1.10,-0.51,0.35,81,x0E
113819510,POS,0,C6AC,-1.00,0.26,0.81,47,x06
113819516,POS,1,0FAC,-1.15,-0.56,0.38,85,x0E
113819610,POS,0,C6AC,-0.99,0.26,0.71,74,x06
113819616,POS,1,0FAC,-1.14,-0.55,0.33,48,x0E
113819710,POS,0,C6AC,-1.00,0.26,0.77,47,x06
113819715,POS,1,0FAC,-1.12,-0.53,0.31,40,x0E
113819810,POS,0,C6AC,-0.99,0.24,0.82,40,x06
113819816,POS,1,0FAC,-1.11,-0.53,0.28,47,x0E
113819910,POS,0,C6AC,-1.00,0.24,0.85,51,x06
113819916,POS,1,0FAC,-1.15,-0.58,0.41,85,x0E
113820010,POS,0,C6AC,-1.00,0.23,0.86,47,x06
113820016,POS,1,0FAC,-1.13,-0.57,0.36,47,x0E
113820111,POS,0,C6AC,-1.00,0.22,0.66,45,x06
113820117,POS,1,0FAC,-1.12,-0.54,0.32,41,x0E
113820210,POS,0,C6AC,-1.00,0.21,0.51,44,x06
113820217,POS,1,0FAC,-1.10,-0.51,0.34,69,x0E
113820311,POS,0,C6AC,-0.99,0.21,0.46,67,x06
113820316,POS,1,0FAC,-1.08,-0.48,0.36,77,x0E
113820410,POS,0,C6AC,-1.01,0.21,0.59,41,x06
113820417,POS,1,0FAC,-1.06,-0.47,0.39,76,x0E
113820510,POS,0,C6AC,-0.99,0.22,0.51,63,x06
113820513,POS,1,0FAC,-1.06,-0.48,0.35,47,x0E
113820610,POS,0,C6AC,-0.97,0.23,0.46,59,x06
113820612,POS,1,0FAC,-1.07,-0.48,0.33,43,x0E
113820710,POS,0,C6AC,-0.98,0.31,0.58,52,x06
113820713,POS,1,0FAC,-1.07,-0.47,0.31,41,x0E
113820810,POS,0,C6AC,-1.00,0.32,0.65,65,x06
113820817,POS,1,0FAC,-1.07,-0.47,0.31,41,x0E
113820910,POS,0,C6AC,-1.00,0.32,0.72,50,x06
113820913,POS,1,0FAC,-1.07,-0.47,0.29,40,x0E
113821010,POS,0,C6AC,-0.99,0.32,0.75,55,x06
113821013,POS,1,0FAC,-1.08,-0.48,0.29,45,x0E
113821110,POS,0,C6AC,-0.96,0.31,0.66,65,x06
113821118,POS,1,0FAC,-1.08,-0.47,0.29,41,x0E
113821210,POS,0,C6AC,-0.93,0.28,0.58,56,x06
113821217,POS,1,0FAC,-1.08,-0.46,0.28,47,x0E
113821310,POS,0,C6AC,-1.00,0.20,0.42,22,x06
113821316,POS,1,0FAC,-1.07,-0.47,0.34,57,x0E
113821410,POS,0,C6AC,-1.00,0.19,0.54,45,x06
113821416,POS,1,0FAC,-1.06,-0.51,0.36,71,x0E
113821509,POS,0,C6AC,-0.99,0.18,0.62,45,x06
113821516,POS,1,0FAC,-1.07,-0.48,0.32,40,x0E
113821610,POS,0,C6AC,-0.98,0.17,0.71,41,x06
113821616,POS,1,0FAC,-1.08,-0.46,0.30,40,x0E
113821710,POS,0,C6AC,-0.99,0.17,0.78,37,x06
113821717,POS,1,0FAC,-1.06,-0.50,0.33,68,x0E
113821810,POS,0,C6AC,-1.00,0.17,0.80,55,x06
113821824,POS,1,0FAC,-1.05,-0.51,0.35,53,x0E
113821910,POS,0,C6AC,-0.98,0.15,0.81,44,x06
113821913,POS,1,0FAC,-1.07,-0.53,0.34,67,x0E
113822010,POS,0,C6AC,-0.98,0.13,0.83,40,x06
113822013,POS,1,0FAC,-1.07,-0.53,0.34,53,x0E
113822110,POS,0,C6AC,-0.97,0.12,0.86,41,x06
113822114,POS,1,0FAC,-1.07,-0.52,0.35,50,x0E
113822209,POS,0,C6AC,-0.97,0.11,0.86,43,x06
113822212,POS,1,0FAC,-1.06,-0.51,0.36,51,x0E
113822309,POS,0,C6AC,-0.94,0.08,0.73,53,x06
113822317,POS,1,0FAC,-1.06,-0.51,0.36,48,x0E
113822410,POS,0,C6AC,-0.93,0.07,0.79,41,x06
113822416,POS,1,0FAC,-1.06,-0.49,0.38,71,x0E
113822509,POS,0,C6AC,-0.89,0.06,0.67,55,x06
113822514,POS,1,0FAC,-1.06,-0.46,0.47,66,x0E
113822611,POS,0,C6AC,-0.89,0.05,0.74,41,x06
113822616,POS,1,0FAC,-1.05,-0.48,0.48,59,x0E
113822710,POS,0,C6AC,-0.87,0.04,0.78,46,x06
113822717,POS,1,0FAC,-1.06,-0.53,0.43,75,x0E
113822810,POS,0,C6AC,-0.86,0.04,0.69,52,x06
113822816,POS,1,0FAC,-1.06,-0.52,0.42,51,x0E
113822909,POS,0,C6AC,-0.87,0.05,0.59,50,x06
113822915,POS,1,0FAC,-1.06,-0.47,0.39,65,x0E
113823010,POS,0,C6AC,-0.92,0.07,0.69,39,x06
113823017,POS,1,0FAC,-1.06,-0.51,0.38,68,x0E
113823109,POS,0,C6AC,-0.94,0.07,0.58,59,x06
113823116,POS,1,0FAC,-1.06,-0.47,0.47,69,x0E
113823210,POS,0,C6AC,-0.96,0.09,0.52,70,x06
113823216,POS,1,0FAC,-1.08,-0.45,0.44,56,x0E
113823310,POS,0,C6AC,-1.01,0.09,0.47,79,x06
113823315,POS,1,0FAC,-1.11,-0.44,0.42,42,x0E
113823410,POS,0,C6AC,-0.99,0.10,0.57,43,x06
113823417,POS,1,0FAC,-1.12,-0.44,0.38,41,x0E
113823509,POS,0,C6AC,-1.00,0.08,0.67,33,x06
113823516,POS,1,0FAC,-1.11,-0.44,0.37,45,x0E
113823610,POS,0,C6AC,-1.00,0.08,0.72,45,x06
113823616,POS,1,0FAC,-1.13,-0.40,0.37,47,x0E
113823710,POS,0,C6AC,-0.98,0.05,0.75,42,x06
113823716,POS,1,0FAC,-1.10,-0.43,0.36,45,x0E
113823811,POS,0,C6AC,-1.03,0.02,0.78,44,x06
113823817,POS,1,0FAC,-1.09,-0.46,0.35,60,x0E
113823910,POS,0,C6AC,-0.99,0.06,0.65,53,x06
113823912,POS,1,0FAC,-1.09,-0.48,0.35,57,x0E
113824010,POS,0,C6AC,-0.99,0.11,0.56,66,x06
113824013,POS,1,0FAC,-1.09,-0.45,0.34,63,x0E
113824110,POS,0,C6AC,-0.98,0.16,0.66,46,x06
113824117,POS,1,0FAC,-1.08,-0.44,0.38,77,x0E
113824210,POS,0,C6AC,-0.97,0.18,0.70,51,x06
113824217,POS,1,0FAC,-1.08,-0.46,0.36,50,x0E
113824310,POS,0,C6AC,-0.96,0.21,0.61,65,x06
113824316,POS,1,0FAC,-1.07,-0.44,0.38,81,x0E
113824410,POS,0,C6AC,-0.97,0.21,0.71,40,x06
113824416,POS,1,0FAC,-1.07,-0.40,0.37,62,x0E
113824510,POS,0,C6AC,-0.97,0.22,0.77,45,x06
113824516,POS,1,0FAC,-1.06,-0.42,0.34,40,x0E
113824610,POS,0,C6AC,-0.97,0.24,0.82,46,x06
113824615,POS,1,0FAC,-1.06,-0.42,0.33,55,x0E
113824710,POS,0,C6AC,-0.99,0.25,0.85,51,x06
113824716,POS,1,0FAC,-1.05,-0.42,0.30,41,x0E
113824811,POS,0,C6AC,-1.03,0.26,0.68,75,x06
113824817,POS,1,0FAC,-1.05,-0.42,0.28,44,x0E
113824910,POS,0,C6AC,-1.14,0.37,0.77,47,x06
113824916,POS,1,0FAC,-1.05,-0.41,0.28,54,x0E
113825010,POS,0,C6AC,-1.16,0.42,0.82,61,x06
113825016,POS,1,0FAC,-1.05,-0.39,0.31,81,x0E
113825110,POS,0,C6AC,-1.17,0.40,0.65,72,x06
113825116,POS,1,0FAC,-1.09,-0.33,0.46,27,x0E
113825210,POS,0,C6AC,-1.10,0.38,0.55,58,x06
113825215,POS,1,0FAC,-1.10,-0.36,0.40,42,x0E
113825310,POS,0,C6AC,-1.08,0.37,0.66,46,x06
113825316,POS,1,0FAC,-1.12,-0.31,0.36,48,x0E
113825410,POS,0,C6AC,-1.10,0.36,0.53,68,x06
113825416,POS,1,0FAC,-1.12,-0.31,0.34,46,x0E
113825510,POS,0,C6AC,-1.15,0.40,0.66,51,x06
113825515,POS,1,0FAC,-1.11,-0.29,0.33,50,x0E
113825609,POS,0,C6AC,-1.14,0.42,0.54,77,x06
113825615,POS,1,0FAC,-1.10,-0.29,0.34,76,x0E
113825710,POS,0,C6AC,-1.14,0.41,0.47,81,x06
113825716,POS,1,0FAC,-1.09,-0.28,0.34,65,x0E
113825810,POS,0,C6AC,-1.13,0.42,0.56,68,x06
113825815,POS,1,0FAC,-1.07,-0.31,0.47,57,x0E
113825910,POS,0,C6AC,-1.13,0.43,0.65,66,x06
113825916,POS,1,0FAC,-1.05,-0.26,0.44,58,x0E
113826010,POS,0,C6AC,-1.13,0.43,0.50,61,x06
113826017,POS,1,0FAC,-1.05,-0.25,0.44,74,x0E
113826110,POS,0,C6AC,-1.19,0.51,0.61,59,x06
113826117,POS,1,0FAC,-1.04,-0.24,0.45,71,x0E
113826210,POS,0,C6AC,-1.11,0.49,0.56,66,x06
113826216,POS,1,0FAC,-1.05,-0.23,0.43,60,x0E
113826310,POS,0,C6AC,-1.10,0.50,0.53,87,x06
113826317,POS,1,0FAC,-1.05,-0.26,0.38,51,x0E
113826410,POS,0,C6AC,-1.07,0.50,0.64,49,x06
113826416,POS,1,0FAC,-1.05,-0.24,0.38,59,x0E
113826510,POS,0,C6AC,-1.06,0.50,0.70,64,x06
113826516,POS,1,0FAC,-1.04,-0.24,0.35,56,x0E
113826610,POS,0,C6AC,-1.07,0.50,0.61,89,x06
113826615,POS,1,0FAC,-1.03,-0.25,0.35,74,x0E
113826710,POS,0,C6AC,-1.05,0.50,0.52,73,x06
113826717,POS,1,0FAC,-1.03,-0.20,0.34,49,x0E
113826809,POS,0,C6AC,-1.04,0.51,0.45,74,x06
113826815,POS,1,0FAC,-1.04,-0.17,0.46,47,x0E
113826910,POS,0,C6AC,-1.07,0.52,0.37,75,x06
113826917,POS,1,0FAC,-1.06,-0.15,0.53,50,x0E
113827010,POS,0,C6AC,-1.10,0.56,0.51,65,x06
113827017,POS,1,0FAC,-1.05,-0.16,0.53,78,x0E
113827110,POS,0,C6AC,-1.05,0.56,0.48,72,x06
113827116,POS,1,0FAC,-1.03,-0.16,0.47,54,x0E
113827210,POS,0,C6AC,-1.09,0.56,0.38,72,x06
113827217,POS,1,0FAC,-1.03,-0.18,0.42,62,x0E
113827310,POS,0,C6AC,-1.08,0.55,0.50,68,x06
113827316,POS,1,0FAC,-1.03,-0.15,0.37,43,x0E
113827409,POS,0,C6AC,-1.08,0.56,0.61,59,x06
113827416,POS,1,0FAC,-1.01,-0.15,0.34,49,x0E
113827510,POS,0,C6AC,-1.09,0.57,0.46,60,x06
113827517,POS,1,0FAC,-1.00,-0.14,0.31,48,x0E
113827610,POS,0,C6AC,-1.13,0.61,0.56,74,x06
113827616,POS,1,0FAC,-1.01,-0.13,0.29,41,x0E
113827710,POS,0,C6AC,-1.11,0.61,0.53,79,x06
113827717,POS,1,0FAC,-0.99,-0.14,0.28,56,x0E
113827810,POS,0,C6AC,-1.10,0.61,0.41,62,x06
113827817,POS,1,0FAC,-0.99,-0.13,0.26,47,x0E
113827910,POS,0,C6AC,-1.11,0.62,0.53,67,x06
113827915,POS,1,0FAC,-0.97,-0.12,0.25,50,x0E
113828010,POS,0,C6AC,-1.10,0.64,0.63,61,x06
113828016,POS,1,0FAC,-0.95,-0.20,0.23,80,x0E
113828110,POS,0,C6AC,-1.09,0.65,0.49,58,x06
113828117,POS,1,0FAC,-0.93,-0.17,0.28,63,x0E
113828210,POS,0,C6AC,-1.08,0.66,0.59,62,x06
113828216,POS,1,0FAC,-0.93,-0.14,0.26,45,x0E
113828309,POS,0,C6AC,-1.05,0.66,0.50,68,x06
113828314,POS,1,0FAC,-0.93,-0.13,0.25,45,x0E
113828410,POS,0,C6AC,-1.03,0.66,0.45,77,x06
113828414,POS,1,0FAC,-0.92,-0.11,0.22,45,x0E
113828509,POS,0,C6AC,-1.01,0.68,0.54,62,x06
113828515,POS,1,0FAC,-0.89,-0.10,0.22,55,x0E
113828610,POS,0,C6AC,-1.02,0.70,0.62,63,x06
113828616,POS,1,0FAC,-0.88,-0.08,0.18,42,x0E
113828709,POS,0,C6AC,-1.00,0.72,0.50,62,x06
113828715,POS,1,0FAC,-0.87,-0.07,0.37,46,x0E
113828810,POS,0,C6AC,-1.00,0.74,0.63,46,x06
113828816,POS,1,0FAC,-0.85,-0.05,0.32,49,x0E
113828910,POS,0,C6AC,-1.00,0.76,0.70,51,x06
113828916,POS,1,0FAC,-0.83,-0.06,0.31,62,x0E
113829010,POS,0,C6AC,-0.98,0.76,0.54,47,x06
113829016,POS,1,0FAC,-0.83,-0.06,0.28,57,x0E
113829110,POS,0,C6AC,-1.03,0.76,0.62,68,x06
113829116,POS,1,0FAC,-0.82,-0.07,0.26,59,x0E
113829210,POS,0,C6AC,-1.02,0.74,0.52,70,x06
113829216,POS,1,0FAC,-0.80,-0.07,0.22,50,x0E
113829309,POS,0,C6AC,-1.00,0.73,0.40,50,x06
113829315,POS,1,0FAC,-0.80,-0.05,0.19,47,x0E
113829409,POS,0,C6AC,-1.01,0.71,0.39,79,x06
113829415,POS,1,0FAC,-0.85,-0.12,0.09,25,x0E
113829509,POS,0,C6AC,-1.03,0.75,0.52,61,x06
113829515,POS,1,0FAC,-0.82,-0.09,0.07,48,x0E
113829610,POS,0,C6AC,-1.03,0.75,0.43,69,x06
113829616,POS,1,0FAC,-0.89,-0.15,0.02,23,x0E
113829710,POS,0,C6AC,-1.04,0.74,0.55,61,x06
113829715,POS,1,0FAC,-0.85,-0.10,0.03,50,x0E
113829810,POS,0,C6AC,-1.03,0.75,0.62,63,x06
113829816,POS,1,0FAC,-0.83,-0.06,0.05,52,x0E
113829909,POS,0,C6AC,-1.01,0.73,0.50,59,x06
113829916,POS,1,0FAC,-0.73,-0.04,0.14,72,x0E
113830010,POS,0,C6AC,-1.01,0.74,0.60,53,x06
113830016,POS,1,0FAC,-0.68,-0.01,0.33,63,x0E
113830110,POS,0,C6AC,-1.01,0.75,0.70,48,x06
113830116,POS,1,0FAC,-0.64,0.01,0.27,63,x0E
113830210,POS,0,C6AC,-0.97,0.76,0.53,43,x06
113830215,POS,1,0FAC,-0.66,0.05,0.28,64,x0E
113830310,POS,0,C6AC,-0.96,0.76,0.65,40,x06
113830315,POS,1,0FAC,-0.66,0.06,0.28,61,x0E
113830409,POS,0,C6AC,-0.97,0.76,0.71,59,x06
113830416,POS,1,0FAC,-0.67,0.08,0.27,60,x0E
113830509,POS,0,C6AC,-0.96,0.74,0.57,57,x06
113830515,POS,1,0FAC,-0.67,0.06,0.22,54,x0E
113830610,POS,0,C6AC,-0.96,0.75,0.63,61,x06
113830616,POS,1,0FAC,-0.65,0.07,0.19,59,x0E
113830709,POS,0,C6AC,-0.96,0.75,0.69,59,x06
113830715,POS,1,0FAC,-0.66,0.06,0.36,54,x0E
113830810,POS,0,C6AC,-0.95,0.75,0.55,58,x06
113830817,POS,1,0FAC,-0.65,0.05,0.29,57,x0E
113830910,POS,0,C6AC,-0.97,0.75,0.62,66,x06
113830916,POS,1,0FAC,-0.63,0.05,0.28,63,x0E
113831011,POS,0,C6AC,-0.97,0.75,0.54,76,x06
113831016,POS,1,0FAC,-0.62,0.06,0.22,61,x0E
113831110,POS,0,C6AC,nan,nan,nan,0,x06
113831116,POS,1,0FAC,-0.60,0.09,0.39,64,x0E
113831210,POS,0,C6AC,-0.98,0.77,0.59,72,x06
113831217,POS,1,0FAC,-0.60,0.11,0.34,68,x0E
113831309,POS,0,C6AC,-1.02,0.83,0.69,45,x06
113831315,POS,1,0FAC,-0.57,0.13,0.32,74,x0E
113831409,POS,0,C6AC,-0.96,0.81,0.56,51,x06
113831416,POS,1,0FAC,-0.55,0.13,0.47,66,x0E
113831510,POS,0,C6AC,-0.96,0.83,0.67,40,x06
113831516,POS,1,0FAC,-0.56,0.14,0.57,65,x0E
113831609,POS,0,C6AC,-0.93,0.83,0.51,39,x06
113831614,POS,1,0FAC,-0.55,0.15,0.49,70,x0E
113831710,POS,0,C6AC,-0.90,0.83,0.46,51,x06
113831716,POS,1,0FAC,-0.54,0.15,0.40,67,x0E
113831809,POS,0,C6AC,-0.86,0.83,0.41,50,x06
113831815,POS,1,0FAC,-0.53,0.14,0.36,71,x0E
113831910,POS,0,C6AC,-0.83,0.84,0.40,53,x06
113831917,POS,1,0FAC,-0.54,0.13,0.48,63,x0E
113832010,POS,0,C6AC,-0.79,0.84,0.41,61,x06
113832016,POS,1,0FAC,-0.52,0.11,0.43,69,x0E
113832110,POS,0,C6AC,-0.77,0.83,0.30,45,x06
113832116,POS,1,0FAC,-0.52,0.08,0.33,59,x0E
113832210,POS,0,C6AC,-0.77,0.83,0.49,48,x06
113832215,POS,1,0FAC,-0.49,0.08,0.33,75,x0E
113832310,POS,0,C6AC,-0.75,0.84,0.43,52,x06
113832316,POS,1,0FAC,-0.49,0.08,0.28,64,x0E
113832409,POS,0,C6AC,-0.77,0.89,0.54,45,x06
113832414,POS,1,0FAC,-0.48,0.09,0.25,72,x0E
113832510,POS,0,C6AC,-0.78,0.88,0.61,52,x06
113832517,POS,1,0FAC,-0.47,0.09,0.22,68,x0E
113832609,POS,0,C6AC,-0.75,0.88,0.50,49,x06
113832616,POS,1,0FAC,-0.46,0.11,0.20,72,x0E
113832710,POS,0,C6AC,-0.75,0.91,0.61,45,x06
113832723,POS,1,0FAC,-0.46,0.10,0.16,65,x0E
113832810,POS,0,C6AC,-0.75,0.91,0.67,50,x06
113832817,POS,1,0FAC,-0.46,0.11,0.13,68,x0E
113832910,POS,0,C6AC,-0.72,0.91,0.54,50,x06
113832916,POS,1,0FAC,-0.46,0.12,0.10,64,x0E
113833010,POS,0,C6AC,-0.75,0.95,0.66,40,x06
113833015,POS,1,0FAC,-0.46,0.11,0.09,67,x0E
113833110,POS,0,C6AC,-0.73,0.94,0.71,54,x06
113833116,POS,1,0FAC,-0.45,0.11,0.16,73,x0E
113833210,POS,0,C6AC,-0.69,0.95,0.60,60,x06
113833216,POS,1,0FAC,-0.44,0.10,0.17,72,x0E
113833310,POS,0,C6AC,-0.65,0.96,0.53,64,x06
113833316,POS,1,0FAC,-0.44,0.07,0.17,67,x0E
113833409,POS,0,C6AC,-0.65,1.02,0.63,65,x06
113833418,POS,1,0FAC,-0.42,0.09,0.25,78,x0E
113833509,POS,0,C6AC,-0.61,1.02,0.53,66,x06
113833515,POS,1,0FAC,-0.41,0.10,0.22,72,x0E
113833609,POS,0,C6AC,-0.58,1.01,0.47,64,x06
113833616,POS,1,0FAC,-0.40,0.09,0.19,70,x0E
113833709,POS,0,C6AC,-0.56,0.99,0.36,50,x06
113833715,POS,1,0FAC,-0.39,0.07,0.38,66,x0E
113833810,POS,0,C6AC,-0.54,0.97,0.31,58,x06
113833816,POS,1,0FAC,-0.39,0.06,0.53,66,x0E
113833909,POS,0,C6AC,-0.56,1.00,0.46,62,x06
113833915,POS,1,0FAC,-0.35,0.06,0.43,75,x0E
113834010,POS,0,C6AC,-0.57,0.99,0.59,53,x06
113834016,POS,1,0FAC,-0.32,0.05,0.34,72,x0E
113834110,POS,0,C6AC,-0.58,0.98,0.64,57,x06
113834115,POS,1,0FAC,-0.32,0.08,0.50,71,x0E
113834210,POS,0,C6AC,-0.60,0.97,0.72,53,x06
113834217,POS,1,0FAC,-0.31,0.05,0.66,60,x0E
113834310,POS,0,C6AC,-0.60,0.96,0.76,55,x06
113834315,POS,1,0FAC,-0.29,0.10,0.70,83,x0E
113834410,POS,0,C6AC,-0.58,0.95,0.57,49,x06
113834416,POS,1,0FAC,-0.28,0.11,0.75,77,x0E
113834510,POS,0,C6AC,-0.58,0.95,0.70,52,x06
113834515,POS,1,0FAC,-0.28,0.11,0.78,75,x0E
113834610,POS,0,C6AC,-0.58,0.94,0.75,58,x06
113834616,POS,1,0FAC,-0.26,0.12,0.82,77,x0E
113834710,POS,0,C6AC,-0.54,0.94,0.60,58,x06
113834715,POS,1,0FAC,-0.25,0.09,0.84,73,x0E
113834810,POS,0,C6AC,-0.54,0.94,0.68,59,x06
113834816,POS,1,0FAC,-0.21,0.06,0.66,76,x0E
113834910,POS,0,C6AC,-0.53,0.91,0.74,65,x06
113834916,POS,1,0FAC,-0.18,0.03,0.52,73,x0E
113835010,POS,0,C6AC,-0.50,0.91,0.65,69,x06
113835015,POS,1,0FAC,-0.18,0.02,0.63,70,x0E
113835110,POS,0,C6AC,-0.47,0.90,0.50,58,x06
113835116,POS,1,0FAC,-0.19,0.04,0.74,70,x0E
113835210,POS,0,C6AC,-0.46,0.91,0.40,58,x06
113835216,POS,1,0FAC,-0.16,0.05,0.61,82,x0E
113835310,POS,0,C6AC,-0.45,0.92,0.32,56,x06
113835316,POS,1,0FAC,-0.15,0.07,0.70,78,x0E
113835410,POS,0,C6AC,-0.45,0.92,0.47,63,x06
113835415,POS,1,0FAC,-0.15,0.10,0.77,78,x0E
113835510,POS,0,C6AC,-0.46,0.92,0.60,60,x06
113835516,POS,1,0FAC,-0.15,0.11,0.80,80,x0E
113835609,POS,0,C6AC,-0.44,0.92,0.49,60,x06
113835615,POS,1,0FAC,-0.14,0.11,0.85,75,x0E
113835710,POS,0,C6AC,-0.47,0.99,0.66,50,x06
113835716,POS,1,0FAC,-0.13,0.08,0.87,75,x0E
113835810,POS,0,C6AC,-0.46,0.99,0.72,63,x06
113835816,POS,1,0FAC,-0.13,0.05,0.89,73,x0E
113835910,POS,0,C6AC,-0.43,0.96,0.54,57,x06
113835917,POS,1,0FAC,-0.11,0.05,0.86,82,x0E
113836010,POS,0,C6AC,-0.46,1.01,0.69,54,x06
113836015,POS,1,0FAC,-0.09,0.03,0.67,77,x0E
113836110,POS,0,C6AC,-0.41,0.96,0.51,62,x06
113836117,POS,1,0FAC,-0.06,0.02,0.57,84,x0E
113836210,POS,0,C6AC,-0.36,0.92,0.39,65,x06
113836215,POS,1,0FAC,-0.04,0.04,0.46,83,x0E
113836310,POS,0,C6AC,-0.35,0.91,0.51,72,x06
113836316,POS,1,0FAC,-0.06,0.05,0.64,66,x0E
113836409,POS,0,C6AC,-0.33,0.88,0.48,77,x06
113836415,POS,1,0FAC,-0.06,0.05,0.49,77,x0E
113836510,POS,0,C6AC,-0.29,0.85,0.41,77,x06
113836516,POS,1,0FAC,-0.04,0.03,0.39,77,x0E
113836610,POS,0,C6AC,-0.29,0.84,0.53,75,x06
113836616,POS,1,0FAC,-0.04,0.02,0.57,70,x0E
113836711,POS,0,C6AC,-0.33,0.91,0.67,61,x06
113836718,POS,1,0FAC,-0.03,0.01,0.71,69,x0E
113836810,POS,0,C6AC,-0.29,0.88,0.55,74,x06
113836816,POS,1,0FAC,-0.02,0.02,0.72,85,x0E
113836910,POS,0,C6AC,-0.28,0.87,0.65,74,x06
113836917,POS,1,0FAC,-0.00,0.04,0.82,76,x0E
113837010,POS,0,C6AC,-0.32,0.92,0.79,50,x06
113837017,POS,1,0FAC,0.01,0.04,0.84,80,x0E
113837110,POS,0,C6AC,-0.28,0.88,0.70,83,x06
113837117,POS,1,0FAC,0.02,0.04,0.86,81,x0E
113837210,POS,0,C6AC,-0.26,0.85,0.64,85,x06
113837216,POS,1,0FAC,0.03,0.02,0.94,69,x0E
113837309,POS,0,C6AC,-0.27,0.81,0.71,80,x06
113837316,POS,1,0FAC,0.06,0.01,0.72,75,x0E
113837409,POS,0,C6AC,-0.25,0.79,0.60,80,x06
113837415,POS,1,0FAC,0.08,-0.01,0.57,78,x0E
113837510,POS,0,C6AC,-0.25,0.78,0.55,82,x06
113837514,POS,1,0FAC,0.08,-0.03,0.70,70,x0E
113837610,POS,0,C6AC,-0.30,0.84,0.70,52,x06
113837616,POS,1,0FAC,0.07,-0.04,0.81,71,x0E
113837710,POS,0,C6AC,-0.29,0.84,0.55,67,x06
113837715,POS,1,0FAC,0.08,-0.06,0.86,72,x0E
113837810,POS,0,C6AC,-0.33,0.90,0.45,66,x06
113837817,POS,1,0FAC,0.08,-0.04,0.92,74,x0E
113837909,POS,0,C6AC,-0.34,0.91,0.45,69,x06
113837916,POS,1,0FAC,0.08,-0.07,0.94,72,x0E
113838010,POS,0,C6AC,-0.35,0.91,0.47,71,x06
113838016,POS,1,0FAC,0.10,-0.09,0.79,83,x0E
113838110,POS,0,C6AC,-0.36,0.91,0.59,67,x06
113838115,POS,1,0FAC,0.11,-0.09,0.86,73,x0E
113838210,POS,0,C6AC,-0.35,0.86,0.69,75,x06
113838216,POS,1,0FAC,0.11,-0.06,0.89,80,x0E
113838310,POS,0,C6AC,-0.28,0.73,0.53,82,x06
113838316,POS,1,0FAC,0.11,-0.09,0.88,77,x0E
113838410,POS,0,C6AC,-0.21,0.60,0.64,83,x06
113838415,POS,1,0FAC,0.10,-0.13,0.95,62,x0E
113838510,POS,0,C6AC,-0.16,0.50,0.68,87,x06
113838514,POS,1,0FAC,0.10,-0.14,0.95,74,x0E
113838610,POS,0,C6AC,-0.13,0.47,0.59,92,x06
113838617,POS,1,0FAC,0.09,-0.10,0.97,76,x0E
113838710,POS,0,C6AC,-0.19,0.59,0.74,57,x06
113838715,POS,1,0FAC,0.10,-0.08,0.99,77,x0E
113838810,POS,0,C6AC,-0.16,0.58,0.81,86,x06
113838815,POS,1,0FAC,0.10,-0.08,0.99,76,x0E
113838910,POS,0,C6AC,-0.11,0.57,0.65,87,x06
113838916,POS,1,0FAC,0.11,-0.08,1.02,72,x0E
113839010,POS,0,C6AC,-0.12,0.55,0.45,65,x06
113839017,POS,1,0FAC,0.11,-0.06,1.03,76,x0E
113839110,POS,0,C6AC,-0.12,0.55,0.61,81,x06
113839116,POS,1,0FAC,0.10,-0.06,1.04,73,x0E
113839210,POS,0,C6AC,-0.08,0.55,0.46,78,x06
113839216,POS,1,0FAC,0.11,-0.04,0.78,74,x0E
113839309,POS,0,C6AC,-0.10,0.62,0.61,75,x06
113839315,POS,1,0FAC,0.09,-0.06,0.85,70,x0E
113839409,POS,0,C6AC,-0.09,0.61,0.76,75,x06
113839413,POS,1,0FAC,0.08,-0.06,0.90,73,x0E
113839509,POS,0,C6AC,-0.05,0.61,0.57,76,x06
113839515,POS,1,0FAC,0.07,-0.07,0.94,71,x0E
113839610,POS,0,C6AC,-0.08,0.61,0.72,75,x06
113839615,POS,1,0FAC,0.08,-0.08,0.97,72,x0E
113839710,POS,0,C6AC,-0.06,0.59,0.84,77,x06
113839716,POS,1,0FAC,0.08,-0.09,0.97,74,x0E
113839809,POS,0,C6AC,-0.01,0.54,0.66,86,x06
113839813,POS,1,0FAC,0.08,-0.06,0.73,76,x0E
113839910,POS,0,C6AC,0.02,0.49,0.74,85,x06
113839917,POS,1,0FAC,0.07,-0.07,0.82,70,x0E
113840010,POS,0,C6AC,0.03,0.45,0.82,83,x06
113840015,POS,1,0FAC,0.07,-0.05,0.87,75,x0E
113840110,POS,0,C6AC,-0.05,0.40,0.56,65,x06
113840117,POS,1,0FAC,0.07,-0.07,0.93,69,x0E
113840209,POS,0,C6AC,0.02,0.34,0.54,96,x06
113840215,POS,1,0FAC,0.07,-0.05,0.81,87,x0E
113840309,POS,0,C6AC,0.04,0.31,0.71,72,x06
113840315,POS,1,0FAC,0.08,-0.07,0.65,79,x0E
113840409,POS,0,C6AC,-0.05,0.29,0.48,63,x06
113840416,POS,1,0FAC,0.09,-0.07,0.68,81,x0E
113840509,POS,0,C6AC,-0.00,0.28,0.65,78,x06
113840516,POS,1,0FAC,0.09,-0.09,0.76,73,x0E
113840610,POS,0,C6AC,0.04,0.25,0.77,77,x06
113840614,POS,1,0FAC,0.09,-0.09,0.58,74,x0E
113840710,POS,0,C6AC,-0.01,0.25,0.57,77,x06
113840716,POS,1,0FAC,0.10,-0.06,0.45,78,x0E
113840810,POS,0,C6AC,0.04,0.25,0.68,86,x06
113840815,POS,1,0FAC,0.09,-0.07,0.58,74,x0E
113840910,POS,0,C6AC,0.05,0.27,0.82,73,x06
113840917,POS,1,0FAC,0.11,-0.08,0.48,79,x0E
113841010,POS,0,C6AC,0.03,0.30,0.66,91,x06
113841015,POS,1,0FAC,0.10,-0.05,0.61,79,x0E
113841110,POS,0,C6AC,0.05,0.31,0.80,74,x06
113841116,POS,1,0FAC,0.09,-0.06,0.72,71,x0E
113841210,POS,0,C6AC,0.02,0.32,0.61,80,x06
113841215,POS,1,0FAC,0.09,-0.06,0.74,82,x0E
113841309,POS,0,C6AC,0.00,0.34,0.53,94,x06
113841315,POS,1,0FAC,0.09,-0.06,0.84,70,x0E
113841409,POS,0,C6AC,-0.09,0.25,0.37,59,x06
113841416,POS,1,0FAC,0.08,-0.08,0.90,69,x0E
113841509,POS,0,C6AC,-0.17,0.18,0.26,59,x06
113841516,POS,1,0FAC,0.07,-0.09,0.96,67,x0E
113841610,POS,0,C6AC,-0.15,0.24,0.19,83,x06
113841614,POS,1,0FAC,0.07,-0.07,0.99,74,x0E
113841709,POS,0,C6AC,-0.15,0.41,0.46,61,x06
113841714,POS,1,0FAC,0.08,-0.08,0.81,81,x0E
113841809,POS,0,C6AC,-0.09,0.44,0.56,93,x06
113841815,POS,1,0FAC,0.08,-0.05,0.87,77,x0E
113841910,POS,0,C6AC,-0.08,0.46,0.41,84,x06
113841916,POS,1,0FAC,0.09,-0.07,0.90,72,x0E
113842010,POS,0,C6AC,-0.04,0.45,0.58,82,x06
113842016,POS,1,0FAC,0.08,-0.09,0.96,67,x0E
113842110,POS,0,C6AC,-0.01,0.46,0.73,77,x06
113842115,POS,1,0FAC,0.08,-0.09,0.99,71,x0E
113842210,POS,0,C6AC,-0.03,0.46,0.56,86,x06
113842216,POS,1,0FAC,0.07,-0.10,1.01,70,x0E
113842310,POS,0,C6AC,-0.01,0.44,0.70,80,x06
113842315,POS,1,0FAC,0.07,-0.09,1.03,71,x0E
113842409,POS,0,C6AC,0.02,0.42,0.79,84,x06
113842415,POS,1,0FAC,0.06,-0.07,1.05,73,x0E
113842509,POS,0,C6AC,0.04,0.41,0.88,79,x06
113842514,POS,1,0FAC,0.07,-0.04,1.03,79,x0E
113842610,POS,0,C6AC,0.06,0.41,0.96,77,x06
113842616,POS,1,0FAC,0.07,-0.04,1.03,75,x0E
113842710,POS,0,C6AC,0.06,0.39,1.02,76,x06
113842715,POS,1,0FAC,0.07,-0.07,1.02,74,x0E
113842810,POS,0,C6AC,0.03,0.40,0.75,82,x06
113842815,POS,1,0FAC,0.08,-0.09,1.01,72,x0E
113842910,POS,0,C6AC,-0.01,0.49,0.82,80,x06
113842916,POS,1,0FAC,0.07,-0.10,1.02,71,x0E
113843010,POS,0,C6AC,0.02,0.47,0.75,98,x06
113843016,POS,1,0FAC,0.07,-0.09,1.04,71,x0E
113843110,POS,0,C6AC,-0.03,0.44,0.55,80,x06
113843116,POS,1,0FAC,0.09,-0.07,1.03,79,x0E
113843210,POS,0,C6AC,-0.01,0.46,0.72,74,x06
113843216,POS,1,0FAC,0.10,-0.04,0.86,90,x0E
113843310,POS,0,C6AC,0.01,0.44,0.82,80,x06
113843316,POS,1,0FAC,0.12,-0.01,0.70,87,x0E
113843410,POS,0,C6AC,-0.02,0.44,0.61,82,x06
113843416,POS,1,0FAC,0.13,-0.02,0.80,75,x0E
113843510,POS,0,C6AC,0.00,0.44,0.67,92,x06
113843516,POS,1,0FAC,0.15,-0.01,0.67,88,x0E
113843610,POS,0,C6AC,0.01,0.46,0.72,92,x06
113843616,POS,1,0FAC,0.15,-0.02,0.52,76,x0E
113843710,POS,0,C6AC,-0.03,0.45,0.52,79,x06
113843716,POS,1,0FAC,0.16,-0.03,0.42,78,x0E
113843810,POS,0,C6AC,-0.01,0.45,0.61,91,x06
113843817,POS,1,0FAC,0.18,-0.02,0.52,87,x0E
113843909,POS,0,C6AC,0.00,0.43,0.75,79,x06
113843916,POS,1,0FAC,0.19,-0.03,0.43,81,x0E
113844010,POS,0,C6AC,-0.03,0.41,0.58,85,x06
113844016,POS,1,0FAC,0.20,-0.00,0.38,87,x0E
113844110,POS,0,C6AC,-0.05,0.47,0.69,82,x06
113844116,POS,1,0FAC,0.19,-0.00,0.55,76,x0E
113844210,POS,0,C6AC,-0.08,0.50,0.82,73,x06
113844216,POS,1,0FAC,0.18,0.02,0.67,81,x0E
113844310,POS,0,C6AC,-0.04,0.48,0.66,88,x06
113844316,POS,1,0FAC,0.18,0.02,0.50,75,x0E
113844410,POS,0,C6AC,-0.05,0.46,0.75,84,x06
113844416,POS,1,0FAC,0.17,0.02,0.40,80,x0E
113844510,POS,0,C6AC,-0.07,0.52,0.86,73,x06
113844516,POS,1,0FAC,0.18,0.01,0.33,79,x0E
113844608,POS,0,C6AC,-0.03,0.48,0.65,81,x06
113844615,POS,1,0FAC,0.17,0.01,0.49,79,x0E
113844710,POS,0,C6AC,-0.01,0.47,0.70,92,x06
113844716,POS,1,0FAC,0.16,0.00,0.58,83,x0E
113844810,POS,0,C6AC,-0.00,0.46,0.84,74,x06
113844815,POS,1,0FAC,0.15,-0.04,0.68,74,x0E
113844910,POS,0,C6AC,-0.03,0.46,0.65,87,x06
113844917,POS,1,0FAC,0.13,-0.04,0.71,83,x0E
113845009,POS,0,C6AC,-0.06,0.48,0.72,88,x06
113845014,POS,1,0FAC,0.13,-0.04,0.81,71,x0E
113845110,POS,0,C6AC,-0.09,0.49,0.80,82,x06
113845116,POS,1,0FAC,0.12,-0.03,0.62,76,x0E
113845209,POS,0,C6AC,-0.09,0.49,0.64,85,x06
113845216,POS,1,0FAC,0.10,-0.02,0.73,74,x0E
113845310,POS,0,C6AC,-0.11,0.50,0.71,88,x06
113845316,POS,1,0FAC,0.10,-0.04,0.82,71,x0E
113845409,POS,0,C6AC,-0.08,0.50,0.64,95,x06
113845415,POS,1,0FAC,0.10,-0.05,0.83,80,x0E
113845508,POS,0,C6AC,-0.12,0.59,0.78,64,x06
113845515,POS,1,0FAC,0.10,-0.06,0.90,71,x0E
113845609,POS,0,C6AC,-0.07,0.56,0.61,83,x06
113845614,POS,1,0FAC,0.10,-0.06,0.89,81,x0E
113845710,POS,0,C6AC,-0.07,0.56,0.69,89,x06
113845716,POS,1,0FAC,0.10,-0.07,0.90,77,x0E
113845809,POS,0,C6AC,-0.09,0.54,0.75,87,x06
113845815,POS,1,0FAC,0.10,-0.07,0.94,75,x0E
113845909,POS,0,C6AC,-0.08,0.58,0.79,87,x06
113845916,POS,1,0FAC,0.13,-0.04,0.73,81,x0E
113846010,POS,0,C6AC,-0.10,0.53,0.84,83,x06
113846016,POS,1,0FAC,0.15,-0.02,0.59,83,x0E
113846110,POS,0,C6AC,-0.19,0.50,0.55,47,x06
113846116,POS,1,0FAC,0.14,-0.03,0.71,73,x0E
113846209,POS,0,C6AC,-0.16,0.53,0.70,77,x06
113846215,POS,1,0FAC,0.15,-0.03,0.80,76,x0E
113846309,POS,0,C6AC,-0.12,0.46,0.78,82,x06
113846315,POS,1,0FAC,0.15,-0.03,0.85,78,x0E
113846409,POS,0,C6AC,-0.11,0.49,0.85,84,x06
113846415,POS,1,0FAC,0.15,-0.04,0.88,78,x0E
113846510,POS,0,C6AC,-0.14,0.52,0.91,78,x06
113846516,POS,1,0FAC,0.14,-0.05,0.87,80,x0E
113846609,POS,0,C6AC,-0.13,0.51,0.92,86,x06
113846614,POS,1,0FAC,0.13,-0.03,0.66,77,x0E
113846710,POS,0,C6AC,-0.15,0.48,0.72,82,x06
113846717,POS,1,0FAC,0.12,-0.06,0.78,69,x0E
113846809,POS,0,C6AC,-0.10,0.54,0.76,88,x06
113846815,POS,1,0FAC,0.12,-0.06,0.82,78,x0E
113846910,POS,0,C6AC,-0.10,0.53,0.79,90,x06
113846917,POS,1,0FAC,0.12,-0.08,0.92,64,x0E
113847010,POS,0,C6AC,-0.08,0.48,0.88,76,x06
113847016,POS,1,0FAC,0.13,-0.04,0.71,79,x0E
113847110,POS,0,C6AC,-0.05,0.46,0.78,97,x06
113847116,POS,1,0FAC,0.15,-0.02,0.58,84,x0E
113847209,POS,0,C6AC,-0.09,0.45,0.78,89,x06
113847216,POS,1,0FAC,0.16,-0.02,0.49,85,x0E
113847310,POS,0,C6AC,-0.10,0.41,0.80,87,x06
113847316,POS,1,0FAC,0.18,-0.00,0.63,80,x0E
113847409,POS,0,C6AC,-0.09,0.38,0.82,87,x06
113847415,POS,1,0FAC,0.19,-0.02,0.48,72,x0E
113847510,POS,0,C6AC,-0.13,0.47,0.64,71,x06
113847516,POS,1,0FAC,0.20,-0.02,0.43,86,x0E
113847609,POS,0,C6AC,-0.14,0.49,0.54,86,x06
113847615,POS,1,0FAC,0.19,-0.03,0.35,77,x0E
113847710,POS,0,C6AC,-0.16,0.51,0.48,85,x06
113847716,POS,1,0FAC,0.18,-0.05,0.51,78,x0E
113847810,POS,0,C6AC,-0.18,0.49,0.58,84,x06
113847815,POS,1,0FAC,0.19,-0.02,0.46,90,x0E
113847909,POS,0,C6AC,-0.17,0.44,0.72,75,x06
113847916,POS,1,0FAC,0.18,-0.02,0.62,77,x0E
113848010,POS,0,C6AC,-0.16,0.40,0.82,74,x06
113848015,POS,1,0FAC,0.16,-0.04,0.75,68,x0E
113848109,POS,0,C6AC,-0.13,0.35,0.87,80,x06
113848116,POS,1,0FAC,0.13,-0.03,0.83,75,x0E
113848210,POS,0,C6AC,-0.13,0.36,0.88,87,x06
113848216,POS,1,0FAC,0.12,-0.04,0.87,75,x0E
113848309,POS,0,C6AC,-0.15,0.36,0.91,80,x06
113848315,POS,1,0FAC,0.13,-0.01,0.94,74,x0E
113848410,POS,0,C6AC,-0.15,0.36,0.90,86,x06
113848416,POS,1,0FAC,0.11,-0.03,0.95,75,x0E
113848509,POS,0,C6AC,-0.17,0.39,0.70,80,x06
113848513,POS,1,0FAC,0.12,-0.01,0.98,78,x0E
113848609,POS,0,C6AC,-0.18,0.38,0.60,89,x06
113848613,POS,1,0FAC,0.13,-0.10,1.00,62,x0E
113848709,POS,0,C6AC,-0.17,0.40,0.69,85,x06
113848713,POS,1,0FAC,0.14,-0.07,0.85,90,x0E
113848810,POS,0,C6AC,-0.17,0.40,0.57,88,x06
113848817,POS,1,0FAC,0.14,-0.03,0.66,82,x0E
113848910,POS,0,C6AC,-0.16,0.39,0.68,82,x06
113848916,POS,1,0FAC,0.10,-0.04,0.52,75,x0E
113849009,POS,0,C6AC,-0.15,0.36,0.55,88,x06
113849016,POS,1,0FAC,0.12,-0.05,0.48,87,x0E
113849110,POS,0,C6AC,-0.15,0.36,0.58,91,x06
113849116,POS,1,0FAC,0.13,-0.06,0.39,79,x0E
113849210,POS,0,C6AC,-0.15,0.37,0.45,79,x06
113849216,POS,1,0FAC,0.18,-0.06,0.27,64,x0E
113849309,POS,0,C6AC,-0.10,0.32,0.62,75,x06
113849314,POS,1,0FAC,0.15,-0.14,0.43,65,x0E
113849410,POS,0,C6AC,-0.10,0.32,0.75,76,x06
113849415,POS,1,0FAC,0.19,-0.36,0.57,72,x0E
113849509,POS,0,C6AC,-0.09,0.30,0.83,77,x06
113849514,POS,1,0FAC,0.21,-0.26,0.38,63,x0E
113849610,POS,0,C6AC,-0.09,0.36,0.93,74,x06
113849615,POS,1,0FAC,0.20,-0.19,0.27,72,x0E
113849709,POS,0,C6AC,-0.08,0.37,0.77,93,x06
113849712,POS,1,0FAC,0.17,-0.16,0.18,66,x0E
113849810,POS,0,C6AC,-0.07,0.39,0.77,93,x06
113849813,POS,1,0FAC,0.15,-0.10,0.23,90,x0E
113849909,POS,0,C6AC,-0.07,0.39,0.58,78,x06
113849911,POS,1,0FAC,0.16,-0.06,0.17,75,x0E
113850009,POS,0,C6AC,-0.06,0.40,0.63,92,x06
113850015,POS,1,0FAC,0.12,-0.06,0.36,76,x0E
113850109,POS,0,C6AC,-0.05,0.41,0.64,96,x06
113850115,POS,1,0FAC,0.09,-0.08,0.53,71,x0E
113850210,POS,0,C6AC,-0.05,0.41,0.56,92,x06
113850217,POS,1,0FAC,0.08,-0.08,0.66,72,x0E
113850309,POS,0,C6AC,-0.05,0.40,0.65,86,x06
113850316,POS,1,0FAC,0.06,-0.08,0.72,76,x0E
113850410,POS,0,C6AC,-0.06,0.40,0.70,91,x06
113850413,POS,1,0FAC,0.05,-0.09,0.79,71,x0E
113850508,POS,0,C6AC,-0.06,0.40,0.78,81,x06
113850512,POS,1,0FAC,0.06,-0.06,0.84,79,x0E
113850609,POS,0,C6AC,-0.05,0.41,0.73,97,x06
113850616,POS,1,0FAC,0.05,-0.05,0.89,75,x0E
113850709,POS,0,C6AC,-0.05,0.43,0.57,81,x06
113850714,POS,1,0FAC,0.04,-0.06,0.92,71,x0E
113850810,POS,0,C6AC,-0.04,0.43,0.54,97,x06
113850816,POS,1,0FAC,0.03,-0.07,0.96,69,x0E
113850909,POS,0,C6AC,-0.04,0.43,0.60,93,x06
113850915,POS,1,0FAC,0.03,-0.08,0.95,76,x0E
113851009,POS,0,C6AC,-0.04,0.43,0.47,82,x06
113851014,POS,1,0FAC,0.04,-0.08,0.96,74,x0E
113851109,POS,0,C6AC,-0.03,0.43,0.36,80,x06
113851116,POS,1,0FAC,0.02,-0.09,1.00,66,x0E
113851208,POS,0,C6AC,-0.03,0.43,0.46,94,x06
113851214,POS,1,0FAC,0.04,-0.10,0.83,83,x0E
113851309,POS,0,C6AC,-0.05,0.41,0.61,80,x06
113851315,POS,1,0FAC,0.05,-0.06,0.66,84,x0E
113851408,POS,0,C6AC,-0.05,0.40,0.56,96,x06
113851414,POS,1,0FAC,0.04,-0.07,0.74,73,x0E
113851510,POS,0,C6AC,-0.05,0.41,0.47,89,x06
113851517,POS,1,0FAC,0.04,-0.08,0.80,72,x0E
113851609,POS,0,C6AC,-0.05,0.42,0.43,92,x06
113851615,POS,1,0FAC,0.04,-0.07,0.86,73,x0E
113851710,POS,0,C6AC,-0.04,0.41,0.33,80,x06
113851715,POS,1,0FAC,0.02,-0.04,0.89,77,x0E
113851809,POS,0,C6AC,-0.05,0.42,0.36,96,x06
113851816,POS,1,0FAC,0.03,-0.06,0.91,75,x0E
113851910,POS,0,C6AC,-0.06,0.40,0.54,80,x06
113851917,POS,1,0FAC,0.03,-0.07,0.95,70,x0E
113852009,POS,0,C6AC,-0.06,0.40,0.62,89,x06
113852015,POS,1,0FAC,0.03,-0.04,0.73,79,x0E
113852109,POS,0,C6AC,-0.04,0.40,0.47,81,x06
113852115,POS,1,0FAC,0.03,-0.06,0.79,72,x0E
113852209,POS,0,C6AC,-0.05,0.39,0.61,83,x06
113852215,POS,1,0FAC,0.04,-0.08,0.81,77,x0E
113852310,POS,0,C6AC,-0.04,0.40,0.47,82,x06
113852317,POS,1,0FAC,0.04,-0.08,0.72,84,x0E
113852409,POS,0,C6AC,-0.05,0.40,0.62,80,x06
113852414,POS,1,0FAC,0.05,-0.10,0.59,77,x0E
113852509,POS,0,C6AC,-0.06,0.38,0.72,81,x06
113852515,POS,1,0FAC,0.05,-0.08,0.45,77,x0E
113852609,POS,0,C6AC,-0.04,0.38,0.57,84,x06
113852615,POS,1,0FAC,0.06,-0.05,0.35,79,x0E
113852710,POS,0,C6AC,-0.04,0.38,0.51,94,x06
113852716,POS,1,0FAC,0.05,-0.05,0.52,73,x0E
113852809,POS,0,C6AC,-0.05,0.39,0.66,79,x06
113852815,POS,1,0FAC,0.03,-0.03,0.66,73,x0E
113852910,POS,0,C6AC,-0.04,0.40,0.52,84,x06
113852917,POS,1,0FAC,0.04,-0.02,0.53,82,x0E
113853009,POS,0,C6AC,-0.04,0.40,0.42,85,x06
113853017,POS,1,0FAC,0.04,-0.01,0.43,80,x0E
113853110,POS,0,C6AC,-0.05,0.40,0.59,78,x06
113853116,POS,1,0FAC,0.03,-0.03,0.55,74,x0E
113853209,POS,0,C6AC,-0.05,0.41,0.48,85,x06
113853215,POS,1,0FAC,0.04,-0.04,0.43,77,x0E
113853310,POS,0,C6AC,-0.05,0.41,0.57,92,x06
113853316,POS,1,0FAC,0.06,-0.06,0.39,80,x0E
113853409,POS,0,C6AC,-0.03,0.40,0.45,85,x06
113853415,POS,1,0FAC,0.04,-0.05,0.56,73,x0E
113853510,POS,0,C6AC,-0.04,0.41,0.54,92,x06
113853515,POS,1,0FAC,0.04,-0.06,0.67,73,x0E
113853609,POS,0,C6AC,-0.05,0.40,0.67,81,x06
113853615,POS,1,0FAC,0.03,-0.05,0.76,73,x0E
113853710,POS,0,C6AC,-0.05,0.40,0.61,96,x06
113853715,POS,1,0FAC,0.05,-0.07,0.64,82,x0E
113853809,POS,0,C6AC,-0.04,0.42,0.47,80,x06
113853817,POS,1,0FAC,0.07,-0.07,0.55,84,x0E
113853910,POS,0,C6AC,-0.06,0.42,0.57,89,x06
113853916,POS,1,0FAC,0.05,-0.07,0.67,73,x0E
113854008,POS,0,C6AC,-0.07,0.43,0.70,79,x06
113854015,POS,1,0FAC,0.04,-0.05,0.76,74,x0E
113854110,POS,0,C6AC,-0.06,0.44,0.54,80,x06
113854116,POS,1,0FAC,0.03,-0.03,0.83,75,x0E
113854209,POS,0,C6AC,-0.05,0.43,0.41,80,x06
113854217,POS,1,0FAC,0.02,-0.02,0.63,76,x0E
113854309,POS,0,C6AC,-0.05,0.42,0.31,78,x06
113854314,POS,1,0FAC,0.02,-0.04,0.70,76,x0E
113854409,POS,0,C6AC,-0.05,0.41,0.50,81,x06
113854413,POS,1,0FAC,0.02,-0.06,0.76,73,x0E
113854509,POS,0,C6AC,-0.05,0.43,0.39,82,x06
113854513,POS,1,0FAC,0.01,-0.07,0.82,72,x0E
113854609,POS,0,C6AC,-0.05,0.42,0.49,92,x06
113854617,POS,1,0FAC,0.02,-0.03,0.87,79,x0E
113854709,POS,0,C6AC,-0.05,0.41,0.38,80,x06
113854714,POS,1,0FAC,0.02,-0.04,0.88,75,x0E
113854809,POS,0,C6AC,-0.04,0.42,0.38,95,x06
113854815,POS,1,0FAC,0.01,-0.05,0.92,71,x0E
113854909,POS,0,C6AC,-0.04,0.42,0.47,94,x06
113854913,POS,1,0FAC,0.01,-0.06,0.92,76,x0E
113855010,POS,0,C6AC,-0.04,0.41,0.59,86,x06
113855012,POS,1,0FAC,0.02,-0.06,0.89,81,x0E
113855109,POS,0,C6AC,-0.03,0.40,0.45,81,x06
113855113,POS,1,0FAC,0.02,-0.07,0.94,68,x0E
113855209,POS,0,C6AC,-0.04,0.41,0.62,80,x06
113855212,POS,1,0FAC,0.01,-0.08,0.95,73,x0E
113855309,POS,0,C6AC,-0.05,0.41,0.65,92,x06
113855312,POS,1,0FAC,0.03,-0.08,0.77,81,x0E
113855410,POS,0,C6AC,-0.04,0.43,0.51,83,x06
113855413,POS,1,0FAC,0.04,-0.05,0.84,77,x0E
113855509,POS,0,C6AC,-0.05,0.41,0.64,82,x06
113855514,POS,1,0FAC,0.03,-0.06,0.88,74,x0E
113855610,POS,0,C6AC,-0.05,0.41,0.55,90,x06
113855616,POS,1,0FAC,0.04,-0.02,0.90,81,x0E
113855710,POS,0,C6AC,-0.05,0.42,0.42,80,x06
113855717,POS,1,0FAC,0.03,-0.04,0.91,74,x0E
113855810,POS,0,C6AC,-0.05,0.41,0.50,93,x06
113855816,POS,1,0FAC,0.04,-0.02,0.72,82,x0E
113855909,POS,0,C6AC,-0.06,0.42,0.51,97,x06
113855913,POS,1,0FAC,0.03,-0.05,0.78,73,x0E
113856010,POS,0,C6AC,-0.05,0.44,0.41,83,x06
113856016,POS,1,0FAC,0.02,-0.04,0.86,71,x0E
113856110,POS,0,C6AC,-0.05,0.45,0.33,83,x06
113856116,POS,1,0FAC,0.02,-0.05,0.89,73,x0E
113856210,POS,0,C6AC,-0.06,0.46,0.52,81,x06
113856216,POS,1,0FAC,0.03,-0.03,0.70,82,x0E
113856309,POS,0,C6AC,-0.06,0.48,0.42,82,x06
113856313,POS,1,0FAC,0.02,-0.05,0.77,73,x0E
113856410,POS,0,C6AC,-0.04,0.44,0.34,86,x06
113856413,POS,1,0FAC,0.02,-0.04,0.77,82,x0E
113856509,POS,0,C6AC,-0.05,0.42,0.52,80,x06
113856515,POS,1,0FAC,0.02,-0.04,0.83,74,x0E
113856610,POS,0,C6AC,-0.06,0.42,0.66,81,x06
113856616,POS,1,0FAC,0.03,-0.06,0.85,75,x0E
113856708,POS,0,C6AC,-0.05,0.40,0.50,80,x06
113856714,POS,1,0FAC,0.05,-0.08,0.69,79,x0E
113856810,POS,0,C6AC,-0.04,0.42,0.40,83,x06
113856815,POS,1,0FAC,0.05,-0.08,0.60,83,x0E
113856909,POS,0,C6AC,-0.04,0.42,0.39,94,x06
113856915,POS,1,0FAC,0.05,-0.03,0.68,83,x0E
113857010,POS,0,C6AC,-0.05,0.41,0.55,83,x06
113857017,POS,1,0FAC,0.05,-0.02,0.75,79,x0E
113857109,POS,0,C6AC,-0.04,0.41,0.43,82,x06
113857115,POS,1,0FAC,0.04,-0.01,0.81,76,x0E
113857210,POS,0,C6AC,-0.04,0.41,0.50,94,x06
113857215,POS,1,0FAC,0.03,-0.03,0.85,74,x0E
113857309,POS,0,C6AC,-0.05,0.41,0.43,89,x06
113857315,POS,1,0FAC,0.04,-0.04,0.67,79,x0E
113857410,POS,0,C6AC,-0.06,0.41,0.59,80,x06
113857415,POS,1,0FAC,0.06,-0.05,0.55,81,x0E
113857509,POS,0,C6AC,-0.06,0.41,0.51,91,x06
113857516,POS,1,0FAC,0.04,-0.06,0.66,73,x0E
113857609,POS,0,C6AC,-0.06,0.39,0.40,82,x06
113857615,POS,1,0FAC,0.03,-0.08,0.52,74,x0E
113857709,POS,0,C6AC,-0.05,0.39,0.37,92,x06
113857714,POS,1,0FAC,0.03,-0.08,0.62,75,x0E
113857809,POS,0,C6AC,-0.05,0.39,0.30,82,x06
113857815,POS,1,0FAC,0.02,-0.09,0.72,70,x0E
113857909,POS,0,C6AC,-0.05,0.39,0.27,88,x06
113857916,POS,1,0FAC,0.04,-0.09,0.58,78,x0E
113858008,POS,0,C6AC,-0.05,0.41,0.26,88,x06
113858014,POS,1,0FAC,0.03,-0.09,0.66,75,x0E
113858109,POS,0,C6AC,-0.06,0.40,0.40,89,x06
113858275,POS,1,0FAC,0.03,-0.10,0.75,72,x0E
113858279,POS,0,C6AC,-0.07,0.42,0.58,79,x06
113858280,POS,1,0FAC,0.02,-0.10,0.82,71,x0E
113858313,POS,0,C6AC,-0.07,0.43,0.71,81,x06
113858316,POS,1,0FAC,0.03,-0.07,0.64,81,x0E
113858409,POS,0,C6AC,-0.08,0.42,0.75,89,x06
113858414,POS,1,0FAC,0.04,-0.08,0.52,77,x0E
113859551,P